{"/Users/rcweiler/worldview/playwright.config.js":{"path":"/Users/rcweiler/worldview/playwright.config.js","statementMap":{"0":{"start":{"line":7,"column":4},"end":{"line":7,"column":31}},"1":{"start":{"line":8,"column":0},"end":{"line":51,"column":3}}},"fnMap":{},"branchMap":{"0":{"loc":{"start":{"line":22,"column":11},"end":{"line":22,"column":33}},"type":"cond-expr","locations":[{"start":{"line":22,"column":28},"end":{"line":22,"column":29}},{"start":{"line":22,"column":32},"end":{"line":22,"column":33}}],"line":22},"1":{"loc":{"start":{"line":24,"column":11},"end":{"line":24,"column":33}},"type":"cond-expr","locations":[{"start":{"line":24,"column":28},"end":{"line":24,"column":29}},{"start":{"line":24,"column":32},"end":{"line":24,"column":33}}],"line":24}},"s":{"0":1,"1":1},"f":{},"b":{"0":[0,1],"1":[0,1]},"inputSourceMap":{"version":3,"names":["defineConfig","devices","require","module","exports","testDir","outputDir","timeout","expect","fullyParallel","forbidOnly","process","env","CI","retries","workers","reporter","use","launchOptions","slowMo","actionTimeout","trace","projects","name"],"sources":["playwright.config.js"],"sourcesContent":["// @ts-check\nconst { defineConfig, devices } = require('@playwright/test')\n\nmodule.exports = defineConfig({\n  testDir: './e2e/features',\n  outputDir: './test-results',\n  /* Maximum time one test can run for. */\n  timeout: 30 * 1000,\n  expect: {\n    /* Maximum time expect() should wait for the condition to be met. */\n    timeout: 5000\n  },\n  /* Run tests in files in parallel */\n  fullyParallel: true,\n  /* Fail the build on CI if you accidentally left test.only in the source code. */\n  forbidOnly: !!process.env.CI,\n  /* Retry on CI only */\n  retries: process.env.CI ? 2 : 0,\n  /* Opt out of parallel tests on CI. */\n  workers: process.env.CI ? 1 : 3,\n  /* Reporter to use. See https://playwright.dev/docs/test-reporters */\n  reporter: 'html',\n  use: {\n    launchOptions: {\n      slowMo: 200\n    },\n    /* Maximum time each action such as `click()` can take. Defaults to 0 (no limit). */\n    actionTimeout: 0,\n    /* Collect trace when retrying the failed test. See https://playwright.dev/docs/trace-viewer */\n    trace: 'on-first-retry'\n  },\n\n  /* Configure projects for major browsers */\n  projects: [\n    {\n      name: 'chromium',\n      use: { ...devices['Desktop Chrome'] }\n    },\n\n    {\n      name: 'firefox',\n      use: { ...devices['Desktop Firefox'] }\n    }\n  ]\n\n  /* Folder for test artifacts such as screenshots, videos, traces, etc. */\n  // outputDir: 'test-results/',\n})\n"],"mappings":";;AAAA;AACA,MAAM;EAAEA,YAAY;EAAEC;AAAQ,CAAC,GAAGC,OAAO,CAAC,kBAAkB,CAAC;AAE7DC,MAAM,CAACC,OAAO,GAAGJ,YAAY,CAAC;EAC5BK,OAAO,EAAE,gBAAgB;EACzBC,SAAS,EAAE,gBAAgB;EAC3B;EACAC,OAAO,EAAE,EAAE,GAAG,IAAI;EAClBC,MAAM,EAAE;IACN;IACAD,OAAO,EAAE;EACX,CAAC;EACD;EACAE,aAAa,EAAE,IAAI;EACnB;EACAC,UAAU,EAAE,CAAC,CAACC,OAAO,CAACC,GAAG,CAACC,EAAE;EAC5B;EACAC,OAAO,EAAEH,OAAO,CAACC,GAAG,CAACC,EAAE,GAAG,CAAC,GAAG,CAAC;EAC/B;EACAE,OAAO,EAAEJ,OAAO,CAACC,GAAG,CAACC,EAAE,GAAG,CAAC,GAAG,CAAC;EAC/B;EACAG,QAAQ,EAAE,MAAM;EAChBC,GAAG,EAAE;IACHC,aAAa,EAAE;MACbC,MAAM,EAAE;IACV,CAAC;IACD;IACAC,aAAa,EAAE,CAAC;IAChB;IACAC,KAAK,EAAE;EACT,CAAC;EAED;EACAC,QAAQ,EAAE,CACR;IACEC,IAAI,EAAE,UAAU;IAChBN,GAAG,EAAE;MAAE,GAAGhB,OAAO,CAAC,gBAAgB;IAAE;EACtC,CAAC,EAED;IACEsB,IAAI,EAAE,SAAS;IACfN,GAAG,EAAE;MAAE,GAAGhB,OAAO,CAAC,iBAAiB;IAAE;EACvC,CAAC;;EAGH;EACA;AACF,CAAC,CAAC"},"_coverageSchema":"1a1c01bbd47fc00a2c39e90264f33305004495a9","hash":"f807d98b83967da6ec6fb7322dffcbc5e5d8f32a","contentHash":"4542c4dd9b9d57e4a939294876889465442560c9646324f7c42dcd5d1d815866"},"/Users/rcweiler/worldview/e2e/features/layers/layers-sidebar-test.spec.js":{"path":"/Users/rcweiler/worldview/e2e/features/layers/layers-sidebar-test.spec.js","statementMap":{"0":{"start":{"line":7,"column":4},"end":{"line":7,"column":39}},"1":{"start":{"line":8,"column":24},"end":{"line":8,"column":78}},"2":{"start":{"line":11,"column":4},"end":{"line":11,"column":45}},"3":{"start":{"line":14,"column":27},"end":{"line":14,"column":411}},"4":{"start":{"line":15,"column":30},"end":{"line":15,"column":235}},"5":{"start":{"line":16,"column":29},"end":{"line":16,"column":359}},"6":{"start":{"line":17,"column":45},"end":{"line":17,"column":376}},"7":{"start":{"line":18,"column":26},"end":{"line":18,"column":253}},"8":{"start":{"line":19,"column":28},"end":{"line":19,"column":308}},"9":{"start":{"line":20,"column":38},"end":{"line":20,"column":265}},"10":{"start":{"line":21,"column":0},"end":{"line":23,"column":3}},"11":{"start":{"line":24,"column":0},"end":{"line":29,"column":3}},"12":{"start":{"line":27,"column":2},"end":{"line":27,"column":33}},"13":{"start":{"line":28,"column":2},"end":{"line":28,"column":36}},"14":{"start":{"line":30,"column":0},"end":{"line":32,"column":3}},"15":{"start":{"line":31,"column":2},"end":{"line":31,"column":21}},"16":{"start":{"line":33,"column":0},"end":{"line":46,"column":3}},"17":{"start":{"line":39,"column":6},"end":{"line":39,"column":15}},"18":{"start":{"line":40,"column":2},"end":{"line":40,"column":40}},"19":{"start":{"line":41,"column":2},"end":{"line":41,"column":33}},"20":{"start":{"line":42,"column":2},"end":{"line":42,"column":27}},"21":{"start":{"line":43,"column":2},"end":{"line":43,"column":27}},"22":{"start":{"line":44,"column":2},"end":{"line":44,"column":27}},"23":{"start":{"line":45,"column":2},"end":{"line":45,"column":45}},"24":{"start":{"line":47,"column":0},"end":{"line":55,"column":3}},"25":{"start":{"line":51,"column":6},"end":{"line":51,"column":15}},"26":{"start":{"line":52,"column":2},"end":{"line":52,"column":30}},"27":{"start":{"line":53,"column":2},"end":{"line":53,"column":30}},"28":{"start":{"line":54,"column":2},"end":{"line":54,"column":48}},"29":{"start":{"line":56,"column":0},"end":{"line":62,"column":3}},"30":{"start":{"line":59,"column":6},"end":{"line":59,"column":15}},"31":{"start":{"line":60,"column":2},"end":{"line":60,"column":44}},"32":{"start":{"line":61,"column":2},"end":{"line":61,"column":44}},"33":{"start":{"line":63,"column":0},"end":{"line":81,"column":3}},"34":{"start":{"line":72,"column":6},"end":{"line":72,"column":15}},"35":{"start":{"line":73,"column":2},"end":{"line":73,"column":41}},"36":{"start":{"line":74,"column":2},"end":{"line":74,"column":33}},"37":{"start":{"line":75,"column":2},"end":{"line":75,"column":26}},"38":{"start":{"line":76,"column":2},"end":{"line":76,"column":40}},"39":{"start":{"line":77,"column":2},"end":{"line":77,"column":35}},"40":{"start":{"line":78,"column":2},"end":{"line":78,"column":39}},"41":{"start":{"line":79,"column":2},"end":{"line":79,"column":41}},"42":{"start":{"line":80,"column":2},"end":{"line":80,"column":41}},"43":{"start":{"line":82,"column":0},"end":{"line":93,"column":3}},"44":{"start":{"line":87,"column":6},"end":{"line":87,"column":15}},"45":{"start":{"line":88,"column":2},"end":{"line":88,"column":30}},"46":{"start":{"line":89,"column":2},"end":{"line":89,"column":41}},"47":{"start":{"line":90,"column":2},"end":{"line":90,"column":45}},"48":{"start":{"line":91,"column":28},"end":{"line":91,"column":74}},"49":{"start":{"line":92,"column":2},"end":{"line":92,"column":49}},"50":{"start":{"line":94,"column":0},"end":{"line":105,"column":3}},"51":{"start":{"line":98,"column":6},"end":{"line":98,"column":15}},"52":{"start":{"line":99,"column":2},"end":{"line":99,"column":30}},"53":{"start":{"line":100,"column":2},"end":{"line":100,"column":39}},"54":{"start":{"line":101,"column":25},"end":{"line":101,"column":90}},"55":{"start":{"line":102,"column":24},"end":{"line":102,"column":83}},"56":{"start":{"line":103,"column":2},"end":{"line":103,"column":46}},"57":{"start":{"line":104,"column":2},"end":{"line":104,"column":45}},"58":{"start":{"line":106,"column":0},"end":{"line":115,"column":3}},"59":{"start":{"line":111,"column":6},"end":{"line":111,"column":15}},"60":{"start":{"line":112,"column":2},"end":{"line":112,"column":27}},"61":{"start":{"line":113,"column":2},"end":{"line":113,"column":28}},"62":{"start":{"line":114,"column":2},"end":{"line":114,"column":45}},"63":{"start":{"line":116,"column":0},"end":{"line":128,"column":3}},"64":{"start":{"line":121,"column":6},"end":{"line":121,"column":15}},"65":{"start":{"line":122,"column":2},"end":{"line":122,"column":40}},"66":{"start":{"line":123,"column":2},"end":{"line":123,"column":33}},"67":{"start":{"line":124,"column":2},"end":{"line":124,"column":31}},"68":{"start":{"line":125,"column":2},"end":{"line":125,"column":97}},"69":{"start":{"line":126,"column":2},"end":{"line":126,"column":102}},"70":{"start":{"line":127,"column":2},"end":{"line":127,"column":43}},"71":{"start":{"line":129,"column":0},"end":{"line":146,"column":3}},"72":{"start":{"line":136,"column":6},"end":{"line":136,"column":15}},"73":{"start":{"line":137,"column":2},"end":{"line":137,"column":56}},"74":{"start":{"line":138,"column":2},"end":{"line":138,"column":33}},"75":{"start":{"line":139,"column":2},"end":{"line":139,"column":44}},"76":{"start":{"line":140,"column":2},"end":{"line":140,"column":48}},"77":{"start":{"line":141,"column":2},"end":{"line":141,"column":45}},"78":{"start":{"line":142,"column":2},"end":{"line":142,"column":43}},"79":{"start":{"line":143,"column":2},"end":{"line":143,"column":44}},"80":{"start":{"line":144,"column":28},"end":{"line":144,"column":74}},"81":{"start":{"line":145,"column":2},"end":{"line":145,"column":49}},"82":{"start":{"line":147,"column":0},"end":{"line":164,"column":3}},"83":{"start":{"line":153,"column":6},"end":{"line":153,"column":15}},"84":{"start":{"line":154,"column":2},"end":{"line":154,"column":40}},"85":{"start":{"line":155,"column":2},"end":{"line":155,"column":33}},"86":{"start":{"line":156,"column":2},"end":{"line":156,"column":44}},"87":{"start":{"line":157,"column":2},"end":{"line":157,"column":44}},"88":{"start":{"line":158,"column":2},"end":{"line":158,"column":41}},"89":{"start":{"line":159,"column":2},"end":{"line":159,"column":39}},"90":{"start":{"line":160,"column":25},"end":{"line":160,"column":90}},"91":{"start":{"line":161,"column":24},"end":{"line":161,"column":83}},"92":{"start":{"line":162,"column":2},"end":{"line":162,"column":46}},"93":{"start":{"line":163,"column":2},"end":{"line":163,"column":45}},"94":{"start":{"line":165,"column":0},"end":{"line":178,"column":3}},"95":{"start":{"line":169,"column":6},"end":{"line":169,"column":15}},"96":{"start":{"line":170,"column":2},"end":{"line":170,"column":33}},"97":{"start":{"line":171,"column":2},"end":{"line":171,"column":31}},"98":{"start":{"line":172,"column":2},"end":{"line":172,"column":97}},"99":{"start":{"line":173,"column":2},"end":{"line":173,"column":98}},"100":{"start":{"line":174,"column":31},"end":{"line":174,"column":98}},"101":{"start":{"line":175,"column":32},"end":{"line":175,"column":100}},"102":{"start":{"line":176,"column":2},"end":{"line":176,"column":52}},"103":{"start":{"line":177,"column":2},"end":{"line":177,"column":53}},"104":{"start":{"line":179,"column":0},"end":{"line":192,"column":3}},"105":{"start":{"line":183,"column":6},"end":{"line":183,"column":15}},"106":{"start":{"line":184,"column":2},"end":{"line":184,"column":33}},"107":{"start":{"line":185,"column":2},"end":{"line":185,"column":31}},"108":{"start":{"line":186,"column":2},"end":{"line":186,"column":97}},"109":{"start":{"line":187,"column":2},"end":{"line":187,"column":98}},"110":{"start":{"line":188,"column":31},"end":{"line":188,"column":98}},"111":{"start":{"line":189,"column":32},"end":{"line":189,"column":100}},"112":{"start":{"line":190,"column":2},"end":{"line":190,"column":52}},"113":{"start":{"line":191,"column":2},"end":{"line":191,"column":53}},"114":{"start":{"line":193,"column":0},"end":{"line":208,"column":3}},"115":{"start":{"line":199,"column":6},"end":{"line":199,"column":15}},"116":{"start":{"line":200,"column":2},"end":{"line":200,"column":30}},"117":{"start":{"line":201,"column":2},"end":{"line":201,"column":27}},"118":{"start":{"line":202,"column":2},"end":{"line":202,"column":36}},"119":{"start":{"line":203,"column":2},"end":{"line":203,"column":84}},"120":{"start":{"line":204,"column":2},"end":{"line":204,"column":89}},"121":{"start":{"line":205,"column":2},"end":{"line":205,"column":44}},"122":{"start":{"line":206,"column":28},"end":{"line":206,"column":68}},"123":{"start":{"line":207,"column":2},"end":{"line":207,"column":49}},"124":{"start":{"line":209,"column":0},"end":{"line":235,"column":3}},"125":{"start":{"line":215,"column":6},"end":{"line":215,"column":15}},"126":{"start":{"line":216,"column":2},"end":{"line":216,"column":40}},"127":{"start":{"line":217,"column":2},"end":{"line":217,"column":33}},"128":{"start":{"line":218,"column":25},"end":{"line":218,"column":59}},"129":{"start":{"line":219,"column":27},"end":{"line":219,"column":63}},"130":{"start":{"line":221,"column":2},"end":{"line":223,"column":5}},"131":{"start":{"line":224,"column":2},"end":{"line":224,"column":26}},"132":{"start":{"line":225,"column":12},"end":{"line":225,"column":59}},"133":{"start":{"line":226,"column":12},"end":{"line":226,"column":60}},"134":{"start":{"line":227,"column":2},"end":{"line":229,"column":5}},"135":{"start":{"line":230,"column":2},"end":{"line":230,"column":24}},"136":{"start":{"line":231,"column":2},"end":{"line":231,"column":33}},"137":{"start":{"line":232,"column":2},"end":{"line":232,"column":30}},"138":{"start":{"line":233,"column":26},"end":{"line":233,"column":47}},"139":{"start":{"line":234,"column":2},"end":{"line":234,"column":82}},"140":{"start":{"line":236,"column":0},"end":{"line":252,"column":3}},"141":{"start":{"line":242,"column":6},"end":{"line":242,"column":15}},"142":{"start":{"line":243,"column":2},"end":{"line":243,"column":56}},"143":{"start":{"line":244,"column":2},"end":{"line":244,"column":33}},"144":{"start":{"line":245,"column":26},"end":{"line":245,"column":47}},"145":{"start":{"line":246,"column":2},"end":{"line":246,"column":70}},"146":{"start":{"line":247,"column":2},"end":{"line":247,"column":30}},"147":{"start":{"line":248,"column":2},"end":{"line":248,"column":39}},"148":{"start":{"line":249,"column":2},"end":{"line":249,"column":41}},"149":{"start":{"line":250,"column":33},"end":{"line":250,"column":68}},"150":{"start":{"line":251,"column":2},"end":{"line":251,"column":79}},"151":{"start":{"line":253,"column":0},"end":{"line":264,"column":3}},"152":{"start":{"line":258,"column":6},"end":{"line":258,"column":15}},"153":{"start":{"line":259,"column":2},"end":{"line":259,"column":30}},"154":{"start":{"line":260,"column":2},"end":{"line":260,"column":43}},"155":{"start":{"line":261,"column":2},"end":{"line":261,"column":45}},"156":{"start":{"line":262,"column":26},"end":{"line":262,"column":47}},"157":{"start":{"line":263,"column":2},"end":{"line":263,"column":70}},"158":{"start":{"line":265,"column":0},"end":{"line":280,"column":3}},"159":{"start":{"line":270,"column":6},"end":{"line":270,"column":15}},"160":{"start":{"line":271,"column":2},"end":{"line":271,"column":56}},"161":{"start":{"line":272,"column":2},"end":{"line":272,"column":33}},"162":{"start":{"line":273,"column":2},"end":{"line":273,"column":30}},"163":{"start":{"line":274,"column":2},"end":{"line":274,"column":31}},"164":{"start":{"line":275,"column":2},"end":{"line":275,"column":97}},"165":{"start":{"line":276,"column":2},"end":{"line":276,"column":98}},"166":{"start":{"line":277,"column":2},"end":{"line":277,"column":30}},"167":{"start":{"line":278,"column":33},"end":{"line":278,"column":68}},"168":{"start":{"line":279,"column":2},"end":{"line":279,"column":79}},"169":{"start":{"line":281,"column":0},"end":{"line":292,"column":3}},"170":{"start":{"line":284,"column":6},"end":{"line":284,"column":15}},"171":{"start":{"line":285,"column":2},"end":{"line":285,"column":38}},"172":{"start":{"line":286,"column":2},"end":{"line":286,"column":33}},"173":{"start":{"line":287,"column":22},"end":{"line":287,"column":79}},"174":{"start":{"line":288,"column":2},"end":{"line":288,"column":42}},"175":{"start":{"line":289,"column":2},"end":{"line":289,"column":28}},"176":{"start":{"line":290,"column":23},"end":{"line":290,"column":59}},"177":{"start":{"line":291,"column":2},"end":{"line":291,"column":103}}},"fnMap":{"0":{"name":"(anonymous_0)","decl":{"start":{"line":24,"column":15},"end":{"line":24,"column":16}},"loc":{"start":{"line":26,"column":6},"end":{"line":29,"column":1}},"line":26},"1":{"name":"(anonymous_1)","decl":{"start":{"line":30,"column":14},"end":{"line":30,"column":15}},"loc":{"start":{"line":30,"column":26},"end":{"line":32,"column":1}},"line":30},"2":{"name":"(anonymous_2)","decl":{"start":{"line":33,"column":26},"end":{"line":33,"column":27}},"loc":{"start":{"line":33,"column":38},"end":{"line":46,"column":1}},"line":33},"3":{"name":"(anonymous_3)","decl":{"start":{"line":47,"column":29},"end":{"line":47,"column":30}},"loc":{"start":{"line":47,"column":41},"end":{"line":55,"column":1}},"line":47},"4":{"name":"(anonymous_4)","decl":{"start":{"line":56,"column":44},"end":{"line":56,"column":45}},"loc":{"start":{"line":56,"column":56},"end":{"line":62,"column":1}},"line":56},"5":{"name":"(anonymous_5)","decl":{"start":{"line":63,"column":68},"end":{"line":63,"column":69}},"loc":{"start":{"line":63,"column":80},"end":{"line":81,"column":1}},"line":63},"6":{"name":"(anonymous_6)","decl":{"start":{"line":82,"column":63},"end":{"line":82,"column":64}},"loc":{"start":{"line":82,"column":75},"end":{"line":93,"column":1}},"line":82},"7":{"name":"(anonymous_7)","decl":{"start":{"line":94,"column":45},"end":{"line":94,"column":46}},"loc":{"start":{"line":94,"column":57},"end":{"line":105,"column":1}},"line":94},"8":{"name":"(anonymous_8)","decl":{"start":{"line":106,"column":61},"end":{"line":106,"column":62}},"loc":{"start":{"line":106,"column":73},"end":{"line":115,"column":1}},"line":106},"9":{"name":"(anonymous_9)","decl":{"start":{"line":116,"column":65},"end":{"line":116,"column":66}},"loc":{"start":{"line":116,"column":77},"end":{"line":128,"column":1}},"line":116},"10":{"name":"(anonymous_10)","decl":{"start":{"line":129,"column":49},"end":{"line":129,"column":50}},"loc":{"start":{"line":129,"column":61},"end":{"line":146,"column":1}},"line":129},"11":{"name":"(anonymous_11)","decl":{"start":{"line":147,"column":44},"end":{"line":147,"column":45}},"loc":{"start":{"line":147,"column":56},"end":{"line":164,"column":1}},"line":147},"12":{"name":"(anonymous_12)","decl":{"start":{"line":165,"column":20},"end":{"line":165,"column":21}},"loc":{"start":{"line":165,"column":32},"end":{"line":178,"column":1}},"line":165},"13":{"name":"(anonymous_13)","decl":{"start":{"line":179,"column":20},"end":{"line":179,"column":21}},"loc":{"start":{"line":179,"column":32},"end":{"line":192,"column":1}},"line":179},"14":{"name":"(anonymous_14)","decl":{"start":{"line":193,"column":86},"end":{"line":193,"column":87}},"loc":{"start":{"line":193,"column":98},"end":{"line":208,"column":1}},"line":193},"15":{"name":"(anonymous_15)","decl":{"start":{"line":209,"column":79},"end":{"line":209,"column":80}},"loc":{"start":{"line":209,"column":91},"end":{"line":235,"column":1}},"line":209},"16":{"name":"(anonymous_16)","decl":{"start":{"line":236,"column":59},"end":{"line":236,"column":60}},"loc":{"start":{"line":236,"column":71},"end":{"line":252,"column":1}},"line":236},"17":{"name":"(anonymous_17)","decl":{"start":{"line":253,"column":61},"end":{"line":253,"column":62}},"loc":{"start":{"line":253,"column":73},"end":{"line":264,"column":1}},"line":253},"18":{"name":"(anonymous_18)","decl":{"start":{"line":265,"column":94},"end":{"line":265,"column":95}},"loc":{"start":{"line":265,"column":106},"end":{"line":280,"column":1}},"line":265},"19":{"name":"(anonymous_19)","decl":{"start":{"line":281,"column":82},"end":{"line":281,"column":83}},"loc":{"start":{"line":281,"column":94},"end":{"line":292,"column":1}},"line":281}},"branchMap":{},"s":{"0":1,"1":1,"2":1,"3":1,"4":1,"5":1,"6":1,"7":1,"8":1,"9":1,"10":1,"11":1,"12":1,"13":1,"14":1,"15":1,"16":1,"17":1,"18":1,"19":1,"20":1,"21":1,"22":1,"23":1,"24":1,"25":1,"26":1,"27":1,"28":1,"29":1,"30":1,"31":1,"32":1,"33":1,"34":1,"35":1,"36":1,"37":1,"38":1,"39":1,"40":1,"41":1,"42":1,"43":1,"44":1,"45":1,"46":1,"47":1,"48":1,"49":1,"50":1,"51":1,"52":1,"53":1,"54":1,"55":1,"56":1,"57":1,"58":1,"59":1,"60":1,"61":1,"62":1,"63":1,"64":1,"65":1,"66":1,"67":1,"68":1,"69":1,"70":1,"71":1,"72":1,"73":1,"74":1,"75":1,"76":1,"77":1,"78":1,"79":1,"80":1,"81":1,"82":1,"83":1,"84":1,"85":1,"86":1,"87":1,"88":1,"89":1,"90":1,"91":1,"92":1,"93":1,"94":1,"95":1,"96":1,"97":1,"98":1,"99":1,"100":1,"101":1,"102":1,"103":1,"104":1,"105":1,"106":1,"107":1,"108":1,"109":1,"110":1,"111":1,"112":1,"113":1,"114":1,"115":1,"116":1,"117":1,"118":1,"119":1,"120":1,"121":1,"122":1,"123":1,"124":1,"125":1,"126":1,"127":1,"128":1,"129":1,"130":1,"131":1,"132":1,"133":1,"134":1,"135":1,"136":1,"137":1,"138":1,"139":1,"140":1,"141":1,"142":1,"143":1,"144":1,"145":1,"146":1,"147":1,"148":1,"149":1,"150":1,"151":1,"152":1,"153":1,"154":1,"155":1,"156":1,"157":1,"158":1,"159":1,"160":1,"161":1,"162":1,"163":1,"164":1,"165":1,"166":1,"167":1,"168":1,"169":1,"170":1,"171":1,"172":1,"173":1,"174":1,"175":1,"176":1,"177":1},"f":{"0":1,"1":1,"2":1,"3":1,"4":1,"5":1,"6":1,"7":1,"8":1,"9":1,"10":1,"11":1,"12":1,"13":1,"14":1,"15":1,"16":1,"17":1,"18":1,"19":1},"b":{},"inputSourceMap":{"version":3,"names":["test","expect","require","createSelectors","assertLayerOrdering","page","selectors","vectorsQueryString","someGroupsQueryString","twoGroupsQueryString","mixedLayersGroupsDisabledQueryString","mixedLayerIdOrder","groupedLayerIdOrder","ungroupedReorderdLayerIdOrder","describe","configure","mode","beforeAll","browser","newPage","afterAll","close","firesLayer","infoButton","infoDialog","modalCloseButton","goto","click","hover","not","toBeVisible","optionsButton","optionsDialog","groupCheckbox","toBeChecked","addLayers","firesGroup","layersModalCloseButton","layersSearchField","viirsFiresCheckbox","fill","overlayGroupItems","locator","toHaveCount","aodGroup","fireGroupItems","aodGroupItems","firesRemove","aodGroupHeader","overlaysGroup","sidebarContainer","aodGroupHiddenLayers","aodGroupVisibleLayers","overlaysGroupHeader","firesGroupHeader","aodBoundingBox","boundingBox","firesBoundingBox","mouse","move","x","y","steps","down","width","height","up","waitForTimeout","layersContainer","groupedLayersContainer","handPointer","modalContent","toContainText"],"sources":["layers-sidebar-test.spec.js"],"sourcesContent":["// @ts-check\nconst { test, expect } = require('playwright-test-coverage')\nconst createSelectors = require('../../test-utils/global-variables/selectors')\nconst { assertLayerOrdering } = require('../../test-utils/hooks/wvHooks')\n\nlet page\nlet selectors\n\nconst vectorsQueryString = 'http://localhost:3000/?v=-70.43215000968726,28.678203599725197,-59.81569241792232,31.62330063930118&l=GRanD_Dams,Reference_Labels_15m(hidden),Reference_Features_15m(hidden),Coastlines_15m,VIIRS_SNPP_CorrectedReflectance_TrueColor(hidden),MODIS_Aqua_CorrectedReflectance_TrueColor(hidden),VIIRS_NOAA20_CorrectedReflectance_TrueColor(hidden),MODIS_Terra_CorrectedReflectance_TrueColor'\nconst someGroupsQueryString = 'http://localhost:3000/?l=MODIS_Combined_Value_Added_AOD,MODIS_Combined_MAIAC_L2G_AerosolOpticalDepth,Reference_Labels_15m(hidden),Reference_Features_15m,MODIS_Terra_CorrectedReflectance_TrueColor&lg=true'\nconst twoGroupsQueryString = 'http://localhost:3000/?v=-107.15747724134027,-81.6706340523014,47.81381180183274,89.12472754295932&l=VIIRS_SNPP_Thermal_Anomalies_375m_All,VIIRS_NOAA20_Thermal_Anomalies_375m_All,MODIS_Combined_Value_Added_AOD,MODIS_Combined_MAIAC_L2G_AerosolOpticalDepth,Reference_Features_15m,MODIS_Terra_CorrectedReflectance_TrueColor&lg=true'\nconst mixedLayersGroupsDisabledQueryString = 'http://localhost:3000/?v=-107.15747724134027,-81.6706340523014,47.81381180183274,89.12472754295932&l=Reference_Features_15m,VIIRS_SNPP_Thermal_Anomalies_375m_All,MODIS_Combined_Value_Added_AOD,VIIRS_NOAA20_Thermal_Anomalies_375m_All,MODIS_Combined_MAIAC_L2G_AerosolOpticalDepth,MODIS_Terra_CorrectedReflectance_TrueColor&lg=false'\n\nconst mixedLayerIdOrder = [\n  'active-Reference_Features_15m',\n  'active-VIIRS_SNPP_Thermal_Anomalies_375m_All',\n  'active-MODIS_Combined_Value_Added_AOD',\n  'active-VIIRS_NOAA20_Thermal_Anomalies_375m_All',\n  'active-MODIS_Combined_MAIAC_L2G_AerosolOpticalDepth'\n]\nconst groupedLayerIdOrder = [\n  'active-Reference_Features_15m',\n  'active-VIIRS_SNPP_Thermal_Anomalies_375m_All',\n  'active-VIIRS_NOAA20_Thermal_Anomalies_375m_All',\n  'active-MODIS_Combined_Value_Added_AOD',\n  'active-MODIS_Combined_MAIAC_L2G_AerosolOpticalDepth',\n  'active-MODIS_Terra_CorrectedReflectance_TrueColor'\n]\nconst ungroupedReorderdLayerIdOrder = [\n  'active-MODIS_Combined_Value_Added_AOD',\n  'active-MODIS_Combined_MAIAC_L2G_AerosolOpticalDepth',\n  'active-VIIRS_SNPP_Thermal_Anomalies_375m_All',\n  'active-VIIRS_NOAA20_Thermal_Anomalies_375m_All',\n  'active-Reference_Features_15m'\n]\n\ntest.describe.configure({ mode: 'serial' })\n\ntest.beforeAll(async ({ browser }) => {\n  page = await browser.newPage()\n  selectors = createSelectors(page)\n})\n\ntest.afterAll(async () => {\n  await page.close()\n})\n\ntest('Toggle layer Info', async () => {\n  const {\n    firesLayer,\n    infoButton,\n    infoDialog,\n    modalCloseButton\n  } = selectors\n  await page.goto(twoGroupsQueryString)\n  await modalCloseButton.click()\n  await firesLayer.hover()\n  await infoButton.click()\n  await infoButton.click()\n  await expect(infoDialog).not.toBeVisible()\n})\n\ntest('Toggle Layer Options', async () => {\n  const { optionsButton, optionsDialog } = selectors\n  await optionsButton.click()\n  await optionsButton.click()\n  await expect(optionsDialog).not.toBeVisible()\n})\n\ntest('Layer groups are enabled by default', async () => {\n  const { groupCheckbox } = selectors\n  await expect(groupCheckbox).toBeVisible()\n  await expect(groupCheckbox).toBeChecked()\n})\n\ntest('Adding a layer causes it to appear in the appropriate group', async () => {\n  const {\n    addLayers,\n    firesGroup,\n    firesLayer,\n    layersModalCloseButton,\n    layersSearchField,\n    modalCloseButton,\n    viirsFiresCheckbox\n  } = selectors\n  await page.goto(someGroupsQueryString)\n  await modalCloseButton.click()\n  await addLayers.click()\n  await layersSearchField.fill('fires')\n  await viirsFiresCheckbox.click()\n  await layersModalCloseButton.click()\n  await expect(firesGroup).toBeVisible()\n  await expect(firesLayer).toBeVisible()\n})\n\ntest('Disabling groups puts all overlays into a single group', async () => {\n  const {\n    groupCheckbox,\n    firesLayer,\n    firesGroup\n  } = selectors\n  await groupCheckbox.click()\n  await expect(firesLayer).toBeVisible()\n  await expect(firesGroup).not.toBeVisible()\n  const overlayGroupItems = await page.locator('#active-overlays ul > li')\n  await expect(overlayGroupItems).toHaveCount(5)\n})\n\ntest('Re-enabling groups restores grouping', async () => {\n  const { groupCheckbox, aodGroup } = selectors\n  await groupCheckbox.click()\n  await expect(aodGroup).toBeVisible()\n  const fireGroupItems = await page.locator('#active-Fires_and_Thermal_Anomalies ul > li')\n  const aodGroupItems = await page.locator('#active-Aerosol_Optical_Depth ul > li')\n  await expect(fireGroupItems).toHaveCount(1)\n  await expect(aodGroupItems).toHaveCount(2)\n})\n\ntest('Removing the last layer in a group removes the group', async () => {\n  const {\n    firesLayer,\n    firesRemove,\n    firesGroup\n  } = selectors\n  await firesLayer.hover()\n  await firesRemove.click()\n  await expect(firesGroup).not.toBeVisible()\n})\n\ntest('Removing a group removes all layers and the group header', async () => {\n  const { aodGroupHeader, aodGroup, modalCloseButton } = selectors\n  await page.goto(twoGroupsQueryString)\n  await modalCloseButton.click()\n  await aodGroupHeader.hover()\n  await page.locator('#active-Aerosol_Optical_Depth .layer-group-more-options > button').click()\n  await page.locator('#active-Aerosol_Optical_Depth .layer-group-more-options #remove-group').click()\n  await expect(aodGroup).not.toBeVisible()\n})\n\ntest('Load with groups disabled from permalink', async () => {\n  const {\n    aodGroup,\n    firesGroup,\n    groupCheckbox,\n    modalCloseButton,\n    overlaysGroup\n  } = selectors\n  await page.goto(mixedLayersGroupsDisabledQueryString)\n  await modalCloseButton.click()\n  await expect(groupCheckbox).toBeVisible()\n  await expect(groupCheckbox).not.toBeChecked()\n  await expect(firesGroup).not.toBeVisible()\n  await expect(aodGroup).not.toBeVisible()\n  await expect(overlaysGroup).toBeVisible()\n  const overlayGroupItems = await page.locator('#active-overlays ul > li')\n  await expect(overlayGroupItems).toHaveCount(5)\n})\n\ntest('Load multiple groups from permalink', async () => {\n  const {\n    aodGroup,\n    firesGroup,\n    groupCheckbox,\n    modalCloseButton\n  } = selectors\n  await page.goto(twoGroupsQueryString)\n  await modalCloseButton.click()\n  await expect(groupCheckbox).toBeVisible()\n  await expect(groupCheckbox).toBeChecked()\n  await expect(firesGroup).toBeVisible()\n  await expect(aodGroup).toBeVisible()\n  const fireGroupItems = await page.locator('#active-Fires_and_Thermal_Anomalies ul > li')\n  const aodGroupItems = await page.locator('#active-Aerosol_Optical_Depth ul > li')\n  await expect(fireGroupItems).toHaveCount(2)\n  await expect(aodGroupItems).toHaveCount(2)\n})\n\ntest('Hide all...', async () => {\n  const { sidebarContainer, aodGroupHeader } = selectors\n  await sidebarContainer.hover()\n  await aodGroupHeader.hover()\n  await page.locator('#active-Aerosol_Optical_Depth .layer-group-more-options > button').click()\n  await page.locator('#active-Aerosol_Optical_Depth .layer-group-more-options #hide-all').click()\n  const aodGroupHiddenLayers = await page.locator('#active-Aerosol_Optical_Depth li.layer-hidden')\n  const aodGroupVisibleLayers = await page.locator('#active-Aerosol_Optical_Depth li.layer-visible')\n  await expect(aodGroupHiddenLayers).toHaveCount(2)\n  await expect(aodGroupVisibleLayers).toHaveCount(0)\n})\n\ntest('Show all...', async () => {\n  const { sidebarContainer, aodGroupHeader } = selectors\n  await sidebarContainer.hover()\n  await aodGroupHeader.hover()\n  await page.locator('#active-Aerosol_Optical_Depth .layer-group-more-options > button').click()\n  await page.locator('#active-Aerosol_Optical_Depth .layer-group-more-options #show-all').click()\n  const aodGroupHiddenLayers = await page.locator('#active-Aerosol_Optical_Depth li.layer-hidden')\n  const aodGroupVisibleLayers = await page.locator('#active-Aerosol_Optical_Depth li.layer-visible')\n  await expect(aodGroupHiddenLayers).toHaveCount(0)\n  await expect(aodGroupVisibleLayers).toHaveCount(2)\n})\n\ntest('Ungrouped: Removing baselayers/overlays removes the layers but not the header', async () => {\n  const {\n    groupCheckbox,\n    firesLayer,\n    overlaysGroupHeader,\n    overlaysGroup\n  } = selectors\n  await groupCheckbox.click()\n  await firesLayer.hover()\n  await overlaysGroupHeader.hover()\n  await page.locator('#active-overlays .layer-group-more-options > button').click()\n  await page.locator('#active-overlays .layer-group-more-options #remove-group').click()\n  await expect(overlaysGroup).toBeVisible()\n  const overlayGroupItems = page.locator('#active-overlays ul > li')\n  await expect(overlayGroupItems).toHaveCount(0)\n})\n\ntest('Re-ordering groups, then disabling groups keeps individual layer order', async () => {\n  const {\n    aodGroupHeader,\n    firesGroupHeader,\n    groupCheckbox,\n    modalCloseButton\n  } = selectors\n  await page.goto(twoGroupsQueryString)\n  await modalCloseButton.click()\n  const aodBoundingBox = await aodGroupHeader.boundingBox()\n  const firesBoundingBox = await firesGroupHeader.boundingBox()\n  // this 'steps' option is important for making the drag action work with the 'react-draggable' library\n  await page.mouse.move(\n    aodBoundingBox.x,\n    aodBoundingBox.y,\n    { steps: 10 }\n  )\n  await page.mouse.down()\n  const x = firesBoundingBox.x + firesBoundingBox.width / 2\n  const y = firesBoundingBox.y + firesBoundingBox.height / 2\n  await page.mouse.move(x, y, { steps: 10 })\n  await page.mouse.up()\n  await page.waitForTimeout(300)\n  await groupCheckbox.click()\n  const layersContainer = '#active-overlays li'\n  await assertLayerOrdering(page, layersContainer, ungroupedReorderdLayerIdOrder)\n})\n\ntest('Enabling groups re-orders layers into their groups', async () => {\n  const {\n    aodGroup,\n    firesGroup,\n    groupCheckbox,\n    modalCloseButton\n  } = selectors\n  await page.goto(mixedLayersGroupsDisabledQueryString)\n  await modalCloseButton.click()\n  const layersContainer = '#active-overlays li'\n  await assertLayerOrdering(page, layersContainer, mixedLayerIdOrder)\n  await groupCheckbox.click()\n  await expect(aodGroup).toBeVisible()\n  await expect(firesGroup).toBeVisible()\n  const groupedLayersContainer = '.layer-container ul .productsitem'\n  await assertLayerOrdering(page, groupedLayersContainer, groupedLayerIdOrder)\n})\n\ntest('Immediately disabling groups restores mixed ordering', async () => {\n  const {\n    aodGroup,\n    firesGroup,\n    groupCheckbox\n  } = selectors\n  await groupCheckbox.click()\n  await expect(aodGroup).not.toBeVisible()\n  await expect(firesGroup).not.toBeVisible()\n  const layersContainer = '#active-overlays li'\n  await assertLayerOrdering(page, layersContainer, mixedLayerIdOrder)\n})\n\ntest('Making a change to grouped layers causes group ordering to be retained when ungrouped', async () => {\n  const { groupCheckbox, aodGroupHeader, modalCloseButton } = selectors\n  await page.goto(mixedLayersGroupsDisabledQueryString)\n  await modalCloseButton.click()\n  await groupCheckbox.click()\n  await aodGroupHeader.hover()\n  await page.locator('#active-Aerosol_Optical_Depth .layer-group-more-options > button').click()\n  await page.locator('#active-Aerosol_Optical_Depth .layer-group-more-options #hide-all').click()\n  await groupCheckbox.click()\n  const groupedLayersContainer = '.layer-container ul .productsitem'\n  await assertLayerOrdering(page, groupedLayersContainer, groupedLayerIdOrder)\n})\n\ntest('Vector layer has pointer icon & clicking vector layer pointer shows modal', async () => {\n  const { modalCloseButton } = selectors\n  await page.goto(vectorsQueryString)\n  await modalCloseButton.click()\n  const handPointer = await page.locator('#active-GRanD_Dams .fa-hand-pointer')\n  await expect(handPointer).toBeVisible()\n  await handPointer.click()\n  const modalContent = await page.locator('.modal-content')\n  await expect(modalContent).toContainText('Vector features may not be clickable at all zoom levels.')\n})\n"],"mappings":";;AAAA;AACA,MAAM;EAAEA,IAAI;EAAEC;AAAO,CAAC,GAAGC,OAAO,CAAC,0BAA0B,CAAC;AAC5D,MAAMC,eAAe,GAAGD,OAAO,CAAC,6CAA6C,CAAC;AAC9E,MAAM;EAAEE;AAAoB,CAAC,GAAGF,OAAO,CAAC,gCAAgC,CAAC;AAEzE,IAAIG,IAAI;AACR,IAAIC,SAAS;AAEb,MAAMC,kBAAkB,GAAG,gYAAgY;AAC3Z,MAAMC,qBAAqB,GAAG,6MAA6M;AAC3O,MAAMC,oBAAoB,GAAG,0UAA0U;AACvW,MAAMC,oCAAoC,GAAG,2UAA2U;AAExX,MAAMC,iBAAiB,GAAG,CACxB,+BAA+B,EAC/B,8CAA8C,EAC9C,uCAAuC,EACvC,gDAAgD,EAChD,qDAAqD,CACtD;AACD,MAAMC,mBAAmB,GAAG,CAC1B,+BAA+B,EAC/B,8CAA8C,EAC9C,gDAAgD,EAChD,uCAAuC,EACvC,qDAAqD,EACrD,mDAAmD,CACpD;AACD,MAAMC,6BAA6B,GAAG,CACpC,uCAAuC,EACvC,qDAAqD,EACrD,8CAA8C,EAC9C,gDAAgD,EAChD,+BAA+B,CAChC;AAEDb,IAAI,CAACc,QAAQ,CAACC,SAAS,CAAC;EAAEC,IAAI,EAAE;AAAS,CAAC,CAAC;AAE3ChB,IAAI,CAACiB,SAAS,CAAC,OAAO;EAAEC;AAAQ,CAAC,KAAK;EACpCb,IAAI,GAAG,MAAMa,OAAO,CAACC,OAAO,CAAC,CAAC;EAC9Bb,SAAS,GAAGH,eAAe,CAACE,IAAI,CAAC;AACnC,CAAC,CAAC;AAEFL,IAAI,CAACoB,QAAQ,CAAC,YAAY;EACxB,MAAMf,IAAI,CAACgB,KAAK,CAAC,CAAC;AACpB,CAAC,CAAC;AAEFrB,IAAI,CAAC,mBAAmB,EAAE,YAAY;EACpC,MAAM;IACJsB,UAAU;IACVC,UAAU;IACVC,UAAU;IACVC;EACF,CAAC,GAAGnB,SAAS;EACb,MAAMD,IAAI,CAACqB,IAAI,CAACjB,oBAAoB,CAAC;EACrC,MAAMgB,gBAAgB,CAACE,KAAK,CAAC,CAAC;EAC9B,MAAML,UAAU,CAACM,KAAK,CAAC,CAAC;EACxB,MAAML,UAAU,CAACI,KAAK,CAAC,CAAC;EACxB,MAAMJ,UAAU,CAACI,KAAK,CAAC,CAAC;EACxB,MAAM1B,MAAM,CAACuB,UAAU,CAAC,CAACK,GAAG,CAACC,WAAW,CAAC,CAAC;AAC5C,CAAC,CAAC;AAEF9B,IAAI,CAAC,sBAAsB,EAAE,YAAY;EACvC,MAAM;IAAE+B,aAAa;IAAEC;EAAc,CAAC,GAAG1B,SAAS;EAClD,MAAMyB,aAAa,CAACJ,KAAK,CAAC,CAAC;EAC3B,MAAMI,aAAa,CAACJ,KAAK,CAAC,CAAC;EAC3B,MAAM1B,MAAM,CAAC+B,aAAa,CAAC,CAACH,GAAG,CAACC,WAAW,CAAC,CAAC;AAC/C,CAAC,CAAC;AAEF9B,IAAI,CAAC,qCAAqC,EAAE,YAAY;EACtD,MAAM;IAAEiC;EAAc,CAAC,GAAG3B,SAAS;EACnC,MAAML,MAAM,CAACgC,aAAa,CAAC,CAACH,WAAW,CAAC,CAAC;EACzC,MAAM7B,MAAM,CAACgC,aAAa,CAAC,CAACC,WAAW,CAAC,CAAC;AAC3C,CAAC,CAAC;AAEFlC,IAAI,CAAC,6DAA6D,EAAE,YAAY;EAC9E,MAAM;IACJmC,SAAS;IACTC,UAAU;IACVd,UAAU;IACVe,sBAAsB;IACtBC,iBAAiB;IACjBb,gBAAgB;IAChBc;EACF,CAAC,GAAGjC,SAAS;EACb,MAAMD,IAAI,CAACqB,IAAI,CAAClB,qBAAqB,CAAC;EACtC,MAAMiB,gBAAgB,CAACE,KAAK,CAAC,CAAC;EAC9B,MAAMQ,SAAS,CAACR,KAAK,CAAC,CAAC;EACvB,MAAMW,iBAAiB,CAACE,IAAI,CAAC,OAAO,CAAC;EACrC,MAAMD,kBAAkB,CAACZ,KAAK,CAAC,CAAC;EAChC,MAAMU,sBAAsB,CAACV,KAAK,CAAC,CAAC;EACpC,MAAM1B,MAAM,CAACmC,UAAU,CAAC,CAACN,WAAW,CAAC,CAAC;EACtC,MAAM7B,MAAM,CAACqB,UAAU,CAAC,CAACQ,WAAW,CAAC,CAAC;AACxC,CAAC,CAAC;AAEF9B,IAAI,CAAC,wDAAwD,EAAE,YAAY;EACzE,MAAM;IACJiC,aAAa;IACbX,UAAU;IACVc;EACF,CAAC,GAAG9B,SAAS;EACb,MAAM2B,aAAa,CAACN,KAAK,CAAC,CAAC;EAC3B,MAAM1B,MAAM,CAACqB,UAAU,CAAC,CAACQ,WAAW,CAAC,CAAC;EACtC,MAAM7B,MAAM,CAACmC,UAAU,CAAC,CAACP,GAAG,CAACC,WAAW,CAAC,CAAC;EAC1C,MAAMW,iBAAiB,GAAG,MAAMpC,IAAI,CAACqC,OAAO,CAAC,0BAA0B,CAAC;EACxE,MAAMzC,MAAM,CAACwC,iBAAiB,CAAC,CAACE,WAAW,CAAC,CAAC,CAAC;AAChD,CAAC,CAAC;AAEF3C,IAAI,CAAC,sCAAsC,EAAE,YAAY;EACvD,MAAM;IAAEiC,aAAa;IAAEW;EAAS,CAAC,GAAGtC,SAAS;EAC7C,MAAM2B,aAAa,CAACN,KAAK,CAAC,CAAC;EAC3B,MAAM1B,MAAM,CAAC2C,QAAQ,CAAC,CAACd,WAAW,CAAC,CAAC;EACpC,MAAMe,cAAc,GAAG,MAAMxC,IAAI,CAACqC,OAAO,CAAC,6CAA6C,CAAC;EACxF,MAAMI,aAAa,GAAG,MAAMzC,IAAI,CAACqC,OAAO,CAAC,uCAAuC,CAAC;EACjF,MAAMzC,MAAM,CAAC4C,cAAc,CAAC,CAACF,WAAW,CAAC,CAAC,CAAC;EAC3C,MAAM1C,MAAM,CAAC6C,aAAa,CAAC,CAACH,WAAW,CAAC,CAAC,CAAC;AAC5C,CAAC,CAAC;AAEF3C,IAAI,CAAC,sDAAsD,EAAE,YAAY;EACvE,MAAM;IACJsB,UAAU;IACVyB,WAAW;IACXX;EACF,CAAC,GAAG9B,SAAS;EACb,MAAMgB,UAAU,CAACM,KAAK,CAAC,CAAC;EACxB,MAAMmB,WAAW,CAACpB,KAAK,CAAC,CAAC;EACzB,MAAM1B,MAAM,CAACmC,UAAU,CAAC,CAACP,GAAG,CAACC,WAAW,CAAC,CAAC;AAC5C,CAAC,CAAC;AAEF9B,IAAI,CAAC,0DAA0D,EAAE,YAAY;EAC3E,MAAM;IAAEgD,cAAc;IAAEJ,QAAQ;IAAEnB;EAAiB,CAAC,GAAGnB,SAAS;EAChE,MAAMD,IAAI,CAACqB,IAAI,CAACjB,oBAAoB,CAAC;EACrC,MAAMgB,gBAAgB,CAACE,KAAK,CAAC,CAAC;EAC9B,MAAMqB,cAAc,CAACpB,KAAK,CAAC,CAAC;EAC5B,MAAMvB,IAAI,CAACqC,OAAO,CAAC,kEAAkE,CAAC,CAACf,KAAK,CAAC,CAAC;EAC9F,MAAMtB,IAAI,CAACqC,OAAO,CAAC,uEAAuE,CAAC,CAACf,KAAK,CAAC,CAAC;EACnG,MAAM1B,MAAM,CAAC2C,QAAQ,CAAC,CAACf,GAAG,CAACC,WAAW,CAAC,CAAC;AAC1C,CAAC,CAAC;AAEF9B,IAAI,CAAC,0CAA0C,EAAE,YAAY;EAC3D,MAAM;IACJ4C,QAAQ;IACRR,UAAU;IACVH,aAAa;IACbR,gBAAgB;IAChBwB;EACF,CAAC,GAAG3C,SAAS;EACb,MAAMD,IAAI,CAACqB,IAAI,CAAChB,oCAAoC,CAAC;EACrD,MAAMe,gBAAgB,CAACE,KAAK,CAAC,CAAC;EAC9B,MAAM1B,MAAM,CAACgC,aAAa,CAAC,CAACH,WAAW,CAAC,CAAC;EACzC,MAAM7B,MAAM,CAACgC,aAAa,CAAC,CAACJ,GAAG,CAACK,WAAW,CAAC,CAAC;EAC7C,MAAMjC,MAAM,CAACmC,UAAU,CAAC,CAACP,GAAG,CAACC,WAAW,CAAC,CAAC;EAC1C,MAAM7B,MAAM,CAAC2C,QAAQ,CAAC,CAACf,GAAG,CAACC,WAAW,CAAC,CAAC;EACxC,MAAM7B,MAAM,CAACgD,aAAa,CAAC,CAACnB,WAAW,CAAC,CAAC;EACzC,MAAMW,iBAAiB,GAAG,MAAMpC,IAAI,CAACqC,OAAO,CAAC,0BAA0B,CAAC;EACxE,MAAMzC,MAAM,CAACwC,iBAAiB,CAAC,CAACE,WAAW,CAAC,CAAC,CAAC;AAChD,CAAC,CAAC;AAEF3C,IAAI,CAAC,qCAAqC,EAAE,YAAY;EACtD,MAAM;IACJ4C,QAAQ;IACRR,UAAU;IACVH,aAAa;IACbR;EACF,CAAC,GAAGnB,SAAS;EACb,MAAMD,IAAI,CAACqB,IAAI,CAACjB,oBAAoB,CAAC;EACrC,MAAMgB,gBAAgB,CAACE,KAAK,CAAC,CAAC;EAC9B,MAAM1B,MAAM,CAACgC,aAAa,CAAC,CAACH,WAAW,CAAC,CAAC;EACzC,MAAM7B,MAAM,CAACgC,aAAa,CAAC,CAACC,WAAW,CAAC,CAAC;EACzC,MAAMjC,MAAM,CAACmC,UAAU,CAAC,CAACN,WAAW,CAAC,CAAC;EACtC,MAAM7B,MAAM,CAAC2C,QAAQ,CAAC,CAACd,WAAW,CAAC,CAAC;EACpC,MAAMe,cAAc,GAAG,MAAMxC,IAAI,CAACqC,OAAO,CAAC,6CAA6C,CAAC;EACxF,MAAMI,aAAa,GAAG,MAAMzC,IAAI,CAACqC,OAAO,CAAC,uCAAuC,CAAC;EACjF,MAAMzC,MAAM,CAAC4C,cAAc,CAAC,CAACF,WAAW,CAAC,CAAC,CAAC;EAC3C,MAAM1C,MAAM,CAAC6C,aAAa,CAAC,CAACH,WAAW,CAAC,CAAC,CAAC;AAC5C,CAAC,CAAC;AAEF3C,IAAI,CAAC,aAAa,EAAE,YAAY;EAC9B,MAAM;IAAEkD,gBAAgB;IAAEF;EAAe,CAAC,GAAG1C,SAAS;EACtD,MAAM4C,gBAAgB,CAACtB,KAAK,CAAC,CAAC;EAC9B,MAAMoB,cAAc,CAACpB,KAAK,CAAC,CAAC;EAC5B,MAAMvB,IAAI,CAACqC,OAAO,CAAC,kEAAkE,CAAC,CAACf,KAAK,CAAC,CAAC;EAC9F,MAAMtB,IAAI,CAACqC,OAAO,CAAC,mEAAmE,CAAC,CAACf,KAAK,CAAC,CAAC;EAC/F,MAAMwB,oBAAoB,GAAG,MAAM9C,IAAI,CAACqC,OAAO,CAAC,+CAA+C,CAAC;EAChG,MAAMU,qBAAqB,GAAG,MAAM/C,IAAI,CAACqC,OAAO,CAAC,gDAAgD,CAAC;EAClG,MAAMzC,MAAM,CAACkD,oBAAoB,CAAC,CAACR,WAAW,CAAC,CAAC,CAAC;EACjD,MAAM1C,MAAM,CAACmD,qBAAqB,CAAC,CAACT,WAAW,CAAC,CAAC,CAAC;AACpD,CAAC,CAAC;AAEF3C,IAAI,CAAC,aAAa,EAAE,YAAY;EAC9B,MAAM;IAAEkD,gBAAgB;IAAEF;EAAe,CAAC,GAAG1C,SAAS;EACtD,MAAM4C,gBAAgB,CAACtB,KAAK,CAAC,CAAC;EAC9B,MAAMoB,cAAc,CAACpB,KAAK,CAAC,CAAC;EAC5B,MAAMvB,IAAI,CAACqC,OAAO,CAAC,kEAAkE,CAAC,CAACf,KAAK,CAAC,CAAC;EAC9F,MAAMtB,IAAI,CAACqC,OAAO,CAAC,mEAAmE,CAAC,CAACf,KAAK,CAAC,CAAC;EAC/F,MAAMwB,oBAAoB,GAAG,MAAM9C,IAAI,CAACqC,OAAO,CAAC,+CAA+C,CAAC;EAChG,MAAMU,qBAAqB,GAAG,MAAM/C,IAAI,CAACqC,OAAO,CAAC,gDAAgD,CAAC;EAClG,MAAMzC,MAAM,CAACkD,oBAAoB,CAAC,CAACR,WAAW,CAAC,CAAC,CAAC;EACjD,MAAM1C,MAAM,CAACmD,qBAAqB,CAAC,CAACT,WAAW,CAAC,CAAC,CAAC;AACpD,CAAC,CAAC;AAEF3C,IAAI,CAAC,+EAA+E,EAAE,YAAY;EAChG,MAAM;IACJiC,aAAa;IACbX,UAAU;IACV+B,mBAAmB;IACnBJ;EACF,CAAC,GAAG3C,SAAS;EACb,MAAM2B,aAAa,CAACN,KAAK,CAAC,CAAC;EAC3B,MAAML,UAAU,CAACM,KAAK,CAAC,CAAC;EACxB,MAAMyB,mBAAmB,CAACzB,KAAK,CAAC,CAAC;EACjC,MAAMvB,IAAI,CAACqC,OAAO,CAAC,qDAAqD,CAAC,CAACf,KAAK,CAAC,CAAC;EACjF,MAAMtB,IAAI,CAACqC,OAAO,CAAC,0DAA0D,CAAC,CAACf,KAAK,CAAC,CAAC;EACtF,MAAM1B,MAAM,CAACgD,aAAa,CAAC,CAACnB,WAAW,CAAC,CAAC;EACzC,MAAMW,iBAAiB,GAAGpC,IAAI,CAACqC,OAAO,CAAC,0BAA0B,CAAC;EAClE,MAAMzC,MAAM,CAACwC,iBAAiB,CAAC,CAACE,WAAW,CAAC,CAAC,CAAC;AAChD,CAAC,CAAC;AAEF3C,IAAI,CAAC,wEAAwE,EAAE,YAAY;EACzF,MAAM;IACJgD,cAAc;IACdM,gBAAgB;IAChBrB,aAAa;IACbR;EACF,CAAC,GAAGnB,SAAS;EACb,MAAMD,IAAI,CAACqB,IAAI,CAACjB,oBAAoB,CAAC;EACrC,MAAMgB,gBAAgB,CAACE,KAAK,CAAC,CAAC;EAC9B,MAAM4B,cAAc,GAAG,MAAMP,cAAc,CAACQ,WAAW,CAAC,CAAC;EACzD,MAAMC,gBAAgB,GAAG,MAAMH,gBAAgB,CAACE,WAAW,CAAC,CAAC;EAC7D;EACA,MAAMnD,IAAI,CAACqD,KAAK,CAACC,IAAI,CACnBJ,cAAc,CAACK,CAAC,EAChBL,cAAc,CAACM,CAAC,EAChB;IAAEC,KAAK,EAAE;EAAG,CACd,CAAC;EACD,MAAMzD,IAAI,CAACqD,KAAK,CAACK,IAAI,CAAC,CAAC;EACvB,MAAMH,CAAC,GAAGH,gBAAgB,CAACG,CAAC,GAAGH,gBAAgB,CAACO,KAAK,GAAG,CAAC;EACzD,MAAMH,CAAC,GAAGJ,gBAAgB,CAACI,CAAC,GAAGJ,gBAAgB,CAACQ,MAAM,GAAG,CAAC;EAC1D,MAAM5D,IAAI,CAACqD,KAAK,CAACC,IAAI,CAACC,CAAC,EAAEC,CAAC,EAAE;IAAEC,KAAK,EAAE;EAAG,CAAC,CAAC;EAC1C,MAAMzD,IAAI,CAACqD,KAAK,CAACQ,EAAE,CAAC,CAAC;EACrB,MAAM7D,IAAI,CAAC8D,cAAc,CAAC,GAAG,CAAC;EAC9B,MAAMlC,aAAa,CAACN,KAAK,CAAC,CAAC;EAC3B,MAAMyC,eAAe,GAAG,qBAAqB;EAC7C,MAAMhE,mBAAmB,CAACC,IAAI,EAAE+D,eAAe,EAAEvD,6BAA6B,CAAC;AACjF,CAAC,CAAC;AAEFb,IAAI,CAAC,oDAAoD,EAAE,YAAY;EACrE,MAAM;IACJ4C,QAAQ;IACRR,UAAU;IACVH,aAAa;IACbR;EACF,CAAC,GAAGnB,SAAS;EACb,MAAMD,IAAI,CAACqB,IAAI,CAAChB,oCAAoC,CAAC;EACrD,MAAMe,gBAAgB,CAACE,KAAK,CAAC,CAAC;EAC9B,MAAMyC,eAAe,GAAG,qBAAqB;EAC7C,MAAMhE,mBAAmB,CAACC,IAAI,EAAE+D,eAAe,EAAEzD,iBAAiB,CAAC;EACnE,MAAMsB,aAAa,CAACN,KAAK,CAAC,CAAC;EAC3B,MAAM1B,MAAM,CAAC2C,QAAQ,CAAC,CAACd,WAAW,CAAC,CAAC;EACpC,MAAM7B,MAAM,CAACmC,UAAU,CAAC,CAACN,WAAW,CAAC,CAAC;EACtC,MAAMuC,sBAAsB,GAAG,mCAAmC;EAClE,MAAMjE,mBAAmB,CAACC,IAAI,EAAEgE,sBAAsB,EAAEzD,mBAAmB,CAAC;AAC9E,CAAC,CAAC;AAEFZ,IAAI,CAAC,sDAAsD,EAAE,YAAY;EACvE,MAAM;IACJ4C,QAAQ;IACRR,UAAU;IACVH;EACF,CAAC,GAAG3B,SAAS;EACb,MAAM2B,aAAa,CAACN,KAAK,CAAC,CAAC;EAC3B,MAAM1B,MAAM,CAAC2C,QAAQ,CAAC,CAACf,GAAG,CAACC,WAAW,CAAC,CAAC;EACxC,MAAM7B,MAAM,CAACmC,UAAU,CAAC,CAACP,GAAG,CAACC,WAAW,CAAC,CAAC;EAC1C,MAAMsC,eAAe,GAAG,qBAAqB;EAC7C,MAAMhE,mBAAmB,CAACC,IAAI,EAAE+D,eAAe,EAAEzD,iBAAiB,CAAC;AACrE,CAAC,CAAC;AAEFX,IAAI,CAAC,uFAAuF,EAAE,YAAY;EACxG,MAAM;IAAEiC,aAAa;IAAEe,cAAc;IAAEvB;EAAiB,CAAC,GAAGnB,SAAS;EACrE,MAAMD,IAAI,CAACqB,IAAI,CAAChB,oCAAoC,CAAC;EACrD,MAAMe,gBAAgB,CAACE,KAAK,CAAC,CAAC;EAC9B,MAAMM,aAAa,CAACN,KAAK,CAAC,CAAC;EAC3B,MAAMqB,cAAc,CAACpB,KAAK,CAAC,CAAC;EAC5B,MAAMvB,IAAI,CAACqC,OAAO,CAAC,kEAAkE,CAAC,CAACf,KAAK,CAAC,CAAC;EAC9F,MAAMtB,IAAI,CAACqC,OAAO,CAAC,mEAAmE,CAAC,CAACf,KAAK,CAAC,CAAC;EAC/F,MAAMM,aAAa,CAACN,KAAK,CAAC,CAAC;EAC3B,MAAM0C,sBAAsB,GAAG,mCAAmC;EAClE,MAAMjE,mBAAmB,CAACC,IAAI,EAAEgE,sBAAsB,EAAEzD,mBAAmB,CAAC;AAC9E,CAAC,CAAC;AAEFZ,IAAI,CAAC,2EAA2E,EAAE,YAAY;EAC5F,MAAM;IAAEyB;EAAiB,CAAC,GAAGnB,SAAS;EACtC,MAAMD,IAAI,CAACqB,IAAI,CAACnB,kBAAkB,CAAC;EACnC,MAAMkB,gBAAgB,CAACE,KAAK,CAAC,CAAC;EAC9B,MAAM2C,WAAW,GAAG,MAAMjE,IAAI,CAACqC,OAAO,CAAC,qCAAqC,CAAC;EAC7E,MAAMzC,MAAM,CAACqE,WAAW,CAAC,CAACxC,WAAW,CAAC,CAAC;EACvC,MAAMwC,WAAW,CAAC3C,KAAK,CAAC,CAAC;EACzB,MAAM4C,YAAY,GAAG,MAAMlE,IAAI,CAACqC,OAAO,CAAC,gBAAgB,CAAC;EACzD,MAAMzC,MAAM,CAACsE,YAAY,CAAC,CAACC,aAAa,CAAC,0DAA0D,CAAC;AACtG,CAAC,CAAC"},"_coverageSchema":"1a1c01bbd47fc00a2c39e90264f33305004495a9","hash":"5ed2dcc74de1f0e1b065aaf0da7c1ba85c892276","contentHash":"d52f5d38c11f6c699096d088880d4685c60d060b648b0517405a13f11a69befc"},"/Users/rcweiler/worldview/e2e/test-utils/global-variables/selectors.js":{"path":"/Users/rcweiler/worldview/e2e/test-utils/global-variables/selectors.js","statementMap":{"0":{"start":{"line":3,"column":0},"end":{"line":282,"column":3}},"1":{"start":{"line":3,"column":26},"end":{"line":282,"column":1}}},"fnMap":{"0":{"name":"(anonymous_0)","decl":{"start":{"line":3,"column":17},"end":{"line":3,"column":18}},"loc":{"start":{"line":3,"column":26},"end":{"line":282,"column":1}},"line":3}},"branchMap":{},"s":{"0":1,"1":2},"f":{"0":2},"b":{},"inputSourceMap":{"version":3,"names":["module","exports","page","createGifIcon","locator","createGifButton","gifPreviewStartDate","gifPreviewEndDate","gifPreviewFrameRateValue","gifPreviewEndResolutionSelector","gifPreviewEndResolutionOption250","gifPreviewEndResolutionOption500","gifDownloadIcon","gifDownloadButton","gifResults","animationWidget","animationButtonCase","animationButton","playButton","animateYearUp","animateYearDown","yearStartInput","monthStartInput","dayStartInput","hourStartInput","minuteStartInput","yearEndInput","monthEndInput","dayEndInput","hourEndInput","minuteEndInput","animationIntervalSelector","rotationDialogOkButton","arcticRotationResetButton","mobileAnimateButton","mobileAnimationWidget","closeMobileAnimation","mobileAnimationPortraitView","mobileDatePickerSpanText","sidebarContainer","infoButton","optionsButton","infoDialog","optionsDialog","addLayers","dataDownloadTabButton","eventsSidebarTabButton","groupCheckbox","viirsFiresCheckbox","firesGroup","firesLayer","firesRemove","aodGroup","aodGroupHeader","firesGroupHeader","overlaysGroup","overlaysGroupHeader","baselayersGroup","baselayersGroupHeader","groupOptionsBtn","groupHide","groupShow","groupRemove","layerVisible","layerHidden","groupedOverlaysAllLayers","sidebarButton","sidebarContent","swipeButton","opacityButton","spyButton","aTab","bTab","swipeDragger","compareButton","compareButtonText","compareMobileSelectToggle","ModisTrueColorLayerA","ModisTrueColorLayerB","toggleButton","collapsedToggleButton","chartingButton","chartingAoiIcon","chartingDateSingleButton","chartingDateRangeButton","chartingCalendarIcon","chartingInfoIcon","measureBtn","measureMenu","measureDistanceBtn","measureAreaBtn","clearMeasurementsBtn","unitOfMeasureToggle","measurementTooltip","geoMeasurementTooltip","arcticMeasurementTooltip","downloadGeojsonBtn","downloadShapefileBtn","timelineContainer","timelineHeader","mobileDatePickerSelectButton","dragger","draggerA","draggerB","dayDown","dayUp","monthDown","monthUp","yearDown","yearUp","datePickerWheel","dateSelectorDayInput","dateSelectorMonthInput","dateSelectorYearInput","dateSelectorHourInput","dateSelectorMinuteInput","mobileDatePickerSelectBtn","rightArrow","mobileDatePickerHeader","layersModalCloseButton","aerosolOpticalDepth","layersSearchField","categoriesNav","allCategoryHeader","layersAll","layerBrowseList","layerBrowseDetail","layerSearchList","layersSearchRow","layerPickerBackButton","layerDetails","layerDetailsDateRange","layerDetailHeader","layerResultsCountText","addToMapButton","aodMeasurement","aodAllMeasurement","aodMeasurementContents","aodAllMeasurementContents","aodTabContentAquaMODIS","aodCheckbox","aodCheckboxMODIS","aodCheckboxMAIAC","aodCheckboxAquaMODIS","aquaTerraMODISTab","aquaModisTab","correctedReflectanceCheckboxContainer","correctedReflectanceChecked","weldReflectanceCheckboxContainer","weldUnavailableTooltipIcon","availableFilterCheckbox","availableFilterCheckboxInput","availableFilterTextEl","coverageTooltipIcon","scienceDisciplinesTab","aodSidebarLayer","aodMAIACSidebarLayer","filterButton","resetButton","applyButton","collapsedLayerButton","layerCount","layerContainer","sourceMetadataCollapsed","sourceMetadataExpanded","aquaTerraModisHeader","maiacHeader","sourceTabs","aodSearchRow","aodSearchCheckbox","availableFacetLabel","categoryAtmosphereLabel","categoryFacetCollapseToggle","categoryFacetChoicesContainer","measurementTemperatureLabel","measurementFacetChoices","measurementMoreButton","sourcesMERRALabel","layerFilterButton","geographicMap","arcticMap","antarcticMap","zoomInButton","zoomOutButton","mapScaleMetric","mapScaleImperial","mapRotateLeft","mapRotateReset","mapRotateRight","locationSearchToolbarButton","shareToolbarButton","projToolbarButton","snapshotToolbarButton","infoToolbarButton","distractionFreeExitBtn","shareToolbar","shareLinkInput","shareEmbedInput","embedLinkButton","locationSearchComponent","locationSearchMobileDialog","locationSearchMinimizeButton","tooltipCoordinatesContainer","tooltipCoordinatesTitle","tooltipCoordinates","tooltipCoordinatesMinimizeButton","tooltipCoordinatesCloseButton","coordinatesMapMarker","contextMenu","contextMenuCopy","contextMenuAddMarker","contextMenuDistance","contextMenuArea","contentMenuChangeUnits","selectedMarker","eventsTab","icebergEvent","listOfEvents","eventIcons","firstEvent","secondEvent","selectedFirstEvent","trackMarker","layersTab","sidebarEvent","thermAnomSNPPday","thermAnomSNPPnight","thermAnomVIIRSday","thermAnomVIIRSnight","notifyMessage","filterIcons","dustHazeIcon","volcanoesIcon","wildfiresIcon","filterDates","filterModalApply","filterModalCancel","dustSwitch","manmadeSwitch","seaLakeIceSwitch","severeStormsSwitch","snowSwitch","volcanoesSwitch","watercolorSwitch","wildfiresSwitch","mapExtentFilterCheckbox","startInputYear","startInputMonth","startInputDay","endInputYear","endInputMonth","endInputDay","dataTab","yearlyResolutionTooltip","timelineSetToYears","modalCloseButton","notificationDismissButton","overlayLayerItems","resolutionTooltip","globalSelectInput","bboxTopCoords","bboxBottomCoords","imageResolution","imageFormat","imageWorldFile","imageMaxSize"],"sources":["selectors.js"],"sourcesContent":["module.exports = (page) => ({\n  // animations\n  createGifIcon: page.locator('#wv-animation-widget-file-video-icon'),\n  createGifButton: page.locator('.gif-dialog .button-text'),\n  gifPreviewStartDate: page.locator('.gif-download-grid .grid-child:nth-child(2) span'),\n  gifPreviewEndDate: page.locator('.gif-download-grid .grid-child:nth-child(4) span'),\n  gifPreviewFrameRateValue: page.locator('.gif-download-grid .grid-child:nth-child(6) span'),\n  gifPreviewEndResolutionSelector: page.locator('.gif-selector-case #gif-resolution'),\n  gifPreviewEndResolutionOption250: page.locator('#gif-resolution option[value=\"1\"]'),\n  gifPreviewEndResolutionOption500: page.locator('#gif-resolution option[value=\"2\"]'),\n  gifDownloadIcon: page.locator('.animation-gif-dialog-wrapper .wv-button.gray'),\n  gifDownloadButton: page.locator('.animation-gif-dialog-wrapper .wv-button'),\n  gifResults: page.locator('.gif-results-dialog-case img'),\n  animationWidget: page.locator('#wv-animation-widget'),\n  animationButtonCase: page.locator('#timeline-header .animate-button'),\n  animationButton: page.locator('.animate-button'),\n  playButton: page.locator('#play-button'),\n  animateYearUp: page.locator('.wv-date-range-selector > div > div:nth-child(2) > div > svg > .uparrow'),\n  animateYearDown: page.locator('.wv-date-range-selector > div > div > div:nth-child(3) > svg > .downarrow'),\n  yearStartInput: page.locator('#year-animation-widget-start'),\n  monthStartInput: page.locator('#month-animation-widget-start'),\n  dayStartInput: page.locator('#day-animation-widget-start'),\n  hourStartInput: page.locator('#hour-animation-widget-start'),\n  minuteStartInput: page.locator('#minute-animation-widget-start'),\n  yearEndInput: page.locator('#year-animation-widget-end'),\n  monthEndInput: page.locator('#month-animation-widget-end'),\n  dayEndInput: page.locator('#day-animation-widget-end'),\n  hourEndInput: page.locator('#hour-animation-widget-end'),\n  minuteEndInput: page.locator('#minute-animation-widget-end'),\n  animationIntervalSelector: page.locator('#wv-animation-widget #current-interval'),\n  rotationDialogOkButton: page.locator('#image_download_notify_rotate .accept-notify'),\n  arcticRotationResetButton: page.locator('.wv-map-reset-rotation'),\n\n  // mobile animations\n  mobileAnimateButton: page.locator('.mobile-animate-button'),\n  mobileAnimationWidget: page.locator('.wv-animation-widget-wrapper-mobile'),\n  closeMobileAnimation: page.locator('#mobile-animation-close'),\n  mobileAnimationPortraitView: page.locator('#collapsed-animate-widget-phone-portrait'),\n  mobileDatePickerSpanText: page.locator('.mobile-date-picker-select-btn-text span'),\n\n  // sidebar, layers\n  sidebarContainer: page.locator('#products-holder'),\n  infoButton: page.locator('.wv-layers-info'),\n  optionsButton: page.locator('.wv-layers-options'),\n  infoDialog: page.locator('.layer-info-modal'),\n  optionsDialog: page.locator('.layer-settings-modal'),\n  addLayers: page.locator('#layers-add'),\n  dataDownloadTabButton: page.locator('#download-sidebar-tab'),\n  eventsSidebarTabButton: page.locator('#events-sidebar-tab'),\n  groupCheckbox: page.locator('#group-overlays-checkbox'),\n  viirsFiresCheckbox: page.locator('#VIIRS_NOAA20_Thermal_Anomalies_375m_All-checkbox'),\n  firesGroup: page.locator('#active-Fires_and_Thermal_Anomalies'),\n  firesLayer: page.locator('#active-VIIRS_NOAA20_Thermal_Anomalies_375m_All'),\n  firesRemove: page.locator('#close-activeVIIRS_NOAA20_Thermal_Anomalies_375m_All'),\n  aodGroup: page.locator('#active-Aerosol_Optical_Depth'),\n  aodGroupHeader: page.locator('#active-Aerosol_Optical_Depth .layer-group-header'),\n  firesGroupHeader: page.locator('#active-Fires_and_Thermal_Anomalies .layer-group-header'),\n  overlaysGroup: page.locator('#active-overlays'),\n  overlaysGroupHeader: page.locator('#active-overlays .layer-group-header'),\n  baselayersGroup: page.locator('#active-baselayers'),\n  baselayersGroupHeader: page.locator('#active-baselayers .layer-group-header'),\n  groupOptionsBtn: page.locator('.layer-group-more-options > button'),\n  groupHide: page.locator('.layer-group-more-options #hide-all'),\n  groupShow: page.locator('.layer-group-more-options #show-all'),\n  groupRemove: page.locator('.layer-group-more-options #remove-group'),\n  layerVisible: page.locator('li.layer-visible'),\n  layerHidden: page.locator('li.layer-hidden'),\n  groupedOverlaysAllLayers: page.locator('.layer-container > ul .item.productsitem'),\n  sidebarButton: page.locator('#accordion-toggler-button'),\n  sidebarContent: page.locator('#products-holder'),\n\n  // compare\n  swipeButton: page.locator('#compare-swipe-button'),\n  opacityButton: page.locator('#compare-opacity-button'),\n  spyButton: page.locator('#compare-spy-button'),\n  aTab: page.locator('.ab-tabs-case .ab-tab.first-tab'),\n  bTab: page.locator('.ab-tabs-case .ab-tab.second-tab'),\n  swipeDragger: page.locator('.ab-swipe-line .ab-swipe-dragger'),\n  compareButton: page.locator('#compare-toggle-button'),\n  compareButtonText: page.locator('#compare-toggle-button > span'),\n  compareMobileSelectToggle: page.locator('.comparison-mobile-select-toggle'),\n  ModisTrueColorLayerA: page.locator('#active-MODIS_Terra_CorrectedReflectance_TrueColor'),\n  ModisTrueColorLayerB: page.locator('#activeB-MODIS_Terra_CorrectedReflectance_TrueColor'),\n  toggleButton: page.locator('#toggleIconHolder'),\n  collapsedToggleButton: page.locator('#accordion-toggler-button'),\n\n  // charting\n  chartingButton: page.locator('#chart-toggle-button'),\n  chartingAoiIcon: page.locator('#wv-charting-mode-container > div.charting-aoi-container > svg'),\n  chartingDateSingleButton: page.locator('#charting-date-single-button'),\n  chartingDateRangeButton: page.locator('#charting-date-range-button'),\n  chartingCalendarIcon: page.locator('#charting-calendar-container > svg'),\n  chartingInfoIcon: page.locator('#charting-info-container > svg'),\n\n  // measure\n  measureBtn: page.locator('#wv-measure-button'),\n  measureMenu: page.locator('#measure_menu'),\n  measureDistanceBtn: page.locator('#measure-distance-button'),\n  measureAreaBtn: page.locator('#measure-area-button'),\n  clearMeasurementsBtn: page.locator('#clear-measurements-button'),\n  unitOfMeasureToggle: page.locator('#unit-toggle'),\n  measurementTooltip: page.locator('.tooltip-measure'),\n  geoMeasurementTooltip: page.locator('#wv-map-geographic .tooltip-measure'),\n  arcticMeasurementTooltip: page.locator('#wv-map-arctic .tooltip-measure'),\n  downloadGeojsonBtn: page.locator('#download-geojson-button'),\n  downloadShapefileBtn: page.locator('#download-shapefiles-button'),\n\n  // timeline\n  timelineContainer: page.locator('.timeline-container'),\n  timelineHeader: page.locator('#timeline-header'),\n  mobileDatePickerSelectButton: page.locator('.mobile-date-picker-select-btn'),\n  dragger: page.locator('.timeline-dragger'),\n  draggerA: page.locator('.timeline-dragger.draggerA'),\n  draggerB: page.locator('.timeline-dragger.draggerB'),\n  dayDown: page.locator('.input-wrapper-day > div.date-arrows.date-arrow-down'),\n  dayUp: page.locator('.input-wrapper-day > div.date-arrows.date-arrow-up'),\n  monthDown: page.locator('.input-wrapper-month > div.date-arrows.date-arrow-down'),\n  monthUp: page.locator('.input-wrapper-month > div.date-arrows.date-arrow-up'),\n  yearDown: page.locator('.input-wrapper-year > div.date-arrows.date-arrow-down'),\n  yearUp: page.locator('.input-wrapper-year > div.date-arrows.date-arrow-up'),\n  datePickerWheel: page.locator('.datepicker-modal .datepicker-wheel'),\n  dateSelectorDayInput: page.locator('#date-selector-main .input-wrapper-day input'),\n  dateSelectorMonthInput: page.locator('#date-selector-main .input-wrapper-month input'),\n  dateSelectorYearInput: page.locator('#date-selector-main .input-wrapper-year input'),\n  dateSelectorHourInput: page.locator('#date-selector-main .input-wrapper-hour input'),\n  dateSelectorMinuteInput: page.locator('#date-selector-main .input-wrapper-minute input'),\n  mobileDatePickerSelectBtn: page.locator('.mobile-date-picker-select-btn'),\n  rightArrow: page.locator('#right-arrow-group'),\n  mobileDatePickerHeader: page.locator('.datepicker .datepicker-header .datepicker-header'),\n\n  // layers\n  layersModalCloseButton: page.locator('.layer-btn-close'),\n  aerosolOpticalDepth: page.locator('#legacy-all #layer-category-item-legacy-all-aerosol-optical-depth'),\n  layersSearchField: page.locator('input#layers-search-input'),\n  categoriesNav: page.locator('#categories-nav'),\n  allCategoryHeader: page.locator('#legacy-all h3'),\n  layersAll: page.locator('.layers-all-layer'),\n  layerBrowseList: page.locator('.layer-list-container.browse'),\n  layerBrowseDetail: page.locator('.layer-detail-container.browse'),\n  layerSearchList: page.locator('.layer-list-container.search'),\n  layersSearchRow: page.locator('.search-row.layers-all-layer'),\n  layerPickerBackButton: page.locator('#layer-search .back-button'),\n  layerDetails: page.locator('.layer-detail-container'),\n  layerDetailsDateRange: page.locator('.source-metadata .layer-date-range'),\n  layerDetailHeader: page.locator('.layer-detail-container .layers-all-header'),\n  layerResultsCountText: page.locator('.header-filter-container .results-text'),\n  addToMapButton: page.locator('.layer-detail-container .add-to-map-btn'),\n  aodMeasurement: page.locator('#layer-category-item-atmosphere-aerosol-optical-depth'),\n  aodAllMeasurement: page.locator('#layer-category-item-legacy-all-aerosol-optical-depth'),\n  aodMeasurementContents: page.locator('#accordion-atmosphere-aerosol-optical-depth .measure-row-contents'),\n  aodAllMeasurementContents: page.locator('#accordion-legacy-all-aerosol-optical-depth'),\n  aodTabContentAquaMODIS: page.locator('#aerosol-optical-depth-aqua-modis'),\n  aodCheckbox: page.locator('#MODIS_Aqua_Aerosol-checkbox'),\n  aodCheckboxMODIS: page.locator('#MODIS_Combined_Value_Added_AOD-checkbox'),\n  aodCheckboxMAIAC: page.locator('#MODIS_Combined_MAIAC_L2G_AerosolOpticalDepth-checkbox'),\n  aodCheckboxAquaMODIS: page.locator('#MODIS_Aqua_Aerosol-checkbox'),\n  aquaTerraMODISTab: page.locator('#aqua-terra-modis-0-source-Nav'),\n  aquaModisTab: page.locator('#aqua-modis-1-source-Nav'),\n  correctedReflectanceCheckboxContainer: page.locator('#checkbox-case-MODIS_Aqua_CorrectedReflectance_TrueColor'),\n  correctedReflectanceChecked: page.locator('#checkbox-case-MODIS_Aqua_CorrectedReflectance_TrueColor .wv-checkbox.checked'),\n  weldReflectanceCheckboxContainer: page.locator('#checkbox-case-Landsat_WELD_CorrectedReflectance_TrueColor_Global_Monthly'),\n  weldUnavailableTooltipIcon: page.locator('#checkbox-case-Landsat_WELD_CorrectedReflectance_TrueColor_Global_Monthly #availability-info'),\n  availableFilterCheckbox: page.locator('#coverage-facet .sui-multi-checkbox-facet__option-input-wrapper:first-of-type'),\n  availableFilterCheckboxInput: page.locator('#coverage-facet .sui-multi-checkbox-facet__option-input-wrapper:first-of-type input'),\n  availableFilterTextEl: page.locator('#coverage-facet .sui-multi-checkbox-facet__option-input-wrapper:first-of-type > span'),\n  coverageTooltipIcon: page.locator('#coverage-facet svg.facet-tooltip'),\n  scienceDisciplinesTab: page.locator('#categories-nav .nav-item:nth-child(2)'),\n  aodSidebarLayer: page.locator('#active-MODIS_Combined_Value_Added_AOD'),\n  aodMAIACSidebarLayer: page.locator('#active-MODIS_Combined_MAIAC_L2G_AerosolOpticalDepth'),\n  filterButton: page.locator('.btn.filter-button'),\n  resetButton: page.locator('.btn.clear-filters'),\n  applyButton: page.locator('.btn.apply-facets'),\n  collapsedLayerButton: page.locator('#accordion-toggler-button'),\n  layerCount: page.locator('.layer-count.mobile'),\n  layerContainer: page.locator('.layer-container.sidebar-panel'),\n  sourceMetadataCollapsed: page.locator('.source-metadata.overflow'),\n  sourceMetadataExpanded: page.locator('.source-metadata'),\n  aquaTerraModisHeader: page.locator('#aboutaerosolopticaldepthaod'),\n  maiacHeader: page.locator('#aerosol-optical-depth-aqua-terra-modis h3:last-of-type'),\n  sourceTabs: page.locator('.source-nav-item'),\n  aodSearchRow: page.locator('#MODIS_Aqua_Aerosol-search-row'),\n  aodSearchCheckbox: page.locator('#MODIS_Aqua_Aerosol-search-row > .wv-checkbox'),\n  availableFacetLabel: page.locator('#coverage-facet .sui-multi-checkbox-facet label:nth-child(1)'),\n  categoryAtmosphereLabel: page.locator('#categories-facet [for=\"example_facet_CategoryAtmosphere\"]'),\n  categoryFacetCollapseToggle: page.locator('#categories-facet .facet-collapse-toggle'),\n  categoryFacetChoicesContainer: page.locator('#categories-facet .sui-multi-checkbox-facet'),\n  measurementTemperatureLabel: page.locator('#measurements-facet [for=\"example_facet_MeasurementsTemperature\"]'),\n  measurementFacetChoices: page.locator('#measurements-facet .sui-multi-checkbox-facet > label'),\n  measurementMoreButton: page.locator('#measurements-facet .sui-facet-view-more'),\n  sourcesMERRALabel: page.locator('#sources-facet [for=\"example_facet_SourceMERRA-2\"]'),\n  layerFilterButton: page.locator('#layer-filter-button'),\n\n  // map\n  geographicMap: page.locator('#wv-map-geographic'),\n  arcticMap: page.locator('#wv-map-arctic'),\n  antarcticMap: page.locator('#wv-map-antarctic'),\n  zoomInButton: page.locator('.wv-map-zoom-in'),\n  zoomOutButton: page.locator('.wv-map-zoom-out'),\n  mapScaleMetric: page.locator('.wv-map-scale-metric'),\n  mapScaleImperial: page.locator('.wv-map-scale-imperial'),\n  mapRotateLeft: page.locator('.wv-map-rotate-left'),\n  mapRotateReset: page.locator('.wv-map-reset-rotation'),\n  mapRotateRight: page.locator('.wv-map-rotate-right'),\n\n  // ui toolbar\n  locationSearchToolbarButton: page.locator('#wv-location-search-button'),\n  shareToolbarButton: page.locator('#wv-share-button'),\n  projToolbarButton: page.locator('#wv-proj-button'),\n  snapshotToolbarButton: page.locator('#wv-image-button'),\n  infoToolbarButton: page.locator('#wv-info-button'),\n  distractionFreeExitBtn: page.locator('#wv-exit-distraction-free-mode-button'),\n\n  // share\n  shareToolbar: page.locator('#toolbar_share'),\n  shareLinkInput: page.locator('#permalink-content-link'),\n  shareEmbedInput: page.locator('#permalink-content-embed'),\n  embedLinkButton: page.locator('#wv-embed-link-button'),\n\n  // Location Search\n  locationSearchComponent: page.locator('.location-search-component'),\n  locationSearchMobileDialog: page.locator('#toolbar_location_search_mobile'),\n  locationSearchMinimizeButton: page.locator('.location-search-minimize-button'),\n  tooltipCoordinatesContainer: page.locator('.tooltip-coordinates-container'),\n  tooltipCoordinatesTitle: page.locator('.tooltip-coordinates-title'),\n  tooltipCoordinates: page.locator('.tooltip-coordinates'),\n  tooltipCoordinatesMinimizeButton: page.locator('.minimize-coordinates-tooltip'),\n  tooltipCoordinatesCloseButton: page.locator('.close-coordinates-tooltip'),\n  coordinatesMapMarker: page.locator('.coordinates-map-marker'),\n\n  // Context Menu\n  contextMenu: page.locator('#context-menu'),\n  contextMenuCopy: page.locator('#copy-coordinates-to-clipboard-button'),\n  contextMenuAddMarker: page.locator('#context-menu-add-marker'),\n  contextMenuDistance: page.locator('#context-menu-measure-distance'),\n  contextMenuArea: page.locator('#context-menu-measure-area'),\n  contentMenuChangeUnits: page.locator('#context-menu-change-units'),\n\n  // marker\n  selectedMarker: page.locator('.marker.selected'),\n\n  // events\n  eventsTab: page.locator('#events-sidebar-tab'),\n  icebergEvent: page.locator('#wv-events #sidebar-event-EONET_2703'),\n  listOfEvents: page.locator('#wv-events ul.map-item-list'),\n  eventIcons: page.locator('.marker .event-icon'),\n  firstEvent: page.locator('#wv-events ul.map-item-list .item:first-child h4'),\n  secondEvent: page.locator('#wv-events #sidebar-event-EONET_99999'),\n  selectedFirstEvent: page.locator('#wv-events ul.map-item-list .item-selected:first-child h4'),\n  trackMarker: page.locator('.track-marker'),\n  layersTab: page.locator('#layers-sidebar-tab'),\n  sidebarEvent: page.locator('#sidebar-event-EONET_3931'),\n  thermAnomSNPPday: page.locator('#active-VIIRS_SNPP_Thermal_Anomalies_375m_Night'),\n  thermAnomSNPPnight: page.locator('#active-VIIRS_SNPP_Thermal_Anomalies_375m_Day'),\n  thermAnomVIIRSday: page.locator('#active-VIIRS_NOAA20_Thermal_Anomalies_375m_Day'),\n  thermAnomVIIRSnight: page.locator('#active-VIIRS_NOAA20_Thermal_Anomalies_375m_Night'),\n  notifyMessage: page.locator('.wv-alert .alert-content'),\n  filterIcons: page.locator('.filter-icons > div > .event-icon'),\n  dustHazeIcon: page.locator('.filter-icons > div > #filter-dust-and-haze'),\n  volcanoesIcon: page.locator('.filter-icons > div > #filter-volcanoes'),\n  wildfiresIcon: page.locator('.filter-icons > div >#filter-wildfires'),\n  filterDates: page.locator('.filter-dates'),\n  filterModalApply: page.locator('#filter-apply-btn'),\n  filterModalCancel: page.locator('#filter-cancel-btn'),\n  dustSwitch: page.locator('#dustHaze-switch'),\n  manmadeSwitch: page.locator('#manmade-switch'),\n  seaLakeIceSwitch: page.locator('#seaLakeIce-switch'),\n  severeStormsSwitch: page.locator('#severeStorms-switch'),\n  snowSwitch: page.locator('#snow-switch'),\n  volcanoesSwitch: page.locator('#volcanoes-switch'),\n  watercolorSwitch: page.locator('#waterColor-switch'),\n  wildfiresSwitch: page.locator('#wildfires-switch'),\n  mapExtentFilterCheckbox: page.locator('#map-extent-filter'),\n  startInputYear: page.locator('#year-event-filter-start'),\n  startInputMonth: page.locator('#month-event-filter-start'),\n  startInputDay: page.locator('#day-event-filter-start'),\n  endInputYear: page.locator('#year-event-filter-end'),\n  endInputMonth: page.locator('#month-event-filter-end'),\n  endInputDay: page.locator('#day-event-filter-end'),\n\n  // globals\n  dataTab: page.locator('#download-sidebar-tab'),\n  yearlyResolutionTooltip: page.locator('#zoom-years'),\n  timelineSetToYears: page.locator('#current-zoom.zoom-years'),\n  modalCloseButton: page.locator('.modal-close-btn'),\n  notificationDismissButton: page.locator('.wv-alert .close-alert .fa-times'),\n  overlayLayerItems: page.locator('#overlays li'),\n  resolutionTooltip: page.locator('#zoom-btn-container'),\n  globalSelectInput: page.locator('#image-global-cb'),\n  bboxTopCoords: page.locator('#wv-image-top'),\n  bboxBottomCoords: page.locator('#wv-image-bottom'),\n  imageResolution: page.locator('#wv-image-resolution'),\n  imageFormat: page.locator('#wv-image-format'),\n  imageWorldFile: page.locator('#wv-image-worldfile'),\n  imageMaxSize: page.locator('.wv-image-max-size')\n})\n"],"mappings":";;AAAAA,MAAM,CAACC,OAAO,GAAIC,IAAI,KAAM;EAC1B;EACAC,aAAa,EAAED,IAAI,CAACE,OAAO,CAAC,sCAAsC,CAAC;EACnEC,eAAe,EAAEH,IAAI,CAACE,OAAO,CAAC,0BAA0B,CAAC;EACzDE,mBAAmB,EAAEJ,IAAI,CAACE,OAAO,CAAC,kDAAkD,CAAC;EACrFG,iBAAiB,EAAEL,IAAI,CAACE,OAAO,CAAC,kDAAkD,CAAC;EACnFI,wBAAwB,EAAEN,IAAI,CAACE,OAAO,CAAC,kDAAkD,CAAC;EAC1FK,+BAA+B,EAAEP,IAAI,CAACE,OAAO,CAAC,oCAAoC,CAAC;EACnFM,gCAAgC,EAAER,IAAI,CAACE,OAAO,CAAC,mCAAmC,CAAC;EACnFO,gCAAgC,EAAET,IAAI,CAACE,OAAO,CAAC,mCAAmC,CAAC;EACnFQ,eAAe,EAAEV,IAAI,CAACE,OAAO,CAAC,+CAA+C,CAAC;EAC9ES,iBAAiB,EAAEX,IAAI,CAACE,OAAO,CAAC,0CAA0C,CAAC;EAC3EU,UAAU,EAAEZ,IAAI,CAACE,OAAO,CAAC,8BAA8B,CAAC;EACxDW,eAAe,EAAEb,IAAI,CAACE,OAAO,CAAC,sBAAsB,CAAC;EACrDY,mBAAmB,EAAEd,IAAI,CAACE,OAAO,CAAC,kCAAkC,CAAC;EACrEa,eAAe,EAAEf,IAAI,CAACE,OAAO,CAAC,iBAAiB,CAAC;EAChDc,UAAU,EAAEhB,IAAI,CAACE,OAAO,CAAC,cAAc,CAAC;EACxCe,aAAa,EAAEjB,IAAI,CAACE,OAAO,CAAC,yEAAyE,CAAC;EACtGgB,eAAe,EAAElB,IAAI,CAACE,OAAO,CAAC,2EAA2E,CAAC;EAC1GiB,cAAc,EAAEnB,IAAI,CAACE,OAAO,CAAC,8BAA8B,CAAC;EAC5DkB,eAAe,EAAEpB,IAAI,CAACE,OAAO,CAAC,+BAA+B,CAAC;EAC9DmB,aAAa,EAAErB,IAAI,CAACE,OAAO,CAAC,6BAA6B,CAAC;EAC1DoB,cAAc,EAAEtB,IAAI,CAACE,OAAO,CAAC,8BAA8B,CAAC;EAC5DqB,gBAAgB,EAAEvB,IAAI,CAACE,OAAO,CAAC,gCAAgC,CAAC;EAChEsB,YAAY,EAAExB,IAAI,CAACE,OAAO,CAAC,4BAA4B,CAAC;EACxDuB,aAAa,EAAEzB,IAAI,CAACE,OAAO,CAAC,6BAA6B,CAAC;EAC1DwB,WAAW,EAAE1B,IAAI,CAACE,OAAO,CAAC,2BAA2B,CAAC;EACtDyB,YAAY,EAAE3B,IAAI,CAACE,OAAO,CAAC,4BAA4B,CAAC;EACxD0B,cAAc,EAAE5B,IAAI,CAACE,OAAO,CAAC,8BAA8B,CAAC;EAC5D2B,yBAAyB,EAAE7B,IAAI,CAACE,OAAO,CAAC,wCAAwC,CAAC;EACjF4B,sBAAsB,EAAE9B,IAAI,CAACE,OAAO,CAAC,8CAA8C,CAAC;EACpF6B,yBAAyB,EAAE/B,IAAI,CAACE,OAAO,CAAC,wBAAwB,CAAC;EAEjE;EACA8B,mBAAmB,EAAEhC,IAAI,CAACE,OAAO,CAAC,wBAAwB,CAAC;EAC3D+B,qBAAqB,EAAEjC,IAAI,CAACE,OAAO,CAAC,qCAAqC,CAAC;EAC1EgC,oBAAoB,EAAElC,IAAI,CAACE,OAAO,CAAC,yBAAyB,CAAC;EAC7DiC,2BAA2B,EAAEnC,IAAI,CAACE,OAAO,CAAC,0CAA0C,CAAC;EACrFkC,wBAAwB,EAAEpC,IAAI,CAACE,OAAO,CAAC,0CAA0C,CAAC;EAElF;EACAmC,gBAAgB,EAAErC,IAAI,CAACE,OAAO,CAAC,kBAAkB,CAAC;EAClDoC,UAAU,EAAEtC,IAAI,CAACE,OAAO,CAAC,iBAAiB,CAAC;EAC3CqC,aAAa,EAAEvC,IAAI,CAACE,OAAO,CAAC,oBAAoB,CAAC;EACjDsC,UAAU,EAAExC,IAAI,CAACE,OAAO,CAAC,mBAAmB,CAAC;EAC7CuC,aAAa,EAAEzC,IAAI,CAACE,OAAO,CAAC,uBAAuB,CAAC;EACpDwC,SAAS,EAAE1C,IAAI,CAACE,OAAO,CAAC,aAAa,CAAC;EACtCyC,qBAAqB,EAAE3C,IAAI,CAACE,OAAO,CAAC,uBAAuB,CAAC;EAC5D0C,sBAAsB,EAAE5C,IAAI,CAACE,OAAO,CAAC,qBAAqB,CAAC;EAC3D2C,aAAa,EAAE7C,IAAI,CAACE,OAAO,CAAC,0BAA0B,CAAC;EACvD4C,kBAAkB,EAAE9C,IAAI,CAACE,OAAO,CAAC,mDAAmD,CAAC;EACrF6C,UAAU,EAAE/C,IAAI,CAACE,OAAO,CAAC,qCAAqC,CAAC;EAC/D8C,UAAU,EAAEhD,IAAI,CAACE,OAAO,CAAC,iDAAiD,CAAC;EAC3E+C,WAAW,EAAEjD,IAAI,CAACE,OAAO,CAAC,sDAAsD,CAAC;EACjFgD,QAAQ,EAAElD,IAAI,CAACE,OAAO,CAAC,+BAA+B,CAAC;EACvDiD,cAAc,EAAEnD,IAAI,CAACE,OAAO,CAAC,mDAAmD,CAAC;EACjFkD,gBAAgB,EAAEpD,IAAI,CAACE,OAAO,CAAC,yDAAyD,CAAC;EACzFmD,aAAa,EAAErD,IAAI,CAACE,OAAO,CAAC,kBAAkB,CAAC;EAC/CoD,mBAAmB,EAAEtD,IAAI,CAACE,OAAO,CAAC,sCAAsC,CAAC;EACzEqD,eAAe,EAAEvD,IAAI,CAACE,OAAO,CAAC,oBAAoB,CAAC;EACnDsD,qBAAqB,EAAExD,IAAI,CAACE,OAAO,CAAC,wCAAwC,CAAC;EAC7EuD,eAAe,EAAEzD,IAAI,CAACE,OAAO,CAAC,oCAAoC,CAAC;EACnEwD,SAAS,EAAE1D,IAAI,CAACE,OAAO,CAAC,qCAAqC,CAAC;EAC9DyD,SAAS,EAAE3D,IAAI,CAACE,OAAO,CAAC,qCAAqC,CAAC;EAC9D0D,WAAW,EAAE5D,IAAI,CAACE,OAAO,CAAC,yCAAyC,CAAC;EACpE2D,YAAY,EAAE7D,IAAI,CAACE,OAAO,CAAC,kBAAkB,CAAC;EAC9C4D,WAAW,EAAE9D,IAAI,CAACE,OAAO,CAAC,iBAAiB,CAAC;EAC5C6D,wBAAwB,EAAE/D,IAAI,CAACE,OAAO,CAAC,0CAA0C,CAAC;EAClF8D,aAAa,EAAEhE,IAAI,CAACE,OAAO,CAAC,2BAA2B,CAAC;EACxD+D,cAAc,EAAEjE,IAAI,CAACE,OAAO,CAAC,kBAAkB,CAAC;EAEhD;EACAgE,WAAW,EAAElE,IAAI,CAACE,OAAO,CAAC,uBAAuB,CAAC;EAClDiE,aAAa,EAAEnE,IAAI,CAACE,OAAO,CAAC,yBAAyB,CAAC;EACtDkE,SAAS,EAAEpE,IAAI,CAACE,OAAO,CAAC,qBAAqB,CAAC;EAC9CmE,IAAI,EAAErE,IAAI,CAACE,OAAO,CAAC,iCAAiC,CAAC;EACrDoE,IAAI,EAAEtE,IAAI,CAACE,OAAO,CAAC,kCAAkC,CAAC;EACtDqE,YAAY,EAAEvE,IAAI,CAACE,OAAO,CAAC,kCAAkC,CAAC;EAC9DsE,aAAa,EAAExE,IAAI,CAACE,OAAO,CAAC,wBAAwB,CAAC;EACrDuE,iBAAiB,EAAEzE,IAAI,CAACE,OAAO,CAAC,+BAA+B,CAAC;EAChEwE,yBAAyB,EAAE1E,IAAI,CAACE,OAAO,CAAC,kCAAkC,CAAC;EAC3EyE,oBAAoB,EAAE3E,IAAI,CAACE,OAAO,CAAC,oDAAoD,CAAC;EACxF0E,oBAAoB,EAAE5E,IAAI,CAACE,OAAO,CAAC,qDAAqD,CAAC;EACzF2E,YAAY,EAAE7E,IAAI,CAACE,OAAO,CAAC,mBAAmB,CAAC;EAC/C4E,qBAAqB,EAAE9E,IAAI,CAACE,OAAO,CAAC,2BAA2B,CAAC;EAEhE;EACA6E,cAAc,EAAE/E,IAAI,CAACE,OAAO,CAAC,sBAAsB,CAAC;EACpD8E,eAAe,EAAEhF,IAAI,CAACE,OAAO,CAAC,gEAAgE,CAAC;EAC/F+E,wBAAwB,EAAEjF,IAAI,CAACE,OAAO,CAAC,8BAA8B,CAAC;EACtEgF,uBAAuB,EAAElF,IAAI,CAACE,OAAO,CAAC,6BAA6B,CAAC;EACpEiF,oBAAoB,EAAEnF,IAAI,CAACE,OAAO,CAAC,oCAAoC,CAAC;EACxEkF,gBAAgB,EAAEpF,IAAI,CAACE,OAAO,CAAC,gCAAgC,CAAC;EAEhE;EACAmF,UAAU,EAAErF,IAAI,CAACE,OAAO,CAAC,oBAAoB,CAAC;EAC9CoF,WAAW,EAAEtF,IAAI,CAACE,OAAO,CAAC,eAAe,CAAC;EAC1CqF,kBAAkB,EAAEvF,IAAI,CAACE,OAAO,CAAC,0BAA0B,CAAC;EAC5DsF,cAAc,EAAExF,IAAI,CAACE,OAAO,CAAC,sBAAsB,CAAC;EACpDuF,oBAAoB,EAAEzF,IAAI,CAACE,OAAO,CAAC,4BAA4B,CAAC;EAChEwF,mBAAmB,EAAE1F,IAAI,CAACE,OAAO,CAAC,cAAc,CAAC;EACjDyF,kBAAkB,EAAE3F,IAAI,CAACE,OAAO,CAAC,kBAAkB,CAAC;EACpD0F,qBAAqB,EAAE5F,IAAI,CAACE,OAAO,CAAC,qCAAqC,CAAC;EAC1E2F,wBAAwB,EAAE7F,IAAI,CAACE,OAAO,CAAC,iCAAiC,CAAC;EACzE4F,kBAAkB,EAAE9F,IAAI,CAACE,OAAO,CAAC,0BAA0B,CAAC;EAC5D6F,oBAAoB,EAAE/F,IAAI,CAACE,OAAO,CAAC,6BAA6B,CAAC;EAEjE;EACA8F,iBAAiB,EAAEhG,IAAI,CAACE,OAAO,CAAC,qBAAqB,CAAC;EACtD+F,cAAc,EAAEjG,IAAI,CAACE,OAAO,CAAC,kBAAkB,CAAC;EAChDgG,4BAA4B,EAAElG,IAAI,CAACE,OAAO,CAAC,gCAAgC,CAAC;EAC5EiG,OAAO,EAAEnG,IAAI,CAACE,OAAO,CAAC,mBAAmB,CAAC;EAC1CkG,QAAQ,EAAEpG,IAAI,CAACE,OAAO,CAAC,4BAA4B,CAAC;EACpDmG,QAAQ,EAAErG,IAAI,CAACE,OAAO,CAAC,4BAA4B,CAAC;EACpDoG,OAAO,EAAEtG,IAAI,CAACE,OAAO,CAAC,sDAAsD,CAAC;EAC7EqG,KAAK,EAAEvG,IAAI,CAACE,OAAO,CAAC,oDAAoD,CAAC;EACzEsG,SAAS,EAAExG,IAAI,CAACE,OAAO,CAAC,wDAAwD,CAAC;EACjFuG,OAAO,EAAEzG,IAAI,CAACE,OAAO,CAAC,sDAAsD,CAAC;EAC7EwG,QAAQ,EAAE1G,IAAI,CAACE,OAAO,CAAC,uDAAuD,CAAC;EAC/EyG,MAAM,EAAE3G,IAAI,CAACE,OAAO,CAAC,qDAAqD,CAAC;EAC3E0G,eAAe,EAAE5G,IAAI,CAACE,OAAO,CAAC,qCAAqC,CAAC;EACpE2G,oBAAoB,EAAE7G,IAAI,CAACE,OAAO,CAAC,8CAA8C,CAAC;EAClF4G,sBAAsB,EAAE9G,IAAI,CAACE,OAAO,CAAC,gDAAgD,CAAC;EACtF6G,qBAAqB,EAAE/G,IAAI,CAACE,OAAO,CAAC,+CAA+C,CAAC;EACpF8G,qBAAqB,EAAEhH,IAAI,CAACE,OAAO,CAAC,+CAA+C,CAAC;EACpF+G,uBAAuB,EAAEjH,IAAI,CAACE,OAAO,CAAC,iDAAiD,CAAC;EACxFgH,yBAAyB,EAAElH,IAAI,CAACE,OAAO,CAAC,gCAAgC,CAAC;EACzEiH,UAAU,EAAEnH,IAAI,CAACE,OAAO,CAAC,oBAAoB,CAAC;EAC9CkH,sBAAsB,EAAEpH,IAAI,CAACE,OAAO,CAAC,mDAAmD,CAAC;EAEzF;EACAmH,sBAAsB,EAAErH,IAAI,CAACE,OAAO,CAAC,kBAAkB,CAAC;EACxDoH,mBAAmB,EAAEtH,IAAI,CAACE,OAAO,CAAC,mEAAmE,CAAC;EACtGqH,iBAAiB,EAAEvH,IAAI,CAACE,OAAO,CAAC,2BAA2B,CAAC;EAC5DsH,aAAa,EAAExH,IAAI,CAACE,OAAO,CAAC,iBAAiB,CAAC;EAC9CuH,iBAAiB,EAAEzH,IAAI,CAACE,OAAO,CAAC,gBAAgB,CAAC;EACjDwH,SAAS,EAAE1H,IAAI,CAACE,OAAO,CAAC,mBAAmB,CAAC;EAC5CyH,eAAe,EAAE3H,IAAI,CAACE,OAAO,CAAC,8BAA8B,CAAC;EAC7D0H,iBAAiB,EAAE5H,IAAI,CAACE,OAAO,CAAC,gCAAgC,CAAC;EACjE2H,eAAe,EAAE7H,IAAI,CAACE,OAAO,CAAC,8BAA8B,CAAC;EAC7D4H,eAAe,EAAE9H,IAAI,CAACE,OAAO,CAAC,8BAA8B,CAAC;EAC7D6H,qBAAqB,EAAE/H,IAAI,CAACE,OAAO,CAAC,4BAA4B,CAAC;EACjE8H,YAAY,EAAEhI,IAAI,CAACE,OAAO,CAAC,yBAAyB,CAAC;EACrD+H,qBAAqB,EAAEjI,IAAI,CAACE,OAAO,CAAC,oCAAoC,CAAC;EACzEgI,iBAAiB,EAAElI,IAAI,CAACE,OAAO,CAAC,4CAA4C,CAAC;EAC7EiI,qBAAqB,EAAEnI,IAAI,CAACE,OAAO,CAAC,wCAAwC,CAAC;EAC7EkI,cAAc,EAAEpI,IAAI,CAACE,OAAO,CAAC,yCAAyC,CAAC;EACvEmI,cAAc,EAAErI,IAAI,CAACE,OAAO,CAAC,uDAAuD,CAAC;EACrFoI,iBAAiB,EAAEtI,IAAI,CAACE,OAAO,CAAC,uDAAuD,CAAC;EACxFqI,sBAAsB,EAAEvI,IAAI,CAACE,OAAO,CAAC,mEAAmE,CAAC;EACzGsI,yBAAyB,EAAExI,IAAI,CAACE,OAAO,CAAC,6CAA6C,CAAC;EACtFuI,sBAAsB,EAAEzI,IAAI,CAACE,OAAO,CAAC,mCAAmC,CAAC;EACzEwI,WAAW,EAAE1I,IAAI,CAACE,OAAO,CAAC,8BAA8B,CAAC;EACzDyI,gBAAgB,EAAE3I,IAAI,CAACE,OAAO,CAAC,0CAA0C,CAAC;EAC1E0I,gBAAgB,EAAE5I,IAAI,CAACE,OAAO,CAAC,wDAAwD,CAAC;EACxF2I,oBAAoB,EAAE7I,IAAI,CAACE,OAAO,CAAC,8BAA8B,CAAC;EAClE4I,iBAAiB,EAAE9I,IAAI,CAACE,OAAO,CAAC,gCAAgC,CAAC;EACjE6I,YAAY,EAAE/I,IAAI,CAACE,OAAO,CAAC,0BAA0B,CAAC;EACtD8I,qCAAqC,EAAEhJ,IAAI,CAACE,OAAO,CAAC,0DAA0D,CAAC;EAC/G+I,2BAA2B,EAAEjJ,IAAI,CAACE,OAAO,CAAC,+EAA+E,CAAC;EAC1HgJ,gCAAgC,EAAElJ,IAAI,CAACE,OAAO,CAAC,2EAA2E,CAAC;EAC3HiJ,0BAA0B,EAAEnJ,IAAI,CAACE,OAAO,CAAC,8FAA8F,CAAC;EACxIkJ,uBAAuB,EAAEpJ,IAAI,CAACE,OAAO,CAAC,+EAA+E,CAAC;EACtHmJ,4BAA4B,EAAErJ,IAAI,CAACE,OAAO,CAAC,qFAAqF,CAAC;EACjIoJ,qBAAqB,EAAEtJ,IAAI,CAACE,OAAO,CAAC,sFAAsF,CAAC;EAC3HqJ,mBAAmB,EAAEvJ,IAAI,CAACE,OAAO,CAAC,mCAAmC,CAAC;EACtEsJ,qBAAqB,EAAExJ,IAAI,CAACE,OAAO,CAAC,wCAAwC,CAAC;EAC7EuJ,eAAe,EAAEzJ,IAAI,CAACE,OAAO,CAAC,wCAAwC,CAAC;EACvEwJ,oBAAoB,EAAE1J,IAAI,CAACE,OAAO,CAAC,sDAAsD,CAAC;EAC1FyJ,YAAY,EAAE3J,IAAI,CAACE,OAAO,CAAC,oBAAoB,CAAC;EAChD0J,WAAW,EAAE5J,IAAI,CAACE,OAAO,CAAC,oBAAoB,CAAC;EAC/C2J,WAAW,EAAE7J,IAAI,CAACE,OAAO,CAAC,mBAAmB,CAAC;EAC9C4J,oBAAoB,EAAE9J,IAAI,CAACE,OAAO,CAAC,2BAA2B,CAAC;EAC/D6J,UAAU,EAAE/J,IAAI,CAACE,OAAO,CAAC,qBAAqB,CAAC;EAC/C8J,cAAc,EAAEhK,IAAI,CAACE,OAAO,CAAC,gCAAgC,CAAC;EAC9D+J,uBAAuB,EAAEjK,IAAI,CAACE,OAAO,CAAC,2BAA2B,CAAC;EAClEgK,sBAAsB,EAAElK,IAAI,CAACE,OAAO,CAAC,kBAAkB,CAAC;EACxDiK,oBAAoB,EAAEnK,IAAI,CAACE,OAAO,CAAC,8BAA8B,CAAC;EAClEkK,WAAW,EAAEpK,IAAI,CAACE,OAAO,CAAC,yDAAyD,CAAC;EACpFmK,UAAU,EAAErK,IAAI,CAACE,OAAO,CAAC,kBAAkB,CAAC;EAC5CoK,YAAY,EAAEtK,IAAI,CAACE,OAAO,CAAC,gCAAgC,CAAC;EAC5DqK,iBAAiB,EAAEvK,IAAI,CAACE,OAAO,CAAC,+CAA+C,CAAC;EAChFsK,mBAAmB,EAAExK,IAAI,CAACE,OAAO,CAAC,8DAA8D,CAAC;EACjGuK,uBAAuB,EAAEzK,IAAI,CAACE,OAAO,CAAC,4DAA4D,CAAC;EACnGwK,2BAA2B,EAAE1K,IAAI,CAACE,OAAO,CAAC,0CAA0C,CAAC;EACrFyK,6BAA6B,EAAE3K,IAAI,CAACE,OAAO,CAAC,6CAA6C,CAAC;EAC1F0K,2BAA2B,EAAE5K,IAAI,CAACE,OAAO,CAAC,mEAAmE,CAAC;EAC9G2K,uBAAuB,EAAE7K,IAAI,CAACE,OAAO,CAAC,uDAAuD,CAAC;EAC9F4K,qBAAqB,EAAE9K,IAAI,CAACE,OAAO,CAAC,0CAA0C,CAAC;EAC/E6K,iBAAiB,EAAE/K,IAAI,CAACE,OAAO,CAAC,oDAAoD,CAAC;EACrF8K,iBAAiB,EAAEhL,IAAI,CAACE,OAAO,CAAC,sBAAsB,CAAC;EAEvD;EACA+K,aAAa,EAAEjL,IAAI,CAACE,OAAO,CAAC,oBAAoB,CAAC;EACjDgL,SAAS,EAAElL,IAAI,CAACE,OAAO,CAAC,gBAAgB,CAAC;EACzCiL,YAAY,EAAEnL,IAAI,CAACE,OAAO,CAAC,mBAAmB,CAAC;EAC/CkL,YAAY,EAAEpL,IAAI,CAACE,OAAO,CAAC,iBAAiB,CAAC;EAC7CmL,aAAa,EAAErL,IAAI,CAACE,OAAO,CAAC,kBAAkB,CAAC;EAC/CoL,cAAc,EAAEtL,IAAI,CAACE,OAAO,CAAC,sBAAsB,CAAC;EACpDqL,gBAAgB,EAAEvL,IAAI,CAACE,OAAO,CAAC,wBAAwB,CAAC;EACxDsL,aAAa,EAAExL,IAAI,CAACE,OAAO,CAAC,qBAAqB,CAAC;EAClDuL,cAAc,EAAEzL,IAAI,CAACE,OAAO,CAAC,wBAAwB,CAAC;EACtDwL,cAAc,EAAE1L,IAAI,CAACE,OAAO,CAAC,sBAAsB,CAAC;EAEpD;EACAyL,2BAA2B,EAAE3L,IAAI,CAACE,OAAO,CAAC,4BAA4B,CAAC;EACvE0L,kBAAkB,EAAE5L,IAAI,CAACE,OAAO,CAAC,kBAAkB,CAAC;EACpD2L,iBAAiB,EAAE7L,IAAI,CAACE,OAAO,CAAC,iBAAiB,CAAC;EAClD4L,qBAAqB,EAAE9L,IAAI,CAACE,OAAO,CAAC,kBAAkB,CAAC;EACvD6L,iBAAiB,EAAE/L,IAAI,CAACE,OAAO,CAAC,iBAAiB,CAAC;EAClD8L,sBAAsB,EAAEhM,IAAI,CAACE,OAAO,CAAC,uCAAuC,CAAC;EAE7E;EACA+L,YAAY,EAAEjM,IAAI,CAACE,OAAO,CAA
[...]
,CAACJ,MAAM,CAACK,GAAG,CAAC,MAAOC,KAAK,IAAK;IAC7D,MAAMC,OAAO,GAAG,MAAMD,KAAK,CAACE,YAAY,CAAC,IAAI,CAAC;IAC9C,OAAOD,OAAO;EAChB,CAAC,CAAC,CAAC;EACH9D,MAAM,CAACyD,QAAQ,CAAC,CAACO,OAAO,CAACV,aAAa,CAAC;AACzC,CAAC;;AAED;AACA;AACA;AACA;AACA;AACA;AACA,MAAMW,yBAAyB,GAAG,MAAAA,CAAO9D,IAAI,EAAE+D,KAAK,EAAEC,MAAM,KAAK;EAC/D,MAAMhE,IAAI,CAACE,OAAO,CAAC,oBAAoB,CAAC,CAACC,KAAK,CAAC,CAAC;EAChD,MAAMH,IAAI,CAACE,OAAO,CAAC,0BAA0B,CAAC,CAACC,KAAK,CAAC,CAAC;EACtD,MAAMH,IAAI,CAACiE,KAAK,CAAC9D,KAAK,CAAC4D,KAAK,CAAC,CAAC,CAAC,EAAEA,KAAK,CAAC,CAAC,CAAC,CAAC;EAC1C,MAAM/D,IAAI,CAACiE,KAAK,CAACC,QAAQ,CAACF,MAAM,CAAC,CAAC,CAAC,EAAEA,MAAM,CAAC,CAAC,CAAC,CAAC;AACjD,CAAC;AAED,MAAMG,qBAAqB,GAAG,MAAAA,CAAOnE,IAAI,EAAEoE,QAAQ,EAAEC,QAAQ,EAAEC,UAAU,KAAK;EAC5E,MAAMtE,IAAI,CAACE,OAAO,CAAC,oBAAoB,CAAC,CAACC,KAAK,CAAC,CAAC;EAChD,MAAMH,IAAI,CAACE,OAAO,CAAC,sBAAsB,CAAC,CAACC,KAAK,CAAC,CAAC;EAClD,MAAMH,IAAI,CAACiE,KAAK,CAAC9D,KAAK,CAACiE,QAAQ,CAAC,CAAC,CAAC,EAAEA,QAAQ,CAAC,CAAC,CAAC,CAAC;EAChD,MAAMpE,IAAI,CAACiE,KAAK,CAAC9D,KAAK,CAACkE,QAAQ,CAAC,CAAC,CAAC,EAAEA,QAAQ,CAAC,CAAC,CAAC,CAAC;EAChD,MAAMrE,IAAI,CAACiE,KAAK,CAACC,QAAQ,CAACI,UAAU,CAAC,CAAC,CAAC,EAAEA,UAAU,CAAC,CAAC,CAAC,CAAC;AACzD,CAAC;AAED,MAAMC,mBAAmB,GAAGA,CAAA,KAAM;EAChC,IAAIC,OAAO;EACX,IAAI;IACF,IAAIC,MAAM,CAACC,YAAY,EAAE;MACvB,MAAMC,GAAG,GAAG,IAAIC,IAAI,CAAC,CAAC,CAACC,QAAQ,CAAC,CAAC;MACjCJ,MAAM,CAACC,YAAY,CAACI,OAAO,CAACH,GAAG,EAAEA,GAAG,CAAC;MACrCH,OAAO,GAAGC,MAAM,CAACC,YAAY,CAACK,OAAO,CAACJ,GAAG,CAAC,KAAKA,GAAG;MAClDF,MAAM,CAACC,YAAY,CAACM,UAAU,CAACL,GAAG,CAAC;IACrC;EACF,CAAC,CAAC,OAAOM,KAAK,EAAE;IACdT,OAAO,GAAG,KAAK;EACjB;EACA,OAAO,CAAC,CAACA,OAAO;AAClB,CAAC;;AAED;AACA;AACA;AACA;AACA;AACA;AACA,MAAMU,YAAY,GAAG,MAAAA,CAAOlF,IAAI,EAAEE,OAAO,KAAK;EAC5C,MAAMF,IAAI,CAACE,OAAO,CAACA,OAAO,CAAC,CAACC,KAAK,CAAC,CAAC;EACnC,MAAMH,IAAI,CAACmF,cAAc,CAAC,GAAG,CAAC;AAChC,CAAC;AAEDC,MAAM,CAACC,OAAO,GAAG;EACflD,gBAAgB;EAChBX,mBAAmB;EACnByB,mBAAmB;EACnB5C,aAAa;EACbC,uBAAuB;EACvB6D,qBAAqB;EACrBL,yBAAyB;EACzB5C,oBAAoB;EACpBqD,mBAAmB;EACnBnE,sBAAsB;EACtB8E,YAAY;EACZnF,iBAAiB;EACjBU,YAAY;EACZF,MAAM;EACNC;AACF,CAAC"},"_coverageSchema":"1a1c01bbd47fc00a2c39e90264f33305004495a9","hash":"ae195c14a384180c5e65372ce5e2e5d88aec3710","contentHash":"aa2b1ac24aa7d9cc69f05c29fbde01ad95c4dbc16439406ec03e27e6b7337b7f"},"/Users/rcweiler/worldview/e2e/features/notifications/notify-test.spec.js":{"path":"/Users/rcweiler/worldview/e2e/features/notifications/notify-test.spec.js","statementMap":{"0":{"start":{"line":7,"column":4},"end":{"line":7,"column":39}},"1":{"start":{"line":8,"column":24},"end":{"line":8,"column":78}},"2":{"start":{"line":11,"column":23},"end":{"line":11,"column":59}},"3":{"start":{"line":12,"column":26},"end":{"line":12,"column":159}},"4":{"start":{"line":17,"column":0},"end":{"line":19,"column":3}},"5":{"start":{"line":20,"column":0},"end":{"line":29,"column":3}},"6":{"start":{"line":23,"column":2},"end":{"line":23,"column":33}},"7":{"start":{"line":24,"column":2},"end":{"line":24,"column":36}},"8":{"start":{"line":25,"column":2},"end":{"line":25,"column":70}},"9":{"start":{"line":26,"column":2},"end":{"line":26,"column":43}},"10":{"start":{"line":27,"column":2},"end":{"line":27,"column":67}},"11":{"start":{"line":28,"column":2},"end":{"line":28,"column":55}},"12":{"start":{"line":30,"column":0},"end":{"line":32,"column":3}},"13":{"start":{"line":31,"column":2},"end":{"line":31,"column":21}},"14":{"start":{"line":33,"column":0},"end":{"line":42,"column":3}},"15":{"start":{"line":34,"column":14},"end":{"line":34,"column":41}},"16":{"start":{"line":35,"column":23},"end":{"line":35,"column":66}},"17":{"start":{"line":36,"column":23},"end":{"line":36,"column":66}},"18":{"start":{"line":37,"column":2},"end":{"line":37,"column":23}},"19":{"start":{"line":38,"column":2},"end":{"line":38,"column":31}},"20":{"start":{"line":39,"column":2},"end":{"line":39,"column":60}},"21":{"start":{"line":40,"column":2},"end":{"line":40,"column":47}},"22":{"start":{"line":41,"column":2},"end":{"line":41,"column":47}},"23":{"start":{"line":43,"column":0},"end":{"line":56,"column":3}},"24":{"start":{"line":46,"column":6},"end":{"line":46,"column":15}},"25":{"start":{"line":47,"column":14},"end":{"line":47,"column":57}},"26":{"start":{"line":48,"column":2},"end":{"line":48,"column":23}},"27":{"start":{"line":49,"column":2},"end":{"line":49,"column":33}},"28":{"start":{"line":50,"column":2},"end":{"line":50,"column":31}},"29":{"start":{"line":51,"column":16},"end":{"line":53,"column":4}},"30":{"start":{"line":54,"column":2},"end":{"line":54,"column":36}},"31":{"start":{"line":55,"column":2},"end":{"line":55,"column":41}},"32":{"start":{"line":57,"column":0},"end":{"line":63,"column":3}},"33":{"start":{"line":58,"column":34},"end":{"line":58,"column":107}},"34":{"start":{"line":59,"column":36},"end":{"line":59,"column":111}},"35":{"start":{"line":60,"column":2},"end":{"line":60,"column":38}},"36":{"start":{"line":61,"column":2},"end":{"line":61,"column":105}},"37":{"start":{"line":62,"column":2},"end":{"line":62,"column":82}},"38":{"start":{"line":64,"column":0},"end":{"line":68,"column":3}},"39":{"start":{"line":65,"column":21},"end":{"line":65,"column":73}},"40":{"start":{"line":66,"column":2},"end":{"line":66,"column":49}},"41":{"start":{"line":67,"column":2},"end":{"line":67,"column":41}},"42":{"start":{"line":69,"column":0},"end":{"line":88,"column":3}},"43":{"start":{"line":72,"column":6},"end":{"line":72,"column":15}},"44":{"start":{"line":73,"column":14},"end":{"line":73,"column":57}},"45":{"start":{"line":74,"column":2},"end":{"line":74,"column":23}},"46":{"start":{"line":75,"column":2},"end":{"line":75,"column":33}},"47":{"start":{"line":76,"column":18},"end":{"line":76,"column":86}},"48":{"start":{"line":77,"column":25},"end":{"line":77,"column":106}},"49":{"start":{"line":78,"column":2},"end":{"line":78,"column":38}},"50":{"start":{"line":79,"column":2},"end":{"line":79,"column":24}},"51":{"start":{"line":80,"column":21},"end":{"line":80,"column":44}},"52":{"start":{"line":81,"column":22},"end":{"line":81,"column":44}},"53":{"start":{"line":82,"column":2},"end":{"line":82,"column":128}},"54":{"start":{"line":83,"column":2},"end":{"line":83,"column":99}},"55":{"start":{"line":84,"column":2},"end":{"line":84,"column":45}},"56":{"start":{"line":85,"column":2},"end":{"line":85,"column":31}},"57":{"start":{"line":86,"column":18},"end":{"line":86,"column":70}},"58":{"start":{"line":87,"column":2},"end":{"line":87,"column":95}},"59":{"start":{"line":89,"column":0},"end":{"line":100,"column":3}},"60":{"start":{"line":92,"column":6},"end":{"line":92,"column":15}},"61":{"start":{"line":93,"column":2},"end":{"line":93,"column":26}},"62":{"start":{"line":94,"column":2},"end":{"line":94,"column":87}},"63":{"start":{"line":95,"column":2},"end":{"line":95,"column":89}},"64":{"start":{"line":96,"column":21},"end":{"line":96,"column":44}},"65":{"start":{"line":97,"column":22},"end":{"line":97,"column":44}},"66":{"start":{"line":98,"column":2},"end":{"line":98,"column":128}},"67":{"start":{"line":99,"column":2},"end":{"line":99,"column":99}},"68":{"start":{"line":101,"column":0},"end":{"line":111,"column":3}},"69":{"start":{"line":104,"column":6},"end":{"line":104,"column":15}},"70":{"start":{"line":105,"column":2},"end":{"line":105,"column":76}},"71":{"start":{"line":106,"column":2},"end":{"line":106,"column":51}},"72":{"start":{"line":107,"column":21},"end":{"line":107,"column":44}},"73":{"start":{"line":108,"column":22},"end":{"line":108,"column":44}},"74":{"start":{"line":109,"column":2},"end":{"line":109,"column":128}},"75":{"start":{"line":110,"column":2},"end":{"line":110,"column":99}}},"fnMap":{"0":{"name":"(anonymous_0)","decl":{"start":{"line":20,"column":15},"end":{"line":20,"column":16}},"loc":{"start":{"line":22,"column":6},"end":{"line":29,"column":1}},"line":22},"1":{"name":"(anonymous_1)","decl":{"start":{"line":30,"column":14},"end":{"line":30,"column":15}},"loc":{"start":{"line":30,"column":26},"end":{"line":32,"column":1}},"line":30},"2":{"name":"(anonymous_2)","decl":{"start":{"line":33,"column":74},"end":{"line":33,"column":75}},"loc":{"start":{"line":33,"column":86},"end":{"line":42,"column":1}},"line":33},"3":{"name":"(anonymous_3)","decl":{"start":{"line":43,"column":101},"end":{"line":43,"column":102}},"loc":{"start":{"line":43,"column":113},"end":{"line":56,"column":1}},"line":43},"4":{"name":"(anonymous_4)","decl":{"start":{"line":57,"column":68},"end":{"line":57,"column":69}},"loc":{"start":{"line":57,"column":80},"end":{"line":63,"column":1}},"line":57},"5":{"name":"(anonymous_5)","decl":{"start":{"line":64,"column":103},"end":{"line":64,"column":104}},"loc":{"start":{"line":64,"column":115},"end":{"line":68,"column":1}},"line":64},"6":{"name":"(anonymous_6)","decl":{"start":{"line":69,"column":63},"end":{"line":69,"column":64}},"loc":{"start":{"line":69,"column":75},"end":{"line":88,"column":1}},"line":69},"7":{"name":"(anonymous_7)","decl":{"start":{"line":89,"column":82},"end":{"line":89,"column":83}},"loc":{"start":{"line":89,"column":94},"end":{"line":100,"column":1}},"line":89},"8":{"name":"(anonymous_8)","decl":{"start":{"line":101,"column":76},"end":{"line":101,"column":77}},"loc":{"start":{"line":101,"column":88},"end":{"line":111,"column":1}},"line":101}},"branchMap":{},"s":{"0":1,"1":1,"2":1,"3":1,"4":1,"5":1,"6":1,"7":1,"8":1,"9":1,"10":1,"11":1,"12":1,"13":1,"14":1,"15":1,"16":1,"17":1,"18":1,"19":1,"20":1,"21":1,"22":1,"23":1,"24":1,"25":1,"26":1,"27":1,"28":1,"29":1,"30":1,"31":1,"32":1,"33":1,"34":1,"35":1,"36":1,"37":1,"38":1,"39":1,"40":1,"41":1,"42":1,"43":1,"44":1,"45":1,"46":1,"47":1,"48":1,"49":1,"50":1,"51":1,"52":1,"53":1,"54":1,"55":1,"56":1,"57":1,"58":1,"59":1,"60":1,"61":1,"62":1,"63":1,"64":0,"65":0,"66":0,"67":0,"68":1,"69":0,"70":0,"71":0,"72":0,"73":0,"74":0,"75":0},"f":{"0":1,"1":1,"2":1,"3":1,"4":1,"5":1,"6":1,"7":1,"8":0},"b":{},"inputSourceMap":{"version":3,"names":["test","expect","require","createSelectors","page","selectors","mockAlertQuery","layerNoticesQuery","infoButtonIcon","infoMenu","notificationsListItem","tooltipSelector","describe","configure","mode","beforeAll","browser","newPage","locator","afterAll","close","url","giftListItem","boltListItem","goto","click","not","toContainText","toBeVisible","modalCloseButton","badge","getByRole","name","alertContentHighlighted","messageContentHighlighted","hideButton","aquaZot","particulateZot","hover","aquaNotice","first","multiNotice","last","tooltip","addLayers","layersSearchField","fill"],"sources":["notify-test.spec.js"],"sourcesContent":["// @ts-check\nconst { test, expect } = require('playwright-test-coverage')\nconst createSelectors = require('../../test-utils/global-variables/selectors')\n\nlet page\nlet selectors\n\nconst mockAlertQuery = 'http://localhost:3000/?mockAlerts='\nconst layerNoticesQuery = 'http://localhost:3000/?l=Coastlines_15m,MODIS_Aqua_CorrectedReflectance_TrueColor,Particulate_Matter_Below_2.5micrometers_2001-2010'\n\nlet infoButtonIcon\nlet infoMenu\nlet notificationsListItem\nlet tooltipSelector\n\ntest.describe.configure({ mode: 'serial' })\n\ntest.beforeAll(async ({ browser }) => {\n  page = await browser.newPage()\n  selectors = createSelectors(page)\n  infoButtonIcon = page.locator('#wv-info-button svg.svg-inline--fa')\n  infoMenu = page.locator('#toolbar_info')\n  notificationsListItem = page.locator('#notifications_info_item')\n  tooltipSelector = page.locator('.tooltip-inner div')\n})\n\ntest.afterAll(async () => {\n  await page.close()\n})\n\ntest('No visible notifications with mockAlert parameter set to no_types', async () => {\n  const url = `${mockAlertQuery}no_types`\n  const giftListItem = await page.locator('#toolbar_info li.gift')\n  const boltListItem = await page.locator('#toolbar_info li.bolt')\n  await page.goto(url)\n  await infoButtonIcon.click()\n  await expect(infoMenu).not.toContainText('Notifications')\n  await expect(giftListItem).not.toBeVisible()\n  await expect(boltListItem).not.toBeVisible()\n})\n\ntest('Verify that layer notices don\\'t show up in the notification list or contribute to the count', async () => {\n  const { modalCloseButton } = selectors\n  const url = `${layerNoticesQuery}&mockAlerts=all_types`\n  await page.goto(url)\n  await modalCloseButton.click()\n  await infoButtonIcon.click()\n  const badge = await page.getByRole('button', { name: 'Notifications 2' })\n  await expect(badge).toBeVisible()\n  await expect(badge).toContainText('2')\n})\n\ntest('Alert and message content is highlighted and found in modal', async () => {\n  const alertContentHighlighted = await page.locator('#notification_list_modal .alert-notification-item p')\n  const messageContentHighlighted = await page.locator('#notification_list_modal .message-notification-item p')\n  await notificationsListItem.click()\n  await expect(alertContentHighlighted).toContainText('learn how to visualize global satellite imagery')\n  await expect(messageContentHighlighted).toContainText('This is a message test')\n})\n\ntest('Verify that the user is only alerted if they have not already stored all items in localStorage', async () => {\n  const hideButton = await page.locator('#wv-info-button.wv-status-hide')\n  await page.locator('.modal-close-btn').click()\n  await expect(hideButton).toBeVisible()\n})\n\ntest('Verify that zots show for the layers that have notices', async () => {\n  const { modalCloseButton } = selectors\n  const url = `${layerNoticesQuery}&mockAlerts=all_types`\n  await page.goto(url)\n  await modalCloseButton.click()\n  const aquaZot = await page.locator('#MODIS_Aqua_CorrectedReflectance_TrueColor-zot')\n  const particulateZot = await page.locator('#Particulate_Matter_Below_2__2E__5micrometers_2001-2010-zot')\n  await expect(aquaZot).toBeVisible()\n  await aquaZot.hover()\n  const aquaNotice = tooltipSelector.first()\n  const multiNotice = tooltipSelector.last()\n  await expect(aquaNotice).toContainText('The Aqua / MODIS Corrected Reflectance (True Color) layer is currently unavailable.')\n  await expect(multiNotice).toContainText('Several layers are experiencing delays in processing.')\n  await expect(particulateZot).toBeVisible()\n  await particulateZot.hover()\n  const tooltip = await page.locator('.tooltip-inner div div').first()\n  await expect(tooltip).toContainText('Several layers are experiencing delays in processing.')\n})\n\ntest('Verify that warning shows in the product picker category/measurement rows', async () => {\n  const { addLayers } = selectors\n  await addLayers.click()\n  await page.locator('#layer-category-item-air-quality-corrected-reflectance').click()\n  await page.locator('#checkbox-case-MODIS_Aqua_CorrectedReflectance_TrueColor').hover()\n  const aquaNotice = tooltipSelector.first()\n  const multiNotice = tooltipSelector.last()\n  await expect(aquaNotice).toContainText('The Aqua / MODIS Corrected Reflectance (True Color) layer is currently unavailable.')\n  await expect(multiNotice).toContainText('Several layers are experiencing delays in processing.')\n})\n\ntest('Verify that warning shows in the product picker search results rows', async () => {\n  const { layersSearchField } = selectors\n  await layersSearchField.fill('MODIS_Aqua_CorrectedReflectance_TrueColor')\n  await page.locator('.layer-notice-icon').hover()\n  const aquaNotice = tooltipSelector.first()\n  const multiNotice = tooltipSelector.last()\n  await expect(aquaNotice).toContainText('The Aqua / MODIS Corrected Reflectance (True Color) layer is currently unavailable.')\n  await expect(multiNotice).toContainText('Several layers are experiencing delays in processing.')\n})\n"],"mappings":";;AAAA;AACA,MAAM;EAAEA,IAAI;EAAEC;AAAO,CAAC,GAAGC,OAAO,CAAC,0BAA0B,CAAC;AAC5D,MAAMC,eAAe,GAAGD,OAAO,CAAC,6CAA6C,CAAC;AAE9E,IAAIE,IAAI;AACR,IAAIC,SAAS;AAEb,MAAMC,cAAc,GAAG,oCAAoC;AAC3D,MAAMC,iBAAiB,GAAG,qIAAqI;AAE/J,IAAIC,cAAc;AAClB,IAAIC,QAAQ;AACZ,IAAIC,qBAAqB;AACzB,IAAIC,eAAe;AAEnBX,IAAI,CAACY,QAAQ,CAACC,SAAS,CAAC;EAAEC,IAAI,EAAE;AAAS,CAAC,CAAC;AAE3Cd,IAAI,CAACe,SAAS,CAAC,OAAO;EAAEC;AAAQ,CAAC,KAAK;EACpCZ,IAAI,GAAG,MAAMY,OAAO,CAACC,OAAO,CAAC,CAAC;EAC9BZ,SAAS,GAAGF,eAAe,CAACC,IAAI,CAAC;EACjCI,cAAc,GAAGJ,IAAI,CAACc,OAAO,CAAC,oCAAoC,CAAC;EACnET,QAAQ,GAAGL,IAAI,CAACc,OAAO,CAAC,eAAe,CAAC;EACxCR,qBAAqB,GAAGN,IAAI,CAACc,OAAO,CAAC,0BAA0B,CAAC;EAChEP,eAAe,GAAGP,IAAI,CAACc,OAAO,CAAC,oBAAoB,CAAC;AACtD,CAAC,CAAC;AAEFlB,IAAI,CAACmB,QAAQ,CAAC,YAAY;EACxB,MAAMf,IAAI,CAACgB,KAAK,CAAC,CAAC;AACpB,CAAC,CAAC;AAEFpB,IAAI,CAAC,mEAAmE,EAAE,YAAY;EACpF,MAAMqB,GAAG,GAAI,GAAEf,cAAe,UAAS;EACvC,MAAMgB,YAAY,GAAG,MAAMlB,IAAI,CAACc,OAAO,CAAC,uBAAuB,CAAC;EAChE,MAAMK,YAAY,GAAG,MAAMnB,IAAI,CAACc,OAAO,CAAC,uBAAuB,CAAC;EAChE,MAAMd,IAAI,CAACoB,IAAI,CAACH,GAAG,CAAC;EACpB,MAAMb,cAAc,CAACiB,KAAK,CAAC,CAAC;EAC5B,MAAMxB,MAAM,CAACQ,QAAQ,CAAC,CAACiB,GAAG,CAACC,aAAa,CAAC,eAAe,CAAC;EACzD,MAAM1B,MAAM,CAACqB,YAAY,CAAC,CAACI,GAAG,CAACE,WAAW,CAAC,CAAC;EAC5C,MAAM3B,MAAM,CAACsB,YAAY,CAAC,CAACG,GAAG,CAACE,WAAW,CAAC,CAAC;AAC9C,CAAC,CAAC;AAEF5B,IAAI,CAAC,8FAA8F,EAAE,YAAY;EAC/G,MAAM;IAAE6B;EAAiB,CAAC,GAAGxB,SAAS;EACtC,MAAMgB,GAAG,GAAI,GAAEd,iBAAkB,uBAAsB;EACvD,MAAMH,IAAI,CAACoB,IAAI,CAACH,GAAG,CAAC;EACpB,MAAMQ,gBAAgB,CAACJ,KAAK,CAAC,CAAC;EAC9B,MAAMjB,cAAc,CAACiB,KAAK,CAAC,CAAC;EAC5B,MAAMK,KAAK,GAAG,MAAM1B,IAAI,CAAC2B,SAAS,CAAC,QAAQ,EAAE;IAAEC,IAAI,EAAE;EAAkB,CAAC,CAAC;EACzE,MAAM/B,MAAM,CAAC6B,KAAK,CAAC,CAACF,WAAW,CAAC,CAAC;EACjC,MAAM3B,MAAM,CAAC6B,KAAK,CAAC,CAACH,aAAa,CAAC,GAAG,CAAC;AACxC,CAAC,CAAC;AAEF3B,IAAI,CAAC,6DAA6D,EAAE,YAAY;EAC9E,MAAMiC,uBAAuB,GAAG,MAAM7B,IAAI,CAACc,OAAO,CAAC,qDAAqD,CAAC;EACzG,MAAMgB,yBAAyB,GAAG,MAAM9B,IAAI,CAACc,OAAO,CAAC,uDAAuD,CAAC;EAC7G,MAAMR,qBAAqB,CAACe,KAAK,CAAC,CAAC;EACnC,MAAMxB,MAAM,CAACgC,uBAAuB,CAAC,CAACN,aAAa,CAAC,iDAAiD,CAAC;EACtG,MAAM1B,MAAM,CAACiC,yBAAyB,CAAC,CAACP,aAAa,CAAC,wBAAwB,CAAC;AACjF,CAAC,CAAC;AAEF3B,IAAI,CAAC,gGAAgG,EAAE,YAAY;EACjH,MAAMmC,UAAU,GAAG,MAAM/B,IAAI,CAACc,OAAO,CAAC,gCAAgC,CAAC;EACvE,MAAMd,IAAI,CAACc,OAAO,CAAC,kBAAkB,CAAC,CAACO,KAAK,CAAC,CAAC;EAC9C,MAAMxB,MAAM,CAACkC,UAAU,CAAC,CAACP,WAAW,CAAC,CAAC;AACxC,CAAC,CAAC;AAEF5B,IAAI,CAAC,wDAAwD,EAAE,YAAY;EACzE,MAAM;IAAE6B;EAAiB,CAAC,GAAGxB,SAAS;EACtC,MAAMgB,GAAG,GAAI,GAAEd,iBAAkB,uBAAsB;EACvD,MAAMH,IAAI,CAACoB,IAAI,CAACH,GAAG,CAAC;EACpB,MAAMQ,gBAAgB,CAACJ,KAAK,CAAC,CAAC;EAC9B,MAAMW,OAAO,GAAG,MAAMhC,IAAI,CAACc,OAAO,CAAC,gDAAgD,CAAC;EACpF,MAAMmB,cAAc,GAAG,MAAMjC,IAAI,CAACc,OAAO,CAAC,6DAA6D,CAAC;EACxG,MAAMjB,MAAM,CAACmC,OAAO,CAAC,CAACR,WAAW,CAAC,CAAC;EACnC,MAAMQ,OAAO,CAACE,KAAK,CAAC,CAAC;EACrB,MAAMC,UAAU,GAAG5B,eAAe,CAAC6B,KAAK,CAAC,CAAC;EAC1C,MAAMC,WAAW,GAAG9B,eAAe,CAAC+B,IAAI,CAAC,CAAC;EAC1C,MAAMzC,MAAM,CAACsC,UAAU,CAAC,CAACZ,aAAa,CAAC,qFAAqF,CAAC;EAC7H,MAAM1B,MAAM,CAACwC,WAAW,CAAC,CAACd,aAAa,CAAC,uDAAuD,CAAC;EAChG,MAAM1B,MAAM,CAACoC,cAAc,CAAC,CAACT,WAAW,CAAC,CAAC;EAC1C,MAAMS,cAAc,CAACC,KAAK,CAAC,CAAC;EAC5B,MAAMK,OAAO,GAAG,MAAMvC,IAAI,CAACc,OAAO,CAAC,wBAAwB,CAAC,CAACsB,KAAK,CAAC,CAAC;EACpE,MAAMvC,MAAM,CAAC0C,OAAO,CAAC,CAAChB,aAAa,CAAC,uDAAuD,CAAC;AAC9F,CAAC,CAAC;AAEF3B,IAAI,CAAC,2EAA2E,EAAE,YAAY;EAC5F,MAAM;IAAE4C;EAAU,CAAC,GAAGvC,SAAS;EAC/B,MAAMuC,SAAS,CAACnB,KAAK,CAAC,CAAC;EACvB,MAAMrB,IAAI,CAACc,OAAO,CAAC,wDAAwD,CAAC,CAACO,KAAK,CAAC,CAAC;EACpF,MAAMrB,IAAI,CAACc,OAAO,CAAC,0DAA0D,CAAC,CAACoB,KAAK,CAAC,CAAC;EACtF,MAAMC,UAAU,GAAG5B,eAAe,CAAC6B,KAAK,CAAC,CAAC;EAC1C,MAAMC,WAAW,GAAG9B,eAAe,CAAC+B,IAAI,CAAC,CAAC;EAC1C,MAAMzC,MAAM,CAACsC,UAAU,CAAC,CAACZ,aAAa,CAAC,qFAAqF,CAAC;EAC7H,MAAM1B,MAAM,CAACwC,WAAW,CAAC,CAACd,aAAa,CAAC,uDAAuD,CAAC;AAClG,CAAC,CAAC;AAEF3B,IAAI,CAAC,qEAAqE,EAAE,YAAY;EACtF,MAAM;IAAE6C;EAAkB,CAAC,GAAGxC,SAAS;EACvC,MAAMwC,iBAAiB,CAACC,IAAI,CAAC,2CAA2C,CAAC;EACzE,MAAM1C,IAAI,CAACc,OAAO,CAAC,oBAAoB,CAAC,CAACoB,KAAK,CAAC,CAAC;EAChD,MAAMC,UAAU,GAAG5B,eAAe,CAAC6B,KAAK,CAAC,CAAC;EAC1C,MAAMC,WAAW,GAAG9B,eAAe,CAAC+B,IAAI,CAAC,CAAC;EAC1C,MAAMzC,MAAM,CAACsC,UAAU,CAAC,CAACZ,aAAa,CAAC,qFAAqF,CAAC;EAC7H,MAAM1B,MAAM,CAACwC,WAAW,CAAC,CAACd,aAAa,CAAC,uDAAuD,CAAC;AAClG,CAAC,CAAC"},"_coverageSchema":"1a1c01bbd47fc00a2c39e90264f33305004495a9","hash":"6723a336bbac0d4e9b56ca7537bc4d512ec3e90e","contentHash":"dc27b20f0e4efb560d8be598435f75fe21f221bb3a3abd040a993618cdc2bf17"}}