{"/Users/rcweiler/worldview/playwright.config.js":{"path":"/Users/rcweiler/worldview/playwright.config.js","statementMap":{"0":{"start":{"line":7,"column":4},"end":{"line":7,"column":31}},"1":{"start":{"line":8,"column":0},"end":{"line":51,"column":3}}},"fnMap":{},"branchMap":{"0":{"loc":{"start":{"line":22,"column":11},"end":{"line":22,"column":33}},"type":"cond-expr","locations":[{"start":{"line":22,"column":28},"end":{"line":22,"column":29}},{"start":{"line":22,"column":32},"end":{"line":22,"column":33}}],"line":22},"1":{"loc":{"start":{"line":24,"column":11},"end":{"line":24,"column":33}},"type":"cond-expr","locations":[{"start":{"line":24,"column":28},"end":{"line":24,"column":29}},{"start":{"line":24,"column":32},"end":{"line":24,"column":33}}],"line":24}},"s":{"0":1,"1":1},"f":{},"b":{"0":[0,1],"1":[0,1]},"inputSourceMap":{"version":3,"names":["defineConfig","devices","require","module","exports","testDir","outputDir","timeout","expect","fullyParallel","forbidOnly","process","env","CI","retries","workers","reporter","use","launchOptions","slowMo","actionTimeout","trace","projects","name"],"sources":["playwright.config.js"],"sourcesContent":["// @ts-check\nconst { defineConfig, devices } = require('@playwright/test')\n\nmodule.exports = defineConfig({\n  testDir: './e2e/features',\n  outputDir: './test-results',\n  /* Maximum time one test can run for. */\n  timeout: 30 * 1000,\n  expect: {\n    /* Maximum time expect() should wait for the condition to be met. */\n    timeout: 5000\n  },\n  /* Run tests in files in parallel */\n  fullyParallel: true,\n  /* Fail the build on CI if you accidentally left test.only in the source code. */\n  forbidOnly: !!process.env.CI,\n  /* Retry on CI only */\n  retries: process.env.CI ? 2 : 0,\n  /* Opt out of parallel tests on CI. */\n  workers: process.env.CI ? 1 : 3,\n  /* Reporter to use. See https://playwright.dev/docs/test-reporters */\n  reporter: 'html',\n  use: {\n    launchOptions: {\n      slowMo: 200\n    },\n    /* Maximum time each action such as `click()` can take. Defaults to 0 (no limit). */\n    actionTimeout: 0,\n    /* Collect trace when retrying the failed test. See https://playwright.dev/docs/trace-viewer */\n    trace: 'on-first-retry'\n  },\n\n  /* Configure projects for major browsers */\n  projects: [\n    {\n      name: 'chromium',\n      use: { ...devices['Desktop Chrome'] }\n    },\n\n    {\n      name: 'firefox',\n      use: { ...devices['Desktop Firefox'] }\n    }\n  ]\n\n  /* Folder for test artifacts such as screenshots, videos, traces, etc. */\n  // outputDir: 'test-results/',\n})\n"],"mappings":";;AAAA;AACA,MAAM;EAAEA,YAAY;EAAEC;AAAQ,CAAC,GAAGC,OAAO,CAAC,kBAAkB,CAAC;AAE7DC,MAAM,CAACC,OAAO,GAAGJ,YAAY,CAAC;EAC5BK,OAAO,EAAE,gBAAgB;EACzBC,SAAS,EAAE,gBAAgB;EAC3B;EACAC,OAAO,EAAE,EAAE,GAAG,IAAI;EAClBC,MAAM,EAAE;IACN;IACAD,OAAO,EAAE;EACX,CAAC;EACD;EACAE,aAAa,EAAE,IAAI;EACnB;EACAC,UAAU,EAAE,CAAC,CAACC,OAAO,CAACC,GAAG,CAACC,EAAE;EAC5B;EACAC,OAAO,EAAEH,OAAO,CAACC,GAAG,CAACC,EAAE,GAAG,CAAC,GAAG,CAAC;EAC/B;EACAE,OAAO,EAAEJ,OAAO,CAACC,GAAG,CAACC,EAAE,GAAG,CAAC,GAAG,CAAC;EAC/B;EACAG,QAAQ,EAAE,MAAM;EAChBC,GAAG,EAAE;IACHC,aAAa,EAAE;MACbC,MAAM,EAAE;IACV,CAAC;IACD;IACAC,aAAa,EAAE,CAAC;IAChB;IACAC,KAAK,EAAE;EACT,CAAC;EAED;EACAC,QAAQ,EAAE,CACR;IACEC,IAAI,EAAE,UAAU;IAChBN,GAAG,EAAE;MAAE,GAAGhB,OAAO,CAAC,gBAAgB;IAAE;EACtC,CAAC,EAED;IACEsB,IAAI,EAAE,SAAS;IACfN,GAAG,EAAE;MAAE,GAAGhB,OAAO,CAAC,iBAAiB;IAAE;EACvC,CAAC;;EAGH;EACA;AACF,CAAC,CAAC"},"_coverageSchema":"1a1c01bbd47fc00a2c39e90264f33305004495a9","hash":"f807d98b83967da6ec6fb7322dffcbc5e5d8f32a","contentHash":"4542c4dd9b9d57e4a939294876889465442560c9646324f7c42dcd5d1d815866"},"/Users/rcweiler/worldview/e2e/features/compare/timeline-test.spec.js":{"path":"/Users/rcweiler/worldview/e2e/features/compare/timeline-test.spec.js","statementMap":{"0":{"start":{"line":7,"column":4},"end":{"line":7,"column":39}},"1":{"start":{"line":8,"column":24},"end":{"line":8,"column":78}},"2":{"start":{"line":11,"column":4},"end":{"line":11,"column":61}},"3":{"start":{"line":15,"column":4},"end":{"line":15,"column":45}},"4":{"start":{"line":18,"column":0},"end":{"line":20,"column":3}},"5":{"start":{"line":21,"column":0},"end":{"line":26,"column":3}},"6":{"start":{"line":24,"column":2},"end":{"line":24,"column":33}},"7":{"start":{"line":25,"column":2},"end":{"line":25,"column":36}},"8":{"start":{"line":27,"column":0},"end":{"line":29,"column":3}},"9":{"start":{"line":28,"column":2},"end":{"line":28,"column":21}},"10":{"start":{"line":30,"column":0},"end":{"line":40,"column":3}},"11":{"start":{"line":35,"column":6},"end":{"line":35,"column":15}},"12":{"start":{"line":36,"column":2},"end":{"line":36,"column":37}},"13":{"start":{"line":37,"column":2},"end":{"line":37,"column":33}},"14":{"start":{"line":38,"column":2},"end":{"line":38,"column":39}},"15":{"start":{"line":39,"column":2},"end":{"line":39,"column":39}},"16":{"start":{"line":41,"column":0},"end":{"line":51,"column":3}},"17":{"start":{"line":45,"column":6},"end":{"line":45,"column":15}},"18":{"start":{"line":46,"column":2},"end":{"line":46,"column":55}},"19":{"start":{"line":47,"column":2},"end":{"line":47,"column":58}},"20":{"start":{"line":48,"column":2},"end":{"line":48,"column":40}},"21":{"start":{"line":49,"column":17},"end":{"line":49,"column":43}},"22":{"start":{"line":50,"column":2},"end":{"line":50,"column":38}},"23":{"start":{"line":52,"column":0},"end":{"line":61,"column":3}},"24":{"start":{"line":57,"column":6},"end":{"line":57,"column":15}},"25":{"start":{"line":58,"column":2},"end":{"line":58,"column":43}},"26":{"start":{"line":59,"column":2},"end":{"line":59,"column":25}},"27":{"start":{"line":60,"column":2},"end":{"line":60,"column":55}},"28":{"start":{"line":62,"column":0},"end":{"line":70,"column":3}},"29":{"start":{"line":65,"column":6},"end":{"line":65,"column":15}},"30":{"start":{"line":66,"column":2},"end":{"line":66,"column":50}},"31":{"start":{"line":67,"column":2},"end":{"line":67,"column":39}},"32":{"start":{"line":68,"column":17},"end":{"line":68,"column":33}},"33":{"start":{"line":69,"column":2},"end":{"line":69,"column":47}},"34":{"start":{"line":71,"column":0},"end":{"line":81,"column":3}},"35":{"start":{"line":76,"column":6},"end":{"line":76,"column":15}},"36":{"start":{"line":77,"column":2},"end":{"line":77,"column":30}},"37":{"start":{"line":78,"column":2},"end":{"line":78,"column":64}},"38":{"start":{"line":79,"column":2},"end":{"line":79,"column":43}},"39":{"start":{"line":80,"column":2},"end":{"line":80,"column":39}}},"fnMap":{"0":{"name":"(anonymous_0)","decl":{"start":{"line":21,"column":15},"end":{"line":21,"column":16}},"loc":{"start":{"line":23,"column":6},"end":{"line":26,"column":1}},"line":23},"1":{"name":"(anonymous_1)","decl":{"start":{"line":27,"column":14},"end":{"line":27,"column":15}},"loc":{"start":{"line":27,"column":26},"end":{"line":29,"column":1}},"line":27},"2":{"name":"(anonymous_2)","decl":{"start":{"line":30,"column":45},"end":{"line":30,"column":46}},"loc":{"start":{"line":30,"column":57},"end":{"line":40,"column":1}},"line":30},"3":{"name":"(anonymous_3)","decl":{"start":{"line":41,"column":45},"end":{"line":41,"column":46}},"loc":{"start":{"line":41,"column":57},"end":{"line":51,"column":1}},"line":41},"4":{"name":"(anonymous_4)","decl":{"start":{"line":52,"column":55},"end":{"line":52,"column":56}},"loc":{"start":{"line":52,"column":67},"end":{"line":61,"column":1}},"line":52},"5":{"name":"(anonymous_5)","decl":{"start":{"line":62,"column":49},"end":{"line":62,"column":50}},"loc":{"start":{"line":62,"column":61},"end":{"line":70,"column":1}},"line":62},"6":{"name":"(anonymous_6)","decl":{"start":{"line":71,"column":43},"end":{"line":71,"column":44}},"loc":{"start":{"line":71,"column":55},"end":{"line":81,"column":1}},"line":71}},"branchMap":{},"s":{"0":1,"1":1,"2":1,"3":1,"4":1,"5":1,"6":1,"7":1,"8":1,"9":1,"10":1,"11":1,"12":1,"13":1,"14":1,"15":1,"16":1,"17":1,"18":1,"19":1,"20":1,"21":1,"22":1,"23":1,"24":1,"25":1,"26":1,"27":1,"28":1,"29":1,"30":1,"31":1,"32":1,"33":1,"34":1,"35":1,"36":1,"37":1,"38":1,"39":1},"f":{"0":1,"1":1,"2":1,"3":1,"4":1,"5":1,"6":1},"b":{},"inputSourceMap":{"version":3,"names":["test","expect","require","createSelectors","swipeAndAIsActive","timelineDrag","dateSelectorMonthDay","page","selectors","describe","configure","mode","beforeAll","browser","newPage","afterAll","close","draggerA","draggerB","modalCloseButton","goto","click","toBeVisible","dateSelectorDayInput","dateSelectorMonthInput","toHaveValue","result","not","toEqual","aTab","toHaveClass","bTab","toContainText","innerText","compareButton"],"sources":["timeline-test.spec.js"],"sourcesContent":["// @ts-check\nconst { test, expect } = require('playwright-test-coverage')\nconst createSelectors = require('../../test-utils/global-variables/selectors')\nconst { swipeAndAIsActive } = require('../../test-utils/global-variables/querystrings')\nconst { timelineDrag, dateSelectorMonthDay } = require('../../test-utils/hooks/wvHooks')\n\nlet page\nlet selectors\n\ntest.describe.configure({ mode: 'serial' })\n\ntest.beforeAll(async ({ browser }) => {\n  page = await browser.newPage()\n  selectors = createSelectors(page)\n})\n\ntest.afterAll(async () => {\n  await page.close()\n})\n\ntest('Verify that A|B draggers are visible', async () => {\n  const { draggerA, draggerB, modalCloseButton } = selectors\n  await page.goto(swipeAndAIsActive)\n  await modalCloseButton.click()\n  await expect(draggerA).toBeVisible()\n  await expect(draggerB).toBeVisible()\n})\n\ntest('Dragging active dragger updates date', async () => {\n  const { dateSelectorDayInput, dateSelectorMonthInput } = selectors\n  await expect(dateSelectorDayInput).toHaveValue('17')\n  await expect(dateSelectorMonthInput).toHaveValue('AUG')\n  await timelineDrag(page, 'a', '1176')\n  const result = dateSelectorMonthDay(page)\n  expect(result).not.toEqual('AUG17')\n})\n\ntest('Clicking inactive dragger updates active state', async () => {\n  const { aTab, draggerB, dateSelectorDayInput } = selectors\n  await expect(aTab).toHaveClass(/active/)\n  await draggerB.click()\n  await expect(dateSelectorDayInput).toHaveValue('16')\n})\n\ntest('Dragging B dragger updates date in label', async () => {\n  const { bTab } = selectors\n  await expect(bTab).toContainText('2018 AUG 16')\n  await timelineDrag(page, 'b', '900')\n  const result = bTab.innerText()\n  expect(result).not.toEqual('B: 2018 AUG 16')\n})\n\ntest('Deactivate A|B is no longer active', async () => {\n  const { compareButton, draggerA, draggerB } = selectors\n  await compareButton.click()\n  await expect(compareButton).toContainText('Start Comparison')\n  await expect(draggerA).not.toBeVisible()\n  await expect(draggerB).toBeVisible()\n})\n"],"mappings":";;AAAA;AACA,MAAM;EAAEA,IAAI;EAAEC;AAAO,CAAC,GAAGC,OAAO,CAAC,0BAA0B,CAAC;AAC5D,MAAMC,eAAe,GAAGD,OAAO,CAAC,6CAA6C,CAAC;AAC9E,MAAM;EAAEE;AAAkB,CAAC,GAAGF,OAAO,CAAC,gDAAgD,CAAC;AACvF,MAAM;EAAEG,YAAY;EAAEC;AAAqB,CAAC,GAAGJ,OAAO,CAAC,gCAAgC,CAAC;AAExF,IAAIK,IAAI;AACR,IAAIC,SAAS;AAEbR,IAAI,CAACS,QAAQ,CAACC,SAAS,CAAC;EAAEC,IAAI,EAAE;AAAS,CAAC,CAAC;AAE3CX,IAAI,CAACY,SAAS,CAAC,OAAO;EAAEC;AAAQ,CAAC,KAAK;EACpCN,IAAI,GAAG,MAAMM,OAAO,CAACC,OAAO,CAAC,CAAC;EAC9BN,SAAS,GAAGL,eAAe,CAACI,IAAI,CAAC;AACnC,CAAC,CAAC;AAEFP,IAAI,CAACe,QAAQ,CAAC,YAAY;EACxB,MAAMR,IAAI,CAACS,KAAK,CAAC,CAAC;AACpB,CAAC,CAAC;AAEFhB,IAAI,CAAC,sCAAsC,EAAE,YAAY;EACvD,MAAM;IAAEiB,QAAQ;IAAEC,QAAQ;IAAEC;EAAiB,CAAC,GAAGX,SAAS;EAC1D,MAAMD,IAAI,CAACa,IAAI,CAAChB,iBAAiB,CAAC;EAClC,MAAMe,gBAAgB,CAACE,KAAK,CAAC,CAAC;EAC9B,MAAMpB,MAAM,CAACgB,QAAQ,CAAC,CAACK,WAAW,CAAC,CAAC;EACpC,MAAMrB,MAAM,CAACiB,QAAQ,CAAC,CAACI,WAAW,CAAC,CAAC;AACtC,CAAC,CAAC;AAEFtB,IAAI,CAAC,sCAAsC,EAAE,YAAY;EACvD,MAAM;IAAEuB,oBAAoB;IAAEC;EAAuB,CAAC,GAAGhB,SAAS;EAClE,MAAMP,MAAM,CAACsB,oBAAoB,CAAC,CAACE,WAAW,CAAC,IAAI,CAAC;EACpD,MAAMxB,MAAM,CAACuB,sBAAsB,CAAC,CAACC,WAAW,CAAC,KAAK,CAAC;EACvD,MAAMpB,YAAY,CAACE,IAAI,EAAE,GAAG,EAAE,MAAM,CAAC;EACrC,MAAMmB,MAAM,GAAGpB,oBAAoB,CAACC,IAAI,CAAC;EACzCN,MAAM,CAACyB,MAAM,CAAC,CAACC,GAAG,CAACC,OAAO,CAAC,OAAO,CAAC;AACrC,CAAC,CAAC;AAEF5B,IAAI,CAAC,gDAAgD,EAAE,YAAY;EACjE,MAAM;IAAE6B,IAAI;IAAEX,QAAQ;IAAEK;EAAqB,CAAC,GAAGf,SAAS;EAC1D,MAAMP,MAAM,CAAC4B,IAAI,CAAC,CAACC,WAAW,CAAC,QAAQ,CAAC;EACxC,MAAMZ,QAAQ,CAACG,KAAK,CAAC,CAAC;EACtB,MAAMpB,MAAM,CAACsB,oBAAoB,CAAC,CAACE,WAAW,CAAC,IAAI,CAAC;AACtD,CAAC,CAAC;AAEFzB,IAAI,CAAC,0CAA0C,EAAE,YAAY;EAC3D,MAAM;IAAE+B;EAAK,CAAC,GAAGvB,SAAS;EAC1B,MAAMP,MAAM,CAAC8B,IAAI,CAAC,CAACC,aAAa,CAAC,aAAa,CAAC;EAC/C,MAAM3B,YAAY,CAACE,IAAI,EAAE,GAAG,EAAE,KAAK,CAAC;EACpC,MAAMmB,MAAM,GAAGK,IAAI,CAACE,SAAS,CAAC,CAAC;EAC/BhC,MAAM,CAACyB,MAAM,CAAC,CAACC,GAAG,CAACC,OAAO,CAAC,gBAAgB,CAAC;AAC9C,CAAC,CAAC;AAEF5B,IAAI,CAAC,oCAAoC,EAAE,YAAY;EACrD,MAAM;IAAEkC,aAAa;IAAEjB,QAAQ;IAAEC;EAAS,CAAC,GAAGV,SAAS;EACvD,MAAM0B,aAAa,CAACb,KAAK,CAAC,CAAC;EAC3B,MAAMpB,MAAM,CAACiC,aAAa,CAAC,CAACF,aAAa,CAAC,kBAAkB,CAAC;EAC7D,MAAM/B,MAAM,CAACgB,QAAQ,CAAC,CAACU,GAAG,CAACL,WAAW,CAAC,CAAC;EACxC,MAAMrB,MAAM,CAACiB,QAAQ,CAAC,CAACI,WAAW,CAAC,CAAC;AACtC,CAAC,CAAC"},"_coverageSchema":"1a1c01bbd47fc00a2c39e90264f33305004495a9","hash":"bbbe8d9eaa0bd9c199bc919f2fb54532e8713711","contentHash":"c35fcc06b29b9e0d4a8f5e1ec20c57d0e8f597a9807d7715294cc6dbf0f13bf1"},"/Users/rcweiler/worldview/e2e/test-utils/global-variables/selectors.js":{"path":"/Users/rcweiler/worldview/e2e/test-utils/global-variables/selectors.js","statementMap":{"0":{"start":{"line":3,"column":0},"end":{"line":282,"column":3}},"1":{"start":{"line":3,"column":26},"end":{"line":282,"column":1}}},"fnMap":{"0":{"name":"(anonymous_0)","decl":{"start":{"line":3,"column":17},"end":{"line":3,"column":18}},"loc":{"start":{"line":3,"column":26},"end":{"line":282,"column":1}},"line":3}},"branchMap":{},"s":{"0":1,"1":2},"f":{"0":2},"b":{},"inputSourceMap":{"version":3,"names":["module","exports","page","createGifIcon","locator","createGifButton","gifPreviewStartDate","gifPreviewEndDate","gifPreviewFrameRateValue","gifPreviewEndResolutionSelector","gifPreviewEndResolutionOption250","gifPreviewEndResolutionOption500","gifDownloadIcon","gifDownloadButton","gifResults","animationWidget","animationButtonCase","animationButton","playButton","animateYearUp","animateYearDown","yearStartInput","monthStartInput","dayStartInput","hourStartInput","minuteStartInput","yearEndInput","monthEndInput","dayEndInput","hourEndInput","minuteEndInput","animationIntervalSelector","rotationDialogOkButton","arcticRotationResetButton","mobileAnimateButton","mobileAnimationWidget","closeMobileAnimation","mobileAnimationPortraitView","mobileDatePickerSpanText","sidebarContainer","infoButton","optionsButton","infoDialog","optionsDialog","addLayers","dataDownloadTabButton","eventsSidebarTabButton","groupCheckbox","viirsFiresCheckbox","firesGroup","firesLayer","firesRemove","aodGroup","aodGroupHeader","firesGroupHeader","overlaysGroup","overlaysGroupHeader","baselayersGroup","baselayersGroupHeader","groupOptionsBtn","groupHide","groupShow","groupRemove","layerVisible","layerHidden","groupedOverlaysAllLayers","sidebarButton","sidebarContent","swipeButton","opacityButton","spyButton","aTab","bTab","swipeDragger","compareButton","compareButtonText","compareMobileSelectToggle","ModisTrueColorLayerA","ModisTrueColorLayerB","toggleButton","collapsedToggleButton","chartingButton","chartingAoiIcon","chartingDateSingleButton","chartingDateRangeButton","chartingCalendarIcon","chartingInfoIcon","measureBtn","measureMenu","measureDistanceBtn","measureAreaBtn","clearMeasurementsBtn","unitOfMeasureToggle","measurementTooltip","geoMeasurementTooltip","arcticMeasurementTooltip","downloadGeojsonBtn","downloadShapefileBtn","timelineContainer","timelineHeader","mobileDatePickerSelectButton","dragger","draggerA","draggerB","dayDown","dayUp","monthDown","monthUp","yearDown","yearUp","datePickerWheel","dateSelectorDayInput","dateSelectorMonthInput","dateSelectorYearInput","dateSelectorHourInput","dateSelectorMinuteInput","mobileDatePickerSelectBtn","rightArrow","mobileDatePickerHeader","layersModalCloseButton","aerosolOpticalDepth","layersSearchField","categoriesNav","allCategoryHeader","layersAll","layerBrowseList","layerBrowseDetail","layerSearchList","layersSearchRow","layerPickerBackButton","layerDetails","layerDetailsDateRange","layerDetailHeader","layerResultsCountText","addToMapButton","aodMeasurement","aodAllMeasurement","aodMeasurementContents","aodAllMeasurementContents","aodTabContentAquaMODIS","aodCheckbox","aodCheckboxMODIS","aodCheckboxMAIAC","aodCheckboxAquaMODIS","aquaTerraMODISTab","aquaModisTab","correctedReflectanceCheckboxContainer","correctedReflectanceChecked","weldReflectanceCheckboxContainer","weldUnavailableTooltipIcon","availableFilterCheckbox","availableFilterCheckboxInput","availableFilterTextEl","coverageTooltipIcon","scienceDisciplinesTab","aodSidebarLayer","aodMAIACSidebarLayer","filterButton","resetButton","applyButton","collapsedLayerButton","layerCount","layerContainer","sourceMetadataCollapsed","sourceMetadataExpanded","aquaTerraModisHeader","maiacHeader","sourceTabs","aodSearchRow","aodSearchCheckbox","availableFacetLabel","categoryAtmosphereLabel","categoryFacetCollapseToggle","categoryFacetChoicesContainer","measurementTemperatureLabel","measurementFacetChoices","measurementMoreButton","sourcesMERRALabel","layerFilterButton","geographicMap","arcticMap","antarcticMap","zoomInButton","zoomOutButton","mapScaleMetric","mapScaleImperial","mapRotateLeft","mapRotateReset","mapRotateRight","locationSearchToolbarButton","shareToolbarButton","projToolbarButton","snapshotToolbarButton","infoToolbarButton","distractionFreeExitBtn","shareToolbar","shareLinkInput","shareEmbedInput","embedLinkButton","locationSearchComponent","locationSearchMobileDialog","locationSearchMinimizeButton","tooltipCoordinatesContainer","tooltipCoordinatesTitle","tooltipCoordinates","tooltipCoordinatesMinimizeButton","tooltipCoordinatesCloseButton","coordinatesMapMarker","contextMenu","contextMenuCopy","contextMenuAddMarker","contextMenuDistance","contextMenuArea","contentMenuChangeUnits","selectedMarker","eventsTab","icebergEvent","listOfEvents","eventIcons","firstEvent","secondEvent","selectedFirstEvent","trackMarker","layersTab","sidebarEvent","thermAnomSNPPday","thermAnomSNPPnight","thermAnomVIIRSday","thermAnomVIIRSnight","notifyMessage","filterIcons","dustHazeIcon","volcanoesIcon","wildfiresIcon","filterDates","filterModalApply","filterModalCancel","dustSwitch","manmadeSwitch","seaLakeIceSwitch","severeStormsSwitch","snowSwitch","volcanoesSwitch","watercolorSwitch","wildfiresSwitch","mapExtentFilterCheckbox","startInputYear","startInputMonth","startInputDay","endInputYear","endInputMonth","endInputDay","dataTab","yearlyResolutionTooltip","timelineSetToYears","modalCloseButton","notificationDismissButton","overlayLayerItems","resolutionTooltip","globalSelectInput","bboxTopCoords","bboxBottomCoords","imageResolution","imageFormat","imageWorldFile","imageMaxSize"],"sources":["selectors.js"],"sourcesContent":["module.exports = (page) => ({\n  // animations\n  createGifIcon: page.locator('#wv-animation-widget-file-video-icon'),\n  createGifButton: page.locator('.gif-dialog .button-text'),\n  gifPreviewStartDate: page.locator('.gif-download-grid .grid-child:nth-child(2) span'),\n  gifPreviewEndDate: page.locator('.gif-download-grid .grid-child:nth-child(4) span'),\n  gifPreviewFrameRateValue: page.locator('.gif-download-grid .grid-child:nth-child(6) span'),\n  gifPreviewEndResolutionSelector: page.locator('.gif-selector-case #gif-resolution'),\n  gifPreviewEndResolutionOption250: page.locator('#gif-resolution option[value=\"1\"]'),\n  gifPreviewEndResolutionOption500: page.locator('#gif-resolution option[value=\"2\"]'),\n  gifDownloadIcon: page.locator('.animation-gif-dialog-wrapper .wv-button.gray'),\n  gifDownloadButton: page.locator('.animation-gif-dialog-wrapper .wv-button'),\n  gifResults: page.locator('.gif-results-dialog-case img'),\n  animationWidget: page.locator('#wv-animation-widget'),\n  animationButtonCase: page.locator('#timeline-header .animate-button'),\n  animationButton: page.locator('.animate-button'),\n  playButton: page.locator('#play-button'),\n  animateYearUp: page.locator('.wv-date-range-selector > div > div:nth-child(2) > div > svg > .uparrow'),\n  animateYearDown: page.locator('.wv-date-range-selector > div > div > div:nth-child(3) > svg > .downarrow'),\n  yearStartInput: page.locator('#year-animation-widget-start'),\n  monthStartInput: page.locator('#month-animation-widget-start'),\n  dayStartInput: page.locator('#day-animation-widget-start'),\n  hourStartInput: page.locator('#hour-animation-widget-start'),\n  minuteStartInput: page.locator('#minute-animation-widget-start'),\n  yearEndInput: page.locator('#year-animation-widget-end'),\n  monthEndInput: page.locator('#month-animation-widget-end'),\n  dayEndInput: page.locator('#day-animation-widget-end'),\n  hourEndInput: page.locator('#hour-animation-widget-end'),\n  minuteEndInput: page.locator('#minute-animation-widget-end'),\n  animationIntervalSelector: page.locator('#wv-animation-widget #current-interval'),\n  rotationDialogOkButton: page.locator('#image_download_notify_rotate .accept-notify'),\n  arcticRotationResetButton: page.locator('.wv-map-reset-rotation'),\n\n  // mobile animations\n  mobileAnimateButton: page.locator('.mobile-animate-button'),\n  mobileAnimationWidget: page.locator('.wv-animation-widget-wrapper-mobile'),\n  closeMobileAnimation: page.locator('#mobile-animation-close'),\n  mobileAnimationPortraitView: page.locator('#collapsed-animate-widget-phone-portrait'),\n  mobileDatePickerSpanText: page.locator('.mobile-date-picker-select-btn-text span'),\n\n  // sidebar, layers\n  sidebarContainer: page.locator('#products-holder'),\n  infoButton: page.locator('.wv-layers-info'),\n  optionsButton: page.locator('.wv-layers-options'),\n  infoDialog: page.locator('.layer-info-modal'),\n  optionsDialog: page.locator('.layer-settings-modal'),\n  addLayers: page.locator('#layers-add'),\n  dataDownloadTabButton: page.locator('#download-sidebar-tab'),\n  eventsSidebarTabButton: page.locator('#events-sidebar-tab'),\n  groupCheckbox: page.locator('#group-overlays-checkbox'),\n  viirsFiresCheckbox: page.locator('#VIIRS_NOAA20_Thermal_Anomalies_375m_All-checkbox'),\n  firesGroup: page.locator('#active-Fires_and_Thermal_Anomalies'),\n  firesLayer: page.locator('#active-VIIRS_NOAA20_Thermal_Anomalies_375m_All'),\n  firesRemove: page.locator('#close-activeVIIRS_NOAA20_Thermal_Anomalies_375m_All'),\n  aodGroup: page.locator('#active-Aerosol_Optical_Depth'),\n  aodGroupHeader: page.locator('#active-Aerosol_Optical_Depth .layer-group-header'),\n  firesGroupHeader: page.locator('#active-Fires_and_Thermal_Anomalies .layer-group-header'),\n  overlaysGroup: page.locator('#active-overlays'),\n  overlaysGroupHeader: page.locator('#active-overlays .layer-group-header'),\n  baselayersGroup: page.locator('#active-baselayers'),\n  baselayersGroupHeader: page.locator('#active-baselayers .layer-group-header'),\n  groupOptionsBtn: page.locator('.layer-group-more-options > button'),\n  groupHide: page.locator('.layer-group-more-options #hide-all'),\n  groupShow: page.locator('.layer-group-more-options #show-all'),\n  groupRemove: page.locator('.layer-group-more-options #remove-group'),\n  layerVisible: page.locator('li.layer-visible'),\n  layerHidden: page.locator('li.layer-hidden'),\n  groupedOverlaysAllLayers: page.locator('.layer-container > ul .item.productsitem'),\n  sidebarButton: page.locator('#accordion-toggler-button'),\n  sidebarContent: page.locator('#products-holder'),\n\n  // compare\n  swipeButton: page.locator('#compare-swipe-button'),\n  opacityButton: page.locator('#compare-opacity-button'),\n  spyButton: page.locator('#compare-spy-button'),\n  aTab: page.locator('.ab-tabs-case .ab-tab.first-tab'),\n  bTab: page.locator('.ab-tabs-case .ab-tab.second-tab'),\n  swipeDragger: page.locator('.ab-swipe-line .ab-swipe-dragger'),\n  compareButton: page.locator('#compare-toggle-button'),\n  compareButtonText: page.locator('#compare-toggle-button > span'),\n  compareMobileSelectToggle: page.locator('.comparison-mobile-select-toggle'),\n  ModisTrueColorLayerA: page.locator('#active-MODIS_Terra_CorrectedReflectance_TrueColor'),\n  ModisTrueColorLayerB: page.locator('#activeB-MODIS_Terra_CorrectedReflectance_TrueColor'),\n  toggleButton: page.locator('#toggleIconHolder'),\n  collapsedToggleButton: page.locator('#accordion-toggler-button'),\n\n  // charting\n  chartingButton: page.locator('#chart-toggle-button'),\n  chartingAoiIcon: page.locator('#wv-charting-mode-container > div.charting-aoi-container > svg'),\n  chartingDateSingleButton: page.locator('#charting-date-single-button'),\n  chartingDateRangeButton: page.locator('#charting-date-range-button'),\n  chartingCalendarIcon: page.locator('#charting-calendar-container > svg'),\n  chartingInfoIcon: page.locator('#charting-info-container > svg'),\n\n  // measure\n  measureBtn: page.locator('#wv-measure-button'),\n  measureMenu: page.locator('#measure_menu'),\n  measureDistanceBtn: page.locator('#measure-distance-button'),\n  measureAreaBtn: page.locator('#measure-area-button'),\n  clearMeasurementsBtn: page.locator('#clear-measurements-button'),\n  unitOfMeasureToggle: page.locator('#unit-toggle'),\n  measurementTooltip: page.locator('.tooltip-measure'),\n  geoMeasurementTooltip: page.locator('#wv-map-geographic .tooltip-measure'),\n  arcticMeasurementTooltip: page.locator('#wv-map-arctic .tooltip-measure'),\n  downloadGeojsonBtn: page.locator('#download-geojson-button'),\n  downloadShapefileBtn: page.locator('#download-shapefiles-button'),\n\n  // timeline\n  timelineContainer: page.locator('.timeline-container'),\n  timelineHeader: page.locator('#timeline-header'),\n  mobileDatePickerSelectButton: page.locator('.mobile-date-picker-select-btn'),\n  dragger: page.locator('.timeline-dragger'),\n  draggerA: page.locator('.timeline-dragger.draggerA'),\n  draggerB: page.locator('.timeline-dragger.draggerB'),\n  dayDown: page.locator('.input-wrapper-day > div.date-arrows.date-arrow-down'),\n  dayUp: page.locator('.input-wrapper-day > div.date-arrows.date-arrow-up'),\n  monthDown: page.locator('.input-wrapper-month > div.date-arrows.date-arrow-down'),\n  monthUp: page.locator('.input-wrapper-month > div.date-arrows.date-arrow-up'),\n  yearDown: page.locator('.input-wrapper-year > div.date-arrows.date-arrow-down'),\n  yearUp: page.locator('.input-wrapper-year > div.date-arrows.date-arrow-up'),\n  datePickerWheel: page.locator('.datepicker-modal .datepicker-wheel'),\n  dateSelectorDayInput: page.locator('#date-selector-main .input-wrapper-day input'),\n  dateSelectorMonthInput: page.locator('#date-selector-main .input-wrapper-month input'),\n  dateSelectorYearInput: page.locator('#date-selector-main .input-wrapper-year input'),\n  dateSelectorHourInput: page.locator('#date-selector-main .input-wrapper-hour input'),\n  dateSelectorMinuteInput: page.locator('#date-selector-main .input-wrapper-minute input'),\n  mobileDatePickerSelectBtn: page.locator('.mobile-date-picker-select-btn'),\n  rightArrow: page.locator('#right-arrow-group'),\n  mobileDatePickerHeader: page.locator('.datepicker .datepicker-header .datepicker-header'),\n\n  // layers\n  layersModalCloseButton: page.locator('.layer-btn-close'),\n  aerosolOpticalDepth: page.locator('#legacy-all #layer-category-item-legacy-all-aerosol-optical-depth'),\n  layersSearchField: page.locator('input#layers-search-input'),\n  categoriesNav: page.locator('#categories-nav'),\n  allCategoryHeader: page.locator('#legacy-all h3'),\n  layersAll: page.locator('.layers-all-layer'),\n  layerBrowseList: page.locator('.layer-list-container.browse'),\n  layerBrowseDetail: page.locator('.layer-detail-container.browse'),\n  layerSearchList: page.locator('.layer-list-container.search'),\n  layersSearchRow: page.locator('.search-row.layers-all-layer'),\n  layerPickerBackButton: page.locator('#layer-search .back-button'),\n  layerDetails: page.locator('.layer-detail-container'),\n  layerDetailsDateRange: page.locator('.source-metadata .layer-date-range'),\n  layerDetailHeader: page.locator('.layer-detail-container .layers-all-header'),\n  layerResultsCountText: page.locator('.header-filter-container .results-text'),\n  addToMapButton: page.locator('.layer-detail-container .add-to-map-btn'),\n  aodMeasurement: page.locator('#layer-category-item-atmosphere-aerosol-optical-depth'),\n  aodAllMeasurement: page.locator('#layer-category-item-legacy-all-aerosol-optical-depth'),\n  aodMeasurementContents: page.locator('#accordion-atmosphere-aerosol-optical-depth .measure-row-contents'),\n  aodAllMeasurementContents: page.locator('#accordion-legacy-all-aerosol-optical-depth'),\n  aodTabContentAquaMODIS: page.locator('#aerosol-optical-depth-aqua-modis'),\n  aodCheckbox: page.locator('#MODIS_Aqua_Aerosol-checkbox'),\n  aodCheckboxMODIS: page.locator('#MODIS_Combined_Value_Added_AOD-checkbox'),\n  aodCheckboxMAIAC: page.locator('#MODIS_Combined_MAIAC_L2G_AerosolOpticalDepth-checkbox'),\n  aodCheckboxAquaMODIS: page.locator('#MODIS_Aqua_Aerosol-checkbox'),\n  aquaTerraMODISTab: page.locator('#aqua-terra-modis-0-source-Nav'),\n  aquaModisTab: page.locator('#aqua-modis-1-source-Nav'),\n  correctedReflectanceCheckboxContainer: page.locator('#checkbox-case-MODIS_Aqua_CorrectedReflectance_TrueColor'),\n  correctedReflectanceChecked: page.locator('#checkbox-case-MODIS_Aqua_CorrectedReflectance_TrueColor .wv-checkbox.checked'),\n  weldReflectanceCheckboxContainer: page.locator('#checkbox-case-Landsat_WELD_CorrectedReflectance_TrueColor_Global_Monthly'),\n  weldUnavailableTooltipIcon: page.locator('#checkbox-case-Landsat_WELD_CorrectedReflectance_TrueColor_Global_Monthly #availability-info'),\n  availableFilterCheckbox: page.locator('#coverage-facet .sui-multi-checkbox-facet__option-input-wrapper:first-of-type'),\n  availableFilterCheckboxInput: page.locator('#coverage-facet .sui-multi-checkbox-facet__option-input-wrapper:first-of-type input'),\n  availableFilterTextEl: page.locator('#coverage-facet .sui-multi-checkbox-facet__option-input-wrapper:first-of-type > span'),\n  coverageTooltipIcon: page.locator('#coverage-facet svg.facet-tooltip'),\n  scienceDisciplinesTab: page.locator('#categories-nav .nav-item:nth-child(2)'),\n  aodSidebarLayer: page.locator('#active-MODIS_Combined_Value_Added_AOD'),\n  aodMAIACSidebarLayer: page.locator('#active-MODIS_Combined_MAIAC_L2G_AerosolOpticalDepth'),\n  filterButton: page.locator('.btn.filter-button'),\n  resetButton: page.locator('.btn.clear-filters'),\n  applyButton: page.locator('.btn.apply-facets'),\n  collapsedLayerButton: page.locator('#accordion-toggler-button'),\n  layerCount: page.locator('.layer-count.mobile'),\n  layerContainer: page.locator('.layer-container.sidebar-panel'),\n  sourceMetadataCollapsed: page.locator('.source-metadata.overflow'),\n  sourceMetadataExpanded: page.locator('.source-metadata'),\n  aquaTerraModisHeader: page.locator('#aboutaerosolopticaldepthaod'),\n  maiacHeader: page.locator('#aerosol-optical-depth-aqua-terra-modis h3:last-of-type'),\n  sourceTabs: page.locator('.source-nav-item'),\n  aodSearchRow: page.locator('#MODIS_Aqua_Aerosol-search-row'),\n  aodSearchCheckbox: page.locator('#MODIS_Aqua_Aerosol-search-row > .wv-checkbox'),\n  availableFacetLabel: page.locator('#coverage-facet .sui-multi-checkbox-facet label:nth-child(1)'),\n  categoryAtmosphereLabel: page.locator('#categories-facet [for=\"example_facet_CategoryAtmosphere\"]'),\n  categoryFacetCollapseToggle: page.locator('#categories-facet .facet-collapse-toggle'),\n  categoryFacetChoicesContainer: page.locator('#categories-facet .sui-multi-checkbox-facet'),\n  measurementTemperatureLabel: page.locator('#measurements-facet [for=\"example_facet_MeasurementsTemperature\"]'),\n  measurementFacetChoices: page.locator('#measurements-facet .sui-multi-checkbox-facet > label'),\n  measurementMoreButton: page.locator('#measurements-facet .sui-facet-view-more'),\n  sourcesMERRALabel: page.locator('#sources-facet [for=\"example_facet_SourceMERRA-2\"]'),\n  layerFilterButton: page.locator('#layer-filter-button'),\n\n  // map\n  geographicMap: page.locator('#wv-map-geographic'),\n  arcticMap: page.locator('#wv-map-arctic'),\n  antarcticMap: page.locator('#wv-map-antarctic'),\n  zoomInButton: page.locator('.wv-map-zoom-in'),\n  zoomOutButton: page.locator('.wv-map-zoom-out'),\n  mapScaleMetric: page.locator('.wv-map-scale-metric'),\n  mapScaleImperial: page.locator('.wv-map-scale-imperial'),\n  mapRotateLeft: page.locator('.wv-map-rotate-left'),\n  mapRotateReset: page.locator('.wv-map-reset-rotation'),\n  mapRotateRight: page.locator('.wv-map-rotate-right'),\n\n  // ui toolbar\n  locationSearchToolbarButton: page.locator('#wv-location-search-button'),\n  shareToolbarButton: page.locator('#wv-share-button'),\n  projToolbarButton: page.locator('#wv-proj-button'),\n  snapshotToolbarButton: page.locator('#wv-image-button'),\n  infoToolbarButton: page.locator('#wv-info-button'),\n  distractionFreeExitBtn: page.locator('#wv-exit-distraction-free-mode-button'),\n\n  // share\n  shareToolbar: page.locator('#toolbar_share'),\n  shareLinkInput: page.locator('#permalink-content-link'),\n  shareEmbedInput: page.locator('#permalink-content-embed'),\n  embedLinkButton: page.locator('#wv-embed-link-button'),\n\n  // Location Search\n  locationSearchComponent: page.locator('.location-search-component'),\n  locationSearchMobileDialog: page.locator('#toolbar_location_search_mobile'),\n  locationSearchMinimizeButton: page.locator('.location-search-minimize-button'),\n  tooltipCoordinatesContainer: page.locator('.tooltip-coordinates-container'),\n  tooltipCoordinatesTitle: page.locator('.tooltip-coordinates-title'),\n  tooltipCoordinates: page.locator('.tooltip-coordinates'),\n  tooltipCoordinatesMinimizeButton: page.locator('.minimize-coordinates-tooltip'),\n  tooltipCoordinatesCloseButton: page.locator('.close-coordinates-tooltip'),\n  coordinatesMapMarker: page.locator('.coordinates-map-marker'),\n\n  // Context Menu\n  contextMenu: page.locator('#context-menu'),\n  contextMenuCopy: page.locator('#copy-coordinates-to-clipboard-button'),\n  contextMenuAddMarker: page.locator('#context-menu-add-marker'),\n  contextMenuDistance: page.locator('#context-menu-measure-distance'),\n  contextMenuArea: page.locator('#context-menu-measure-area'),\n  contentMenuChangeUnits: page.locator('#context-menu-change-units'),\n\n  // marker\n  selectedMarker: page.locator('.marker.selected'),\n\n  // events\n  eventsTab: page.locator('#events-sidebar-tab'),\n  icebergEvent: page.locator('#wv-events #sidebar-event-EONET_2703'),\n  listOfEvents: page.locator('#wv-events ul.map-item-list'),\n  eventIcons: page.locator('.marker .event-icon'),\n  firstEvent: page.locator('#wv-events ul.map-item-list .item:first-child h4'),\n  secondEvent: page.locator('#wv-events #sidebar-event-EONET_99999'),\n  selectedFirstEvent: page.locator('#wv-events ul.map-item-list .item-selected:first-child h4'),\n  trackMarker: page.locator('.track-marker'),\n  layersTab: page.locator('#layers-sidebar-tab'),\n  sidebarEvent: page.locator('#sidebar-event-EONET_3931'),\n  thermAnomSNPPday: page.locator('#active-VIIRS_SNPP_Thermal_Anomalies_375m_Night'),\n  thermAnomSNPPnight: page.locator('#active-VIIRS_SNPP_Thermal_Anomalies_375m_Day'),\n  thermAnomVIIRSday: page.locator('#active-VIIRS_NOAA20_Thermal_Anomalies_375m_Day'),\n  thermAnomVIIRSnight: page.locator('#active-VIIRS_NOAA20_Thermal_Anomalies_375m_Night'),\n  notifyMessage: page.locator('.wv-alert .alert-content'),\n  filterIcons: page.locator('.filter-icons > div > .event-icon'),\n  dustHazeIcon: page.locator('.filter-icons > div > #filter-dust-and-haze'),\n  volcanoesIcon: page.locator('.filter-icons > div > #filter-volcanoes'),\n  wildfiresIcon: page.locator('.filter-icons > div >#filter-wildfires'),\n  filterDates: page.locator('.filter-dates'),\n  filterModalApply: page.locator('#filter-apply-btn'),\n  filterModalCancel: page.locator('#filter-cancel-btn'),\n  dustSwitch: page.locator('#dustHaze-switch'),\n  manmadeSwitch: page.locator('#manmade-switch'),\n  seaLakeIceSwitch: page.locator('#seaLakeIce-switch'),\n  severeStormsSwitch: page.locator('#severeStorms-switch'),\n  snowSwitch: page.locator('#snow-switch'),\n  volcanoesSwitch: page.locator('#volcanoes-switch'),\n  watercolorSwitch: page.locator('#waterColor-switch'),\n  wildfiresSwitch: page.locator('#wildfires-switch'),\n  mapExtentFilterCheckbox: page.locator('#map-extent-filter'),\n  startInputYear: page.locator('#year-event-filter-start'),\n  startInputMonth: page.locator('#month-event-filter-start'),\n  startInputDay: page.locator('#day-event-filter-start'),\n  endInputYear: page.locator('#year-event-filter-end'),\n  endInputMonth: page.locator('#month-event-filter-end'),\n  endInputDay: page.locator('#day-event-filter-end'),\n\n  // globals\n  dataTab: page.locator('#download-sidebar-tab'),\n  yearlyResolutionTooltip: page.locator('#zoom-years'),\n  timelineSetToYears: page.locator('#current-zoom.zoom-years'),\n  modalCloseButton: page.locator('.modal-close-btn'),\n  notificationDismissButton: page.locator('.wv-alert .close-alert .fa-times'),\n  overlayLayerItems: page.locator('#overlays li'),\n  resolutionTooltip: page.locator('#zoom-btn-container'),\n  globalSelectInput: page.locator('#image-global-cb'),\n  bboxTopCoords: page.locator('#wv-image-top'),\n  bboxBottomCoords: page.locator('#wv-image-bottom'),\n  imageResolution: page.locator('#wv-image-resolution'),\n  imageFormat: page.locator('#wv-image-format'),\n  imageWorldFile: page.locator('#wv-image-worldfile'),\n  imageMaxSize: page.locator('.wv-image-max-size')\n})\n"],"mappings":";;AAAAA,MAAM,CAACC,OAAO,GAAIC,IAAI,KAAM;EAC1B;EACAC,aAAa,EAAED,IAAI,CAACE,OAAO,CAAC,sCAAsC,CAAC;EACnEC,eAAe,EAAEH,IAAI,CAACE,OAAO,CAAC,0BAA0B,CAAC;EACzDE,mBAAmB,EAAEJ,IAAI,CAACE,OAAO,CAAC,kDAAkD,CAAC;EACrFG,iBAAiB,EAAEL,IAAI,CAACE,OAAO,CAAC,kDAAkD,CAAC;EACnFI,wBAAwB,EAAEN,IAAI,CAACE,OAAO,CAAC,kDAAkD,CAAC;EAC1FK,+BAA+B,EAAEP,IAAI,CAACE,OAAO,CAAC,oCAAoC,CAAC;EACnFM,gCAAgC,EAAER,IAAI,CAACE,OAAO,CAAC,mCAAmC,CAAC;EACnFO,gCAAgC,EAAET,IAAI,CAACE,OAAO,CAAC,mCAAmC,CAAC;EACnFQ,eAAe,EAAEV,IAAI,CAACE,OAAO,CAAC,+CAA+C,CAAC;EAC9ES,iBAAiB,EAAEX,IAAI,CAACE,OAAO,CAAC,0CAA0C,CAAC;EAC3EU,UAAU,EAAEZ,IAAI,CAACE,OAAO,CAAC,8BAA8B,CAAC;EACxDW,eAAe,EAAEb,IAAI,CAACE,OAAO,CAAC,sBAAsB,CAAC;EACrDY,mBAAmB,EAAEd,IAAI,CAACE,OAAO,CAAC,kCAAkC,CAAC;EACrEa,eAAe,EAAEf,IAAI,CAACE,OAAO,CAAC,iBAAiB,CAAC;EAChDc,UAAU,EAAEhB,IAAI,CAACE,OAAO,CAAC,cAAc,CAAC;EACxCe,aAAa,EAAEjB,IAAI,CAACE,OAAO,CAAC,yEAAyE,CAAC;EACtGgB,eAAe,EAAElB,IAAI,CAACE,OAAO,CAAC,2EAA2E,CAAC;EAC1GiB,cAAc,EAAEnB,IAAI,CAACE,OAAO,CAAC,8BAA8B,CAAC;EAC5DkB,eAAe,EAAEpB,IAAI,CAACE,OAAO,CAAC,+BAA+B,CAAC;EAC9DmB,aAAa,EAAErB,IAAI,CAACE,OAAO,CAAC,6BAA6B,CAAC;EAC1DoB,cAAc,EAAEtB,IAAI,CAACE,OAAO,CAAC,8BAA8B,CAAC;EAC5DqB,gBAAgB,EAAEvB,IAAI,CAACE,OAAO,CAAC,gCAAgC,CAAC;EAChEsB,YAAY,EAAExB,IAAI,CAACE,OAAO,CAAC,4BAA4B,CAAC;EACxDuB,aAAa,EAAEzB,IAAI,CAACE,OAAO,CAAC,6BAA6B,CAAC;EAC1DwB,WAAW,EAAE1B,IAAI,CAACE,OAAO,CAAC,2BAA2B,CAAC;EACtDyB,YAAY,EAAE3B,IAAI,CAACE,OAAO,CAAC,4BAA4B,CAAC;EACxD0B,cAAc,EAAE5B,IAAI,CAACE,OAAO,CAAC,8BAA8B,CAAC;EAC5D2B,yBAAyB,EAAE7B,IAAI,CAACE,OAAO,CAAC,wCAAwC,CAAC;EACjF4B,sBAAsB,EAAE9B,IAAI,CAACE,OAAO,CAAC,8CAA8C,CAAC;EACpF6B,yBAAyB,EAAE/B,IAAI,CAACE,OAAO,CAAC,wBAAwB,CAAC;EAEjE;EACA8B,mBAAmB,EAAEhC,IAAI,CAACE,OAAO,CAAC,wBAAwB,CAAC;EAC3D+B,qBAAqB,EAAEjC,IAAI,CAACE,OAAO,CAAC,qCAAqC,CAAC;EAC1EgC,oBAAoB,EAAElC,IAAI,CAACE,OAAO,CAAC,yBAAyB,CAAC;EAC7DiC,2BAA2B,EAAEnC,IAAI,CAACE,OAAO,CAAC,0CAA0C,CAAC;EACrFkC,wBAAwB,EAAEpC,IAAI,CAACE,OAAO,CAAC,0CAA0C,CAAC;EAElF;EACAmC,gBAAgB,EAAErC,IAAI,CAACE,OAAO,CAAC,kBAAkB,CAAC;EAClDoC,UAAU,EAAEtC,IAAI,CAACE,OAAO,CAAC,iBAAiB,CAAC;EAC3CqC,aAAa,EAAEvC,IAAI,CAACE,OAAO,CAAC,oBAAoB,CAAC;EACjDsC,UAAU,EAAExC,IAAI,CAACE,OAAO,CAAC,mBAAmB,CAAC;EAC7CuC,aAAa,EAAEzC,IAAI,CAACE,OAAO,CAAC,uBAAuB,CAAC;EACpDwC,SAAS,EAAE1C,IAAI,CAACE,OAAO,CAAC,aAAa,CAAC;EACtCyC,qBAAqB,EAAE3C,IAAI,CAACE,OAAO,CAAC,uBAAuB,CAAC;EAC5D0C,sBAAsB,EAAE5C,IAAI,CAACE,OAAO,CAAC,qBAAqB,CAAC;EAC3D2C,aAAa,EAAE7C,IAAI,CAACE,OAAO,CAAC,0BAA0B,CAAC;EACvD4C,kBAAkB,EAAE9C,IAAI,CAACE,OAAO,CAAC,mDAAmD,CAAC;EACrF6C,UAAU,EAAE/C,IAAI,CAACE,OAAO,CAAC,qCAAqC,CAAC;EAC/D8C,UAAU,EAAEhD,IAAI,CAACE,OAAO,CAAC,iDAAiD,CAAC;EAC3E+C,WAAW,EAAEjD,IAAI,CAACE,OAAO,CAAC,sDAAsD,CAAC;EACjFgD,QAAQ,EAAElD,IAAI,CAACE,OAAO,CAAC,+BAA+B,CAAC;EACvDiD,cAAc,EAAEnD,IAAI,CAACE,OAAO,CAAC,mDAAmD,CAAC;EACjFkD,gBAAgB,EAAEpD,IAAI,CAACE,OAAO,CAAC,yDAAyD,CAAC;EACzFmD,aAAa,EAAErD,IAAI,CAACE,OAAO,CAAC,kBAAkB,CAAC;EAC/CoD,mBAAmB,EAAEtD,IAAI,CAACE,OAAO,CAAC,sCAAsC,CAAC;EACzEqD,eAAe,EAAEvD,IAAI,CAACE,OAAO,CAAC,oBAAoB,CAAC;EACnDsD,qBAAqB,EAAExD,IAAI,CAACE,OAAO,CAAC,wCAAwC,CAAC;EAC7EuD,eAAe,EAAEzD,IAAI,CAACE,OAAO,CAAC,oCAAoC,CAAC;EACnEwD,SAAS,EAAE1D,IAAI,CAACE,OAAO,CAAC,qCAAqC,CAAC;EAC9DyD,SAAS,EAAE3D,IAAI,CAACE,OAAO,CAAC,qCAAqC,CAAC;EAC9D0D,WAAW,EAAE5D,IAAI,CAACE,OAAO,CAAC,yCAAyC,CAAC;EACpE2D,YAAY,EAAE7D,IAAI,CAACE,OAAO,CAAC,kBAAkB,CAAC;EAC9C4D,WAAW,EAAE9D,IAAI,CAACE,OAAO,CAAC,iBAAiB,CAAC;EAC5C6D,wBAAwB,EAAE/D,IAAI,CAACE,OAAO,CAAC,0CAA0C,CAAC;EAClF8D,aAAa,EAAEhE,IAAI,CAACE,OAAO,CAAC,2BAA2B,CAAC;EACxD+D,cAAc,EAAEjE,IAAI,CAACE,OAAO,CAAC,kBAAkB,CAAC;EAEhD;EACAgE,WAAW,EAAElE,IAAI,CAACE,OAAO,CAAC,uBAAuB,CAAC;EAClDiE,aAAa,EAAEnE,IAAI,CAACE,OAAO,CAAC,yBAAyB,CAAC;EACtDkE,SAAS,EAAEpE,IAAI,CAACE,OAAO,CAAC,qBAAqB,CAAC;EAC9CmE,IAAI,EAAErE,IAAI,CAACE,OAAO,CAAC,iCAAiC,CAAC;EACrDoE,IAAI,EAAEtE,IAAI,CAACE,OAAO,CAAC,kCAAkC,CAAC;EACtDqE,YAAY,EAAEvE,IAAI,CAACE,OAAO,CAAC,kCAAkC,CAAC;EAC9DsE,aAAa,EAAExE,IAAI,CAACE,OAAO,CAAC,wBAAwB,CAAC;EACrDuE,iBAAiB,EAAEzE,IAAI,CAACE,OAAO,CAAC,+BAA+B,CAAC;EAChEwE,yBAAyB,EAAE1E,IAAI,CAACE,OAAO,CAAC,kCAAkC,CAAC;EAC3EyE,oBAAoB,EAAE3E,IAAI,CAACE,OAAO,CAAC,oDAAoD,CAAC;EACxF0E,oBAAoB,EAAE5E,IAAI,CAACE,OAAO,CAAC,qDAAqD,CAAC;EACzF2E,YAAY,EAAE7E,IAAI,CAACE,OAAO,CAAC,mBAAmB,CAAC;EAC/C4E,qBAAqB,EAAE9E,IAAI,CAACE,OAAO,CAAC,2BAA2B,CAAC;EAEhE;EACA6E,cAAc,EAAE/E,IAAI,CAACE,OAAO,CAAC,sBAAsB,CAAC;EACpD8E,eAAe,EAAEhF,IAAI,CAACE,OAAO,CAAC,gEAAgE,CAAC;EAC/F+E,wBAAwB,EAAEjF,IAAI,CAACE,OAAO,CAAC,8BAA8B,CAAC;EACtEgF,uBAAuB,EAAElF,IAAI,CAACE,OAAO,CAAC,6BAA6B,CAAC;EACpEiF,oBAAoB,EAAEnF,IAAI,CAACE,OAAO,CAAC,oCAAoC,CAAC;EACxEkF,gBAAgB,EAAEpF,IAAI,CAACE,OAAO,CAAC,gCAAgC,CAAC;EAEhE;EACAmF,UAAU,EAAErF,IAAI,CAACE,OAAO,CAAC,oBAAoB,CAAC;EAC9CoF,WAAW,EAAEtF,IAAI,CAACE,OAAO,CAAC,eAAe,CAAC;EAC1CqF,kBAAkB,EAAEvF,IAAI,CAACE,OAAO,CAAC,0BAA0B,CAAC;EAC5DsF,cAAc,EAAExF,IAAI,CAACE,OAAO,CAAC,sBAAsB,CAAC;EACpDuF,oBAAoB,EAAEzF,IAAI,CAACE,OAAO,CAAC,4BAA4B,CAAC;EAChEwF,mBAAmB,EAAE1F,IAAI,CAACE,OAAO,CAAC,cAAc,CAAC;EACjDyF,kBAAkB,EAAE3F,IAAI,CAACE,OAAO,CAAC,kBAAkB,CAAC;EACpD0F,qBAAqB,EAAE5F,IAAI,CAACE,OAAO,CAAC,qCAAqC,CAAC;EAC1E2F,wBAAwB,EAAE7F,IAAI,CAACE,OAAO,CAAC,iCAAiC,CAAC;EACzE4F,kBAAkB,EAAE9F,IAAI,CAACE,OAAO,CAAC,0BAA0B,CAAC;EAC5D6F,oBAAoB,EAAE/F,IAAI,CAACE,OAAO,CAAC,6BAA6B,CAAC;EAEjE;EACA8F,iBAAiB,EAAEhG,IAAI,CAACE,OAAO,CAAC,qBAAqB,CAAC;EACtD+F,cAAc,EAAEjG,IAAI,CAACE,OAAO,CAAC,kBAAkB,CAAC;EAChDgG,4BAA4B,EAAElG,IAAI,CAACE,OAAO,CAAC,gCAAgC,CAAC;EAC5EiG,OAAO,EAAEnG,IAAI,CAACE,OAAO,CAAC,mBAAmB,CAAC;EAC1CkG,QAAQ,EAAEpG,IAAI,CAACE,OAAO,CAAC,4BAA4B,CAAC;EACpDmG,QAAQ,EAAErG,IAAI,CAACE,OAAO,CAAC,4BAA4B,CAAC;EACpDoG,OAAO,EAAEtG,IAAI,CAACE,OAAO,CAAC,sDAAsD,CAAC;EAC7EqG,KAAK,EAAEvG,IAAI,CAACE,OAAO,CAAC,oDAAoD,CAAC;EACzEsG,SAAS,EAAExG,IAAI,CAACE,OAAO,CAAC,wDAAwD,CAAC;EACjFuG,OAAO,EAAEzG,IAAI,CAACE,OAAO,CAAC,sDAAsD,CAAC;EAC7EwG,QAAQ,EAAE1G,IAAI,CAACE,OAAO,CAAC,uDAAuD,CAAC;EAC/EyG,MAAM,EAAE3G,IAAI,CAACE,OAAO,CAAC,qDAAqD,CAAC;EAC3E0G,eAAe,EAAE5G,IAAI,CAACE,OAAO,CAAC,qCAAqC,CAAC;EACpE2G,oBAAoB,EAAE7G,IAAI,CAACE,OAAO,CAAC,8CAA8C,CAAC;EAClF4G,sBAAsB,EAAE9G,IAAI,CAACE,OAAO,CAAC,gDAAgD,CAAC;EACtF6G,qBAAqB,EAAE/G,IAAI,CAACE,OAAO,CAAC,+CAA+C,CAAC;EACpF8G,qBAAqB,EAAEhH,IAAI,CAACE,OAAO,CAAC,+CAA+C,CAAC;EACpF+G,uBAAuB,EAAEjH,IAAI,CAACE,OAAO,CAAC,iDAAiD,CAAC;EACxFgH,yBAAyB,EAAElH,IAAI,CAACE,OAAO,CAAC,gCAAgC,CAAC;EACzEiH,UAAU,EAAEnH,IAAI,CAACE,OAAO,CAAC,oBAAoB,CAAC;EAC9CkH,sBAAsB,EAAEpH,IAAI,CAACE,OAAO,CAAC,mDAAmD,CAAC;EAEzF;EACAmH,sBAAsB,EAAErH,IAAI,CAACE,OAAO,CAAC,kBAAkB,CAAC;EACxDoH,mBAAmB,EAAEtH,IAAI,CAACE,OAAO,CAAC,mEAAmE,CAAC;EACtGqH,iBAAiB,EAAEvH,IAAI,CAACE,OAAO,CAAC,2BAA2B,CAAC;EAC5DsH,aAAa,EAAExH,IAAI,CAACE,OAAO,CAAC,iBAAiB,CAAC;EAC9CuH,iBAAiB,EAAEzH,IAAI,CAACE,OAAO,CAAC,gBAAgB,CAAC;EACjDwH,SAAS,EAAE1H,IAAI,CAACE,OAAO,CAAC,mBAAmB,CAAC;EAC5CyH,eAAe,EAAE3H,IAAI,CAACE,OAAO,CAAC,8BAA8B,CAAC;EAC7D0H,iBAAiB,EAAE5H,IAAI,CAACE,OAAO,CAAC,gCAAgC,CAAC;EACjE2H,eAAe,EAAE7H,IAAI,CAACE,OAAO,CAAC,8BAA8B,CAAC;EAC7D4H,eAAe,EAAE9H,IAAI,CAACE,OAAO,CAAC,8BAA8B,CAAC;EAC7D6H,qBAAqB,EAAE/H,IAAI,CAACE,OAAO,CAAC,4BAA4B,CAAC;EACjE8H,YAAY,EAAEhI,IAAI,CAACE,OAAO,CAAC,yBAAyB,CAAC;EACrD+H,qBAAqB,EAAEjI,IAAI,CAACE,OAAO,CAAC,oCAAoC,CAAC;EACzEgI,iBAAiB,EAAElI,IAAI,CAACE,OAAO,CAAC,4CAA4C,CAAC;EAC7EiI,qBAAqB,EAAEnI,IAAI,CAACE,OAAO,CAAC,wCAAwC,CAAC;EAC7EkI,cAAc,EAAEpI,IAAI,CAACE,OAAO,CAAC,yCAAyC,CAAC;EACvEmI,cAAc,EAAErI,IAAI,CAACE,OAAO,CAAC,uDAAuD,CAAC;EACrFoI,iBAAiB,EAAEtI,IAAI,CAACE,OAAO,CAAC,uDAAuD,CAAC;EACxFqI,sBAAsB,EAAEvI,IAAI,CAACE,OAAO,CAAC,mEAAmE,CAAC;EACzGsI,yBAAyB,EAAExI,IAAI,CAACE,OAAO,CAAC,6CAA6C,CAAC;EACtFuI,sBAAsB,EAAEzI,IAAI,CAACE,OAAO,CAAC,mCAAmC,CAAC;EACzEwI,WAAW,EAAE1I,IAAI,CAACE,OAAO,CAAC,8BAA8B,CAAC;EACzDyI,gBAAgB,EAAE3I,IAAI,CAACE,OAAO,CAAC,0CAA0C,CAAC;EAC1E0I,gBAAgB,EAAE5I,IAAI,CAACE,OAAO,CAAC,wDAAwD,CAAC;EACxF2I,oBAAoB,EAAE7I,IAAI,CAACE,OAAO,CAAC,8BAA8B,CAAC;EAClE4I,iBAAiB,EAAE9I,IAAI,CAACE,OAAO,CAAC,gCAAgC,CAAC;EACjE6I,YAAY,EAAE/I,IAAI,CAACE,OAAO,CAAC,0BAA0B,CAAC;EACtD8I,qCAAqC,EAAEhJ,IAAI,CAACE,OAAO,CAAC,0DAA0D,CAAC;EAC/G+I,2BAA2B,EAAEjJ,IAAI,CAACE,OAAO,CAAC,+EAA+E,CAAC;EAC1HgJ,gCAAgC,EAAElJ,IAAI,CAACE,OAAO,CAAC,2EAA2E,CAAC;EAC3HiJ,0BAA0B,EAAEnJ,IAAI,CAACE,OAAO,CAAC,8FAA8F,CAAC;EACxIkJ,uBAAuB,EAAEpJ,IAAI,CAACE,OAAO,CAAC,+EAA+E,CAAC;EACtHmJ,4BAA4B,EAAErJ,IAAI,CAACE,OAAO,CAAC,qFAAqF,CAAC;EACjIoJ,qBAAqB,EAAEtJ,IAAI,CAACE,OAAO,CAAC,sFAAsF,CAAC;EAC3HqJ,mBAAmB,EAAEvJ,IAAI,CAACE,OAAO,CAAC,mCAAmC,CAAC;EACtEsJ,qBAAqB,EAAExJ,IAAI,CAACE,OAAO,CAAC,wCAAwC,CAAC;EAC7EuJ,eAAe,EAAEzJ,IAAI,CAACE,OAAO,CAAC,wCAAwC,CAAC;EACvEwJ,oBAAoB,EAAE1J,IAAI,CAACE,OAAO,CAAC,sDAAsD,CAAC;EAC1FyJ,YAAY,EAAE3J,IAAI,CAACE,OAAO,CAAC,oBAAoB,CAAC;EAChD0J,WAAW,EAAE5J,IAAI,CAACE,OAAO,CAAC,oBAAoB,CAAC;EAC/C2J,WAAW,EAAE7J,IAAI,CAACE,OAAO,CAAC,mBAAmB,CAAC;EAC9C4J,oBAAoB,EAAE9J,IAAI,CAACE,OAAO,CAAC,2BAA2B,CAAC;EAC/D6J,UAAU,EAAE/J,IAAI,CAACE,OAAO,CAAC,qBAAqB,CAAC;EAC/C8J,cAAc,EAAEhK,IAAI,CAACE,OAAO,CAAC,gCAAgC,CAAC;EAC9D+J,uBAAuB,EAAEjK,IAAI,CAACE,OAAO,CAAC,2BAA2B,CAAC;EAClEgK,sBAAsB,EAAElK,IAAI,CAACE,OAAO,CAAC,kBAAkB,CAAC;EACxDiK,oBAAoB,EAAEnK,IAAI,CAACE,OAAO,CAAC,8BAA8B,CAAC;EAClEkK,WAAW,EAAEpK,IAAI,CAACE,OAAO,CAAC,yDAAyD,CAAC;EACpFmK,UAAU,EAAErK,IAAI,CAACE,OAAO,CAAC,kBAAkB,CAAC;EAC5CoK,YAAY,EAAEtK,IAAI,CAACE,OAAO,CAAC,gCAAgC,CAAC;EAC5DqK,iBAAiB,EAAEvK,IAAI,CAACE,OAAO,CAAC,+CAA+C,CAAC;EAChFsK,mBAAmB,EAAExK,IAAI,CAACE,OAAO,CAAC,8DAA8D,CAAC;EACjGuK,uBAAuB,EAAEzK,IAAI,CAACE,OAAO,CAAC,4DAA4D,CAAC;EACnGwK,2BAA2B,EAAE1K,IAAI,CAACE,OAAO,CAAC,0CAA0C,CAAC;EACrFyK,6BAA6B,EAAE3K,IAAI,CAACE,OAAO,CAAC,6CAA6C,CAAC;EAC1F0K,2BAA2B,EAAE5K,IAAI,CAACE,OAAO,CAAC,mEAAmE,CAAC;EAC9G2K,uBAAuB,EAAE7K,IAAI,CAACE,OAAO,CAAC,uDAAuD,CAAC;EAC9F4K,qBAAqB,EAAE9K,IAAI,CAACE,OAAO,CAAC,0CAA0C,CAAC;EAC/E6K,iBAAiB,EAAE/K,IAAI,CAACE,OAAO,CAAC,oDAAoD,CAAC;EACrF8K,iBAAiB,EAAEhL,IAAI,CAACE,OAAO,CAAC,sBAAsB,CAAC;EAEvD;EACA+K,aAAa,EAAEjL,IAAI,CAACE,OAAO,CAAC,oBAAoB,CAAC;EACjDgL,SAAS,EAAElL,IAAI,CAACE,OAAO,CAAC,gBAAgB,CAAC;EACzCiL,YAAY,EAAEnL,IAAI,CAACE,OAAO,CAAC,mBAAmB,CAAC;EAC/CkL,YAAY,EAAEpL,IAAI,CAACE,OAAO,CAAC,iBAAiB,CAAC;EAC7CmL,aAAa,EAAErL,IAAI,CAACE,OAAO,CAAC,kBAAkB,CAAC;EAC/CoL,cAAc,EAAEtL,IAAI,CAACE,OAAO,CAAC,sBAAsB,CAAC;EACpDqL,gBAAgB,EAAEvL,IAAI,CAACE,OAAO,CAAC,wBAAwB,CAAC;EACxDsL,aAAa,EAAExL,IAAI,CAACE,OAAO,CAAC,qBAAqB,CAAC;EAClDuL,cAAc,EAAEzL,IAAI,CAACE,OAAO,CAAC,wBAAwB,CAAC;EACtDwL,cAAc,EAAE1L,IAAI,CAACE,OAAO,CAAC,sBAAsB,CAAC;EAEpD;EACAyL,2BAA2B,EAAE3L,IAAI,CAACE,OAAO,CAAC,4BAA4B,CAAC;EACvE0L,kBAAkB,EAAE5L,IAAI,CAACE,OAAO,CAAC,kBAAkB,CAAC;EACpD2L,iBAAiB,EAAE7L,IAAI,CAACE,OAAO,CAAC,iBAAiB,CAAC;EAClD4L,qBAAqB,EAAE9L,IAAI,CAACE,OAAO,CAAC,kBAAkB,CAAC;EACvD6L,iBAAiB,EAAE/L,IAAI,CAACE,OAAO,CAAC,iBAAiB,CAAC;EAClD8L,sBAAsB,EAAEhM,IAAI,CAACE,OAAO,CAAC,uCAAuC,CAAC;EAE7E;EACA+L,YAAY,EAAEjM,IAAI,CAACE,OAAO,CAAC,gBAAgB,CAAC;EAC5CgM,cAAc,EAAElM,IAAI,CAACE,OAAO,CAAC,yBAAyB,CAAC;EACvDiM,eAAe,EAAEnM,IAAI,CAACE,OAAO,CAAC,0BAA0B,CAAC;EACzDkM,eAAe,EAAEpM,IAAI,CAACE,OAAO,CAAC,uBAAuB,CAAC;EAEtD;EACAmM,uBAAuB,EAAErM,IAAI,CAACE,OAAO,CAAC,4BAA4B,CAAC;EACnEoM,0BAA0B,EAAEtM,IAAI,CAACE,OAAO,CAAC,iCAAiC,CAAC;EAC3EqM,4BAA4B,EAAEvM,IAAI,CAACE,OAAO,CAAC,kCAAkC,CAAC;EAC9EsM,2BAA2B,EAAExM,IAAI,CAACE,OAAO,CAAC,gCAAgC,CAAC;EAC3EuM,uBAAuB,EAAEzM,IAAI,CAACE,OAAO,CAAC,4BAA4B,CAAC;EACnEwM,kBAAkB,EAAE1M,IAAI,CAACE,OAAO,CAAC,sBAAsB,CAAC;EACxDyM,gCAAgC,EAAE3M,IAAI,CAACE,OAAO,CAAC,+BAA+B,CAAC;EAC/E0M,6BAA6B,EAAE5M,IAAI,CAACE,OAAO,CAAC,4BAA4B,CAAC;EACzE2M,oBAAoB,EAAE7M,IAAI,CAACE,OAAO,CAAC,yBAAyB,CAAC;EAE7D;EACA4M,WAAW,EAAE9M,IAAI,CAACE,OAAO,CAAC,eAAe,CAAC;EAC1C6M,eAAe,EAAE/M,IAAI,CAACE,OAAO,CAAC,uCAAuC,CAAC;EACtE8M,oBAAoB,EAAEhN,IAAI,CAACE,OAAO,CAAC,0BAA0B,CAAC;EAC9D+M,mBAAmB,EAAEjN,IAAI,CAACE,OAAO,CAAC,gCAAgC,CAAC;EACnEgN,eAAe,EAAElN,IAAI,CAACE,OAAO,CAAC,4BAA4B,CAAC;EAC3DiN,sBAAsB,EAAEnN,IAAI,CAACE,OAAO,CAAC,4BAA4B,CAAC;EAElE;EACAkN,cAAc,EAAEpN,IAAI,CAACE,OAAO,CAAC,kBAAkB,CAAC;EAEhD;EACAmN,SAAS,EAAErN,IAAI,CAACE,OAAO,CAAC,qBAAqB,CAAC;EAC9CoN,YAAY,EAAEtN,IAAI,CAACE,OAAO,CAAC,sCAAsC,CAAC;EAClEqN,YAAY,EAAEvN,IAAI,CAACE,OAAO,CAAC,6BAA6B,CAAC;EACzDsN,UAAU,EAAExN,IAAI,CAACE,OAAO,CAAC,qBAAqB,CAAC;EAC/CuN,UAAU,EAAEzN,IAAI,CAACE,OAAO,CAAC,kDAAkD,CAAC;EAC5EwN,WAAW,EAAE1N,IAAI,CAACE,OAAO,CAAC,uCAAuC,CAAC;EAClEyN,kBAAkB,EAAE3N,IAAI,CAACE,OAAO,CAAC,2DAA2D,CAAC;EAC7F0N,WAAW,EAAE5N,IAAI,CAACE,OAAO,CAAC,eAAe,CAAC;EAC1C2N,SAAS,EAAE7N,IAAI,CAACE,OAAO,CAAC,qBAAqB,CAAC;EAC9C4N,YAAY,EAAE9N,IAAI,CAACE,OAAO,CAAC,2BAA2B,CAAC;EACvD6N,gBAAgB,EAAE/N,IAAI,CAACE,OAAO,CAAC,iDAAiD,CAAC;EACjF8N,kBAAkB,EAAEhO,IAAI,CAACE,OAAO,CAAC,+CAA+C,CAAC;EACjF+N,iBAAiB,EAAEjO,IAAI,CAACE,OAAO,CAAC,iDAAiD,CAAC;EAClFgO,mBAAmB,EAAElO,IAAI,CAACE,OAAO,CAAC,mDAAmD,CAAC;EACtFiO,aAAa,EAAEnO,IAAI,CAACE,OAAO,CAAC,0BAA0B,CAAC;EACvDkO,WAAW,EAAEpO,IAAI,CAACE,OAAO,CAAC,mCAAmC,CAAC;EAC9DmO,YAAY,EAAErO,IAAI,CAACE,OAAO,CAAC,6CAA6C,CAAC;EACzEoO,aAAa,EAAEtO,IAAI,CAACE,OAAO,CAAC,yCAAyC,CAAC;EACtEqO,aAAa,EAAEvO,IAAI,CAACE,OAAO,CAAC,wCAAwC,CAAC;EACrEsO,WAAW,EAAExO,IAAI,CAACE,OAAO,CAAC,eAAe,CAAC;EAC1CuO,gBAAgB,EAAEzO,IAAI,CAACE,OAAO,CAAC,mBAAmB,CAAC;EACnDwO,iBAAiB,EAAE1O,IAAI,CAACE,OAAO,CAAC,oBAAoB,CAAC;EACrDyO,UAAU,EAAE3O,IAAI,CAACE,OAAO,CAAC,kBAAkB,CAAC;EAC5C0O,aAAa,EAAE5O,IAAI,CAACE,OAAO,CAAC,iBAAiB,CAAC;EAC9C2O,gBAAgB,EAAE7O,IAAI,CAACE,OAAO,CAAC,oBAAoB,CAAC;EACpD4O,kBAAkB,EAAE9O,IAAI,CAACE,OAAO,CAAC,sBAAsB,CAAC;EACxD6O,UAAU,EAAE/O,IAAI,CAACE,OAAO,CAAC,cAAc,CAAC;EACxC8O,eAAe,EAAEhP,IAAI,CAACE,OAAO,CAAC,mBAAmB,CAAC;EAClD+O,gBAAgB,EAAEjP,IAAI,CAACE,OAAO,CAAC,oBAAoB,CAAC;EACpDgP,eAAe,EAAElP,IAAI,CAACE,OAAO,CAAC,mBAAmB,CAAC;EAClDiP,uBAAuB,EAAEnP,IAAI,CAACE,OAAO,CAAC,oBAAoB,CAAC;EAC3DkP,cAAc,EAAEpP,IAAI,CAACE,OAAO,CAAC,0BAA0B,CAAC;EACxDmP,eAAe,EAAErP,IAAI,CAACE,OAAO,CAAC,2BAA2B,CAAC;EAC1DoP,aAAa,EAAEtP,IAAI,CAACE,OAAO,CAAC,yBAAyB,CAAC;EACtDqP,YAAY,EAAEvP,IAAI,CAACE,OAAO,CAAC,wBAAwB,CAAC;EACpDsP,aAAa,EAAExP,IAAI,CAACE,OAAO,CAAC,yBAAyB,CAAC;EACtDuP,WAAW,EAAEzP,IAAI,CAACE,OAAO,CAAC,uBAAuB,CAAC;EAElD;EACAwP,OAAO,EAAE1P,IAAI,CAACE,OAAO,CAAC,uBAAuB,CAAC;EAC9CyP,uBAAuB,EAAE3P,IAAI,CAACE,OAAO,CAAC,aAAa,CAAC;EACpD0P,kBAAkB,EAAE5P,IAAI,CAACE,OAAO,CAAC,0BAA0B,CAAC;EAC5D2P,gBAAgB,EAAE7P,IAAI,CAACE,OAAO,CAAC,kBAAkB,CAAC;EAClD4P,yBAAyB,EAAE9P,IAAI,CAACE,OAAO,CAAC,kCAAkC,CAAC;EAC3E6P,iBAAiB,EAAE/P,IAAI,CAACE,OAAO,CAAC,cAAc,CAAC;EAC/C8P,iBAAiB,EAAEhQ,IAAI,CAACE,OAAO,CAAC,qBAAqB,CAAC;EACtD+P,iBAAiB,EAAEjQ,IAAI,CAACE,OAAO,CAAC,kBAAkB,CAAC;EACnDgQ,aAAa,EAAElQ,IAAI,CAACE,OAAO,CAAC,eAAe,CAAC;EAC5CiQ,gBAAgB,EAAEnQ,IAAI,CAACE,OAAO,CAAC,kBAAkB,CAAC;EAClDkQ,eAAe,EAAEpQ,IAAI,CAACE,OAAO,CAAC,sBAAsB,CAAC;EACrDmQ,WAAW,EAAErQ,IAAI,CAACE,OAAO,CAAC,kBAAkB,CAAC;EAC7CoQ,cAAc,EAAEtQ,IAAI,CAACE,OAAO,CAAC,qBAAqB,CAAC;EACnDqQ,YAAY,EAAEvQ,IAAI,CAACE,OAAO,CAAC,oBAAoB;AACjD,CAAC,CAAC"},"_coverageSchema":"1a1c01bbd47fc00a2c39e90264f33305004495a9","hash":"cb3510ea44bedc317972513855d3d7939bccda63","contentHash":"71824421af92db885febc052de9700b895e40b1d1b4a492c288aefea953e8031"},"/Users/rcweiler/worldview/e2e/test-utils/global-variables/querystrings.js":{"path":"/Users/rcweiler/worldview/e2e/test-utils/global-variables/querystrings.js","statementMap":{"0":{"start":{"line":3,"column":0},"end":{"line":33,"column":2}}},"fnMap":{},"branchMap":{},"s":{"0":1},"f":{},"b":{},"inputSourceMap":{"version":3,"names":["module","exports","activeAnimationWidget","activeCustomColormap","animationProjectionRotated","animationTooManyFramesGif","animationTooManyFramesGifCustomInterval","animationGeostationary","swipeAndAIsActive","opacityAndBIsActive","spyAndBIsActive","swipeAOD","knownDate","subdailyLayerIntervalTimescale","mockEvents","stormEventSelected","fixedAppNow","wildfiresWithDates","backwardsCompatibleEventUrl","extentsUrl","multipleDataLayers","continuousDataLayers","referenceLayersOnly","skipTour"],"sources":["querystrings.js"],"sourcesContent":["module.exports = {\n  // animations\n  activeAnimationWidget: 'http://localhost:3000/?p=geographic&l=VIIRS_SNPP_CorrectedReflectance_TrueColor(hidden),MODIS_Aqua_CorrectedReflectance_TrueColor(hidden),MODIS_Terra_CorrectedReflectance_TrueColor,Reference_Labels_15m(hidden),Reference_Features_15m(hidden),Coastlines_15m&t=2018-04-04&z=3&v=-177.94712426144758,-46.546875,-5.14662573855243,53.015625&ab=on&as=2018-03-28&ae=2018-04-04&av=3&al=false',\n  activeCustomColormap: 'http://localhost:3000/?p=geographic&l=AIRS_L2_Carbon_Monoxide_500hPa_Volume_Mixing_Ratio_Day(palette=red_1)&t=2016-04-08&z=3&v=-223.875,-91.828125,162.84375,98.296875&ab=on&as=2016-03-25&ae=2016-04-08&av=3&al=false',\n  animationProjectionRotated: 'http://localhost:3000/?p=arctic&l=MODIS_Terra_CorrectedReflectance_TrueColor,Coastlines_15m&t=2016-12-09&z=3&v=-2764195.2298414493,-88762.12734933128,2589496.903095221,3893331.478195751&r=-18.0000&ab=on&as=2016-12-02&ae=2016-12-09&av=3&al=true',\n  animationTooManyFramesGif: 'http://localhost:3000/?p=geographic&v=-52.43799794510461,-36.052394508901145,-33.34815419510461,-12.532863258901145&t=2019-06-24-T10%3A00%3A00Z&as=2018-06-24-T10%3A00%3A00Z&ae=2019-07-01-T10%3A00%3A00Z&ab=on',\n  animationTooManyFramesGifCustomInterval: 'http://localhost:3000/?p=geographic&v=-52.43799794510461,-36.052394508901145,-33.34815419510461,-12.532863258901145&t=2019-06-13-T08%3A00%3A00Z&ics=true&ici=2&icd=3&as=2009-06-23-T10%3A00%3A00Z&ae=2019-07-01-T10%3A00%3A00Z&ab=on',\n  animationGeostationary: 'http://localhost:3000/?v=-127.54084611130202,-31.196051270164425,-36.29880238885806,62.96630766900102&z=4&ics=true&ici=5&icd=10&as=2021-12-03-T16%3A00%3A00Z&ae=2021-12-03-T17%3A10%3A00Z&l=GOES-East_ABI_GeoColor,Coastlines_15m&lg=true&al=true&ab=on&t=2021-12-01-T20%3A10%3A00Z',\n\n  // compare\n  swipeAndAIsActive:\n    'http://localhost:3000/?ca=true&cm=swipe&cv=51&p=geographic&l=MODIS_Terra_CorrectedReflectance_TrueColor&l1=VIIRS_SNPP_CorrectedReflectance_TrueColor(hidden),MODIS_Aqua_CorrectedReflectance_TrueColor(hidden),MODIS_Terra_CorrectedReflectance_TrueColor,Reference_Labels_15m(hidden),Reference_Features_15m(hidden),Coastlines_15m&t=2018-08-17-T00%3A00%3A00Z&z=3&t1=2018-08-16-T00%3A00%3A00Z&v=-127.6171875,-46.5556640625,31.7109375,53.0244140625',\n  opacityAndBIsActive:\n    'http://localhost:3000/?ca=false&cm=opacity&p=geographic&l=MODIS_Terra_CorrectedReflectance_TrueColor&l1=VIIRS_SNPP_CorrectedReflectance_TrueColor(hidden),MODIS_Aqua_CorrectedReflectance_TrueColor(hidden),MODIS_Terra_CorrectedReflectance_TrueColor,Reference_Labels_15m(hidden),Reference_Features_15m(hidden),Coastlines_15m&t=2018-08-17-T00%3A00%3A00Z&z=3&t1=2018-08-16-T00%3A00%3A00Z&v=-127.6171875,-46.5556640625,31.7109375,53.0244140625',\n  spyAndBIsActive:\n    'http://localhost:3000/?ca=false&cm=spy&p=geographic&l=MODIS_Terra_CorrectedReflectance_TrueColor&l1=VIIRS_SNPP_CorrectedReflectance_TrueColor(hidden),MODIS_Aqua_CorrectedReflectance_TrueColor(hidden),MODIS_Terra_CorrectedReflectance_TrueColor,Reference_Labels_15m(hidden),Reference_Features_15m(hidden),Coastlines_15m&t=2018-08-17-T00%3A00%3A00Z&z=3&t1=2018-08-16-T00%3A00%3A00Z&v=-127.6171875,-46.5556640625,31.7109375,53.0244140625',\n  swipeAOD:\n    'http://localhost:3000/?ca=true&cm=swipe&cv=51&p=geographic&l=MODIS_Terra_CorrectedReflectance_TrueColor,MODIS_Terra_Aerosol&l1=VIIRS_SNPP_CorrectedReflectance_TrueColor(hidden),MODIS_Aqua_CorrectedReflectance_TrueColor(hidden),MODIS_Terra_CorrectedReflectance_TrueColor,Reference_Labels_15m(hidden),Reference_Features_15m(hidden),Coastlines_15m&t=2018-08-17-T00%3A00%3A00Z&z=3&t1=2018-08-16-T00%3A00%3A00Z&v=-127.6171875,-46.5556640625,31.7109375,53.0244140625',\n\n  // date\n  knownDate: 'http://localhost:3000/?t=2019-07-22',\n\n  // timeline\n  subdailyLayerIntervalTimescale: 'http://localhost:3000/?t=2019-10-04-T09%3A46%3A32Z&z=4&i=4&l=GOES-East_ABI_Band2_Red_Visible_1km,Reference_Labels_15m(hidden),Reference_Features_15m(hidden),Coastlines_15m,VIIRS_SNPP_CorrectedReflectance_TrueColor(hidden),MODIS_Aqua_CorrectedReflectance_TrueColor(hidden),MODIS_Terra_CorrectedReflectance_TrueColor',\n\n  // events\n  mockEvents: 'http://localhost:3000/?p=geographic&l=VIIRS_SNPP_CorrectedReflectance_TrueColor(hidden),MODIS_Aqua_CorrectedReflectance_TrueColor(hidden),MODIS_Terra_CorrectedReflectance_TrueColor,Reference_Labels_15m(hidden),Reference_Features_15m(hidden),Coastlines_15m&t=2018-05-02-T00%3A00%3A00Z&z=3&v=-409.00147812273656,-205.62883007565202,270.5880270080828,219.11461063111003&e=true&mockEvents=20170530',\n  stormEventSelected: 'http://localhost:3000/?v=175.65863037109375,10.918751525878907,182.25042724609375,22.643360900878907&e=EONET_2777,2017-05-31&l=IMERG_Precipitation_Rate,VIIRS_SNPP_DayNightBand_ENCC(hidden),VIIRS_SNPP_DayNightBand_At_Sensor_Radiance(hidden),Reference_Labels,Reference_Features,Coastlines(hidden),VIIRS_NOAA20_CorrectedReflectance_TrueColor(hidden),VIIRS_SNPP_CorrectedReflectance_TrueColor,MODIS_Aqua_CorrectedReflectance_TrueColor(hidden),MODIS_Terra_CorrectedReflectance_TrueColor(hidden)&lg=true&t=2017-05-31-T00%3A00%3A00Z&mockEvents=20170530',\n  fixedAppNow: 'http://localhost:3000/?now=2012-01-01T00%3A00%3A00Z',\n  wildfiresWithDates: 'http://localhost:3000/?v=-139.02635001706034,25.660099233568406,-85.27770827186355,43.288373996427595&e=true&efs=false&efd=2020-01-16,2020-06-16&efc=wildfires&t=2020-06-16-T18%3A31%3A28Z',\n  backwardsCompatibleEventUrl: 'http://localhost:3000/?v=-49.6224609375,13.940234375000001,-26.5775390625,37.459765625&e=EONET_1874,2005-12-31&l=IMERG_Precipitation_Rate,Reference_Labels_15m,Reference_Features_15m,MODIS_Terra_CorrectedReflectance_TrueColor&lg=true&t=2005-12-31-T00%3A00%3A00Z',\n  extentsUrl: 'http://localhost:3000/?e=true&efs=false',\n\n  // layers\n  multipleDataLayers: 'http://localhost:3000/?p=geographic&l=MODIS_Terra_Aerosol,MODIS_Terra_Brightness_Temp_Band31_Day&t=2017-03-22&z=3&v=136.07019188386334,14.722152527011556,155.59817576644127,24.312819167567586',\n  continuousDataLayers: 'http://localhost:3000/?p=geographic&l=MODIS_Terra_Brightness_Temp_Band31_Day&t=2015-05-25&z=2&v=-42.148380855752734,42.13121723408824,22.122734950093943,85.16225953076464',\n  referenceLayersOnly: 'http://localhost:3000/?l=Reference_Labels_15m(hidden),Reference_Features_15m(hidden),Coastlines_15m',\n\n  // skip tour\n  skipTour: 'http://localhost:3000/?lg=false&t=2023-02-28-T18%3A32%3A41Z'\n}\n"],"mappings":";;AAAAA,MAAM,CAACC,OAAO,GAAG;EACf;EACAC,qBAAqB,EAAE,+XAA+X;EACtZC,oBAAoB,EAAE,wNAAwN;EAC9OC,0BAA0B,EAAE,qPAAqP;EACjRC,yBAAyB,EAAE,iNAAiN;EAC5OC,uCAAuC,EAAE,sOAAsO;EAC/QC,sBAAsB,EAAE,qRAAqR;EAE7S;EACAC,iBAAiB,EACf,0bAA0b;EAC5bC,mBAAmB,EACjB,ubAAub;EACzbC,eAAe,EACb,mbAAmb;EACrbC,QAAQ,EACN,8cAA8c;EAEhd;EACAC,SAAS,EAAE,qCAAqC;EAEhD;EACAC,8BAA8B,EAAE,4TAA4T;EAE5V;EACAC,UAAU,EAAE,2YAA2Y;EACvZC,kBAAkB,EAAE,miBAAmiB;EACvjBC,WAAW,EAAE,qDAAqD;EAClEC,kBAAkB,EAAE,4LAA4L;EAChNC,2BAA2B,EAAE,sQAAsQ;EACnSC,UAAU,EAAE,yCAAyC;EAErD;EACAC,kBAAkB,EAAE,iMAAiM;EACrNC,oBAAoB,EAAE,4KAA4K;EAClMC,mBAAmB,EAAE,qGAAqG;EAE1H;EACAC,QAAQ,EAAE;AACZ,CAAC"},"_coverageSchema":"1a1c01bbd47fc00a2c39e90264f33305004495a9","hash":"e750e2af62d11dccf97154493aa73ab87e815ed6","contentHash":"00b0e2392f34dbd97976cc4d179addc26302813aad9039d4264e95e95ecda775"},"/Users/rcweiler/worldview/e2e/test-utils/hooks/wvHooks.js":{"path":"/Users/rcweiler/worldview/e2e/test-utils/hooks/wvHooks.js","statementMap":{"0":{"start":{"line":5,"column":4},"end":{"line":5,"column":31}},"1":{"start":{"line":12,"column":26},"end":{"line":15,"column":1}},"2":{"start":{"line":13,"column":2},"end":{"line":13,"column":48}},"3":{"start":{"line":14,"column":2},"end":{"line":14,"column":55}},"4":{"start":{"line":16,"column":31},"end":{"line":18,"column":1}},"5":{"start":{"line":17,"column":2},"end":{"line":17,"column":49}},"6":{"start":{"line":19,"column":22},"end":{"line":21,"column":1}},"7":{"start":{"line":20,"column":2},"end":{"line":20,"column":49}},"8":{"start":{"line":22,"column":32},"end":{"line":24,"column":1}},"9":{"start":{"line":23,"column":2},"end":{"line":23,"column":49}},"10":{"start":{"line":25,"column":15},"end":{"line":27,"column":1}},"11":{"start":{"line":26,"column":2},"end":{"line":26,"column":54}},"12":{"start":{"line":28,"column":16},"end":{"line":30,"column":1}},"13":{"start":{"line":29,"column":2},"end":{"line":29,"column":55}},"14":{"start":{"line":40,"column":21},"end":{"line":47,"column":1}},"15":{"start":{"line":41,"column":19},"end":{"line":41,"column":67}},"16":{"start":{"line":42,"column":19},"end":{"line":42,"column":67}},"17":{"start":{"line":43,"column":18},"end":{"line":43,"column":57}},"18":{"start":{"line":44,"column":19},"end":{"line":44,"column":95}},"19":{"start":{"line":45,"column":23},"end":{"line":45,"column":51}},"20":{"start":{"line":46,"column":2},"end":{"line":46,"column":37}},"21":{"start":{"line":53,"column":29},"end":{"line":59,"column":1}},"22":{"start":{"line":54,"column":31},"end":{"line":54,"column":97}},"23":{"start":{"line":55,"column":33},"end":{"line":55,"column":101}},"24":{"start":{"line":56,"column":14},"end":{"line":56,"column":46}},"25":{"start":{"line":57,"column":16},"end":{"line":57,"column":50}},"26":{"start":{"line":58,"column":2},"end":{"line":58,"column":21}},"27":{"start":{"line":60,"column":28},"end":{"line":77,"column":1}},"28":{"start":{"line":61,"column":20},"end":{"line":61,"column":54}},"29":{"start":{"line":62,"column":20},"end":{"line":62,"column":64}},"30":{"start":{"line":63,"column":22},"end":{"line":63,"column":68}},"31":{"start":{"line":64,"column":21},"end":{"line":64,"column":59}},"32":{"start":{"line":65,"column":24},"end":{"line":65,"column":89}},"33":{"start":{"line":66,"column":24},"end":{"line":66,"column":89}},"34":{"start":{"line":67,"column":25},"end":{"line":67,"column":91}},"35":{"start":{"line":68,"column":24},"end":{"line":68,"column":91}},"36":{"start":{"line":69,"column":2},"end":{"line":69,"column":41}},"37":{"start":{"line":70,"column":2},"end":{"line":70,"column":40}},"38":{"start":{"line":71,"column":2},"end":{"line":71,"column":42}},"39":{"start":{"line":72,"column":2},"end":{"line":72,"column":41}},"40":{"start":{"line":73,"column":2},"end":{"line":73,"column":44}},"41":{"start":{"line":74,"column":2},"end":{"line":74,"column":44}},"42":{"start":{"line":75,"column":2},"end":{"line":75,"column":45}},"43":{"start":{"line":76,"column":2},"end":{"line":76,"column":44}},"44":{"start":{"line":78,"column":25},"end":{"line":105,"column":1}},"45":{"start":{"line":79,"column":30},"end":{"line":79,"column":68}},"46":{"start":{"line":80,"column":17},"end":{"line":80,"column":44}},"47":{"start":{"line":81,"column":21},"end":{"line":81,"column":49}},"48":{"start":{"line":82,"column":20},"end":{"line":82,"column":47}},"49":{"start":{"line":83,"column":18},"end":{"line":83,"column":42}},"50":{"start":{"line":84,"column":16},"end":{"line":84,"column":38}},"51":{"start":{"line":85,"column":17},"end":{"line":85,"column":40}},"52":{"start":{"line":86,"column":19},"end":{"line":86,"column":44}},"53":{"start":{"line":87,"column":15},"end":{"line":87,"column":43}},"54":{"start":{"line":88,"column":17},"end":{"line":88,"column":47}},"55":{"start":{"line":89,"column":16},"end":{"line":89,"column":45}},"56":{"start":{"line":90,"column":21},"end":{"line":90,"column":48}},"57":{"start":{"line":91,"column":16},"end":{"line":91,"column":45}},"58":{"start":{"line":92,"column":2},"end":{"line":92,"column":50}},"59":{"start":{"line":93,"column":2},"end":{"line":93,"column":37}},"60":{"start":{"line":94,"column":2},"end":{"line":94,"column":41}},"61":{"start":{"line":95,"column":2},"end":{"line":95,"column":40}},"62":{"start":{"line":96,"column":2},"end":{"line":96,"column":38}},"63":{"start":{"line":97,"column":2},"end":{"line":97,"column":36}},"64":{"start":{"line":98,"column":2},"end":{"line":98,"column":37}},"65":{"start":{"line":99,"column":2},"end":{"line":99,"column":39}},"66":{"start":{"line":100,"column":2},"end":{"line":100,"column":35}},"67":{"start":{"line":101,"column":2},"end":{"line":101,"column":37}},"68":{"start":{"line":102,"column":2},"end":{"line":102,"column":36}},"69":{"start":{"line":103,"column":2},"end":{"line":103,"column":41}},"70":{"start":{"line":104,"column":2},"end":{"line":104,"column":36}},"71":{"start":{"line":113,"column":28},"end":{"line":120,"column":1}},"72":{"start":{"line":114,"column":17},"end":{"line":114,"column":46}},"73":{"start":{"line":115,"column":19},"end":{"line":118,"column":5}},"74":{"start":{"line":116,"column":20},"end":{"line":116,"column":50}},"75":{"start":{"line":117,"column":4},"end":{"line":117,"column":19}},"76":{"start":{"line":119,"column":2},"end":{"line":119,"column":42}},"77":{"start":{"line":128,"column":34},"end":{"line":133,"column":1}},"78":{"start":{"line":129,"column":2},"end":{"line":129,"column":51}},"79":{"start":{"line":130,"column":2},"end":{"line":130,"column":57}},"80":{"start":{"line":131,"column":2},"end":{"line":131,"column":45}},"81":{"start":{"line":132,"column":2},"end":{"line":132,"column":50}},"82":{"start":{"line":134,"column":30},"end":{"line":140,"column":1}},"83":{"start":{"line":135,"column":2},"end":{"line":135,"column":51}},"84":{"start":{"line":136,"column":2},"end":{"line":136,"column":53}},"85":{"start":{"line":137,"column":2},"end":{"line":137,"column":51}},"86":{"start":{"line":138,"column":2},"end":{"line":138,"column":51}},"87":{"start":{"line":139,"column":2},"end":{"line":139,"column":58}},"88":{"start":{"line":141,"column":28},"end":{"line":154,"column":1}},"89":{"start":{"line":143,"column":2},"end":{"line":152,"column":3}},"90":{"start":{"line":144,"column":4},"end":{"line":149,"column":5}},"91":{"start":{"line":145,"column":18},"end":{"line":145,"column":39}},"92":{"start":{"line":146,"column":6},"end":{"line":146,"column":44}},"93":{"start":{"line":147,"column":6},"end":{"line":147,"column":57}},"94":{"start":{"line":148,"column":6},"end":{"line":148,"column":42}},"95":{"start":{"line":151,"column":4},"end":{"line":151,"column":20}},"96":{"start":{"line":153,"column":2},"end":{"line":153,"column":19}},"97":{"start":{"line":162,"column":21},"end":{"line":165,"column":1}},"98":{"start":{"line":163,"column":2},"end":{"line":163,"column":38}},"99":{"start":{"line":164,"column":2},"end":{"line":164,"column":33}},"100":{"start":{"line":166,"column":0},"end":{"line":182,"column":2}}},"fnMap":{"0":{"name":"(anonymous_0)","decl":{"start":{"line":12,"column":26},"end":{"line":12,"column":27}},"loc":{"start":{"line":12,"column":48},"end":{"line":15,"column":1}},"line":12},"1":{"name":"(anonymous_1)","decl":{"start":{"line":16,"column":31},"end":{"line":16,"column":32}},"loc":{"start":{"line":16,"column":45},"end":{"line":18,"column":1}},"line":16},"2":{"name":"(anonymous_2)","decl":{"start":{"line":19,"column":22},"end":{"line":19,"column":23}},"loc":{"start":{"line":19,"column":36},"end":{"line":21,"column":1}},"line":19},"3":{"name":"(anonymous_3)","decl":{"start":{"line":22,"column":32},"end":{"line":22,"column":33}},"loc":{"start":{"line":22,"column":46},"end":{"line":24,"column":1}},"line":22},"4":{"name":"(anonymous_4)","decl":{"start":{"line":25,"column":15},"end":{"line":25,"column":16}},"loc":{"start":{"line":25,"column":29},"end":{"line":27,"column":1}},"line":25},"5":{"name":"(anonymous_5)","decl":{"start":{"line":28,"column":16},"end":{"line":28,"column":17}},"loc":{"start":{"line":28,"column":30},"end":{"line":30,"column":1}},"line":28},"6":{"name":"(anonymous_6)","decl":{"start":{"line":40,"column":21},"end":{"line":40,"column":22}},"loc":{"start":{"line":40,"column":51},"end":{"line":47,"column":1}},"line":40},"7":{"name":"(anonymous_7)","decl":{"start":{"line":53,"column":29},"end":{"line":53,"column":30}},"loc":{"start":{"line":53,"column":43},"end":{"line":59,"column":1}},"line":53},"8":{"name":"(anonymous_8)","decl":{"start":{"line":60,"column":28},"end":{"line":60,"column":29}},"loc":{"start":{"line":60,"column":42},"end":{"line":77,"column":1}},"line":60},"9":{"name":"(anonymous_9)","decl":{"start":{"line":78,"column":25},"end":{"line":78,"column":26}},"loc":{"start":{"line":78,"column":39},"end":{"line":105,"column":1}},"line":78},"10":{"name":"(anonymous_10)","decl":{"start":{"line":113,"column":28},"end":{"line":113,"column":29}},"loc":{"start":{"line":113,"column":75},"end":{"line":120,"column":1}},"line":113},"11":{"name":"(anonymous_11)","decl":{"start":{"line":115,"column":48},"end":{"line":115,"column":49}},"loc":{"start":{"line":115,"column":63},"end":{"line":118,"column":3}},"line":115},"12":{"name":"(anonymous_12)","decl":{"start":{"line":128,"column":34},"end":{"line":128,"column":35}},"loc":{"start":{"line":128,"column":65},"end":{"line":133,"column":1}},"line":128},"13":{"name":"(anonymous_13)","decl":{"start":{"line":134,"column":30},"end":{"line":134,"column":31}},"loc":{"start":{"line":134,"column":78},"end":{"line":140,"column":1}},"line":134},"14":{"name":"(anonymous_14)","decl":{"start":{"line":141,"column":28},"end":{"line":141,"column":29}},"loc":{"start":{"line":141,"column":34},"end":{"line":154,"column":1}},"line":141},"15":{"name":"(anonymous_15)","decl":{"start":{"line":162,"column":21},"end":{"line":162,"column":22}},"loc":{"start":{"line":162,"column":46},"end":{"line":165,"column":1}},"line":162}},"branchMap":{"0":{"loc":{"start":{"line":43,"column":18},"end":{"line":43,"column":57}},"type":"cond-expr","locations":[{"start":{"line":43,"column":38},"end":{"line":43,"column":46}},{"start":{"line":43,"column":49},"end":{"line":43,"column":57}}],"line":43},"1":{"loc":{"start":{"line":144,"column":4},"end":{"line":149,"column":5}},"type":"if","locations":[{"start":{"line":144,"column":4},"end":{"line":149,"column":5}},{"start":{"line":144,"column":4},"end":{"line":149,"column":5}}],"line":144}},"s":{"0":1,"1":1,"2":0,"3":0,"4":1,"5":0,"6":1,"7":0,"8":1,"9":0,"10":1,"11":0,"12":1,"13":0,"14":1,"15":2,"16":2,"17":2,"18":2,"19":2,"20":2,"21":1,"22":1,"23":1,"24":1,"25":1,"26":1,"27":1,"28":0,"29":0,"30":0,"31":0,"32":0,"33":0,"34":0,"35":0,"36":0,"37":0,"38":0,"39":0,"40":0,"41":0,"42":0,"43":0,"44":1,"45":0,"46":0,"47":0,"48":0,"49":0,"50":0,"51":0,"52":0,"53":0,"54":0,"55":0,"56":0,"57":0,"58":0,"59":0,"60":0,"61":0,"62":0,"63":0,"64":0,"65":0,"66":0,"67":0,"68":0,"69":0,"70":0,"71":1,"72":0,"73":0,"74":0,"75":0,"76":0,"77":1,"78":0,"79":0,"80":0,"81":0,"82":1,"83":0,"84":0,"85":0,"86":0,"87":0,"88":1,"89":0,"90":0,"91":0,"92":0,"93":0,"94":0,"95":0,"96":0,"97":1,"98":0,"99":0,"100":1},"f":{"0":0,"1":0,"2":0,"3":0,"4":0,"5":0,"6":2,"7":1,"8":0,"9":0,"10":0,"11":0,"12":0,"13":0,"14":0,"15":0},"b":{"0":[1,1],"1":[0,0]},"inputSourceMap":{"version":3,"names":["expect","require","switchProjections","page","proj","locator","click","openImageDownloadPanel","clickDownload","closeImageDownloadPanel","zoomIn","zoomOut","timelineDrag","draggerEl","x","draggerA","draggerB","dragger","dragDate","dragLocation","dragTo","dateSelectorMonthDay","dateSelectorDayInput","dateSelectorMonthInput","day","innerText","month","assertDefaultLayers","layerItem","refLabels","refFeatures","coastlines","trueColorSNPP","trueColorAqua","trueColorMODIS","trueColorNOAA","toHaveCount","toBeVisible","assertCategories","categoriesContainer","legacy","airQuality","ashPlumes","drought","fires","floods","shipping","dust","storms","smoke","vegetation","other","assertLayerOrdering","layerContainer","orderedLayers","layers","$$","layerIDs","Promise","all","map","layer","layerID","getAttribute","toEqual","createDistanceMeasurement","start","finish","mouse","dblclick","createAreaMeasurement","pointOne","pointTwo","pointThree","localStorageEnabled","enabled","window","localStorage","uid","Date","toString","setItem","getItem","removeItem","error","clickAndWait","waitForTimeout","module","exports"],"sources":["wvHooks.js"],"sourcesContent":["const { expect } = require('@playwright/test')\n\n/**\n * Switches the projection\n * @param {Object} page - Playwright object representing the browser page.\n * @param {string} proj - The specified projection ex: 'geographic', 'arctic' etc..\n */\nconst switchProjections = async (page, proj) => {\n  await page.locator('#wv-proj-button').click()\n  await page.locator(`#change-${proj}-button`).click()\n}\n\nconst openImageDownloadPanel = async (page) => {\n  await page.locator('#wv-image-button').click()\n}\n\nconst clickDownload = async (page) => {\n  await page.locator('.wv-image-button').click()\n}\n\nconst closeImageDownloadPanel = async (page) => {\n  await page.locator('.modal-close-btn').click()\n}\n\nconst zoomIn = async (page) => {\n  await page.locator('button.wv-map-zoom-in').click()\n}\n\nconst zoomOut = async (page) => {\n  await page.locator('button.wv-map-zoom-out').click()\n}\n\n/**\n * Drag one of the draggers on the timeline.\n * To find the x parameter you need to inspect the exact date on the timeline you want to drag to\n * and find the x attribute value in the rect element.\n * @param {Object} page - Playwright object representing the browser page.\n * @param {string} draggerEl - 'a' or 'b'. Represents draggerA or draggerB\n * @param {string} x - Represents exact point on timeline to drag to.\n */\nconst timelineDrag = async (page, draggerEl, x) => {\n  const draggerA = await page.locator('.timeline-dragger.draggerA')\n  const draggerB = await page.locator('.timeline-dragger.draggerB')\n  const dragger = draggerEl === 'a' ? draggerA : draggerB\n  const dragDate = `rect.axis-grid-rect[width=\"12\"][height=\"65\"][x=\"${x}\"][fill=\"transparent\"]`\n  const dragLocation = await page.locator(dragDate)\n  await dragger.dragTo(dragLocation)\n}\n\n/**\n * Returns the month date of date selector ex: 'AUG17'\n * @param {Object} page - Playwright object representing the browser page.\n */\nconst dateSelectorMonthDay = async (page) => {\n  const dateSelectorDayInput = await page.locator('#date-selector-main .input-wrapper-day input')\n  const dateSelectorMonthInput = await page.locator('#date-selector-main .input-wrapper-month input')\n  const day = dateSelectorDayInput.innerText()\n  const month = dateSelectorMonthInput.innerText()\n  return month + day\n}\n\nconst assertDefaultLayers = async (page) => {\n  const layerItem = page.locator('.item.productsitem')\n  const refLabels = page.locator('#active-Reference_Labels_15m')\n  const refFeatures = page.locator('#active-Reference_Features_15m')\n  const coastlines = page.locator('#active-Coastlines_15m')\n  const trueColorSNPP = page.locator('#active-VIIRS_SNPP_CorrectedReflectance_TrueColor')\n  const trueColorAqua = page.locator('#active-MODIS_Aqua_CorrectedReflectance_TrueColor')\n  const trueColorMODIS = page.locator('#active-MODIS_Terra_CorrectedReflectance_TrueColor')\n  const trueColorNOAA = page.locator('#active-VIIRS_NOAA20_CorrectedReflectance_TrueColor')\n  await expect(layerItem).toHaveCount(7)\n  await expect(refLabels).toBeVisible()\n  await expect(refFeatures).toBeVisible()\n  await expect(coastlines).toBeVisible()\n  await expect(trueColorSNPP).toBeVisible()\n  await expect(trueColorAqua).toBeVisible()\n  await expect(trueColorMODIS).toBeVisible()\n  await expect(trueColorNOAA).toBeVisible()\n}\n\nconst assertCategories = async (page) => {\n  const categoriesContainer = page.locator('.category-masonry-case')\n  const legacy = page.locator('#legacy-all')\n  const airQuality = page.locator('#air-quality')\n  const ashPlumes = page.locator('#ash-plumes')\n  const drought = page.locator('#drought')\n  const fires = page.locator('#fires')\n  const floods = page.locator('#floods')\n  const shipping = page.locator('#shipping')\n  const dust = page.locator('#dust-storms')\n  const storms = page.locator('#severe-storms')\n  const smoke = page.locator('#smoke-plumes')\n  const vegetation = page.locator('#vegetation')\n  const other = page.locator('#legacy-other')\n  await expect(categoriesContainer).toBeVisible()\n  await expect(legacy).toBeVisible()\n  await expect(airQuality).toBeVisible()\n  await expect(ashPlumes).toBeVisible()\n  await expect(drought).toBeVisible()\n  await expect(fires).toBeVisible()\n  await expect(floods).toBeVisible()\n  await expect(shipping).toBeVisible()\n  await expect(dust).toBeVisible()\n  await expect(storms).toBeVisible()\n  await expect(smoke).toBeVisible()\n  await expect(vegetation).toBeVisible()\n  await expect(other).toBeVisible()\n}\n\n/**\n * Check the layer order in the sidebar and compare it agaisnt an array of ordered layers\n * @param {Object} page - Playwright object representing the browser page.\n * @param {string} layerContainer - A string for identifying each layer <li> element in the sidebar\n * @param {Array} orderedLayers - An array of strings representing the expected layer ordering\n */\nconst assertLayerOrdering = async (page, layerContainer, orderedLayers) => {\n  const layers = await page.$$(layerContainer)\n  const layerIDs = await Promise.all(layers.map(async (layer) => {\n    const layerID = await layer.getAttribute('id')\n    return layerID\n  }))\n  expect(layerIDs).toEqual(orderedLayers)\n}\n\n/**\n * Create a distance measurement\n * @param {Object} page - Playwright object representing the browser page.\n * @param {Array} start - An array of two integers representing the starting x & y position\n * @param {Array} finish - An array of two integers representing the starting x & y position\n */\nconst createDistanceMeasurement = async (page, start, finish) => {\n  await page.locator('#wv-measure-button').click()\n  await page.locator('#measure-distance-button').click()\n  await page.mouse.click(start[0], start[1])\n  await page.mouse.dblclick(finish[0], finish[1])\n}\n\nconst createAreaMeasurement = async (page, pointOne, pointTwo, pointThree) => {\n  await page.locator('#wv-measure-button').click()\n  await page.locator('#measure-area-button').click()\n  await page.mouse.click(pointOne[0], pointOne[1])\n  await page.mouse.click(pointTwo[0], pointTwo[1])\n  await page.mouse.dblclick(pointThree[0], pointThree[1])\n}\n\nconst localStorageEnabled = () => {\n  let enabled\n  try {\n    if (window.localStorage) {\n      const uid = new Date().toString()\n      window.localStorage.setItem(uid, uid)\n      enabled = window.localStorage.getItem(uid) === uid\n      window.localStorage.removeItem(uid)\n    }\n  } catch (error) {\n    enabled = false\n  }\n  return !!enabled\n}\n\n/**\n * Some react switches & buttons may have unexpected behavior when tested at high speeds\n * This adds a custom pause after a click to ensure the switch behaves properly\n * @param {Object} page - Playwright object representing the browser page.\n * @param {String} locator - A string for identifying the react switch label\n */\nconst clickAndWait = async (page, locator) => {\n  await page.locator(locator).click()\n  await page.waitForTimeout(200)\n}\n\nmodule.exports = {\n  assertCategories,\n  assertDefaultLayers,\n  assertLayerOrdering,\n  clickDownload,\n  closeImageDownloadPanel,\n  createAreaMeasurement,\n  createDista
[...]
AClDF,MAAM,CAACC,YAAY,CAACM,UAAU,CAACL,GAAG,CAAC;IACrC;EACF,CAAC,CAAC,OAAOM,KAAK,EAAE;IACdT,OAAO,GAAG,KAAK;EACjB;EACA,OAAO,CAAC,CAACA,OAAO;AAClB,CAAC;;AAED;AACA;AACA;AACA;AACA;AACA;AACA,MAAMU,YAAY,GAAG,MAAAA,CAAOlF,IAAI,EAAEE,OAAO,KAAK;EAC5C,MAAMF,IAAI,CAACE,OAAO,CAACA,OAAO,CAAC,CAACC,KAAK,CAAC,CAAC;EACnC,MAAMH,IAAI,CAACmF,cAAc,CAAC,GAAG,CAAC;AAChC,CAAC;AAEDC,MAAM,CAACC,OAAO,GAAG;EACflD,gBAAgB;EAChBX,mBAAmB;EACnByB,mBAAmB;EACnB5C,aAAa;EACbC,uBAAuB;EACvB6D,qBAAqB;EACrBL,yBAAyB;EACzB5C,oBAAoB;EACpBqD,mBAAmB;EACnBnE,sBAAsB;EACtB8E,YAAY;EACZnF,iBAAiB;EACjBU,YAAY;EACZF,MAAM;EACNC;AACF,CAAC"},"_coverageSchema":"1a1c01bbd47fc00a2c39e90264f33305004495a9","hash":"ae195c14a384180c5e65372ce5e2e5d88aec3710","contentHash":"aa2b1ac24aa7d9cc69f05c29fbde01ad95c4dbc16439406ec03e27e6b7337b7f"},"/Users/rcweiler/worldview/e2e/features/events/event-test.spec.js":{"path":"/Users/rcweiler/worldview/e2e/features/events/event-test.spec.js","statementMap":{"0":{"start":{"line":7,"column":4},"end":{"line":7,"column":39}},"1":{"start":{"line":8,"column":24},"end":{"line":8,"column":78}},"2":{"start":{"line":11,"column":4},"end":{"line":11,"column":61}},"3":{"start":{"line":14,"column":0},"end":{"line":16,"column":3}},"4":{"start":{"line":17,"column":0},"end":{"line":22,"column":3}},"5":{"start":{"line":20,"column":2},"end":{"line":20,"column":33}},"6":{"start":{"line":21,"column":2},"end":{"line":21,"column":36}},"7":{"start":{"line":23,"column":0},"end":{"line":25,"column":3}},"8":{"start":{"line":24,"column":2},"end":{"line":24,"column":21}},"9":{"start":{"line":26,"column":0},"end":{"line":44,"column":3}},"10":{"start":{"line":36,"column":6},"end":{"line":36,"column":15}},"11":{"start":{"line":37,"column":2},"end":{"line":37,"column":30}},"12":{"start":{"line":38,"column":2},"end":{"line":38,"column":33}},"13":{"start":{"line":39,"column":2},"end":{"line":39,"column":43}},"14":{"start":{"line":40,"column":2},"end":{"line":40,"column":51}},"15":{"start":{"line":41,"column":2},"end":{"line":41,"column":53}},"16":{"start":{"line":42,"column":2},"end":{"line":42,"column":52}},"17":{"start":{"line":43,"column":2},"end":{"line":43,"column":54}},"18":{"start":{"line":45,"column":0},"end":{"line":67,"column":3}},"19":{"start":{"line":48,"column":2},"end":{"line":48,"column":84}},"20":{"start":{"line":57,"column":6},"end":{"line":57,"column":15}},"21":{"start":{"line":58,"column":2},"end":{"line":58,"column":30}},"22":{"start":{"line":59,"column":2},"end":{"line":59,"column":33}},"23":{"start":{"line":60,"column":2},"end":{"line":60,"column":29}},"24":{"start":{"line":61,"column":2},"end":{"line":61,"column":26}},"25":{"start":{"line":62,"column":2},"end":{"line":62,"column":34}},"26":{"start":{"line":63,"column":2},"end":{"line":63,"column":47}},"27":{"start":{"line":64,"column":2},"end":{"line":64,"column":49}},"28":{"start":{"line":65,"column":2},"end":{"line":65,"column":48}},"29":{"start":{"line":66,"column":2},"end":{"line":66,"column":50}},"30":{"start":{"line":68,"column":0},"end":{"line":80,"column":3}},"31":{"start":{"line":75,"column":6},"end":{"line":75,"column":15}},"32":{"start":{"line":76,"column":2},"end":{"line":76,"column":30}},"33":{"start":{"line":77,"column":2},"end":{"line":77,"column":33}},"34":{"start":{"line":78,"column":2},"end":{"line":78,"column":43}},"35":{"start":{"line":79,"column":2},"end":{"line":79,"column":42}},"36":{"start":{"line":81,"column":0},"end":{"line":106,"column":3}},"37":{"start":{"line":91,"column":6},"end":{"line":91,"column":15}},"38":{"start":{"line":92,"column":2},"end":{"line":92,"column":30}},"39":{"start":{"line":93,"column":2},"end":{"line":93,"column":33}},"40":{"start":{"line":94,"column":2},"end":{"line":94,"column":34}},"41":{"start":{"line":95,"column":2},"end":{"line":95,"column":28}},"42":{"start":{"line":96,"column":2},"end":{"line":96,"column":34}},"43":{"start":{"line":97,"column":2},"end":{"line":97,"column":43}},"44":{"start":{"line":98,"column":2},"end":{"line":98,"column":26}},"45":{"start":{"line":99,"column":2},"end":{"line":99,"column":34}},"46":{"start":{"line":100,"column":2},"end":{"line":100,"column":26}},"47":{"start":{"line":101,"column":2},"end":{"line":101,"column":46}},"48":{"start":{"line":102,"column":2},"end":{"line":102,"column":45}},"49":{"start":{"line":103,"column":2},"end":{"line":103,"column":26}},"50":{"start":{"line":104,"column":2},"end":{"line":104,"column":43}},"51":{"start":{"line":105,"column":2},"end":{"line":105,"column":42}},"52":{"start":{"line":107,"column":0},"end":{"line":117,"column":3}},"53":{"start":{"line":113,"column":6},"end":{"line":113,"column":15}},"54":{"start":{"line":114,"column":2},"end":{"line":114,"column":27}},"55":{"start":{"line":115,"column":2},"end":{"line":115,"column":34}},"56":{"start":{"line":116,"column":2},"end":{"line":116,"column":49}},"57":{"start":{"line":118,"column":0},"end":{"line":131,"column":3}},"58":{"start":{"line":123,"column":6},"end":{"line":123,"column":15}},"59":{"start":{"line":124,"column":2},"end":{"line":124,"column":34}},"60":{"start":{"line":125,"column":2},"end":{"line":125,"column":30}},"61":{"start":{"line":126,"column":2},"end":{"line":126,"column":33}},"62":{"start":{"line":127,"column":21},"end":{"line":127,"column":37}},"63":{"start":{"line":128,"column":2},"end":{"line":128,"column":43}},"64":{"start":{"line":129,"column":2},"end":{"line":129,"column":44}},"65":{"start":{"line":130,"column":2},"end":{"line":130,"column":43}},"66":{"start":{"line":132,"column":0},"end":{"line":151,"column":3}},"67":{"start":{"line":139,"column":6},"end":{"line":139,"column":15}},"68":{"start":{"line":140,"column":2},"end":{"line":140,"column":30}},"69":{"start":{"line":141,"column":2},"end":{"line":141,"column":33}},"70":{"start":{"line":142,"column":2},"end":{"line":142,"column":27}},"71":{"start":{"line":143,"column":2},"end":{"line":143,"column":44}},"72":{"start":{"line":144,"column":2},"end":{"line":144,"column":87}},"73":{"start":{"line":145,"column":2},"end":{"line":145,"column":30}},"74":{"start":{"line":146,"column":2},"end":{"line":146,"column":101}},"75":{"start":{"line":147,"column":2},"end":{"line":147,"column":33}},"76":{"start":{"line":148,"column":2},"end":{"line":148,"column":73}},"77":{"start":{"line":149,"column":2},"end":{"line":149,"column":51}},"78":{"start":{"line":150,"column":2},"end":{"line":150,"column":83}},"79":{"start":{"line":152,"column":0},"end":{"line":168,"column":3}},"80":{"start":{"line":160,"column":6},"end":{"line":160,"column":15}},"81":{"start":{"line":161,"column":2},"end":{"line":161,"column":30}},"82":{"start":{"line":162,"column":2},"end":{"line":162,"column":33}},"83":{"start":{"line":163,"column":2},"end":{"line":163,"column":27}},"84":{"start":{"line":164,"column":2},"end":{"line":164,"column":35}},"85":{"start":{"line":165,"column":2},"end":{"line":165,"column":26}},"86":{"start":{"line":166,"column":2},"end":{"line":166,"column":34}},"87":{"start":{"line":167,"column":2},"end":{"line":167,"column":53}}},"fnMap":{"0":{"name":"(anonymous_0)","decl":{"start":{"line":17,"column":15},"end":{"line":17,"column":16}},"loc":{"start":{"line":19,"column":6},"end":{"line":22,"column":1}},"line":19},"1":{"name":"(anonymous_1)","decl":{"start":{"line":23,"column":14},"end":{"line":23,"column":15}},"loc":{"start":{"line":23,"column":26},"end":{"line":25,"column":1}},"line":23},"2":{"name":"(anonymous_2)","decl":{"start":{"line":26,"column":77},"end":{"line":26,"column":78}},"loc":{"start":{"line":28,"column":6},"end":{"line":44,"column":1}},"line":28},"3":{"name":"(anonymous_3)","decl":{"start":{"line":45,"column":49},"end":{"line":45,"column":50}},"loc":{"start":{"line":47,"column":6},"end":{"line":67,"column":1}},"line":47},"4":{"name":"(anonymous_4)","decl":{"start":{"line":68,"column":86},"end":{"line":68,"column":87}},"loc":{"start":{"line":70,"column":6},"end":{"line":80,"column":1}},"line":70},"5":{"name":"(anonymous_5)","decl":{"start":{"line":81,"column":104},"end":{"line":81,"column":105}},"loc":{"start":{"line":83,"column":6},"end":{"line":106,"column":1}},"line":83},"6":{"name":"(anonymous_6)","decl":{"start":{"line":107,"column":56},"end":{"line":107,"column":57}},"loc":{"start":{"line":109,"column":6},"end":{"line":117,"column":1}},"line":109},"7":{"name":"(anonymous_7)","decl":{"start":{"line":118,"column":35},"end":{"line":118,"column":36}},"loc":{"start":{"line":120,"column":6},"end":{"line":131,"column":1}},"line":120},"8":{"name":"(anonymous_8)","decl":{"start":{"line":132,"column":64},"end":{"line":132,"column":65}},"loc":{"start":{"line":134,"column":6},"end":{"line":151,"column":1}},"line":134},"9":{"name":"(anonymous_9)","decl":{"start":{"line":152,"column":48},"end":{"line":152,"column":49}},"loc":{"start":{"line":154,"column":6},"end":{"line":168,"column":1}},"line":154}},"branchMap":{},"s":{"0":1,"1":1,"2":1,"3":1,"4":1,"5":1,"6":1,"7":1,"8":1,"9":1,"10":1,"11":1,"12":1,"13":1,"14":1,"15":1,"16":1,"17":1,"18":1,"19":1,"20":1,"21":1,"22":1,"23":1,"24":1,"25":1,"26":1,"27":1,"28":1,"29":1,"30":1,"31":1,"32":1,"33":1,"34":1,"35":1,"36":1,"37":1,"38":1,"39":1,"40":1,"41":1,"42":1,"43":1,"44":1,"45":1,"46":1,"47":1,"48":1,"49":1,"50":1,"51":1,"52":1,"53":1,"54":1,"55":1,"56":1,"57":1,"58":1,"59":1,"60":1,"61":1,"62":1,"63":1,"64":1,"65":1,"66":1,"67":1,"68":1,"69":1,"70":1,"71":0,"72":0,"73":0,"74":0,"75":0,"76":0,"77":0,"78":0,"79":1,"80":0,"81":0,"82":0,"83":0,"84":0,"85":0,"86":0,"87":0},"f":{"0":1,"1":1,"2":1,"3":1,"4":1,"5":1,"6":1,"7":1,"8":1,"9":0},"b":{},"inputSourceMap":{"version":3,"names":["test","expect","require","createSelectors","mockEvents","page","selectors","describe","configure","mode","beforeAll","browser","newPage","afterAll","close","browserName","modalCloseButton","sidebarEvent","thermAnomSNPPday","thermAnomSNPPnight","thermAnomVIIRSday","thermAnomVIIRSnight","goto","click","toBeVisible","not","skip","layersTab","waitForTimeout","eventIcons","listOfEvents","toHaveCount","eventsTab","secondEvent","trackMarker","hover","firstEvent","selectedFirstEvent","currentUrl","url","toContain","notifyMessage","toContainText","locator"],"sources":["event-test.spec.js"],"sourcesContent":["// @ts-check\nconst { test, expect } = require('playwright-test-coverage')\nconst createSelectors = require('../../test-utils/global-variables/selectors')\nconst { mockEvents } = require('../../test-utils/global-variables/querystrings')\n\nlet page\nlet selectors\n\ntest.describe.configure({ mode: 'serial' })\n\ntest.beforeAll(async ({ browser }) => {\n  page = await browser.newPage()\n  selectors = createSelectors(page)\n})\n\ntest.afterAll(async () => {\n  await page.close()\n})\n\ntest('Make sure that 4 fire layers are not present in layer list: use mock', async ({ browserName }) => {\n  const { modalCloseButton, sidebarEvent, thermAnomSNPPday, thermAnomSNPPnight, thermAnomVIIRSday, thermAnomVIIRSnight } = selectors\n  await page.goto(mockEvents)\n  await modalCloseButton.click()\n  await expect(sidebarEvent).toBeVisible()\n  await expect(thermAnomSNPPday).not.toBeVisible()\n  await expect(thermAnomSNPPnight).not.toBeVisible()\n  await expect(thermAnomVIIRSday).not.toBeVisible()\n  await expect(thermAnomVIIRSnight).not.toBeVisible()\n})\n\ntest('Check that 4 fire layers are now present', async ({ browserName }) => {\n  test.skip(browserName === 'firefox', 'firefox cant find iceberg event sometimes')\n  const { layersTab, modalCloseButton, sidebarEvent, thermAnomSNPPday, thermAnomSNPPnight, thermAnomVIIRSday, thermAnomVIIRSnight } = selectors\n  await page.goto(mockEvents)\n  await modalCloseButton.click()\n  await sidebarEvent.click()\n  await layersTab.click()\n  await page.waitForTimeout(5000)\n  await expect(thermAnomSNPPday).toBeVisible()\n  await expect(thermAnomSNPPnight).toBeVisible()\n  await expect(thermAnomVIIRSday).toBeVisible()\n  await expect(thermAnomVIIRSnight).toBeVisible()\n})\n\ntest('Use Mock to make sure appropriate number of event markers are appended to map', async ({ browserName }) => {\n  const { eventIcons, listOfEvents, modalCloseButton } = selectors\n  await page.goto(mockEvents)\n  await modalCloseButton.click()\n  await expect(listOfEvents).toBeVisible()\n  await expect(eventIcons).toHaveCount(8)\n})\n\ntest('Selecting event shows track points and markers which are not visible when switched to layer tab', async ({ browserName }) => {\n  const { eventIcons, eventsTab, layersTab, modalCloseButton, secondEvent, trackMarker } = selectors\n  await page.goto(mockEvents)\n  await modalCloseButton.click()\n  await page.waitForTimeout(1000)\n  await secondEvent.click()\n  await page.waitForTimeout(5000)\n  await expect(trackMarker).toHaveCount(5)\n  await layersTab.hover()\n  await page.waitForTimeout(1000)\n  await layersTab.click()\n  await expect(trackMarker).not.toBeVisible()\n  await expect(eventIcons).not.toBeVisible()\n  await eventsTab.click()\n  await expect(trackMarker).toHaveCount(5)\n  await expect(eventIcons).toHaveCount(8)\n})\n\ntest('Clicking an event in the list selects the event', async ({ browserName }) => {\n  const { firstEvent, selectedFirstEvent } = selectors\n  await firstEvent.click()\n  await page.waitForTimeout(6000)\n  await expect(selectedFirstEvent).toBeVisible()\n})\n\ntest('Verify that Url is updated', async ({ browserName }) => {\n  const { modalCloseButton } = selectors\n  await page.waitForTimeout(5000)\n  await page.goto(mockEvents)\n  await modalCloseButton.click()\n  const currentUrl = await page.url()\n  expect(currentUrl).toContain('efs=true')\n  expect(currentUrl).toContain('efa=false')\n  expect(currentUrl).toContain('lg=false')\n})\n\ntest('Verify Events message and clicking message opens dialog', async ({ browserName }) => {\n  const { firstEvent, notifyMessage, modalCloseButton } = selectors\n  await page.goto(mockEvents)\n  await modalCloseButton.click()\n  await firstEvent.click()\n  await expect(notifyMessage).toBeVisible()\n  await expect(notifyMessage).toContainText('Events may not be visible at all times.')\n  await notifyMessage.click()\n  await expect(page.locator('#event_visibility_info h1')).toContainText('Why can’t I see an event?')\n  await modalCloseButton.click()\n  await expect(page.locator('#event_visibility_info')).not.toBeVisible()\n  await page.locator('#event-alert-close').click()\n  await expect(page.locator('.wv-alert .close-alert .fa-times')).not.toBeVisible()\n})\n\ntest('Clicking selected event deselects event', async ({ browserName }) => {\n  const { firstEvent, selectedFirstEvent, eventsTab, modalCloseButton } = selectors\n  await page.goto(mockEvents)\n  await modalCloseButton.click()\n  await firstEvent.click()\n  await selectedFirstEvent.click()\n  await eventsTab.hover()\n  await page.waitForTimeout(5000)\n  await expect(selectedFirstEvent).not.toBeVisible()\n})\n"],"mappings":";;AAAA;AACA,MAAM;EAAEA,IAAI;EAAEC;AAAO,CAAC,GAAGC,OAAO,CAAC,0BAA0B,CAAC;AAC5D,MAAMC,eAAe,GAAGD,OAAO,CAAC,6CAA6C,CAAC;AAC9E,MAAM;EAAEE;AAAW,CAAC,GAAGF,OAAO,CAAC,gDAAgD,CAAC;AAEhF,IAAIG,IAAI;AACR,IAAIC,SAAS;AAEbN,IAAI,CAACO,QAAQ,CAACC,SAAS,CAAC;EAAEC,IAAI,EAAE;AAAS,CAAC,CAAC;AAE3CT,IAAI,CAACU,SAAS,CAAC,OAAO;EAAEC;AAAQ,CAAC,KAAK;EACpCN,IAAI,GAAG,MAAMM,OAAO,CAACC,OAAO,CAAC,CAAC;EAC9BN,SAAS,GAAGH,eAAe,CAACE,IAAI,CAAC;AACnC,CAAC,CAAC;AAEFL,IAAI,CAACa,QAAQ,CAAC,YAAY;EACxB,MAAMR,IAAI,CAACS,KAAK,CAAC,CAAC;AACpB,CAAC,CAAC;AAEFd,IAAI,CAAC,sEAAsE,EAAE,OAAO;EAAEe;AAAY,CAAC,KAAK;EACtG,MAAM;IAAEC,gBAAgB;IAAEC,YAAY;IAAEC,gBAAgB;IAAEC,kBAAkB;IAAEC,iBAAiB;IAAEC;EAAoB,CAAC,GAAGf,SAAS;EAClI,MAAMD,IAAI,CAACiB,IAAI,CAAClB,UAAU,CAAC;EAC3B,MAAMY,gBAAgB,CAACO,KAAK,CAAC,CAAC;EAC9B,MAAMtB,MAAM,CAACgB,YAAY,CAAC,CAACO,WAAW,CAAC,CAAC;EACxC,MAAMvB,MAAM,CAACiB,gBAAgB,CAAC,CAACO,GAAG,CAACD,WAAW,CAAC,CAAC;EAChD,MAAMvB,MAAM,CAACkB,kBAAkB,CAAC,CAACM,GAAG,CAACD,WAAW,CAAC,CAAC;EAClD,MAAMvB,MAAM,CAACmB,iBAAiB,CAAC,CAACK,GAAG,CAACD,WAAW,CAAC,CAAC;EACjD,MAAMvB,MAAM,CAACoB,mBAAmB,CAAC,CAACI,GAAG,CAACD,WAAW,CAAC,CAAC;AACrD,CAAC,CAAC;AAEFxB,IAAI,CAAC,0CAA0C,EAAE,OAAO;EAAEe;AAAY,CAAC,KAAK;EAC1Ef,IAAI,CAAC0B,IAAI,CAACX,WAAW,KAAK,SAAS,EAAE,2CAA2C,CAAC;EACjF,MAAM;IAAEY,SAAS;IAAEX,gBAAgB;IAAEC,YAAY;IAAEC,gBAAgB;IAAEC,kBAAkB;IAAEC,iBAAiB;IAAEC;EAAoB,CAAC,GAAGf,SAAS;EAC7I,MAAMD,IAAI,CAACiB,IAAI,CAAClB,UAAU,CAAC;EAC3B,MAAMY,gBAAgB,CAACO,KAAK,CAAC,CAAC;EAC9B,MAAMN,YAAY,CAACM,KAAK,CAAC,CAAC;EAC1B,MAAMI,SAAS,CAACJ,KAAK,CAAC,CAAC;EACvB,MAAMlB,IAAI,CAACuB,cAAc,CAAC,IAAI,CAAC;EAC/B,MAAM3B,MAAM,CAACiB,gBAAgB,CAAC,CAACM,WAAW,CAAC,CAAC;EAC5C,MAAMvB,MAAM,CAACkB,kBAAkB,CAAC,CAACK,WAAW,CAAC,CAAC;EAC9C,MAAMvB,MAAM,CAACmB,iBAAiB,CAAC,CAACI,WAAW,CAAC,CAAC;EAC7C,MAAMvB,MAAM,CAACoB,mBAAmB,CAAC,CAACG,WAAW,CAAC,CAAC;AACjD,CAAC,CAAC;AAEFxB,IAAI,CAAC,+EAA+E,EAAE,OAAO;EAAEe;AAAY,CAAC,KAAK;EAC/G,MAAM;IAAEc,UAAU;IAAEC,YAAY;IAAEd;EAAiB,CAAC,GAAGV,SAAS;EAChE,MAAMD,IAAI,CAACiB,IAAI,CAAClB,UAAU,CAAC;EAC3B,MAAMY,gBAAgB,CAACO,KAAK,CAAC,CAAC;EAC9B,MAAMtB,MAAM,CAAC6B,YAAY,CAAC,CAACN,WAAW,CAAC,CAAC;EACxC,MAAMvB,MAAM,CAAC4B,UAAU,CAAC,CAACE,WAAW,CAAC,CAAC,CAAC;AACzC,CAAC,CAAC;AAEF/B,IAAI,CAAC,iGAAiG,EAAE,OAAO;EAAEe;AAAY,CAAC,KAAK;EACjI,MAAM;IAAEc,UAAU;IAAEG,SAAS;IAAEL,SAAS;IAAEX,gBAAgB;IAAEiB,WAAW;IAAEC;EAAY,CAAC,GAAG5B,SAAS;EAClG,MAAMD,IAAI,CAACiB,IAAI,CAAClB,UAAU,CAAC;EAC3B,MAAMY,gBAAgB,CAACO,KAAK,CAAC,CAAC;EAC9B,MAAMlB,IAAI,CAACuB,cAAc,CAAC,IAAI,CAAC;EAC/B,MAAMK,WAAW,CAACV,KAAK,CAAC,CAAC;EACzB,MAAMlB,IAAI,CAACuB,cAAc,CAAC,IAAI,CAAC;EAC/B,MAAM3B,MAAM,CAACiC,WAAW,CAAC,CAACH,WAAW,CAAC,CAAC,CAAC;EACxC,MAAMJ,SAAS,CAACQ,KAAK,CAAC,CAAC;EACvB,MAAM9B,IAAI,CAACuB,cAAc,CAAC,IAAI,CAAC;EAC/B,MAAMD,SAAS,CAACJ,KAAK,CAAC,CAAC;EACvB,MAAMtB,MAAM,CAACiC,WAAW,CAAC,CAACT,GAAG,CAACD,WAAW,CAAC,CAAC;EAC3C,MAAMvB,MAAM,CAAC4B,UAAU,CAAC,CAACJ,GAAG,CAACD,WAAW,CAAC,CAAC;EAC1C,MAAMQ,SAAS,CAACT,KAAK,CAAC,CAAC;EACvB,MAAMtB,MAAM,CAACiC,WAAW,CAAC,CAACH,WAAW,CAAC,CAAC,CAAC;EACxC,MAAM9B,MAAM,CAAC4B,UAAU,CAAC,CAACE,WAAW,CAAC,CAAC,CAAC;AACzC,CAAC,CAAC;AAEF/B,IAAI,CAAC,iDAAiD,EAAE,OAAO;EAAEe;AAAY,CAAC,KAAK;EACjF,MAAM;IAAEqB,UAAU;IAAEC;EAAmB,CAAC,GAAG/B,SAAS;EACpD,MAAM8B,UAAU,CAACb,KAAK,CAAC,CAAC;EACxB,MAAMlB,IAAI,CAACuB,cAAc,CAAC,IAAI,CAAC;EAC/B,MAAM3B,MAAM,CAACoC,kBAAkB,CAAC,CAACb,WAAW,CAAC,CAAC;AAChD,CAAC,CAAC;AAEFxB,IAAI,CAAC,4BAA4B,EAAE,OAAO;EAAEe;AAAY,CAAC,KAAK;EAC5D,MAAM;IAAEC;EAAiB,CAAC,GAAGV,SAAS;EACtC,MAAMD,IAAI,CAACuB,cAAc,CAAC,IAAI,CAAC;EAC/B,MAAMvB,IAAI,CAACiB,IAAI,CAAClB,UAAU,CAAC;EAC3B,MAAMY,gBAAgB,CAACO,KAAK,CAAC,CAAC;EAC9B,MAAMe,UAAU,GAAG,MAAMjC,IAAI,CAACkC,GAAG,CAAC,CAAC;EACnCtC,MAAM,CAACqC,UAAU,CAAC,CAACE,SAAS,CAAC,UAAU,CAAC;EACxCvC,MAAM,CAACqC,UAAU,CAAC,CAACE,SAAS,CAAC,WAAW,CAAC;EACzCvC,MAAM,CAACqC,UAAU,CAAC,CAACE,SAAS,CAAC,UAAU,CAAC;AAC1C,CAAC,CAAC;AAEFxC,IAAI,CAAC,yDAAyD,EAAE,OAAO;EAAEe;AAAY,CAAC,KAAK;EACzF,MAAM;IAAEqB,UAAU;IAAEK,aAAa;IAAEzB;EAAiB,CAAC,GAAGV,SAAS;EACjE,MAAMD,IAAI,CAACiB,IAAI,CAAClB,UAAU,CAAC;EAC3B,MAAMY,gBAAgB,CAACO,KAAK,CAAC,CAAC;EAC9B,MAAMa,UAAU,CAACb,KAAK,CAAC,CAAC;EACxB,MAAMtB,MAAM,CAACwC,aAAa,CAAC,CAACjB,WAAW,CAAC,CAAC;EACzC,MAAMvB,MAAM,CAACwC,aAAa,CAAC,CAACC,aAAa,CAAC,yCAAyC,CAAC;EACpF,MAAMD,aAAa,CAAClB,KAAK,CAAC,CAAC;EAC3B,MAAMtB,MAAM,CAACI,IAAI,CAACsC,OAAO,CAAC,2BAA2B,CAAC,CAAC,CAACD,aAAa,CAAC,2BAA2B,CAAC;EAClG,MAAM1B,gBAAgB,CAACO,KAAK,CAAC,CAAC;EAC9B,MAAMtB,MAAM,CAACI,IAAI,CAACsC,OAAO,CAAC,wBAAwB,CAAC,CAAC,CAAClB,GAAG,CAACD,WAAW,CAAC,CAAC;EACtE,MAAMnB,IAAI,CAACsC,OAAO,CAAC,oBAAoB,CAAC,CAACpB,KAAK,CAAC,CAAC;EAChD,MAAMtB,MAAM,CAACI,IAAI,CAACsC,OAAO,CAAC,kCAAkC,CAAC,CAAC,CAAClB,GAAG,CAACD,WAAW,CAAC,CAAC;AAClF,CAAC,CAAC;AAEFxB,IAAI,CAAC,yCAAyC,EAAE,OAAO;EAAEe;AAAY,CAAC,KAAK;EACzE,MAAM;IAAEqB,UAAU;IAAEC,kBAAkB;IAAEL,SAAS;IAAEhB;EAAiB,CAAC,GAAGV,SAAS;EACjF,MAAMD,IAAI,CAACiB,IAAI,CAAClB,UAAU,CAAC;EAC3B,MAAMY,gBAAgB,CAACO,KAAK,CAAC,CAAC;EAC9B,MAAMa,UAAU,CAACb,KAAK,CAAC,CAAC;EACxB,MAAMc,kBAAkB,CAACd,KAAK,CAAC,CAAC;EAChC,MAAMS,SAAS,CAACG,KAAK,CAAC,CAAC;EACvB,MAAM9B,IAAI,CAACuB,cAAc,CAAC,IAAI,CAAC;EAC/B,MAAM3B,MAAM,CAACoC,kBAAkB,CAAC,CAACZ,GAAG,CAACD,WAAW,CAAC,CAAC;AACpD,CAAC,CAAC"},"_coverageSchema":"1a1c01bbd47fc00a2c39e90264f33305004495a9","hash":"75222ade39d87f718657836f8d3278f530dce48c","contentHash":"023eb13ff0f3c5abe3c85bc5fcd70b2899ef63cee0a45757924ccc01046350f5"}}