{"/Users/rcweiler/worldview/playwright.config.js":{"path":"/Users/rcweiler/worldview/playwright.config.js","statementMap":{"0":{"start":{"line":7,"column":4},"end":{"line":7,"column":31}},"1":{"start":{"line":8,"column":0},"end":{"line":51,"column":3}}},"fnMap":{},"branchMap":{"0":{"loc":{"start":{"line":22,"column":11},"end":{"line":22,"column":33}},"type":"cond-expr","locations":[{"start":{"line":22,"column":28},"end":{"line":22,"column":29}},{"start":{"line":22,"column":32},"end":{"line":22,"column":33}}],"line":22},"1":{"loc":{"start":{"line":24,"column":11},"end":{"line":24,"column":33}},"type":"cond-expr","locations":[{"start":{"line":24,"column":28},"end":{"line":24,"column":29}},{"start":{"line":24,"column":32},"end":{"line":24,"column":33}}],"line":24}},"s":{"0":1,"1":1},"f":{},"b":{"0":[0,1],"1":[0,1]},"inputSourceMap":{"version":3,"names":["defineConfig","devices","require","module","exports","testDir","outputDir","timeout","expect","fullyParallel","forbidOnly","process","env","CI","retries","workers","reporter","use","launchOptions","slowMo","actionTimeout","trace","projects","name"],"sources":["playwright.config.js"],"sourcesContent":["// @ts-check\nconst { defineConfig, devices } = require('@playwright/test')\n\nmodule.exports = defineConfig({\n  testDir: './e2e/features',\n  outputDir: './test-results',\n  /* Maximum time one test can run for. */\n  timeout: 30 * 1000,\n  expect: {\n    /* Maximum time expect() should wait for the condition to be met. */\n    timeout: 5000\n  },\n  /* Run tests in files in parallel */\n  fullyParallel: true,\n  /* Fail the build on CI if you accidentally left test.only in the source code. */\n  forbidOnly: !!process.env.CI,\n  /* Retry on CI only */\n  retries: process.env.CI ? 2 : 0,\n  /* Opt out of parallel tests on CI. */\n  workers: process.env.CI ? 1 : 3,\n  /* Reporter to use. See https://playwright.dev/docs/test-reporters */\n  reporter: 'html',\n  use: {\n    launchOptions: {\n      slowMo: 200\n    },\n    /* Maximum time each action such as `click()` can take. Defaults to 0 (no limit). */\n    actionTimeout: 0,\n    /* Collect trace when retrying the failed test. See https://playwright.dev/docs/trace-viewer */\n    trace: 'on-first-retry'\n  },\n\n  /* Configure projects for major browsers */\n  projects: [\n    {\n      name: 'chromium',\n      use: { ...devices['Desktop Chrome'] }\n    },\n\n    {\n      name: 'firefox',\n      use: { ...devices['Desktop Firefox'] }\n    }\n  ]\n\n  /* Folder for test artifacts such as screenshots, videos, traces, etc. */\n  // outputDir: 'test-results/',\n})\n"],"mappings":";;AAAA;AACA,MAAM;EAAEA,YAAY;EAAEC;AAAQ,CAAC,GAAGC,OAAO,CAAC,kBAAkB,CAAC;AAE7DC,MAAM,CAACC,OAAO,GAAGJ,YAAY,CAAC;EAC5BK,OAAO,EAAE,gBAAgB;EACzBC,SAAS,EAAE,gBAAgB;EAC3B;EACAC,OAAO,EAAE,EAAE,GAAG,IAAI;EAClBC,MAAM,EAAE;IACN;IACAD,OAAO,EAAE;EACX,CAAC;EACD;EACAE,aAAa,EAAE,IAAI;EACnB;EACAC,UAAU,EAAE,CAAC,CAACC,OAAO,CAACC,GAAG,CAACC,EAAE;EAC5B;EACAC,OAAO,EAAEH,OAAO,CAACC,GAAG,CAACC,EAAE,GAAG,CAAC,GAAG,CAAC;EAC/B;EACAE,OAAO,EAAEJ,OAAO,CAACC,GAAG,CAACC,EAAE,GAAG,CAAC,GAAG,CAAC;EAC/B;EACAG,QAAQ,EAAE,MAAM;EAChBC,GAAG,EAAE;IACHC,aAAa,EAAE;MACbC,MAAM,EAAE;IACV,CAAC;IACD;IACAC,aAAa,EAAE,CAAC;IAChB;IACAC,KAAK,EAAE;EACT,CAAC;EAED;EACAC,QAAQ,EAAE,CACR;IACEC,IAAI,EAAE,UAAU;IAChBN,GAAG,EAAE;MAAE,GAAGhB,OAAO,CAAC,gBAAgB;IAAE;EACtC,CAAC,EAED;IACEsB,IAAI,EAAE,SAAS;IACfN,GAAG,EAAE;MAAE,GAAGhB,OAAO,CAAC,iBAAiB;IAAE;EACvC,CAAC;;EAGH;EACA;AACF,CAAC,CAAC"},"_coverageSchema":"1a1c01bbd47fc00a2c39e90264f33305004495a9","hash":"f807d98b83967da6ec6fb7322dffcbc5e5d8f32a","contentHash":"4542c4dd9b9d57e4a939294876889465442560c9646324f7c42dcd5d1d815866"},"/Users/rcweiler/worldview/e2e/features/animation/mobile-animation-test.spec.js":{"path":"/Users/rcweiler/worldview/e2e/features/animation/mobile-animation-test.spec.js","statementMap":{"0":{"start":{"line":6,"column":4},"end":{"line":6,"column":39}},"1":{"start":{"line":7,"column":24},"end":{"line":7,"column":78}},"2":{"start":{"line":10,"column":4},"end":{"line":10,"column":61}},"3":{"start":{"line":13,"column":0},"end":{"line":15,"column":3}},"4":{"start":{"line":16,"column":0},"end":{"line":27,"column":3}},"5":{"start":{"line":19,"column":18},"end":{"line":24,"column":4}},"6":{"start":{"line":25,"column":2},"end":{"line":25,"column":33}},"7":{"start":{"line":26,"column":2},"end":{"line":26,"column":36}},"8":{"start":{"line":28,"column":0},"end":{"line":30,"column":3}},"9":{"start":{"line":29,"column":2},"end":{"line":29,"column":21}},"10":{"start":{"line":31,"column":0},"end":{"line":43,"column":3}},"11":{"start":{"line":35,"column":6},"end":{"line":35,"column":15}},"12":{"start":{"line":36,"column":2},"end":{"line":36,"column":29}},"13":{"start":{"line":37,"column":2},"end":{"line":37,"column":33}},"14":{"start":{"line":38,"column":2},"end":{"line":38,"column":36}},"15":{"start":{"line":39,"column":30},"end":{"line":39,"column":74}},"16":{"start":{"line":40,"column":2},"end":{"line":40,"column":53}},"17":{"start":{"line":41,"column":25},"end":{"line":41,"column":57}},"18":{"start":{"line":42,"column":2},"end":{"line":42,"column":49}},"19":{"start":{"line":44,"column":0},"end":{"line":51,"column":3}},"20":{"start":{"line":47,"column":6},"end":{"line":47,"column":15}},"21":{"start":{"line":48,"column":2},"end":{"line":48,"column":37}},"22":{"start":{"line":49,"column":32},"end":{"line":49,"column":88}},"23":{"start":{"line":50,"column":2},"end":{"line":50,"column":52}},"24":{"start":{"line":52,"column":0},"end":{"line":60,"column":3}},"25":{"start":{"line":55,"column":6},"end":{"line":55,"column":15}},"26":{"start":{"line":56,"column":2},"end":{"line":56,"column":73}},"27":{"start":{"line":58,"column":2},"end":{"line":58,"column":35}},"28":{"start":{"line":59,"column":2},"end":{"line":59,"column":67}},"29":{"start":{"line":61,"column":0},"end":{"line":70,"column":3}},"30":{"start":{"line":64,"column":6},"end":{"line":64,"column":15}},"31":{"start":{"line":65,"column":2},"end":{"line":65,"column":36}},"32":{"start":{"line":66,"column":24},"end":{"line":66,"column":104}},"33":{"start":{"line":67,"column":22},"end":{"line":67,"column":100}},"34":{"start":{"line":68,"column":2},"end":{"line":68,"column":56}},"35":{"start":{"line":69,"column":2},"end":{"line":69,"column":54}}},"fnMap":{"0":{"name":"(anonymous_0)","decl":{"start":{"line":16,"column":15},"end":{"line":16,"column":16}},"loc":{"start":{"line":18,"column":6},"end":{"line":27,"column":1}},"line":18},"1":{"name":"(anonymous_1)","decl":{"start":{"line":28,"column":14},"end":{"line":28,"column":15}},"loc":{"start":{"line":28,"column":26},"end":{"line":30,"column":1}},"line":28},"2":{"name":"(anonymous_2)","decl":{"start":{"line":31,"column":62},"end":{"line":31,"column":63}},"loc":{"start":{"line":31,"column":74},"end":{"line":43,"column":1}},"line":31},"3":{"name":"(anonymous_3)","decl":{"start":{"line":44,"column":76},"end":{"line":44,"column":77}},"loc":{"start":{"line":44,"column":88},"end":{"line":51,"column":1}},"line":44},"4":{"name":"(anonymous_4)","decl":{"start":{"line":52,"column":73},"end":{"line":52,"column":74}},"loc":{"start":{"line":52,"column":85},"end":{"line":60,"column":1}},"line":52},"5":{"name":"(anonymous_5)","decl":{"start":{"line":61,"column":102},"end":{"line":61,"column":103}},"loc":{"start":{"line":61,"column":114},"end":{"line":70,"column":1}},"line":61}},"branchMap":{},"s":{"0":1,"1":1,"2":1,"3":1,"4":1,"5":1,"6":1,"7":1,"8":1,"9":1,"10":1,"11":1,"12":1,"13":1,"14":1,"15":1,"16":1,"17":1,"18":1,"19":1,"20":1,"21":1,"22":1,"23":1,"24":1,"25":1,"26":1,"27":1,"28":1,"29":1,"30":1,"31":1,"32":1,"33":1,"34":1,"35":1},"f":{"0":1,"1":1,"2":1,"3":1,"4":1,"5":1},"b":{},"inputSourceMap":{"version":3,"names":["test","expect","require","createSelectors","knownDate","page","selectors","describe","configure","mode","beforeAll","browser","context","newContext","viewport","width","height","newPage","afterAll","close","mobileAnimateButton","modalCloseButton","goto","click","customIntervalInput","locator","toHaveValue","dropdownToggle","toHaveText","closeMobileAnimation","collapsedPortraitView","toBeVisible","mobileDatePickerSpanText","waitForTimeout","startDateText","endDateText"],"sources":["mobile-animation-test.spec.js"],"sourcesContent":["const { test, expect } = require('playwright-test-coverage')\nconst createSelectors = require('../../test-utils/global-variables/selectors')\nconst { knownDate } = require('../../test-utils/global-variables/querystrings')\n\nlet page\nlet selectors\n\ntest.describe.configure({ mode: 'serial' })\n\ntest.beforeAll(async ({ browser }) => {\n  const context = await browser.newContext({\n    viewport: { width: 375, height: 667 }\n  })\n  page = await context.newPage()\n  selectors = createSelectors(page)\n})\n\ntest.afterAll(async () => {\n  await page.close()\n})\n\ntest('Clicking the animation widget button opens the widget', async () => {\n  const { mobileAnimateButton, modalCloseButton } = selectors\n  await page.goto(knownDate)\n  await modalCloseButton.click()\n  await mobileAnimateButton.click()\n  const customIntervalInput = page.locator('.custom-interval-delta-input')\n  await expect(customIntervalInput).toHaveValue('1')\n  const dropdownToggle = page.locator('.dropdown-toggle')\n  await expect(dropdownToggle).toHaveText('DAY')\n})\n\ntest('Minimizing mobile animation widget opens collapsed animation widget', async () => {\n  const { closeMobileAnimation } = selectors\n  await closeMobileAnimation.click()\n  const collapsedPortraitView = page.locator('#collapsed-animate-widget-phone-portrait')\n  await expect(collapsedPortraitView).toBeVisible()\n})\n\ntest('Playing the animation changes the date of the mobile date picker', async () => {\n  const { mobileDatePickerSpanText } = selectors\n  await page.locator('#collapsed-animate-widget-phone-portrait').click()\n  // this pause is the minimum amount of time needed to load & play the animation on a throttled connection\n  await page.waitForTimeout(10000)\n  await expect(mobileDatePickerSpanText).toHaveText('2019 AUG 01')\n})\n\ntest('Pressing the animation button brings up the mobile animation widget with the same information', async () => {\n  const { mobileAnimateButton } = selectors\n  await mobileAnimateButton.click()\n  const startDateText = page.locator('#mobile-animation-start-date .mobile-date-picker-select-btn span')\n  const endDateText = page.locator('#mobile-animation-end-date .mobile-date-picker-select-btn span')\n  await expect(startDateText).toHaveText('2019 JUL 22')\n  await expect(endDateText).toHaveText('2019 AUG 01')\n})\n"],"mappings":";;AAAA,MAAM;EAAEA,IAAI;EAAEC;AAAO,CAAC,GAAGC,OAAO,CAAC,0BAA0B,CAAC;AAC5D,MAAMC,eAAe,GAAGD,OAAO,CAAC,6CAA6C,CAAC;AAC9E,MAAM;EAAEE;AAAU,CAAC,GAAGF,OAAO,CAAC,gDAAgD,CAAC;AAE/E,IAAIG,IAAI;AACR,IAAIC,SAAS;AAEbN,IAAI,CAACO,QAAQ,CAACC,SAAS,CAAC;EAAEC,IAAI,EAAE;AAAS,CAAC,CAAC;AAE3CT,IAAI,CAACU,SAAS,CAAC,OAAO;EAAEC;AAAQ,CAAC,KAAK;EACpC,MAAMC,OAAO,GAAG,MAAMD,OAAO,CAACE,UAAU,CAAC;IACvCC,QAAQ,EAAE;MAAEC,KAAK,EAAE,GAAG;MAAEC,MAAM,EAAE;IAAI;EACtC,CAAC,CAAC;EACFX,IAAI,GAAG,MAAMO,OAAO,CAACK,OAAO,CAAC,CAAC;EAC9BX,SAAS,GAAGH,eAAe,CAACE,IAAI,CAAC;AACnC,CAAC,CAAC;AAEFL,IAAI,CAACkB,QAAQ,CAAC,YAAY;EACxB,MAAMb,IAAI,CAACc,KAAK,CAAC,CAAC;AACpB,CAAC,CAAC;AAEFnB,IAAI,CAAC,uDAAuD,EAAE,YAAY;EACxE,MAAM;IAAEoB,mBAAmB;IAAEC;EAAiB,CAAC,GAAGf,SAAS;EAC3D,MAAMD,IAAI,CAACiB,IAAI,CAAClB,SAAS,CAAC;EAC1B,MAAMiB,gBAAgB,CAACE,KAAK,CAAC,CAAC;EAC9B,MAAMH,mBAAmB,CAACG,KAAK,CAAC,CAAC;EACjC,MAAMC,mBAAmB,GAAGnB,IAAI,CAACoB,OAAO,CAAC,8BAA8B,CAAC;EACxE,MAAMxB,MAAM,CAACuB,mBAAmB,CAAC,CAACE,WAAW,CAAC,GAAG,CAAC;EAClD,MAAMC,cAAc,GAAGtB,IAAI,CAACoB,OAAO,CAAC,kBAAkB,CAAC;EACvD,MAAMxB,MAAM,CAAC0B,cAAc,CAAC,CAACC,UAAU,CAAC,KAAK,CAAC;AAChD,CAAC,CAAC;AAEF5B,IAAI,CAAC,qEAAqE,EAAE,YAAY;EACtF,MAAM;IAAE6B;EAAqB,CAAC,GAAGvB,SAAS;EAC1C,MAAMuB,oBAAoB,CAACN,KAAK,CAAC,CAAC;EAClC,MAAMO,qBAAqB,GAAGzB,IAAI,CAACoB,OAAO,CAAC,0CAA0C,CAAC;EACtF,MAAMxB,MAAM,CAAC6B,qBAAqB,CAAC,CAACC,WAAW,CAAC,CAAC;AACnD,CAAC,CAAC;AAEF/B,IAAI,CAAC,kEAAkE,EAAE,YAAY;EACnF,MAAM;IAAEgC;EAAyB,CAAC,GAAG1B,SAAS;EAC9C,MAAMD,IAAI,CAACoB,OAAO,CAAC,0CAA0C,CAAC,CAACF,KAAK,CAAC,CAAC;EACtE;EACA,MAAMlB,IAAI,CAAC4B,cAAc,CAAC,KAAK,CAAC;EAChC,MAAMhC,MAAM,CAAC+B,wBAAwB,CAAC,CAACJ,UAAU,CAAC,aAAa,CAAC;AAClE,CAAC,CAAC;AAEF5B,IAAI,CAAC,+FAA+F,EAAE,YAAY;EAChH,MAAM;IAAEoB;EAAoB,CAAC,GAAGd,SAAS;EACzC,MAAMc,mBAAmB,CAACG,KAAK,CAAC,CAAC;EACjC,MAAMW,aAAa,GAAG7B,IAAI,CAACoB,OAAO,CAAC,kEAAkE,CAAC;EACtG,MAAMU,WAAW,GAAG9B,IAAI,CAACoB,OAAO,CAAC,gEAAgE,CAAC;EAClG,MAAMxB,MAAM,CAACiC,aAAa,CAAC,CAACN,UAAU,CAAC,aAAa,CAAC;EACrD,MAAM3B,MAAM,CAACkC,WAAW,CAAC,CAACP,UAAU,CAAC,aAAa,CAAC;AACrD,CAAC,CAAC"},"_coverageSchema":"1a1c01bbd47fc00a2c39e90264f33305004495a9","hash":"c83b3438216e31886523727798b25de21f96c1b6","contentHash":"2a20221b4c2c3f1f09873771c71947de5331a71a7bafd228da20140a5d25e55d"},"/Users/rcweiler/worldview/e2e/test-utils/global-variables/selectors.js":{"path":"/Users/rcweiler/worldview/e2e/test-utils/global-variables/selectors.js","statementMap":{"0":{"start":{"line":3,"column":0},"end":{"line":282,"column":3}},"1":{"start":{"line":3,"column":26},"end":{"line":282,"column":1}}},"fnMap":{"0":{"name":"(anonymous_0)","decl":{"start":{"line":3,"column":17},"end":{"line":3,"column":18}},"loc":{"start":{"line":3,"column":26},"end":{"line":282,"column":1}},"line":3}},"branchMap":{},"s":{"0":1,"1":15},"f":{"0":15},"b":{},"inputSourceMap":{"version":3,"names":["module","exports","page","createGifIcon","locator","createGifButton","gifPreviewStartDate","gifPreviewEndDate","gifPreviewFrameRateValue","gifPreviewEndResolutionSelector","gifPreviewEndResolutionOption250","gifPreviewEndResolutionOption500","gifDownloadIcon","gifDownloadButton","gifResults","animationWidget","animationButtonCase","animationButton","playButton","animateYearUp","animateYearDown","yearStartInput","monthStartInput","dayStartInput","hourStartInput","minuteStartInput","yearEndInput","monthEndInput","dayEndInput","hourEndInput","minuteEndInput","animationIntervalSelector","rotationDialogOkButton","arcticRotationResetButton","mobileAnimateButton","mobileAnimationWidget","closeMobileAnimation","mobileAnimationPortraitView","mobileDatePickerSpanText","sidebarContainer","infoButton","optionsButton","infoDialog","optionsDialog","addLayers","dataDownloadTabButton","eventsSidebarTabButton","groupCheckbox","viirsFiresCheckbox","firesGroup","firesLayer","firesRemove","aodGroup","aodGroupHeader","firesGroupHeader","overlaysGroup","overlaysGroupHeader","baselayersGroup","baselayersGroupHeader","groupOptionsBtn","groupHide","groupShow","groupRemove","layerVisible","layerHidden","groupedOverlaysAllLayers","sidebarButton","sidebarContent","swipeButton","opacityButton","spyButton","aTab","bTab","swipeDragger","compareButton","compareButtonText","compareMobileSelectToggle","ModisTrueColorLayerA","ModisTrueColorLayerB","toggleButton","collapsedToggleButton","chartingButton","chartingAoiIcon","chartingDateSingleButton","chartingDateRangeButton","chartingCalendarIcon","chartingInfoIcon","measureBtn","measureMenu","measureDistanceBtn","measureAreaBtn","clearMeasurementsBtn","unitOfMeasureToggle","measurementTooltip","geoMeasurementTooltip","arcticMeasurementTooltip","downloadGeojsonBtn","downloadShapefileBtn","timelineContainer","timelineHeader","mobileDatePickerSelectButton","dragger","draggerA","draggerB","dayDown","dayUp","monthDown","monthUp","yearDown","yearUp","datePickerWheel","dateSelectorDayInput","dateSelectorMonthInput","dateSelectorYearInput","dateSelectorHourInput","dateSelectorMinuteInput","mobileDatePickerSelectBtn","rightArrow","mobileDatePickerHeader","layersModalCloseButton","aerosolOpticalDepth","layersSearchField","categoriesNav","allCategoryHeader","layersAll","layerBrowseList","layerBrowseDetail","layerSearchList","layersSearchRow","layerPickerBackButton","layerDetails","layerDetailsDateRange","layerDetailHeader","layerResultsCountText","addToMapButton","aodMeasurement","aodAllMeasurement","aodMeasurementContents","aodAllMeasurementContents","aodTabContentAquaMODIS","aodCheckbox","aodCheckboxMODIS","aodCheckboxMAIAC","aodCheckboxAquaMODIS","aquaTerraMODISTab","aquaModisTab","correctedReflectanceCheckboxContainer","correctedReflectanceChecked","weldReflectanceCheckboxContainer","weldUnavailableTooltipIcon","availableFilterCheckbox","availableFilterCheckboxInput","availableFilterTextEl","coverageTooltipIcon","scienceDisciplinesTab","aodSidebarLayer","aodMAIACSidebarLayer","filterButton","resetButton","applyButton","collapsedLayerButton","layerCount","layerContainer","sourceMetadataCollapsed","sourceMetadataExpanded","aquaTerraModisHeader","maiacHeader","sourceTabs","aodSearchRow","aodSearchCheckbox","availableFacetLabel","categoryAtmosphereLabel","categoryFacetCollapseToggle","categoryFacetChoicesContainer","measurementTemperatureLabel","measurementFacetChoices","measurementMoreButton","sourcesMERRALabel","layerFilterButton","geographicMap","arcticMap","antarcticMap","zoomInButton","zoomOutButton","mapScaleMetric","mapScaleImperial","mapRotateLeft","mapRotateReset","mapRotateRight","locationSearchToolbarButton","shareToolbarButton","projToolbarButton","snapshotToolbarButton","infoToolbarButton","distractionFreeExitBtn","shareToolbar","shareLinkInput","shareEmbedInput","embedLinkButton","locationSearchComponent","locationSearchMobileDialog","locationSearchMinimizeButton","tooltipCoordinatesContainer","tooltipCoordinatesTitle","tooltipCoordinates","tooltipCoordinatesMinimizeButton","tooltipCoordinatesCloseButton","coordinatesMapMarker","contextMenu","contextMenuCopy","contextMenuAddMarker","contextMenuDistance","contextMenuArea","contentMenuChangeUnits","selectedMarker","eventsTab","icebergEvent","listOfEvents","eventIcons","firstEvent","secondEvent","selectedFirstEvent","trackMarker","layersTab","sidebarEvent","thermAnomSNPPday","thermAnomSNPPnight","thermAnomVIIRSday","thermAnomVIIRSnight","notifyMessage","filterIcons","dustHazeIcon","volcanoesIcon","wildfiresIcon","filterDates","filterModalApply","filterModalCancel","dustSwitch","manmadeSwitch","seaLakeIceSwitch","severeStormsSwitch","snowSwitch","volcanoesSwitch","watercolorSwitch","wildfiresSwitch","mapExtentFilterCheckbox","startInputYear","startInputMonth","startInputDay","endInputYear","endInputMonth","endInputDay","dataTab","yearlyResolutionTooltip","timelineSetToYears","modalCloseButton","notificationDismissButton","overlayLayerItems","resolutionTooltip","globalSelectInput","bboxTopCoords","bboxBottomCoords","imageResolution","imageFormat","imageWorldFile","imageMaxSize"],"sources":["selectors.js"],"sourcesContent":["module.exports = (page) => ({\n  // animations\n  createGifIcon: page.locator('#wv-animation-widget-file-video-icon'),\n  createGifButton: page.locator('.gif-dialog .button-text'),\n  gifPreviewStartDate: page.locator('.gif-download-grid .grid-child:nth-child(2) span'),\n  gifPreviewEndDate: page.locator('.gif-download-grid .grid-child:nth-child(4) span'),\n  gifPreviewFrameRateValue: page.locator('.gif-download-grid .grid-child:nth-child(6) span'),\n  gifPreviewEndResolutionSelector: page.locator('.gif-selector-case #gif-resolution'),\n  gifPreviewEndResolutionOption250: page.locator('#gif-resolution option[value=\"1\"]'),\n  gifPreviewEndResolutionOption500: page.locator('#gif-resolution option[value=\"2\"]'),\n  gifDownloadIcon: page.locator('.animation-gif-dialog-wrapper .wv-button.gray'),\n  gifDownloadButton: page.locator('.animation-gif-dialog-wrapper .wv-button'),\n  gifResults: page.locator('.gif-results-dialog-case img'),\n  animationWidget: page.locator('#wv-animation-widget'),\n  animationButtonCase: page.locator('#timeline-header .animate-button'),\n  animationButton: page.locator('.animate-button'),\n  playButton: page.locator('#play-button'),\n  animateYearUp: page.locator('.wv-date-range-selector > div > div:nth-child(2) > div > svg > .uparrow'),\n  animateYearDown: page.locator('.wv-date-range-selector > div > div > div:nth-child(3) > svg > .downarrow'),\n  yearStartInput: page.locator('#year-animation-widget-start'),\n  monthStartInput: page.locator('#month-animation-widget-start'),\n  dayStartInput: page.locator('#day-animation-widget-start'),\n  hourStartInput: page.locator('#hour-animation-widget-start'),\n  minuteStartInput: page.locator('#minute-animation-widget-start'),\n  yearEndInput: page.locator('#year-animation-widget-end'),\n  monthEndInput: page.locator('#month-animation-widget-end'),\n  dayEndInput: page.locator('#day-animation-widget-end'),\n  hourEndInput: page.locator('#hour-animation-widget-end'),\n  minuteEndInput: page.locator('#minute-animation-widget-end'),\n  animationIntervalSelector: page.locator('#wv-animation-widget #current-interval'),\n  rotationDialogOkButton: page.locator('#image_download_notify_rotate .accept-notify'),\n  arcticRotationResetButton: page.locator('.wv-map-reset-rotation'),\n\n  // mobile animations\n  mobileAnimateButton: page.locator('.mobile-animate-button'),\n  mobileAnimationWidget: page.locator('.wv-animation-widget-wrapper-mobile'),\n  closeMobileAnimation: page.locator('#mobile-animation-close'),\n  mobileAnimationPortraitView: page.locator('#collapsed-animate-widget-phone-portrait'),\n  mobileDatePickerSpanText: page.locator('.mobile-date-picker-select-btn-text span'),\n\n  // sidebar, layers\n  sidebarContainer: page.locator('#products-holder'),\n  infoButton: page.locator('.wv-layers-info'),\n  optionsButton: page.locator('.wv-layers-options'),\n  infoDialog: page.locator('.layer-info-modal'),\n  optionsDialog: page.locator('.layer-settings-modal'),\n  addLayers: page.locator('#layers-add'),\n  dataDownloadTabButton: page.locator('#download-sidebar-tab'),\n  eventsSidebarTabButton: page.locator('#events-sidebar-tab'),\n  groupCheckbox: page.locator('#group-overlays-checkbox'),\n  viirsFiresCheckbox: page.locator('#VIIRS_NOAA20_Thermal_Anomalies_375m_All-checkbox'),\n  firesGroup: page.locator('#active-Fires_and_Thermal_Anomalies'),\n  firesLayer: page.locator('#active-VIIRS_NOAA20_Thermal_Anomalies_375m_All'),\n  firesRemove: page.locator('#close-activeVIIRS_NOAA20_Thermal_Anomalies_375m_All'),\n  aodGroup: page.locator('#active-Aerosol_Optical_Depth'),\n  aodGroupHeader: page.locator('#active-Aerosol_Optical_Depth .layer-group-header'),\n  firesGroupHeader: page.locator('#active-Fires_and_Thermal_Anomalies .layer-group-header'),\n  overlaysGroup: page.locator('#active-overlays'),\n  overlaysGroupHeader: page.locator('#active-overlays .layer-group-header'),\n  baselayersGroup: page.locator('#active-baselayers'),\n  baselayersGroupHeader: page.locator('#active-baselayers .layer-group-header'),\n  groupOptionsBtn: page.locator('.layer-group-more-options > button'),\n  groupHide: page.locator('.layer-group-more-options #hide-all'),\n  groupShow: page.locator('.layer-group-more-options #show-all'),\n  groupRemove: page.locator('.layer-group-more-options #remove-group'),\n  layerVisible: page.locator('li.layer-visible'),\n  layerHidden: page.locator('li.layer-hidden'),\n  groupedOverlaysAllLayers: page.locator('.layer-container > ul .item.productsitem'),\n  sidebarButton: page.locator('#accordion-toggler-button'),\n  sidebarContent: page.locator('#products-holder'),\n\n  // compare\n  swipeButton: page.locator('#compare-swipe-button'),\n  opacityButton: page.locator('#compare-opacity-button'),\n  spyButton: page.locator('#compare-spy-button'),\n  aTab: page.locator('.ab-tabs-case .ab-tab.first-tab'),\n  bTab: page.locator('.ab-tabs-case .ab-tab.second-tab'),\n  swipeDragger: page.locator('.ab-swipe-line .ab-swipe-dragger'),\n  compareButton: page.locator('#compare-toggle-button'),\n  compareButtonText: page.locator('#compare-toggle-button > span'),\n  compareMobileSelectToggle: page.locator('.comparison-mobile-select-toggle'),\n  ModisTrueColorLayerA: page.locator('#active-MODIS_Terra_CorrectedReflectance_TrueColor'),\n  ModisTrueColorLayerB: page.locator('#activeB-MODIS_Terra_CorrectedReflectance_TrueColor'),\n  toggleButton: page.locator('#toggleIconHolder'),\n  collapsedToggleButton: page.locator('#accordion-toggler-button'),\n\n  // charting\n  chartingButton: page.locator('#chart-toggle-button'),\n  chartingAoiIcon: page.locator('#wv-charting-mode-container > div.charting-aoi-container > svg'),\n  chartingDateSingleButton: page.locator('#charting-date-single-button'),\n  chartingDateRangeButton: page.locator('#charting-date-range-button'),\n  chartingCalendarIcon: page.locator('#charting-calendar-container > svg'),\n  chartingInfoIcon: page.locator('#charting-info-container > svg'),\n\n  // measure\n  measureBtn: page.locator('#wv-measure-button'),\n  measureMenu: page.locator('#measure_menu'),\n  measureDistanceBtn: page.locator('#measure-distance-button'),\n  measureAreaBtn: page.locator('#measure-area-button'),\n  clearMeasurementsBtn: page.locator('#clear-measurements-button'),\n  unitOfMeasureToggle: page.locator('#unit-toggle'),\n  measurementTooltip: page.locator('.tooltip-measure'),\n  geoMeasurementTooltip: page.locator('#wv-map-geographic .tooltip-measure'),\n  arcticMeasurementTooltip: page.locator('#wv-map-arctic .tooltip-measure'),\n  downloadGeojsonBtn: page.locator('#download-geojson-button'),\n  downloadShapefileBtn: page.locator('#download-shapefiles-button'),\n\n  // timeline\n  timelineContainer: page.locator('.timeline-container'),\n  timelineHeader: page.locator('#timeline-header'),\n  mobileDatePickerSelectButton: page.locator('.mobile-date-picker-select-btn'),\n  dragger: page.locator('.timeline-dragger'),\n  draggerA: page.locator('.timeline-dragger.draggerA'),\n  draggerB: page.locator('.timeline-dragger.draggerB'),\n  dayDown: page.locator('.input-wrapper-day > div.date-arrows.date-arrow-down'),\n  dayUp: page.locator('.input-wrapper-day > div.date-arrows.date-arrow-up'),\n  monthDown: page.locator('.input-wrapper-month > div.date-arrows.date-arrow-down'),\n  monthUp: page.locator('.input-wrapper-month > div.date-arrows.date-arrow-up'),\n  yearDown: page.locator('.input-wrapper-year > div.date-arrows.date-arrow-down'),\n  yearUp: page.locator('.input-wrapper-year > div.date-arrows.date-arrow-up'),\n  datePickerWheel: page.locator('.datepicker-modal .datepicker-wheel'),\n  dateSelectorDayInput: page.locator('#date-selector-main .input-wrapper-day input'),\n  dateSelectorMonthInput: page.locator('#date-selector-main .input-wrapper-month input'),\n  dateSelectorYearInput: page.locator('#date-selector-main .input-wrapper-year input'),\n  dateSelectorHourInput: page.locator('#date-selector-main .input-wrapper-hour input'),\n  dateSelectorMinuteInput: page.locator('#date-selector-main .input-wrapper-minute input'),\n  mobileDatePickerSelectBtn: page.locator('.mobile-date-picker-select-btn'),\n  rightArrow: page.locator('#right-arrow-group'),\n  mobileDatePickerHeader: page.locator('.datepicker .datepicker-header .datepicker-header'),\n\n  // layers\n  layersModalCloseButton: page.locator('.layer-btn-close'),\n  aerosolOpticalDepth: page.locator('#legacy-all #layer-category-item-legacy-all-aerosol-optical-depth'),\n  layersSearchField: page.locator('input#layers-search-input'),\n  categoriesNav: page.locator('#categories-nav'),\n  allCategoryHeader: page.locator('#legacy-all h3'),\n  layersAll: page.locator('.layers-all-layer'),\n  layerBrowseList: page.locator('.layer-list-container.browse'),\n  layerBrowseDetail: page.locator('.layer-detail-container.browse'),\n  layerSearchList: page.locator('.layer-list-container.search'),\n  layersSearchRow: page.locator('.search-row.layers-all-layer'),\n  layerPickerBackButton: page.locator('#layer-search .back-button'),\n  layerDetails: page.locator('.layer-detail-container'),\n  layerDetailsDateRange: page.locator('.source-metadata .layer-date-range'),\n  layerDetailHeader: page.locator('.layer-detail-container .layers-all-header'),\n  layerResultsCountText: page.locator('.header-filter-container .results-text'),\n  addToMapButton: page.locator('.layer-detail-container .add-to-map-btn'),\n  aodMeasurement: page.locator('#layer-category-item-atmosphere-aerosol-optical-depth'),\n  aodAllMeasurement: page.locator('#layer-category-item-legacy-all-aerosol-optical-depth'),\n  aodMeasurementContents: page.locator('#accordion-atmosphere-aerosol-optical-depth .measure-row-contents'),\n  aodAllMeasurementContents: page.locator('#accordion-legacy-all-aerosol-optical-depth'),\n  aodTabContentAquaMODIS: page.locator('#aerosol-optical-depth-aqua-modis'),\n  aodCheckbox: page.locator('#MODIS_Aqua_Aerosol-checkbox'),\n  aodCheckboxMODIS: page.locator('#MODIS_Combined_Value_Added_AOD-checkbox'),\n  aodCheckboxMAIAC: page.locator('#MODIS_Combined_MAIAC_L2G_AerosolOpticalDepth-checkbox'),\n  aodCheckboxAquaMODIS: page.locator('#MODIS_Aqua_Aerosol-checkbox'),\n  aquaTerraMODISTab: page.locator('#aqua-terra-modis-0-source-Nav'),\n  aquaModisTab: page.locator('#aqua-modis-1-source-Nav'),\n  correctedReflectanceCheckboxContainer: page.locator('#checkbox-case-MODIS_Aqua_CorrectedReflectance_TrueColor'),\n  correctedReflectanceChecked: page.locator('#checkbox-case-MODIS_Aqua_CorrectedReflectance_TrueColor .wv-checkbox.checked'),\n  weldReflectanceCheckboxContainer: page.locator('#checkbox-case-Landsat_WELD_CorrectedReflectance_TrueColor_Global_Monthly'),\n  weldUnavailableTooltipIcon: page.locator('#checkbox-case-Landsat_WELD_CorrectedReflectance_TrueColor_Global_Monthly #availability-info'),\n  availableFilterCheckbox: page.locator('#coverage-facet .sui-multi-checkbox-facet__option-input-wrapper:first-of-type'),\n  availableFilterCheckboxInput: page.locator('#coverage-facet .sui-multi-checkbox-facet__option-input-wrapper:first-of-type input'),\n  availableFilterTextEl: page.locator('#coverage-facet .sui-multi-checkbox-facet__option-input-wrapper:first-of-type > span'),\n  coverageTooltipIcon: page.locator('#coverage-facet svg.facet-tooltip'),\n  scienceDisciplinesTab: page.locator('#categories-nav .nav-item:nth-child(2)'),\n  aodSidebarLayer: page.locator('#active-MODIS_Combined_Value_Added_AOD'),\n  aodMAIACSidebarLayer: page.locator('#active-MODIS_Combined_MAIAC_L2G_AerosolOpticalDepth'),\n  filterButton: page.locator('.btn.filter-button'),\n  resetButton: page.locator('.btn.clear-filters'),\n  applyButton: page.locator('.btn.apply-facets'),\n  collapsedLayerButton: page.locator('#accordion-toggler-button'),\n  layerCount: page.locator('.layer-count.mobile'),\n  layerContainer: page.locator('.layer-container.sidebar-panel'),\n  sourceMetadataCollapsed: page.locator('.source-metadata.overflow'),\n  sourceMetadataExpanded: page.locator('.source-metadata'),\n  aquaTerraModisHeader: page.locator('#aboutaerosolopticaldepthaod'),\n  maiacHeader: page.locator('#aerosol-optical-depth-aqua-terra-modis h3:last-of-type'),\n  sourceTabs: page.locator('.source-nav-item'),\n  aodSearchRow: page.locator('#MODIS_Aqua_Aerosol-search-row'),\n  aodSearchCheckbox: page.locator('#MODIS_Aqua_Aerosol-search-row > .wv-checkbox'),\n  availableFacetLabel: page.locator('#coverage-facet .sui-multi-checkbox-facet label:nth-child(1)'),\n  categoryAtmosphereLabel: page.locator('#categories-facet [for=\"example_facet_CategoryAtmosphere\"]'),\n  categoryFacetCollapseToggle: page.locator('#categories-facet .facet-collapse-toggle'),\n  categoryFacetChoicesContainer: page.locator('#categories-facet .sui-multi-checkbox-facet'),\n  measurementTemperatureLabel: page.locator('#measurements-facet [for=\"example_facet_MeasurementsTemperature\"]'),\n  measurementFacetChoices: page.locator('#measurements-facet .sui-multi-checkbox-facet > label'),\n  measurementMoreButton: page.locator('#measurements-facet .sui-facet-view-more'),\n  sourcesMERRALabel: page.locator('#sources-facet [for=\"example_facet_SourceMERRA-2\"]'),\n  layerFilterButton: page.locator('#layer-filter-button'),\n\n  // map\n  geographicMap: page.locator('#wv-map-geographic'),\n  arcticMap: page.locator('#wv-map-arctic'),\n  antarcticMap: page.locator('#wv-map-antarctic'),\n  zoomInButton: page.locator('.wv-map-zoom-in'),\n  zoomOutButton: page.locator('.wv-map-zoom-out'),\n  mapScaleMetric: page.locator('.wv-map-scale-metric'),\n  mapScaleImperial: page.locator('.wv-map-scale-imperial'),\n  mapRotateLeft: page.locator('.wv-map-rotate-left'),\n  mapRotateReset: page.locator('.wv-map-reset-rotation'),\n  mapRotateRight: page.locator('.wv-map-rotate-right'),\n\n  // ui toolbar\n  locationSearchToolbarButton: page.locator('#wv-location-search-button'),\n  shareToolbarButton: page.locator('#wv-share-button'),\n  projToolbarButton: page.locator('#wv-proj-button'),\n  snapshotToolbarButton: page.locator('#wv-image-button'),\n  infoToolbarButton: page.locator('#wv-info-button'),\n  distractionFreeExitBtn: page.locator('#wv-exit-distraction-free-mode-button'),\n\n  // share\n  shareToolbar: page.locator('#toolbar_share'),\n  shareLinkInput: page.locator('#permalink-content-link'),\n  shareEmbedInput: page.locator('#permalink-content-embed'),\n  embedLinkButton: page.locator('#wv-embed-link-button'),\n\n  // Location Search\n  locationSearchComponent: page.locator('.location-search-component'),\n  locationSearchMobileDialog: page.locator('#toolbar_location_search_mobile'),\n  locationSearchMinimizeButton: page.locator('.location-search-minimize-button'),\n  tooltipCoordinatesContainer: page.locator('.tooltip-coordinates-container'),\n  tooltipCoordinatesTitle: page.locator('.tooltip-coordinates-title'),\n  tooltipCoordinates: page.locator('.tooltip-coordinates'),\n  tooltipCoordinatesMinimizeButton: page.locator('.minimize-coordinates-tooltip'),\n  tooltipCoordinatesCloseButton: page.locator('.close-coordinates-tooltip'),\n  coordinatesMapMarker: page.locator('.coordinates-map-marker'),\n\n  // Context Menu\n  contextMenu: page.locator('#context-menu'),\n  contextMenuCopy: page.locator('#copy-coordinates-to-clipboard-button'),\n  contextMenuAddMarker: page.locator('#context-menu-add-marker'),\n  contextMenuDistance: page.locator('#context-menu-measure-distance'),\n  contextMenuArea: page.locator('#context-menu-measure-area'),\n  contentMenuChangeUnits: page.locator('#context-menu-change-units'),\n\n  // marker\n  selectedMarker: page.locator('.marker.selected'),\n\n  // events\n  eventsTab: page.locator('#events-sidebar-tab'),\n  icebergEvent: page.locator('#wv-events #sidebar-event-EONET_2703'),\n  listOfEvents: page.locator('#wv-events ul.map-item-list'),\n  eventIcons: page.locator('.marker .event-icon'),\n  firstEvent: page.locator('#wv-events ul.map-item-list .item:first-child h4'),\n  secondEvent: page.locator('#wv-events #sidebar-event-EONET_99999'),\n  selectedFirstEvent: page.locator('#wv-events ul.map-item-list .item-selected:first-child h4'),\n  trackMarker: page.locator('.track-marker'),\n  layersTab: page.locator('#layers-sidebar-tab'),\n  sidebarEvent: page.locator('#sidebar-event-EONET_3931'),\n  thermAnomSNPPday: page.locator('#active-VIIRS_SNPP_Thermal_Anomalies_375m_Night'),\n  thermAnomSNPPnight: page.locator('#active-VIIRS_SNPP_Thermal_Anomalies_375m_Day'),\n  thermAnomVIIRSday: page.locator('#active-VIIRS_NOAA20_Thermal_Anomalies_375m_Day'),\n  thermAnomVIIRSnight: page.locator('#active-VIIRS_NOAA20_Thermal_Anomalies_375m_Night'),\n  notifyMessage: page.locator('.wv-alert .alert-content'),\n  filterIcons: page.locator('.filter-icons > div > .event-icon'),\n  dustHazeIcon: page.locator('.filter-icons > div > #filter-dust-and-haze'),\n  volcanoesIcon: page.locator('.filter-icons > div > #filter-volcanoes'),\n  wildfiresIcon: page.locator('.filter-icons > div >#filter-wildfires'),\n  filterDates: page.locator('.filter-dates'),\n  filterModalApply: page.locator('#filter-apply-btn'),\n  filterModalCancel: page.locator('#filter-cancel-btn'),\n  dustSwitch: page.locator('#dustHaze-switch'),\n  manmadeSwitch: page.locator('#manmade-switch'),\n  seaLakeIceSwitch: page.locator('#seaLakeIce-switch'),\n  severeStormsSwitch: page.locator('#severeStorms-switch'),\n  snowSwitch: page.locator('#snow-switch'),\n  volcanoesSwitch: page.locator('#volcanoes-switch'),\n  watercolorSwitch: page.locator('#waterColor-switch'),\n  wildfiresSwitch: page.locator('#wildfires-switch'),\n  mapExtentFilterCheckbox: page.locator('#map-extent-filter'),\n  startInputYear: page.locator('#year-event-filter-start'),\n  startInputMonth: page.locator('#month-event-filter-start'),\n  startInputDay: page.locator('#day-event-filter-start'),\n  endInputYear: page.locator('#year-event-filter-end'),\n  endInputMonth: page.locator('#month-event-filter-end'),\n  endInputDay: page.locator('#day-event-filter-end'),\n\n  // globals\n  dataTab: page.locator('#download-sidebar-tab'),\n  yearlyResolutionTooltip: page.locator('#zoom-years'),\n  timelineSetToYears: page.locator('#current-zoom.zoom-years'),\n  modalCloseButton: page.locator('.modal-close-btn'),\n  notificationDismissButton: page.locator('.wv-alert .close-alert .fa-times'),\n  overlayLayerItems: page.locator('#overlays li'),\n  resolutionTooltip: page.locator('#zoom-btn-container'),\n  globalSelectInput: page.locator('#image-global-cb'),\n  bboxTopCoords: page.locator('#wv-image-top'),\n  bboxBottomCoords: page.locator('#wv-image-bottom'),\n  imageResolution: page.locator('#wv-image-resolution'),\n  imageFormat: page.locator('#wv-image-format'),\n  imageWorldFile: page.locator('#wv-image-worldfile'),\n  imageMaxSize: page.locator('.wv-image-max-size')\n})\n"],"mappings":";;AAAAA,MAAM,CAACC,OAAO,GAAIC,IAAI,KAAM;EAC1B;EACAC,aAAa,EAAED,IAAI,CAACE,OAAO,CAAC,sCAAsC,CAAC;EACnEC,eAAe,EAAEH,IAAI,CAACE,OAAO,CAAC,0BAA0B,CAAC;EACzDE,mBAAmB,EAAEJ,IAAI,CAACE,OAAO,CAAC,kDAAkD,CAAC;EACrFG,iBAAiB,EAAEL,IAAI,CAACE,OAAO,CAAC,kDAAkD,CAAC;EACnFI,wBAAwB,EAAEN,IAAI,CAACE,OAAO,CAAC,kDAAkD,CAAC;EAC1FK,+BAA+B,EAAEP,IAAI,CAACE,OAAO,CAAC,oCAAoC,CAAC;EACnFM,gCAAgC,EAAER,IAAI,CAACE,OAAO,CAAC,mCAAmC,CAAC;EACnFO,gCAAgC,EAAET,IAAI,CAACE,OAAO,CAAC,mCAAmC,CAAC;EACnFQ,eAAe,EAAEV,IAAI,CAACE,OAAO,CAAC,+CAA+C,CAAC;EAC9ES,iBAAiB,EAAEX,IAAI,CAACE,OAAO,CAAC,0CAA0C,CAAC;EAC3EU,UAAU,EAAEZ,IAAI,CAACE,OAAO,CAAC,8BAA8B,CAAC;EACxDW,eAAe,EAAEb,IAAI,CAACE,OAAO,CAAC,sBAAsB,CAAC;EACrDY,mBAAmB,EAAEd,IAAI,CAACE,OAAO,CAAC,kCAAkC,CAAC;EACrEa,eAAe,EAAEf,IAAI,CAACE,OAAO,CAAC,iBAAiB,CAAC;EAChDc,UAAU,EAAEhB,IAAI,CAACE,OAAO,CAAC,cAAc,CAAC;EACxCe,aAAa,EAAEjB,IAAI,CAACE,OAAO,CAAC,yEAAyE,CAAC;EACtGgB,eAAe,EAAElB,IAAI,CAACE,OAAO,CAAC,2EAA2E,CAAC;EAC1GiB,cAAc,EAAEnB,IAAI,CAACE,OAAO,CAAC,8BAA8B,CAAC;EAC5DkB,eAAe,EAAEpB,IAAI,CAACE,OAAO,CAAC,+BAA+B,CAAC;EAC9DmB,aAAa,EAAErB,IAAI,CAACE,OAAO,CAAC,6BAA6B,CAAC;EAC1DoB,cAAc,EAAEtB,IAAI,CAACE,OAAO,CAAC,8BAA8B,CAAC;EAC5DqB,gBAAgB,EAAEvB,IAAI,CAACE,OAAO,CAAC,gCAAgC,CAAC;EAChEsB,YAAY,EAAExB,IAAI,CAACE,OAAO,CAAC,4BAA4B,CAAC;EACxDuB,aAAa,EAAEzB,IAAI,CAACE,OAAO,CAAC,6BAA6B,CAAC;EAC1DwB,WAAW,EAAE1B,IAAI,CAACE,OAAO,CAAC,2BAA2B,CAAC;EACtDyB,YAAY,EAAE3B,IAAI,CAACE,OAAO,CAAC,4BAA4B,CAAC;EACxD0B,cAAc,EAAE5B,IAAI,CAACE,OAAO,CAAC,8BAA8B,CAAC;EAC5D2B,yBAAyB,EAAE7B,IAAI,CAACE,OAAO,CAAC,wCAAwC,CAAC;EACjF4B,sBAAsB,EAAE9B,IAAI,CAACE,OAAO,CAAC,8CAA8C,CAAC;EACpF6B,yBAAyB,EAAE/B,IAAI,CAACE,OAAO,CAAC,wBAAwB,CAAC;EAEjE;EACA8B,mBAAmB,EAAEhC,IAAI,CAACE,OAAO,CAAC,wBAAwB,CAAC;EAC3D+B,qBAAqB,EAAEjC,IAAI,CAACE,OAAO,CAAC,qCAAqC,CAAC;EAC1EgC,oBAAoB,EAAElC,IAAI,CAACE,OAAO,CAAC,yBAAyB,CAAC;EAC7DiC,2BAA2B,EAAEnC,IAAI,CAACE,OAAO,CAAC,0CAA0C,CAAC;EACrFkC,wBAAwB,EAAEpC,IAAI,CAACE,OAAO,CAAC,0CAA0C,CAAC;EAElF;EACAmC,gBAAgB,EAAErC,IAAI,CAACE,OAAO,CAAC,kBAAkB,CAAC;EAClDoC,UAAU,EAAEtC,IAAI,CAACE,OAAO,CAAC,iBAAiB,CAAC;EAC3CqC,aAAa,EAAEvC,IAAI,CAACE,OAAO,CAAC,oBAAoB,CAAC;EACjDsC,UAAU,EAAExC,IAAI,CAACE,OAAO,CAAC,mBAAmB,CAAC;EAC7CuC,aAAa,EAAEzC,IAAI,CAACE,OAAO,CAAC,uBAAuB,CAAC;EACpDwC,SAAS,EAAE1C,IAAI,CAACE,OAAO,CAAC,aAAa,CAAC;EACtCyC,qBAAqB,EAAE3C,IAAI,CAACE,OAAO,CAAC,uBAAuB,CAAC;EAC5D0C,sBAAsB,EAAE5C,IAAI,CAACE,OAAO,CAAC,qBAAqB,CAAC;EAC3D2C,aAAa,EAAE7C,IAAI,CAACE,OAAO,CAAC,0BAA0B,CAAC;EACvD4C,kBAAkB,EAAE9C,IAAI,CAACE,OAAO,CAAC,mDAAmD,CAAC;EACrF6C,UAAU,EAAE/C,IAAI,CAACE,OAAO,CAAC,qCAAqC,CAAC;EAC/D8C,UAAU,EAAEhD,IAAI,CAACE,OAAO,CAAC,iDAAiD,CAAC;EAC3E+C,WAAW,EAAEjD,IAAI,CAACE,OAAO,CAAC,sDAAsD,CAAC;EACjFgD,QAAQ,EAAElD,IAAI,CAACE,OAAO,CAAC,+BAA+B,CAAC;EACvDiD,cAAc,EAAEnD,IAAI,CAACE,OAAO,CAAC,mDAAmD,CAAC;EACjFkD,gBAAgB,EAAEpD,IAAI,CAACE,OAAO,CAAC,yDAAyD,CAAC;EACzFmD,aAAa,EAAErD,IAAI,CAACE,OAAO,CAAC,kBAAkB,CAAC;EAC/CoD,mBAAmB,EAAEtD,IAAI,CAACE,OAAO,CAAC,sCAAsC,CAAC;EACzEqD,eAAe,EAAEvD,IAAI,CAACE,OAAO,CAAC,oBAAoB,CAAC;EACnDsD,qBAAqB,EAAExD,IAAI,CAACE,OAAO,CAAC,wCAAwC,CAAC;EAC7EuD,eAAe,EAAEzD,IAAI,CAACE,OAAO,CAAC,oCAAoC,CAAC;EACnEwD,SAAS,EAAE1D,IAAI,CAACE,OAAO,CAAC,qCAAqC,CAAC;EAC9DyD,SAAS,EAAE3D,IAAI,CAACE,OAAO,CAAC,qCAAqC,CAAC;EAC9D0D,WAAW,EAAE5D,IAAI,CAACE,OAAO,CAAC,yCAAyC,CAAC;EACpE2D,YAAY,EAAE7D,IAAI,CAACE,OAAO,CAAC,kBAAkB,CAAC;EAC9C4D,WAAW,EAAE9D,IAAI,CAACE,OAAO,CAAC,iBAAiB,CAAC;EAC5C6D,wBAAwB,EAAE/D,IAAI,CAACE,OAAO,CAAC,0CAA0C,CAAC;EAClF8D,aAAa,EAAEhE,IAAI,CAACE,OAAO,CAAC,2BAA2B,CAAC;EACxD+D,cAAc,EAAEjE,IAAI,CAACE,OAAO,CAAC,kBAAkB,CAAC;EAEhD;EACAgE,WAAW,EAAElE,IAAI,CAACE,OAAO,CAAC,uBAAuB,CAAC;EAClDiE,aAAa,EAAEnE,IAAI,CAACE,OAAO,CAAC,yBAAyB,CAAC;EACtDkE,SAAS,EAAEpE,IAAI,CAACE,OAAO,CAAC,qBAAqB,CAAC;EAC9CmE,IAAI,EAAErE,IAAI,CAACE,OAAO,CAAC,iCAAiC,CAAC;EACrDoE,IAAI,EAAEtE,IAAI,CAACE,OAAO,CAAC,kCAAkC,CAAC;EACtDqE,YAAY,EAAEvE,IAAI,CAACE,OAAO,CAAC,kCAAkC,CAAC;EAC9DsE,aAAa,EAAExE,IAAI,CAACE,OAAO,CAAC,wBAAwB,CAAC;EACrDuE,iBAAiB,EAAEzE,IAAI,CAACE,OAAO,CAAC,+BAA+B,CAAC;EAChEwE,yBAAyB,EAAE1E,IAAI,CAACE,OAAO,CAAC,kCAAkC,CAAC;EAC3EyE,oBAAoB,EAAE3E,IAAI,CAACE,OAAO,CAAC,oDAAoD,CAAC;EACxF0E,oBAAoB,EAAE5E,IAAI,CAACE,OAAO,CAAC,qDAAqD,CAAC;EACzF2E,YAAY,EAAE7E,IAAI,CAACE,OAAO,CAAC,mBAAmB,CAAC;EAC/C4E,qBAAqB,EAAE9E,IAAI,CAACE,OAAO,CAAC,2BAA2B,CAAC;EAEhE;EACA6E,cAAc,EAAE/E,IAAI,CAACE,OAAO,CAAC,sBAAsB,CAAC;EACpD8E,eAAe,EAAEhF,IAAI,CAACE,OAAO,CAAC,gEAAgE,CAAC;EAC/F+E,wBAAwB,EAAEjF,IAAI,CAACE,OAAO,CAAC,8BAA8B,CAAC;EACtEgF,uBAAuB,EAAElF,IAAI,CAACE,OAAO,CAAC,6BAA6B,CAAC;EACpEiF,oBAAoB,EAAEnF,IAAI,CAACE,OAAO,CAAC,oCAAoC,CAAC;EACxEkF,gBAAgB,EAAEpF,IAAI,CAACE,OAAO,CAAC,gCAAgC,CAAC;EAEhE;EACAmF,UAAU,EAAErF,IAAI,CAACE,OAAO,CAAC,oBAAoB,CAAC;EAC9CoF,WAAW,EAAEtF,IAAI,CAACE,OAAO,CAAC,eAAe,CAAC;EAC1CqF,kBAAkB,EAAEvF,IAAI,CAACE,OAAO,CAAC,0BAA0B,CAAC;EAC5DsF,cAAc,EAAExF,IAAI,CAACE,OAAO,CAAC,sBAAsB,CAAC;EACpDuF,oBAAoB,EAAEzF,IAAI,CAACE,OAAO,CAAC,4BAA4B,CAAC;EAChEwF,mBAAmB,EAAE1F,IAAI,CAACE,OAAO,CAAC,cAAc,CAAC;EACjDyF,kBAAkB,EAAE3F,IAAI,CAACE,OAAO,CAAC,kBAAkB,CAAC;EACpD0F,qBAAqB,EAAE5F,IAAI,CAACE,OAAO,CAAC,qCAAqC,CAAC;EAC1E2F,wBAAwB,EAAE7F,IAAI,CAACE,OAAO,CAAC,iCAAiC,CAAC;EACzE4F,kBAAkB,EAAE9F,IAAI,CAACE,OAAO,CAAC,0BAA0B,CAAC;EAC5D6F,oBAAoB,EAAE/F,IAAI,CAACE,OAAO,CAAC,6BAA6B,CAAC;EAEjE;EACA8F,iBAAiB,EAAEhG,IAAI,CAACE,OAAO,CAAC,qBAAqB,CAAC;EACtD+F,cAAc,EAAEjG,IAAI,CAACE,OAAO,CAAC,kBAAkB,CAAC;EAChDgG,4BAA4B,EAAElG,IAAI,CAACE,OAAO,CAAC,gCAAgC,CAAC;EAC5EiG,OAAO,EAAEnG,IAAI,CAACE,OAAO,CAAC,mBAAmB,CAAC;EAC1CkG,QAAQ,EAAEpG,IAAI,CAACE,OAAO,CAAC,4BAA4B,CAAC;EACpDmG,QAAQ,EAAErG,IAAI,CAACE,OAAO,CAAC,4BAA4B,CAAC;EACpDoG,OAAO,EAAEtG,IAAI,CAACE,OAAO,CAAC,sDAAsD,CAAC;EAC7EqG,KAAK,EAAEvG,IAAI,CAACE,OAAO,CAAC,oDAAoD,CAAC;EACzEsG,SAAS,EAAExG,IAAI,CAACE,OAAO,CAAC,wDAAwD,CAAC;EACjFuG,OAAO,EAAEzG,IAAI,CAACE,OAAO,CAAC,sDAAsD,CAAC;EAC7EwG,QAAQ,EAAE1G,IAAI,CAACE,OAAO,CAAC,uDAAuD,CAAC;EAC/EyG,MAAM,EAAE3G,IAAI,CAACE,OAAO,CAAC,qDAAqD,CAAC;EAC3E0G,eAAe,EAAE5G,IAAI,CAACE,OAAO,CAAC,qCAAqC,CAAC;EACpE2G,oBAAoB,EAAE7G,IAAI,CAACE,OAAO,CAAC,8CAA8C,CAAC;EAClF4G,sBAAsB,EAAE9G,IAAI,CAACE,OAAO,CAAC,gDAAgD,CAAC;EACtF6G,qBAAqB,EAAE/G,IAAI,CAACE,OAAO,CAAC,+CAA+C,CAAC;EACpF8G,qBAAqB,EAAEhH,IAAI,CAACE,OAAO,CAAC,+CAA+C,CAAC;EACpF+G,uBAAuB,EAAEjH,IAAI,CAACE,OAAO,CAAC,iDAAiD,CAAC;EACxFgH,yBAAyB,EAAElH,IAAI,CAACE,OAAO,CAAC,gCAAgC,CAAC;EACzEiH,UAAU,EAAEnH,IAAI,CAACE,OAAO,CAAC,oBAAoB,CAAC;EAC9CkH,sBAAsB,EAAEpH,IAAI,CAACE,OAAO,CAAC,mDAAmD,CAAC;EAEzF;EACAmH,sBAAsB,EAAErH,IAAI,CAACE,OAAO,CAAC,kBAAkB,CAAC;EACxDoH,mBAAmB,EAAEtH,IAAI,CAACE,OAAO,CAAC,mEAAmE,CAAC;EACtGqH,iBAAiB,EAAEvH,IAAI,CAACE,OAAO,CAAC,2BAA2B,CAAC;EAC5DsH,aAAa,EAAExH,IAAI,CAACE,OAAO,CAAC,iBAAiB,CAAC;EAC9CuH,iBAAiB,EAAEzH,IAAI,CAACE,OAAO,CAAC,gBAAgB,CAAC;EACjDwH,SAAS,EAAE1H,IAAI,CAACE,OAAO,CAAC,mBAAmB,CAAC;EAC5CyH,eAAe,EAAE3H,IAAI,CAACE,OAAO,CAAC,8BAA8B,CAAC;EAC7D0H,iBAAiB,EAAE5H,IAAI,CAACE,OAAO,CAAC,gCAAgC,CAAC;EACjE2H,eAAe,EAAE7H,IAAI,CAACE,OAAO,CAAC,8BAA8B,CAAC;EAC7D4H,eAAe,EAAE9H,IAAI,CAACE,OAAO,CAAC,8BAA8B,CAAC;EAC7D6H,qBAAqB,EAAE/H,IAAI,CAACE,OAAO,CAAC,4BAA4B,CAAC;EACjE8H,YAAY,EAAEhI,IAAI,CAACE,OAAO,CAAC,yBAAyB,CAAC;EACrD+H,qBAAqB,EAAEjI,IAAI,CAACE,OAAO,CAAC,oCAAoC,CAAC;EACzEgI,iBAAiB,EAAElI,IAAI,CAACE,OAAO,CAAC,4CAA4C,CAAC;EAC7EiI,qBAAqB,EAAEnI,IAAI,CAACE,OAAO,CAAC,wCAAwC,CAAC;EAC7EkI,cAAc,EAAEpI,IAAI,CAACE,OAAO,CAAC,yCAAyC,CAAC;EACvEmI,cAAc,EAAErI,IAAI,CAACE,OAAO,CAAC,uDAAuD,CAAC;EACrFoI,iBAAiB,EAAEtI,IAAI,CAACE,OAAO,CAAC,uDAAuD,CAAC;EACxFqI,sBAAsB,EAAEvI,IAAI,CAACE,OAAO,CAAC,mEAAmE,CAAC;EACzGsI,yBAAyB,EAAExI,IAAI,CAACE,OAAO,CAAC,6CAA6C,CAAC;EACtFuI,sBAAsB,EAAEzI,IAAI,CAACE,OAAO,CAAC,mCAAmC,CAAC;EACzEwI,WAAW,EAAE1I,IAAI,CAACE,OAAO,CAAC,8BAA8B,CAAC;EACzDyI,gBAAgB,EAAE3I,IAAI,CAACE,OAAO,CAAC,0CAA0C,CAAC;EAC1E0I,gBAAgB,EAAE5I,IAAI,CAACE,OAAO,CAAC,wDAAwD,CAAC;EACxF2I,oBAAoB,EAAE7I,IAAI,CAACE,OAAO,CAAC,8BAA8B,CAAC;EAClE4I,iBAAiB,EAAE9I,IAAI,CAACE,OAAO,CAAC,gCAAgC,CAAC;EACjE6I,YAAY,EAAE/I,IAAI,CAACE,OAAO,CAAC,0BAA0B,CAAC;EACtD8I,qCAAqC,EAAEhJ,IAAI,CAACE,OAAO,CAAC,0DAA0D,CAAC;EAC/G+I,2BAA2B,EAAEjJ,IAAI,CAACE,OAAO,CAAC,+EAA+E,CAAC;EAC1HgJ,gCAAgC,EAAElJ,IAAI,CAACE,OAAO,CAAC,2EAA2E,CAAC;EAC3HiJ,0BAA0B,EAAEnJ,IAAI,CAACE,OAAO,CAAC,8FAA8F,CAAC;EACxIkJ,uBAAuB,EAAEpJ,IAAI,CAACE,OAAO,CAAC,+EAA+E,CAAC;EACtHmJ,4BAA4B,EAAErJ,IAAI,CAACE,OAAO,CAAC,qFAAqF,CAAC;EACjIoJ,qBAAqB,EAAEtJ,IAAI,CAACE,OAAO,CAAC,sFAAsF,CAAC;EAC3HqJ,mBAAmB,EAAEvJ,IAAI,CAACE,OAAO,CAAC,mCAAmC,CAAC;EACtEsJ,qBAAqB,EAAExJ,IAAI,CAACE,OAAO,CAAC,wCAAwC,CAAC;EAC7EuJ,eAAe,EAAEzJ,IAAI,CAACE,OAAO,CAAC,wCAAwC,CAAC;EACvEwJ,oBAAoB,EAAE1J,IAAI,CAACE,OAAO,CAAC,sDAAsD,CAAC;EAC1FyJ,YAAY,EAAE3J,IAAI,CAACE,OAAO,CAAC,oBAAoB,CAAC;EAChD0J,WAAW,EAAE5J,IAAI,CAACE,OAAO,CAAC,oBAAoB,CAAC;EAC/C2J,WAAW,EAAE7J,IAAI,CAACE,OAAO,CAAC,mBAAmB,CAAC;EAC9C4J,oBAAoB,EAAE9J,IAAI,CAACE,OAAO,CAAC,2BAA2B,CAAC;EAC/D6J,UAAU,EAAE/J,IAAI,CAACE,OAAO,CAAC,qBAAqB,CAAC;EAC/C8J,cAAc,EAAEhK,IAAI,CAACE,OAAO,CAAC,gCAAgC,CAAC;EAC9D+J,uBAAuB,EAAEjK,IAAI,CAACE,OAAO,CAAC,2BAA2B,CAAC;EAClEgK,sBAAsB,EAAElK,IAAI,CAACE,OAAO,CAAC,kBAAkB,CAAC;EACxDiK,oBAAoB,EAAEnK,IAAI,CAACE,OAAO,CAAC,8BAA8B,CAAC;EAClEkK,WAAW,EAAEpK,IAAI,CAACE,OAAO,CAAC,yDAAyD,CAAC;EACpFmK,UAAU,EAAErK,IAAI,CAACE,OAAO,CAAC,kBAAkB,CAAC;EAC5CoK,YAAY,EAAEtK,IAAI,CAACE,OAAO,CAAC,gCAAgC,CAAC;EAC5DqK,iBAAiB,EAAEvK,IAAI,CAACE,OAAO,CAAC,+CAA+C,CAAC;EAChFsK,mBAAmB,EAAExK,IAAI,CAACE,OAAO,CAAC,8DAA8D,CAAC;EACjGuK,uBAAuB,EAAEzK,IAAI,CAACE,OAAO,CAAC,4DAA4D,CAAC;EACnGwK,2BAA2B,EAAE1K,IAAI,CAACE,OAAO,CAAC,0CAA0C,CAAC;EACrFyK,6BAA6B,EAAE3K,IAAI,CAACE,OAAO,CAAC,6CAA6C,CAAC;EAC1F0K,2BAA2B,EAAE5K,IAAI,CAACE,OAAO,CAAC,mEAAmE,CAAC;EAC9G2K,uBAAuB,EAAE7K,IAAI,CAACE,OAAO,CAAC,uDAAuD,CAAC;EAC9F4K,qBAAqB,EAAE9K,IAAI,CAACE,OAAO,CAAC,0CAA0C,CAAC;EAC/E6K,iBAAiB,EAAE/K,IAAI,CAACE,OAAO,CAAC,oDAAoD,CAAC;EACrF8K,iBAAiB,EAAEhL,IAAI,CAACE,OAAO,CAAC,sBAAsB,CAAC;EAEvD;EACA+K,aAAa,EAAEjL,IAAI,CAACE,OAAO,CAAC,oBAAoB,CAAC;EACjDgL,SAAS,EAAElL,IAAI,CAACE,OAAO,CAAC,gBAAgB,CAAC;EACzCiL,YAAY,EAAEnL,IAAI,CAACE,OAAO,CAAC,mBAAmB,CAAC;EAC/CkL,YAAY,EAAEpL,IAAI,CAACE,OAAO,CAAC,iBAAiB,CAAC;EAC7CmL,aAAa,EAAErL,IAAI,CAACE,OAAO,CAAC,kBAAkB,CAAC;EAC/CoL,cAAc,EAAEtL,IAAI,CAACE,OAAO,CAAC,sBAAsB,CAAC;EACpDqL,gBAAgB,EAAEvL,IAAI,CAACE,OAAO,CAAC,wBAAwB,CAAC;EACxDsL,aAAa,EAAExL,IAAI,CAACE,OAAO,CAAC,qBAAqB,CAAC;EAClDuL,cAAc,EAAEzL,IAAI,CAACE,OAAO,CAAC,wBAAwB,CAAC;EACtDwL,cAAc,EAAE1L,IAAI,CAACE,OAAO,CAAC,sBAAsB,CAAC;EAEpD;EACAyL,2BAA2B,EAAE3L,IAAI,CAACE,OAAO,CAAC,4BAA4B,CAAC;EACvE0L,kBAAkB,EAAE5L,IAAI,CAACE,OAAO,CAAC,kBAAkB,CAAC;EACpD2L,iBAAiB,EAAE7L,IAAI,CAACE,OAAO,CAAC,iBAAiB,CAAC;EAClD4L,qBAAqB,EAAE9L,IAAI,CAACE,OAAO,CAAC,kBAAkB,CAAC;EACvD6L,iBAAiB,EAAE/L,IAAI,CAACE,OAAO,CAAC,iBAAiB,CAAC;EAClD8L,sBAAsB,EAAEhM,IAAI,CAACE,OAAO,CAAC,uCAAuC,CAAC;EAE7E;EACA+L,YAAY,EAAEjM,IAAI,CAACE,OAAO,CAAC,gBAAgB,CAAC;EAC5CgM,cAAc,EAAElM,IAAI,CAACE,OAAO,CAAC,yBAAyB,CAAC;EACvDiM,eAAe,EAAEnM,IAAI,CAACE,OAAO,CAAC,0BAA0B,CAAC;EACzDkM,eAAe,EAAEpM,IAAI,CAACE,OAAO,CAAC,uBAAuB,CAAC;EAEtD;EACAmM,uBAAuB,EAAErM,IAAI,CAACE,OAAO,CAAC,4BAA4B,CAAC;EACnEoM,0BAA0B,EAAEtM,IAAI,CAACE,OAAO,CAAC,iCAAiC,CAAC;EAC3EqM,4BAA4B,EAAEvM,IAAI,CAACE,OAAO,CAAC,kCAAkC,CAAC;EAC9EsM,2BAA2B,EAAExM,IAAI,CAACE,OAAO,CAAC,gCAAgC,CAAC;EAC3EuM,uBAAuB,EAAEzM,IAAI,CAACE,OAAO,CAAC,4BAA4B,CAAC;EACnEwM,kBAAkB,EAAE1M,IAAI,CAACE,OAAO,CAAC,sBAAsB,CAAC;EACxDyM,gCAAgC,EAAE3M,IAAI,CAACE,OAAO,CAAC,+BAA+B,CAAC;EAC/E0M,6BAA6B,EAAE5M,IAAI,CAACE,OAAO,CAAC,4BAA4B,CAAC;EACzE2M,oBAAoB,EAAE7M,IAAI,CAACE,OAAO,CAAC,yBAAyB,CAAC;EAE7D;EACA4M,WAAW,EAAE9M,IAAI,CAACE,OAAO,CAAC,eAAe,CAAC;EAC1C6M,eAAe,EAAE/M,IAAI,CAACE,OAAO,CAAC,uCAAuC,CAAC;EACtE8M,oBAAoB,EAAEhN,IAAI,CAACE,OAAO,CAAC,0BAA0B,CAAC;EAC9D+M,mBAAmB,EAAEjN,IAAI,CAACE,OAAO,CAAC,gCAAgC,CAAC;EACnEgN,eAAe,EAAElN,IAAI,CAACE,OAAO,CAAC,4BAA4B,CAAC;EAC3DiN,sBAAsB,EAAEnN,IAAI,CAACE,OAAO,CAAC,4BAA4B,CAAC;EAElE;EACAkN,cAAc,EAAEpN,IAAI,CAACE,OAAO,CAAC,kBAAkB,CAAC;EAEhD;EACAmN,SAAS,EAAErN,IAAI,CAACE,OAAO,CAAC,qBAAqB,CAAC;EAC9CoN,YAAY,EAAEtN,IAAI,CAACE,OAAO,CAAC,sCAAsC,CAAC;EAClEqN,YAAY,EAAEvN,IAAI,CAACE,OAAO,CAAC,6BAA6B,CAAC;EACzDsN,UAAU,EAAExN,IAAI,CAACE,OAAO,CAAC,qBAAqB,CAAC;EAC/CuN,UAAU,EAAEzN,IAAI,CAACE,OAAO,CAAC,kDAAkD,CAAC;EAC5EwN,WAAW,EAAE1N,IAAI,CAACE,OAAO,CAAC,uCAAuC,CAAC;EAClEyN,kBAAkB,EAAE3N,IAAI,CAACE,OAAO,CAAC,2DAA2D,CAAC;EAC7F0N,WAAW,EAAE5N,IAAI,CAACE,OAAO,CAAC,eAAe,CAAC;EAC1C2N,SAAS,EAAE7N,IAAI,CAACE,OAAO,CAAC,qBAAqB,CAAC;EAC9C4N,YAAY,EAAE9N,IAAI,CAACE,OAAO,CAAC,2BAA2B,CAAC;EACvD6N,gBAAgB,EAAE/N,IAAI,CAACE,OAAO,CAAC,iDAAiD,CAAC;EACjF8N,kBAAkB,EAAEhO,IAAI,CAACE,OAAO,CAAC,+CAA+C,CAAC;EACjF+N,iBAAiB,EAAEjO,IAAI,CAACE,OAAO,CAAC,iDAAiD,CAAC;EAClFgO,mBAAmB,EAAElO,IAAI,CAACE,OAAO,CAAC,mDAAmD,CAAC;EACtFiO,aAAa,EAAEnO,IAAI,CAACE,OAAO,CAAC,0BAA0B,CAAC;EACvDkO,WAAW,EAAEpO,IAAI,CAACE,OAAO,CAAC,mCAAmC,CAAC;EAC9DmO,YAAY,EAAErO,IAAI,CAACE,OAAO,CAAC,6CAA6C,CAAC;EACzEoO,aAAa,EAAEtO,IAAI,CAACE,OAAO,CAAC,yCAAyC,CAAC;EACtEqO,aAAa,EAAEvO,IAAI,CAACE,OAAO,CAAC,wCAAwC,CAAC;EACrEsO,WAAW,EAAExO,IAAI,CAACE,OAAO,CAAC,eAAe,CAAC;EAC1CuO,gBAAgB,EAAEzO,IAAI,CAACE,OAAO,CAAC,mBAAmB,CAAC;EACnDwO,iBAAiB,EAAE1O,IAAI,CAACE,OAAO,CAAC,oBAAoB,CAAC;EACrDyO,UAAU,EAAE3O,IAAI,CAACE,OAAO,CAAC,kBAAkB,CAAC;EAC5C0O,aAAa,EAAE5O,IAAI,CAACE,OAAO,CAAC,iBAAiB,CAAC;EAC9C2O,gBAAgB,EAAE7O,IAAI,CAACE,OAAO,CAAC,oBAAoB,CAAC;EACpD4O,kBAAkB,EAAE9O,IAAI,CAACE,OAAO,CAAC,sBAAsB,CAAC;EACxD6O,UAAU,EAAE/O,IAAI,CAACE,OAAO,CAAC,cAAc,CAAC;EACxC8O,eAAe,EAAEhP,IAAI,CAACE,OAAO,CAAC,mBAAmB,CAAC;EAClD+O,gBAAgB,EAAEjP,IAAI,CAACE,OAAO,CAAC,oBAAoB,CAAC;EACpDgP,eAAe,EAAElP,IAAI,CAACE,OAAO,CAAC,mBAAmB,CAAC;EAClDiP,uBAAuB,EAAEnP,IAAI,CAACE,OAAO,CAAC,oBAAoB,CAAC;EAC3DkP,cAAc,EAAEpP,IAAI,CAACE,OAAO,CAAC,0BAA0B,CAAC;EACxDmP,eAAe,EAAErP,IAAI,CAACE,OAAO,CAAC,2BAA2B,CAAC;EAC1DoP,aAAa,EAAEtP,IAAI,CAACE,OAAO,CAAC,yBAAyB,CAAC;EACtDqP,YAAY,EAAEvP,IAAI,CAACE,OAAO,CAAC,wBAAwB,CAAC;EACpDsP,aAAa,EAAExP,IAAI,CAACE,OAAO,CAAC,yBAAyB,CAAC;EACtDuP,WAAW,EAAEzP,IAAI,CAACE,OAAO,CAAC,uBAAuB,CAAC;EAElD;EACAwP,OAAO,EAAE1P,IAAI,CAACE,OAAO,CAAC,uBAAuB,CAAC;EAC9CyP,uBAAuB,EAAE3P,IAAI,CAACE,OAAO,CAAC,aAAa,CAAC;EACpD0P,kBAAkB,EAAE5P,IAAI,CAACE,OAAO,CAAC,0BAA0B,CAAC;EAC5D2P,gBAAgB,EAAE7P,IAAI,CAACE,OAAO,CAAC,kBAAkB,CAAC;EAClD4P,yBAAyB,EAAE9P,IAAI,CAACE,OAAO,CAAC,kCAAkC,CAAC;EAC3E6P,iBAAiB,EAAE/P,IAAI,CAACE,OAAO,CAAC,cAAc,CAAC;EAC/C8P,iBAAiB,EAAEhQ,IAAI,CAACE,OAAO,CAAC,qBAAqB,CAAC;EACtD+P,iBAAiB,EAAEjQ,IAAI,CAACE,OAAO,CAAC,kBAAkB,CAAC;EACnDgQ,aAAa,EAAElQ,IAAI,CAACE,OAAO,CAAC,eAAe,CAAC;EAC5CiQ,gBAAgB,EAAEnQ,IAAI,CAACE,OAAO,CAAC,kBAAkB,CAAC;EAClDkQ,eAAe,EAAEpQ,IAAI,CAACE,OAAO,CAAC,sBAAsB,CAAC;EACrDmQ,WAAW,EAAErQ,IAAI,CAACE,OAAO,CAAC,kBAAkB,CAAC;EAC7CoQ,cAAc,EAAEtQ,IAAI,CAACE,OAAO,CAAC,qBAAqB,CAAC;EACnDqQ,YAAY,EAAEvQ,IAAI,CAACE,OAAO,CAAC,oBAAoB;AACjD,CAAC,CAAC"},"_coverageSchema":"1a1c01bbd47fc00a2c39e90264f33305004495a9","hash":"cb3510ea44bedc317972513855d3d7939bccda63","contentHash":"71824421af92db885febc052de9700b895e40b1d1b4a492c288aefea953e8031"},"/Users/rcweiler/worldview/e2e/test-utils/global-variables/querystrings.js":{"path":"/Users/rcweiler/worldview/e2e/test-utils/global-variables/querystrings.js","statementMap":{"0":{"start":{"line":3,"column":0},"end":{"line":33,"column":2}}},"fnMap":{},"branchMap":{},"s":{"0":1},"f":{},"b":{},"inputSourceMap":{"version":3,"names":["module","exports","activeAnimationWidget","activeCustomColormap","animationProjectionRotated","animationTooManyFramesGif","animationTooManyFramesGifCustomInterval","animationGeostationary","swipeAndAIsActive","opacityAndBIsActive","spyAndBIsActive","swipeAOD","knownDate","subdailyLayerIntervalTimescale","mockEvents","stormEventSelected","fixedAppNow","wildfiresWithDates","backwardsCompatibleEventUrl","extentsUrl","multipleDataLayers","continuousDataLayers","referenceLayersOnly","skipTour"],"sources":["querystrings.js"],"sourcesContent":["module.exports = {\n  // animations\n  activeAnimationWidget: 'http://localhost:3000/?p=geographic&l=VIIRS_SNPP_CorrectedReflectance_TrueColor(hidden),MODIS_Aqua_CorrectedReflectance_TrueColor(hidden),MODIS_Terra_CorrectedReflectance_TrueColor,Reference_Labels_15m(hidden),Reference_Features_15m(hidden),Coastlines_15m&t=2018-04-04&z=3&v=-177.94712426144758,-46.546875,-5.14662573855243,53.015625&ab=on&as=2018-03-28&ae=2018-04-04&av=3&al=false',\n  activeCustomColormap: 'http://localhost:3000/?p=geographic&l=AIRS_L2_Carbon_Monoxide_500hPa_Volume_Mixing_Ratio_Day(palette=red_1)&t=2016-04-08&z=3&v=-223.875,-91.828125,162.84375,98.296875&ab=on&as=2016-03-25&ae=2016-04-08&av=3&al=false',\n  animationProjectionRotated: 'http://localhost:3000/?p=arctic&l=MODIS_Terra_CorrectedReflectance_TrueColor,Coastlines_15m&t=2016-12-09&z=3&v=-2764195.2298414493,-88762.12734933128,2589496.903095221,3893331.478195751&r=-18.0000&ab=on&as=2016-12-02&ae=2016-12-09&av=3&al=true',\n  animationTooManyFramesGif: 'http://localhost:3000/?p=geographic&v=-52.43799794510461,-36.052394508901145,-33.34815419510461,-12.532863258901145&t=2019-06-24-T10%3A00%3A00Z&as=2018-06-24-T10%3A00%3A00Z&ae=2019-07-01-T10%3A00%3A00Z&ab=on',\n  animationTooManyFramesGifCustomInterval: 'http://localhost:3000/?p=geographic&v=-52.43799794510461,-36.052394508901145,-33.34815419510461,-12.532863258901145&t=2019-06-13-T08%3A00%3A00Z&ics=true&ici=2&icd=3&as=2009-06-23-T10%3A00%3A00Z&ae=2019-07-01-T10%3A00%3A00Z&ab=on',\n  animationGeostationary: 'http://localhost:3000/?v=-127.54084611130202,-31.196051270164425,-36.29880238885806,62.96630766900102&z=4&ics=true&ici=5&icd=10&as=2021-12-03-T16%3A00%3A00Z&ae=2021-12-03-T17%3A10%3A00Z&l=GOES-East_ABI_GeoColor,Coastlines_15m&lg=true&al=true&ab=on&t=2021-12-01-T20%3A10%3A00Z',\n\n  // compare\n  swipeAndAIsActive:\n    'http://localhost:3000/?ca=true&cm=swipe&cv=51&p=geographic&l=MODIS_Terra_CorrectedReflectance_TrueColor&l1=VIIRS_SNPP_CorrectedReflectance_TrueColor(hidden),MODIS_Aqua_CorrectedReflectance_TrueColor(hidden),MODIS_Terra_CorrectedReflectance_TrueColor,Reference_Labels_15m(hidden),Reference_Features_15m(hidden),Coastlines_15m&t=2018-08-17-T00%3A00%3A00Z&z=3&t1=2018-08-16-T00%3A00%3A00Z&v=-127.6171875,-46.5556640625,31.7109375,53.0244140625',\n  opacityAndBIsActive:\n    'http://localhost:3000/?ca=false&cm=opacity&p=geographic&l=MODIS_Terra_CorrectedReflectance_TrueColor&l1=VIIRS_SNPP_CorrectedReflectance_TrueColor(hidden),MODIS_Aqua_CorrectedReflectance_TrueColor(hidden),MODIS_Terra_CorrectedReflectance_TrueColor,Reference_Labels_15m(hidden),Reference_Features_15m(hidden),Coastlines_15m&t=2018-08-17-T00%3A00%3A00Z&z=3&t1=2018-08-16-T00%3A00%3A00Z&v=-127.6171875,-46.5556640625,31.7109375,53.0244140625',\n  spyAndBIsActive:\n    'http://localhost:3000/?ca=false&cm=spy&p=geographic&l=MODIS_Terra_CorrectedReflectance_TrueColor&l1=VIIRS_SNPP_CorrectedReflectance_TrueColor(hidden),MODIS_Aqua_CorrectedReflectance_TrueColor(hidden),MODIS_Terra_CorrectedReflectance_TrueColor,Reference_Labels_15m(hidden),Reference_Features_15m(hidden),Coastlines_15m&t=2018-08-17-T00%3A00%3A00Z&z=3&t1=2018-08-16-T00%3A00%3A00Z&v=-127.6171875,-46.5556640625,31.7109375,53.0244140625',\n  swipeAOD:\n    'http://localhost:3000/?ca=true&cm=swipe&cv=51&p=geographic&l=MODIS_Terra_CorrectedReflectance_TrueColor,MODIS_Terra_Aerosol&l1=VIIRS_SNPP_CorrectedReflectance_TrueColor(hidden),MODIS_Aqua_CorrectedReflectance_TrueColor(hidden),MODIS_Terra_CorrectedReflectance_TrueColor,Reference_Labels_15m(hidden),Reference_Features_15m(hidden),Coastlines_15m&t=2018-08-17-T00%3A00%3A00Z&z=3&t1=2018-08-16-T00%3A00%3A00Z&v=-127.6171875,-46.5556640625,31.7109375,53.0244140625',\n\n  // date\n  knownDate: 'http://localhost:3000/?t=2019-07-22',\n\n  // timeline\n  subdailyLayerIntervalTimescale: 'http://localhost:3000/?t=2019-10-04-T09%3A46%3A32Z&z=4&i=4&l=GOES-East_ABI_Band2_Red_Visible_1km,Reference_Labels_15m(hidden),Reference_Features_15m(hidden),Coastlines_15m,VIIRS_SNPP_CorrectedReflectance_TrueColor(hidden),MODIS_Aqua_CorrectedReflectance_TrueColor(hidden),MODIS_Terra_CorrectedReflectance_TrueColor',\n\n  // events\n  mockEvents: 'http://localhost:3000/?p=geographic&l=VIIRS_SNPP_CorrectedReflectance_TrueColor(hidden),MODIS_Aqua_CorrectedReflectance_TrueColor(hidden),MODIS_Terra_CorrectedReflectance_TrueColor,Reference_Labels_15m(hidden),Reference_Features_15m(hidden),Coastlines_15m&t=2018-05-02-T00%3A00%3A00Z&z=3&v=-409.00147812273656,-205.62883007565202,270.5880270080828,219.11461063111003&e=true&mockEvents=20170530',\n  stormEventSelected: 'http://localhost:3000/?v=175.65863037109375,10.918751525878907,182.25042724609375,22.643360900878907&e=EONET_2777,2017-05-31&l=IMERG_Precipitation_Rate,VIIRS_SNPP_DayNightBand_ENCC(hidden),VIIRS_SNPP_DayNightBand_At_Sensor_Radiance(hidden),Reference_Labels,Reference_Features,Coastlines(hidden),VIIRS_NOAA20_CorrectedReflectance_TrueColor(hidden),VIIRS_SNPP_CorrectedReflectance_TrueColor,MODIS_Aqua_CorrectedReflectance_TrueColor(hidden),MODIS_Terra_CorrectedReflectance_TrueColor(hidden)&lg=true&t=2017-05-31-T00%3A00%3A00Z&mockEvents=20170530',\n  fixedAppNow: 'http://localhost:3000/?now=2012-01-01T00%3A00%3A00Z',\n  wildfiresWithDates: 'http://localhost:3000/?v=-139.02635001706034,25.660099233568406,-85.27770827186355,43.288373996427595&e=true&efs=false&efd=2020-01-16,2020-06-16&efc=wildfires&t=2020-06-16-T18%3A31%3A28Z',\n  backwardsCompatibleEventUrl: 'http://localhost:3000/?v=-49.6224609375,13.940234375000001,-26.5775390625,37.459765625&e=EONET_1874,2005-12-31&l=IMERG_Precipitation_Rate,Reference_Labels_15m,Reference_Features_15m,MODIS_Terra_CorrectedReflectance_TrueColor&lg=true&t=2005-12-31-T00%3A00%3A00Z',\n  extentsUrl: 'http://localhost:3000/?e=true&efs=false',\n\n  // layers\n  multipleDataLayers: 'http://localhost:3000/?p=geographic&l=MODIS_Terra_Aerosol,MODIS_Terra_Brightness_Temp_Band31_Day&t=2017-03-22&z=3&v=136.07019188386334,14.722152527011556,155.59817576644127,24.312819167567586',\n  continuousDataLayers: 'http://localhost:3000/?p=geographic&l=MODIS_Terra_Brightness_Temp_Band31_Day&t=2015-05-25&z=2&v=-42.148380855752734,42.13121723408824,22.122734950093943,85.16225953076464',\n  referenceLayersOnly: 'http://localhost:3000/?l=Reference_Labels_15m(hidden),Reference_Features_15m(hidden),Coastlines_15m',\n\n  // skip tour\n  skipTour: 'http://localhost:3000/?lg=false&t=2023-02-28-T18%3A32%3A41Z'\n}\n"],"mappings":";;AAAAA,MAAM,CAACC,OAAO,GAAG;EACf;EACAC,qBAAqB,EAAE,+XAA+X;EACtZC,oBAAoB,EAAE,wNAAwN;EAC9OC,0BAA0B,EAAE,qPAAqP;EACjRC,yBAAyB,EAAE,iNAAiN;EAC5OC,uCAAuC,EAAE,sOAAsO;EAC/QC,sBAAsB,EAAE,qRAAqR;EAE7S;EACAC,iBAAiB,EACf,0bAA0b;EAC5bC,mBAAmB,EACjB,ubAAub;EACzbC,eAAe,EACb,mbAAmb;EACrbC,QAAQ,EACN,8cAA8c;EAEhd;EACAC,SAAS,EAAE,qCAAqC;EAEhD;EACAC,8BAA8B,EAAE,4TAA4T;EAE5V;EACAC,UAAU,EAAE,2YAA2Y;EACvZC,kBAAkB,EAAE,miBAAmiB;EACvjBC,WAAW,EAAE,qDAAqD;EAClEC,kBAAkB,EAAE,4LAA4L;EAChNC,2BAA2B,EAAE,sQAAsQ;EACnSC,UAAU,EAAE,yCAAyC;EAErD;EACAC,kBAAkB,EAAE,iMAAiM;EACrNC,oBAAoB,EAAE,4KAA4K;EAClMC,mBAAmB,EAAE,qGAAqG;EAE1H;EACAC,QAAQ,EAAE;AACZ,CAAC"},"_coverageSchema":"1a1c01bbd47fc00a2c39e90264f33305004495a9","hash":"e750e2af62d11dccf97154493aa73ab87e815ed6","contentHash":"00b0e2392f34dbd97976cc4d179addc26302813aad9039d4264e95e95ecda775"},"/Users/rcweiler/worldview/e2e/features/compare/layer-sidebar-test.spec.js":{"path":"/Users/rcweiler/worldview/e2e/features/compare/layer-sidebar-test.spec.js","statementMap":{"0":{"start":{"line":7,"column":4},"end":{"line":7,"column":39}},"1":{"start":{"line":8,"column":24},"end":{"line":8,"column":78}},"2":{"start":{"line":11,"column":4},"end":{"line":11,"column":61}},"3":{"start":{"line":16,"column":0},"end":{"line":18,"column":3}},"4":{"start":{"line":19,"column":0},"end":{"line":26,"column":3}},"5":{"start":{"line":22,"column":2},"end":{"line":22,"column":33}},"6":{"start":{"line":23,"column":2},"end":{"line":23,"column":36}},"7":{"start":{"line":24,"column":2},"end":{"line":24,"column":73}},"8":{"start":{"line":25,"column":2},"end":{"line":25,"column":116}},"9":{"start":{"line":27,"column":0},"end":{"line":29,"column":3}},"10":{"start":{"line":28,"column":2},"end":{"line":28,"column":21}},"11":{"start":{"line":30,"column":0},"end":{"line":45,"column":3}},"12":{"start":{"line":36,"column":6},"end":{"line":36,"column":15}},"13":{"start":{"line":37,"column":2},"end":{"line":37,"column":37}},"14":{"start":{"line":38,"column":2},"end":{"line":38,"column":33}},"15":{"start":{"line":39,"column":2},"end":{"line":39,"column":26}},"16":{"start":{"line":40,"column":2},"end":{"line":40,"column":36}},"17":{"start":{"line":41,"column":2},"end":{"line":41,"column":28}},"18":{"start":{"line":42,"column":2},"end":{"line":42,"column":39}},"19":{"start":{"line":43,"column":22},"end":{"line":43,"column":61}},"20":{"start":{"line":44,"column":2},"end":{"line":44,"column":46}},"21":{"start":{"line":46,"column":0},"end":{"line":58,"column":3}},"22":{"start":{"line":49,"column":6},"end":{"line":49,"column":15}},"23":{"start":{"line":50,"column":2},"end":{"line":50,"column":79}},"24":{"start":{"line":51,"column":20},"end":{"line":51,"column":73}},"25":{"start":{"line":52,"column":20},"end":{"line":52,"column":74}},"26":{"start":{"line":53,"column":2},"end":{"line":53,"column":44}},"27":{"start":{"line":54,"column":2},"end":{"line":54,"column":26}},"28":{"start":{"line":55,"column":2},"end":{"line":55,"column":33}},"29":{"start":{"line":56,"column":2},"end":{"line":56,"column":44}},"30":{"start":{"line":57,"column":2},"end":{"line":57,"column":44}},"31":{"start":{"line":59,"column":0},"end":{"line":70,"column":3}},"32":{"start":{"line":63,"column":6},"end":{"line":63,"column":15}},"33":{"start":{"line":64,"column":2},"end":{"line":64,"column":39}},"34":{"start":{"line":65,"column":2},"end":{"line":65,"column":21}},"35":{"start":{"line":66,"column":22},"end":{"line":66,"column":89}},"36":{"start":{"line":67,"column":20},"end":{"line":67,"column":74}},"37":{"start":{"line":68,"column":2},"end":{"line":68,"column":46}},"38":{"start":{"line":69,"column":2},"end":{"line":69,"column":44}}},"fnMap":{"0":{"name":"(anonymous_0)","decl":{"start":{"line":19,"column":15},"end":{"line":19,"column":16}},"loc":{"start":{"line":21,"column":6},"end":{"line":26,"column":1}},"line":21},"1":{"name":"(anonymous_1)","decl":{"start":{"line":27,"column":14},"end":{"line":27,"column":15}},"loc":{"start":{"line":27,"column":26},"end":{"line":29,"column":1}},"line":27},"2":{"name":"(anonymous_2)","decl":{"start":{"line":30,"column":39},"end":{"line":30,"column":40}},"loc":{"start":{"line":30,"column":51},"end":{"line":45,"column":1}},"line":30},"3":{"name":"(anonymous_3)","decl":{"start":{"line":46,"column":75},"end":{"line":46,"column":76}},"loc":{"start":{"line":46,"column":87},"end":{"line":58,"column":1}},"line":46},"4":{"name":"(anonymous_4)","decl":{"start":{"line":59,"column":89},"end":{"line":59,"column":90}},"loc":{"start":{"line":59,"column":101},"end":{"line":70,"column":1}},"line":59}},"branchMap":{},"s":{"0":1,"1":1,"2":1,"3":1,"4":1,"5":1,"6":1,"7":1,"8":1,"9":1,"10":1,"11":1,"12":1,"13":1,"14":1,"15":1,"16":1,"17":1,"18":1,"19":1,"20":1,"21":1,"22":1,"23":1,"24":1,"25":1,"26":1,"27":1,"28":1,"29":1,"30":1,"31":1,"32":1,"33":1,"34":1,"35":1,"36":1,"37":1,"38":1},"f":{"0":1,"1":1,"2":1,"3":1,"4":1},"b":{},"inputSourceMap":{"version":3,"names":["test","expect","require","createSelectors","swipeAndAIsActive","page","selectors","aodCheckBox","aodMAIACCheckbox","describe","configure","mode","beforeAll","browser","newPage","locator","afterAll","close","addLayers","aerosolOpticalDepth","layersModalCloseButton","modalCloseButton","goto","click","layerPicker","not","toBeVisible","aodLayerA","aodLayerB","aTab","aodMAIACIdA"],"sources":["layer-sidebar-test.spec.js"],"sourcesContent":["// @ts-check\nconst { test, expect } = require('playwright-test-coverage')\nconst createSelectors = require('../../test-utils/global-variables/selectors')\nconst { swipeAndAIsActive } = require('../../test-utils/global-variables/querystrings')\n\nlet page\nlet selectors\nlet aodCheckBox\nlet aodMAIACCheckbox\n\ntest.describe.configure({ mode: 'serial' })\n\ntest.beforeAll(async ({ browser }) => {\n  page = await browser.newPage()\n  selectors = createSelectors(page)\n  aodCheckBox = page.locator('#MODIS_Combined_Value_Added_AOD-checkbox')\n  aodMAIACCheckbox = page.locator('#checkbox-case-MODIS_Combined_MAIAC_L2G_AerosolOpticalDepth .wv-checkbox input')\n})\n\ntest.afterAll(async () => {\n  await page.close()\n})\n\ntest('Add AOD Layer to Layer Group A', async () => {\n  const {\n    addLayers,\n    aerosolOpticalDepth,\n    layersModalCloseButton,\n    modalCloseButton\n  } = selectors\n  await page.goto(swipeAndAIsActive)\n  await modalCloseButton.click()\n  await addLayers.click()\n  await aerosolOpticalDepth.click()\n  await aodCheckBox.click()\n  await layersModalCloseButton.click()\n  const layerPicker = page.locator('#layer_picker_component')\n  await expect(layerPicker).not.toBeVisible()\n})\n\ntest('Add AOD index layer to Active state B and verify it has been added', async () => {\n  const { addLayers } = selectors\n  await page.locator('.ab-tabs-case .ab-tab.second-tab .productsIcon').click()\n  const aodLayerA = page.locator('active-MODIS_Combined_Value_Added_AOD')\n  const aodLayerB = page.locator('activeB-MODIS_Combined_Value_Added_AOD')\n  await expect(aodLayerA).not.toBeVisible()\n  await addLayers.click()\n  await aodMAIACCheckbox.click()\n  await expect(aodLayerA).not.toBeVisible()\n  await expect(aodLayerB).not.toBeVisible()\n})\n\ntest('Verify that AOD combined is visible and AOD index is not present in Layer list A', async () => {\n  const { aTab, layersModalCloseButton } = selectors\n  await layersModalCloseButton.click()\n  await aTab.click()\n  const aodMAIACIdA = page.locator('active-MODIS_Combined_MAIAC_L2G_AerosolOpticalDepth')\n  const aodLayerB = page.locator('activeB-MODIS_Combined_Value_Added_AOD')\n  await expect(aodMAIACIdA).not.toBeVisible()\n  await expect(aodLayerB).not.toBeVisible()\n})\n"],"mappings":";;AAAA;AACA,MAAM;EAAEA,IAAI;EAAEC;AAAO,CAAC,GAAGC,OAAO,CAAC,0BAA0B,CAAC;AAC5D,MAAMC,eAAe,GAAGD,OAAO,CAAC,6CAA6C,CAAC;AAC9E,MAAM;EAAEE;AAAkB,CAAC,GAAGF,OAAO,CAAC,gDAAgD,CAAC;AAEvF,IAAIG,IAAI;AACR,IAAIC,SAAS;AACb,IAAIC,WAAW;AACf,IAAIC,gBAAgB;AAEpBR,IAAI,CAACS,QAAQ,CAACC,SAAS,CAAC;EAAEC,IAAI,EAAE;AAAS,CAAC,CAAC;AAE3CX,IAAI,CAACY,SAAS,CAAC,OAAO;EAAEC;AAAQ,CAAC,KAAK;EACpCR,IAAI,GAAG,MAAMQ,OAAO,CAACC,OAAO,CAAC,CAAC;EAC9BR,SAAS,GAAGH,eAAe,CAACE,IAAI,CAAC;EACjCE,WAAW,GAAGF,IAAI,CAACU,OAAO,CAAC,0CAA0C,CAAC;EACtEP,gBAAgB,GAAGH,IAAI,CAACU,OAAO,CAAC,gFAAgF,CAAC;AACnH,CAAC,CAAC;AAEFf,IAAI,CAACgB,QAAQ,CAAC,YAAY;EACxB,MAAMX,IAAI,CAACY,KAAK,CAAC,CAAC;AACpB,CAAC,CAAC;AAEFjB,IAAI,CAAC,gCAAgC,EAAE,YAAY;EACjD,MAAM;IACJkB,SAAS;IACTC,mBAAmB;IACnBC,sBAAsB;IACtBC;EACF,CAAC,GAAGf,SAAS;EACb,MAAMD,IAAI,CAACiB,IAAI,CAAClB,iBAAiB,CAAC;EAClC,MAAMiB,gBAAgB,CAACE,KAAK,CAAC,CAAC;EAC9B,MAAML,SAAS,CAACK,KAAK,CAAC,CAAC;EACvB,MAAMJ,mBAAmB,CAACI,KAAK,CAAC,CAAC;EACjC,MAAMhB,WAAW,CAACgB,KAAK,CAAC,CAAC;EACzB,MAAMH,sBAAsB,CAACG,KAAK,CAAC,CAAC;EACpC,MAAMC,WAAW,GAAGnB,IAAI,CAACU,OAAO,CAAC,yBAAyB,CAAC;EAC3D,MAAMd,MAAM,CAACuB,WAAW,CAAC,CAACC,GAAG,CAACC,WAAW,CAAC,CAAC;AAC7C,CAAC,CAAC;AAEF1B,IAAI,CAAC,oEAAoE,EAAE,YAAY;EACrF,MAAM;IAAEkB;EAAU,CAAC,GAAGZ,SAAS;EAC/B,MAAMD,IAAI,CAACU,OAAO,CAAC,gDAAgD,CAAC,CAACQ,KAAK,CAAC,CAAC;EAC5E,MAAMI,SAAS,GAAGtB,IAAI,CAACU,OAAO,CAAC,uCAAuC,CAAC;EACvE,MAAMa,SAAS,GAAGvB,IAAI,CAACU,OAAO,CAAC,wCAAwC,CAAC;EACxE,MAAMd,MAAM,CAAC0B,SAAS,CAAC,CAACF,GAAG,CAACC,WAAW,CAAC,CAAC;EACzC,MAAMR,SAAS,CAACK,KAAK,CAAC,CAAC;EACvB,MAAMf,gBAAgB,CAACe,KAAK,CAAC,CAAC;EAC9B,MAAMtB,MAAM,CAAC0B,SAAS,CAAC,CAACF,GAAG,CAACC,WAAW,CAAC,CAAC;EACzC,MAAMzB,MAAM,CAAC2B,SAAS,CAAC,CAACH,GAAG,CAACC,WAAW,CAAC,CAAC;AAC3C,CAAC,CAAC;AAEF1B,IAAI,CAAC,kFAAkF,EAAE,YAAY;EACnG,MAAM;IAAE6B,IAAI;IAAET;EAAuB,CAAC,GAAGd,SAAS;EAClD,MAAMc,sBAAsB,CAACG,KAAK,CAAC,CAAC;EACpC,MAAMM,IAAI,CAACN,KAAK,CAAC,CAAC;EAClB,MAAMO,WAAW,GAAGzB,IAAI,CAACU,OAAO,CAAC,qDAAqD,CAAC;EACvF,MAAMa,SAAS,GAAGvB,IAAI,CAACU,OAAO,CAAC,wCAAwC,CAAC;EACxE,MAAMd,MAAM,CAAC6B,WAAW,CAAC,CAACL,GAAG,CAACC,WAAW,CAAC,CAAC;EAC3C,MAAMzB,MAAM,CAAC2B,SAAS,CAAC,CAACH,GAAG,CAACC,WAAW,CAAC,CAAC;AAC3C,CAAC,CAAC"},"_coverageSchema":"1a1c01bbd47fc00a2c39e90264f33305004495a9","hash":"cc49bf078732a26ad5268851aa73a9509afd5fb2","contentHash":"605e94907305b45e49e6e4cb88b609f2f8398a7a3710bc0c146caec95829aed3"},"/Users/rcweiler/worldview/e2e/features/compare/permalinks-test.spec.js":{"path":"/Users/rcweiler/worldview/e2e/features/compare/permalinks-test.spec.js","statementMap":{"0":{"start":{"line":7,"column":4},"end":{"line":7,"column":39}},"1":{"start":{"line":8,"column":24},"end":{"line":8,"column":78}},"2":{"start":{"line":13,"column":4},"end":{"line":13,"column":61}},"3":{"start":{"line":16,"column":0},"end":{"line":18,"column":3}},"4":{"start":{"line":19,"column":0},"end":{"line":24,"column":3}},"5":{"start":{"line":22,"column":2},"end":{"line":22,"column":33}},"6":{"start":{"line":23,"column":2},"end":{"line":23,"column":36}},"7":{"start":{"line":25,"column":0},"end":{"line":27,"column":3}},"8":{"start":{"line":26,"column":2},"end":{"line":26,"column":21}},"9":{"start":{"line":28,"column":0},"end":{"line":39,"column":3}},"10":{"start":{"line":33,"column":6},"end":{"line":33,"column":15}},"11":{"start":{"line":34,"column":2},"end":{"line":34,"column":37}},"12":{"start":{"line":35,"column":2},"end":{"line":35,"column":33}},"13":{"start":{"line":36,"column":2},"end":{"line":36,"column":46}},"14":{"start":{"line":37,"column":2},"end":{"line":37,"column":43}},"15":{"start":{"line":38,"column":2},"end":{"line":38,"column":53}},"16":{"start":{"line":40,"column":0},"end":{"line":51,"column":3}},"17":{"start":{"line":45,"column":6},"end":{"line":45,"column":15}},"18":{"start":{"line":46,"column":2},"end":{"line":46,"column":39}},"19":{"start":{"line":47,"column":2},"end":{"line":47,"column":33}},"20":{"start":{"line":48,"column":2},"end":{"line":48,"column":48}},"21":{"start":{"line":49,"column":2},"end":{"line":49,"column":43}},"22":{"start":{"line":50,"column":2},"end":{"line":50,"column":53}},"23":{"start":{"line":52,"column":0},"end":{"line":63,"column":3}},"24":{"start":{"line":57,"column":6},"end":{"line":57,"column":15}},"25":{"start":{"line":58,"column":2},"end":{"line":58,"column":35}},"26":{"start":{"line":59,"column":2},"end":{"line":59,"column":33}},"27":{"start":{"line":60,"column":2},"end":{"line":60,"column":44}},"28":{"start":{"line":61,"column":2},"end":{"line":61,"column":43}},"29":{"start":{"line":62,"column":2},"end":{"line":62,"column":53}},"30":{"start":{"line":64,"column":0},"end":{"line":74,"column":3}},"31":{"start":{"line":67,"column":6},"end":{"line":67,"column":15}},"32":{"start":{"line":68,"column":2},"end":{"line":68,"column":37}},"33":{"start":{"line":69,"column":2},"end":{"line":69,"column":33}},"34":{"start":{"line":70,"column":23},"end":{"line":70,"column":87}},"35":{"start":{"line":71,"column":31},"end":{"line":71,"column":97}},"36":{"start":{"line":72,"column":2},"end":{"line":72,"column":47}},"37":{"start":{"line":73,"column":2},"end":{"line":73,"column":51}},"38":{"start":{"line":75,"column":0},"end":{"line":92,"column":3}},"39":{"start":{"line":78,"column":6},"end":{"line":78,"column":15}},"40":{"start":{"line":79,"column":20},"end":{"line":79,"column":99}},"41":{"start":{"line":80,"column":20},"end":{"line":80,"column":99}},"42":{"start":{"line":81,"column":20},"end":{"line":81,"column":78}},"43":{"start":{"line":82,"column":22},"end":{"line":82,"column":82}},"44":{"start":{"line":83,"column":21},"end":{"line":83,"column":74}},"45":{"start":{"line":84,"column":21},"end":{"line":84,"column":102}},"46":{"start":{"line":85,"column":2},"end":{"line":85,"column":21}},"47":{"start":{"line":86,"column":2},"end":{"line":86,"column":40}},"48":{"start":{"line":87,"column":2},"end":{"line":87,"column":40}},"49":{"start":{"line":88,"column":2},"end":{"line":88,"column":40}},"50":{"start":{"line":89,"column":2},"end":{"line":89,"column":42}},"51":{"start":{"line":90,"column":2},"end":{"line":90,"column":41}},"52":{"start":{"line":91,"column":2},"end":{"line":91,"column":41}}},"fnMap":{"0":{"name":"(anonymous_0)","decl":{"start":{"line":19,"column":15},"end":{"line":19,"column":16}},"loc":{"start":{"line":21,"column":6},"end":{"line":24,"column":1}},"line":21},"1":{"name":"(anonymous_1)","decl":{"start":{"line":25,"column":14},"end":{"line":25,"column":15}},"loc":{"start":{"line":25,"column":26},"end":{"line":27,"column":1}},"line":25},"2":{"name":"(anonymous_2)","decl":{"start":{"line":28,"column":66},"end":{"line":28,"column":67}},"loc":{"start":{"line":28,"column":78},"end":{"line":39,"column":1}},"line":28},"3":{"name":"(anonymous_3)","decl":{"start":{"line":40,"column":68},"end":{"line":40,"column":69}},"loc":{"start":{"line":40,"column":80},"end":{"line":51,"column":1}},"line":40},"4":{"name":"(anonymous_4)","decl":{"start":{"line":52,"column":38},"end":{"line":52,"column":39}},"loc":{"start":{"line":52,"column":50},"end":{"line":63,"column":1}},"line":52},"5":{"name":"(anonymous_5)","decl":{"start":{"line":64,"column":90},"end":{"line":64,"column":91}},"loc":{"start":{"line":64,"column":102},"end":{"line":74,"column":1}},"line":64},"6":{"name":"(anonymous_6)","decl":{"start":{"line":75,"column":61},"end":{"line":75,"column":62}},"loc":{"start":{"line":75,"column":73},"end":{"line":92,"column":1}},"line":75}},"branchMap":{},"s":{"0":1,"1":1,"2":1,"3":1,"4":1,"5":1,"6":1,"7":1,"8":1,"9":1,"10":1,"11":1,"12":1,"13":1,"14":1,"15":1,"16":1,"17":1,"18":1,"19":1,"20":1,"21":1,"22":1,"23":1,"24":1,"25":1,"26":1,"27":1,"28":1,"29":1,"30":1,"31":1,"32":1,"33":1,"34":1,"35":1,"36":1,"37":1,"38":1,"39":1,"40":1,"41":1,"42":1,"43":1,"44":1,"45":1,"46":1,"47":1,"48":1,"49":1,"50":1,"51":1,"52":1},"f":{"0":1,"1":1,"2":1,"3":1,"4":1,"5":1,"6":1},"b":{},"inputSourceMap":{"version":3,"names":["test","expect","require","createSelectors","swipeAndAIsActive","opacityAndBIsActive","spyAndBIsActive","page","selectors","describe","configure","mode","beforeAll","browser","newPage","afterAll","close","modalCloseButton","swipeButton","aTab","goto","click","not","toBeEnabled","toHaveClass","toContainText","opacityButton","bTab","spyButton","overlayLayer","locator","correctedReflectance","toBeVisible","aquaLayer","snppLayer","refLabels","refFeatures","coastlines","terraLayer"],"sources":["permalinks-test.spec.js"],"sourcesContent":["// @ts-check\nconst { test, expect } = require('playwright-test-coverage')\nconst createSelectors = require('../../test-utils/global-variables/selectors')\nconst {\n  swipeAndAIsActive,\n  opacityAndBIsActive,\n  spyAndBIsActive\n} = require('../../test-utils/global-variables/querystrings')\n\nlet page\nlet selectors\n\ntest.describe.configure({ mode: 'serial' })\n\ntest.beforeAll(async ({ browser }) => {\n  page = await browser.newPage()\n  selectors = createSelectors(page)\n})\n\ntest.afterAll(async () => {\n  await page.close()\n})\n\ntest('Swipe mode and A|B state A are active and date is correct', async () => {\n  const { modalCloseButton, swipeButton, aTab } = selectors\n  await page.goto(swipeAndAIsActive)\n  await modalCloseButton.click()\n  await expect(swipeButton).not.toBeEnabled()\n  await expect(aTab).toHaveClass(/active/)\n  await expect(aTab).toContainText('A: 2018 AUG 17')\n})\n\ntest('Opacity mode and A|B state B are active and date is correct', async () => {\n  const { modalCloseButton, opacityButton, bTab } = selectors\n  await page.goto(opacityAndBIsActive)\n  await modalCloseButton.click()\n  await expect(opacityButton).not.toBeEnabled()\n  await expect(bTab).toHaveClass(/active/)\n  await expect(bTab).toContainText('B: 2018 AUG 16')\n})\n\ntest('Spy mode is active in B state', async () => {\n  const { modalCloseButton, spyButton, bTab } = selectors\n  await page.goto(spyAndBIsActive)\n  await modalCloseButton.click()\n  await expect(spyButton).not.toBeEnabled()\n  await expect(bTab).toHaveClass(/active/)\n  await expect(bTab).toContainText('B: 2018 AUG 16')\n})\n\ntest('A|B loaded with only one layer in A section -- Corrected Reflectance (True Color)', async () => {\n  const { modalCloseButton } = selectors\n  await page.goto(swipeAndAIsActive)\n  await modalCloseButton.click()\n  const overlayLayer = page.locator('.ab-tabs-case .tab-pane.active ul#overlays .item')\n  const correctedReflectance = page.locator('#active-MODIS_Terra_CorrectedReflectance_TrueColor')\n  await expect(overlayLayer).not.toBeVisible()\n  await expect(correctedReflectance).toBeVisible()\n})\n\ntest('Click B tab to ensure that loaded layers are correct', async () => {\n  const { bTab } = selectors\n  const aquaLayer = page.locator('#activeB-MODIS_Aqua_CorrectedReflectance_TrueColor.layer-hidden')\n  const snppLayer = page.locator('#activeB-VIIRS_SNPP_CorrectedReflectance_TrueColor.layer-hidden')\n  const refLabels = page.locator('#activeB-Reference_Labels_15m.layer-hidden')\n  const refFeatures = page.locator('#activeB-Reference_Features_15m.layer-hidden')\n  const coastlines = page.locator('#activeB-Coastlines_15m.layer-visible')\n  const terraLayer = page.locator('#activeB-MODIS_Terra_CorrectedReflectance_TrueColor.layer-visible')\n  await bTab.click()\n  await expect(aquaLayer).toBeVisible()\n  await expect(snppLayer).toBeVisible()\n  await expect(refLabels).toBeVisible()\n  await expect(refFeatures).toBeVisible()\n  await expect(coastlines).toBeVisible()\n  await expect(terraLayer).toBeVisible()\n})\n"],"mappings":";;AAAA;AACA,MAAM;EAAEA,IAAI;EAAEC;AAAO,CAAC,GAAGC,OAAO,CAAC,0BAA0B,CAAC;AAC5D,MAAMC,eAAe,GAAGD,OAAO,CAAC,6CAA6C,CAAC;AAC9E,MAAM;EACJE,iBAAiB;EACjBC,mBAAmB;EACnBC;AACF,CAAC,GAAGJ,OAAO,CAAC,gDAAgD,CAAC;AAE7D,IAAIK,IAAI;AACR,IAAIC,SAAS;AAEbR,IAAI,CAACS,QAAQ,CAACC,SAAS,CAAC;EAAEC,IAAI,EAAE;AAAS,CAAC,CAAC;AAE3CX,IAAI,CAACY,SAAS,CAAC,OAAO;EAAEC;AAAQ,CAAC,KAAK;EACpCN,IAAI,GAAG,MAAMM,OAAO,CAACC,OAAO,CAAC,CAAC;EAC9BN,SAAS,GAAGL,eAAe,CAACI,IAAI,CAAC;AACnC,CAAC,CAAC;AAEFP,IAAI,CAACe,QAAQ,CAAC,YAAY;EACxB,MAAMR,IAAI,CAACS,KAAK,CAAC,CAAC;AACpB,CAAC,CAAC;AAEFhB,IAAI,CAAC,2DAA2D,EAAE,YAAY;EAC5E,MAAM;IAAEiB,gBAAgB;IAAEC,WAAW;IAAEC;EAAK,CAAC,GAAGX,SAAS;EACzD,MAAMD,IAAI,CAACa,IAAI,CAAChB,iBAAiB,CAAC;EAClC,MAAMa,gBAAgB,CAACI,KAAK,CAAC,CAAC;EAC9B,MAAMpB,MAAM,CAACiB,WAAW,CAAC,CAACI,GAAG,CAACC,WAAW,CAAC,CAAC;EAC3C,MAAMtB,MAAM,CAACkB,IAAI,CAAC,CAACK,WAAW,CAAC,QAAQ,CAAC;EACxC,MAAMvB,MAAM,CAACkB,IAAI,CAAC,CAACM,aAAa,CAAC,gBAAgB,CAAC;AACpD,CAAC,CAAC;AAEFzB,IAAI,CAAC,6DAA6D,EAAE,YAAY;EAC9E,MAAM;IAAEiB,gBAAgB;IAAES,aAAa;IAAEC;EAAK,CAAC,GAAGnB,SAAS;EAC3D,MAAMD,IAAI,CAACa,IAAI,CAACf,mBAAmB,CAAC;EACpC,MAAMY,gBAAgB,CAACI,KAAK,CAAC,CAAC;EAC9B,MAAMpB,MAAM,CAACyB,aAAa,CAAC,CAACJ,GAAG,CAACC,WAAW,CAAC,CAAC;EAC7C,MAAMtB,MAAM,CAAC0B,IAAI,CAAC,CAACH,WAAW,CAAC,QAAQ,CAAC;EACxC,MAAMvB,MAAM,CAAC0B,IAAI,CAAC,CAACF,aAAa,CAAC,gBAAgB,CAAC;AACpD,CAAC,CAAC;AAEFzB,IAAI,CAAC,+BAA+B,EAAE,YAAY;EAChD,MAAM;IAAEiB,gBAAgB;IAAEW,SAAS;IAAED;EAAK,CAAC,GAAGnB,SAAS;EACvD,MAAMD,IAAI,CAACa,IAAI,CAACd,eAAe,CAAC;EAChC,MAAMW,gBAAgB,CAACI,KAAK,CAAC,CAAC;EAC9B,MAAMpB,MAAM,CAAC2B,SAAS,CAAC,CAACN,GAAG,CAACC,WAAW,CAAC,CAAC;EACzC,MAAMtB,MAAM,CAAC0B,IAAI,CAAC,CAACH,WAAW,CAAC,QAAQ,CAAC;EACxC,MAAMvB,MAAM,CAAC0B,IAAI,CAAC,CAACF,aAAa,CAAC,gBAAgB,CAAC;AACpD,CAAC,CAAC;AAEFzB,IAAI,CAAC,mFAAmF,EAAE,YAAY;EACpG,MAAM;IAAEiB;EAAiB,CAAC,GAAGT,SAAS;EACtC,MAAMD,IAAI,CAACa,IAAI,CAAChB,iBAAiB,CAAC;EAClC,MAAMa,gBAAgB,C
[...]
AC,CAAC;IACxC7B,MAAM,CAAC+B,EAAE,CAAC,CAACM,YAAY,CAAC,CAAC,CAAC;IAC1BrC,MAAM,CAAC+B,EAAE,CAAC,CAACO,eAAe,CAAC,CAAC,KAAK,CAAC;IAClCtC,MAAM,CAACkC,EAAE,CAAC,CAACG,YAAY,CAAC,CAAC,CAAC;IAC1BrC,MAAM,CAACkC,EAAE,CAAC,CAACI,eAAe,CAAC,CAAC,KAAK,CAAC;IAClCtC,MAAM,CAACmC,EAAE,CAAC,CAACG,eAAe,CAAC,CAAC,CAAC;IAC7BtC,MAAM,CAACmC,EAAE,CAAC,CAACE,YAAY,CAAC,KAAK,CAAC;IAC9BrC,MAAM,CAACoC,EAAE,CAAC,CAACE,eAAe,CAAC,CAAC,CAAC;IAC7BtC,MAAM,CAACoC,EAAE,CAAC,CAACC,YAAY,CAAC,KAAK,CAAC;EAChC;AACF,CAAC,CAAC"},"_coverageSchema":"1a1c01bbd47fc00a2c39e90264f33305004495a9","hash":"f57a29b925ae936207a4c5da81994f511c2e8e7a","contentHash":"587e0cb307a5b9b4a567d55e1411589fbd209623b6971657fa8bb772e45b3d6c"},"/Users/rcweiler/worldview/e2e/features/image-download/time-test.spec.js":{"path":"/Users/rcweiler/worldview/e2e/features/image-download/time-test.spec.js","statementMap":{"0":{"start":{"line":7,"column":4},"end":{"line":7,"column":39}},"1":{"start":{"line":12,"column":4},"end":{"line":12,"column":45}},"2":{"start":{"line":16,"column":4},"end":{"line":16,"column":48}},"3":{"start":{"line":17,"column":24},"end":{"line":17,"column":78}},"4":{"start":{"line":20,"column":20},"end":{"line":20,"column":38}},"5":{"start":{"line":21,"column":0},"end":{"line":23,"column":3}},"6":{"start":{"line":24,"column":0},"end":{"line":29,"column":3}},"7":{"start":{"line":27,"column":2},"end":{"line":27,"column":33}},"8":{"start":{"line":28,"column":2},"end":{"line":28,"column":36}},"9":{"start":{"line":30,"column":0},"end":{"line":32,"column":3}},"10":{"start":{"line":31,"column":2},"end":{"line":31,"column":21}},"11":{"start":{"line":33,"column":0},"end":{"line":45,"column":3}},"12":{"start":{"line":36,"column":6},"end":{"line":36,"column":15}},"13":{"start":{"line":37,"column":14},"end":{"line":37,"column":61}},"14":{"start":{"line":38,"column":2},"end":{"line":38,"column":23}},"15":{"start":{"line":39,"column":2},"end":{"line":39,"column":33}},"16":{"start":{"line":40,"column":2},"end":{"line":40,"column":37}},"17":{"start":{"line":41,"column":2},"end":{"line":41,"column":28}},"18":{"start":{"line":42,"column":23},"end":{"line":42,"column":80}},"19":{"start":{"line":43,"column":2},"end":{"line":43,"column":52}},"20":{"start":{"line":44,"column":2},"end":{"line":44,"column":38}},"21":{"start":{"line":46,"column":0},"end":{"line":58,"column":3}},"22":{"start":{"line":49,"column":6},"end":{"line":49,"column":15}},"23":{"start":{"line":50,"column":14},"end":{"line":50,"column":61}},"24":{"start":{"line":51,"column":2},"end":{"line":51,"column":23}},"25":{"start":{"line":52,"column":2},"end":{"line":52,"column":33}},"26":{"start":{"line":53,"column":2},"end":{"line":53,"column":37}},"27":{"start":{"line":54,"column":2},"end":{"line":54,"column":28}},"28":{"start":{"line":55,"column":23},"end":{"line":55,"column":80}},"29":{"start":{"line":56,"column":2},"end":{"line":56,"column":52}},"30":{"start":{"line":57,"column":2},"end":{"line":57,"column":38}},"31":{"start":{"line":59,"column":0},"end":{"line":71,"column":3}},"32":{"start":{"line":62,"column":6},"end":{"line":62,"column":15}},"33":{"start":{"line":63,"column":14},"end":{"line":63,"column":57}},"34":{"start":{"line":64,"column":2},"end":{"line":64,"column":23}},"35":{"start":{"line":65,"column":2},"end":{"line":65,"column":33}},"36":{"start":{"line":66,"column":2},"end":{"line":66,"column":37}},"37":{"start":{"line":67,"column":2},"end":{"line":67,"column":28}},"38":{"start":{"line":68,"column":23},"end":{"line":68,"column":80}},"39":{"start":{"line":69,"column":2},"end":{"line":69,"column":52}},"40":{"start":{"line":70,"column":2},"end":{"line":70,"column":38}}},"fnMap":{"0":{"name":"(anonymous_0)","decl":{"start":{"line":24,"column":15},"end":{"line":24,"column":16}},"loc":{"start":{"line":26,"column":6},"end":{"line":29,"column":1}},"line":26},"1":{"name":"(anonymous_1)","decl":{"start":{"line":30,"column":14},"end":{"line":30,"column":15}},"loc":{"start":{"line":30,"column":26},"end":{"line":32,"column":1}},"line":30},"2":{"name":"(anonymous_2)","decl":{"start":{"line":33,"column":24},"end":{"line":33,"column":25}},"loc":{"start":{"line":33,"column":36},"end":{"line":45,"column":1}},"line":33},"3":{"name":"(anonymous_3)","decl":{"start":{"line":46,"column":28},"end":{"line":46,"column":29}},"loc":{"start":{"line":46,"column":40},"end":{"line":58,"column":1}},"line":46},"4":{"name":"(anonymous_4)","decl":{"start":{"line":59,"column":29},"end":{"line":59,"column":30}},"loc":{"start":{"line":59,"column":41},"end":{"line":71,"column":1}},"line":59}},"branchMap":{},"s":{"0":1,"1":1,"2":1,"3":1,"4":1,"5":1,"6":1,"7":1,"8":1,"9":1,"10":1,"11":1,"12":1,"13":1,"14":1,"15":1,"16":1,"17":1,"18":1,"19":1,"20":1,"21":1,"22":1,"23":1,"24":1,"25":1,"26":1,"27":1,"28":1,"29":1,"30":1,"31":1,"32":1,"33":1,"34":1,"35":1,"36":1,"37":1,"38":1,"39":1,"40":1},"f":{"0":1,"1":1,"2":1,"3":1,"4":1},"b":{},"inputSourceMap":{"version":3,"names":["test","expect","require","openImageDownloadPanel","closeImageDownloadPanel","clickDownload","joinUrl","getAttribute","createSelectors","page","selectors","startParams","describe","configure","mode","beforeAll","browser","newPage","afterAll","close","modalCloseButton","url","goto","click","urlAttribute","toContain"],"sources":["time-test.spec.js"],"sourcesContent":["// @ts-check\nconst { test, expect } = require('playwright-test-coverage')\nconst {\n  openImageDownloadPanel,\n  closeImageDownloadPanel,\n  clickDownload\n} = require('../../test-utils/hooks/wvHooks')\nconst { joinUrl, getAttribute } = require('../../test-utils/hooks/basicHooks')\nconst createSelectors = require('../../test-utils/global-variables/selectors')\n\nlet page\nlet selectors\n\nconst startParams = [\n  'imageDownload='\n]\n\ntest.describe.configure({ mode: 'serial' })\n\ntest.beforeAll(async ({ browser }) => {\n  page = await browser.newPage()\n  selectors = createSelectors(page)\n})\n\ntest.afterAll(async () => {\n  await page.close()\n})\n\ntest('Image for today', async () => {\n  const { modalCloseButton } = selectors\n  const url = await joinUrl(startParams, '&now=2018-06-01T3')\n  await page.goto(url)\n  await modalCloseButton.click()\n  await openImageDownloadPanel(page)\n  await clickDownload(page)\n  const urlAttribute = await getAttribute(page, '#wv-image-download-url', 'url')\n  expect(urlAttribute).toContain('TIME=2018-06-01')\n  await closeImageDownloadPanel(page)\n})\n\ntest('Image for yesterday', async () => {\n  const { modalCloseButton } = selectors\n  const url = await joinUrl(startParams, '&now=2018-06-01T0')\n  await page.goto(url)\n  await modalCloseButton.click()\n  await openImageDownloadPanel(page)\n  await clickDownload(page)\n  const urlAttribute = await getAttribute(page, '#wv-image-download-url', 'url')\n  expect(urlAttribute).toContain('TIME=2018-05-31')\n  await closeImageDownloadPanel(page)\n})\n\ntest('Image for 2018-05-15', async () => {\n  const { modalCloseButton } = selectors\n  const url = await joinUrl(startParams, '&t=2018-05-15')\n  await page.goto(url)\n  await modalCloseButton.click()\n  await openImageDownloadPanel(page)\n  await clickDownload(page)\n  const urlAttribute = await getAttribute(page, '#wv-image-download-url', 'url')\n  expect(urlAttribute).toContain('TIME=2018-05-15')\n  await closeImageDownloadPanel(page)\n})\n"],"mappings":";;AAAA;AACA,MAAM;EAAEA,IAAI;EAAEC;AAAO,CAAC,GAAGC,OAAO,CAAC,0BAA0B,CAAC;AAC5D,MAAM;EACJC,sBAAsB;EACtBC,uBAAuB;EACvBC;AACF,CAAC,GAAGH,OAAO,CAAC,gCAAgC,CAAC;AAC7C,MAAM;EAAEI,OAAO;EAAEC;AAAa,CAAC,GAAGL,OAAO,CAAC,mCAAmC,CAAC;AAC9E,MAAMM,eAAe,GAAGN,OAAO,CAAC,6CAA6C,CAAC;AAE9E,IAAIO,IAAI;AACR,IAAIC,SAAS;AAEb,MAAMC,WAAW,GAAG,CAClB,gBAAgB,CACjB;AAEDX,IAAI,CAACY,QAAQ,CAACC,SAAS,CAAC;EAAEC,IAAI,EAAE;AAAS,CAAC,CAAC;AAE3Cd,IAAI,CAACe,SAAS,CAAC,OAAO;EAAEC;AAAQ,CAAC,KAAK;EACpCP,IAAI,GAAG,MAAMO,OAAO,CAACC,OAAO,CAAC,CAAC;EAC9BP,SAAS,GAAGF,eAAe,CAACC,IAAI,CAAC;AACnC,CAAC,CAAC;AAEFT,IAAI,CAACkB,QAAQ,CAAC,YAAY;EACxB,MAAMT,IAAI,CAACU,KAAK,CAAC,CAAC;AACpB,CAAC,CAAC;AAEFnB,IAAI,CAAC,iBAAiB,EAAE,YAAY;EAClC,MAAM;IAAEoB;EAAiB,CAAC,GAAGV,SAAS;EACtC,MAAMW,GAAG,GAAG,MAAMf,OAAO,CAACK,WAAW,EAAE,mBAAmB,CAAC;EAC3D,MAAMF,IAAI,CAACa,IAAI,CAACD,GAAG,CAAC;EACpB,MAAMD,gBAAgB,CAACG,KAAK,CAAC,CAAC;EAC9B,MAAMpB,sBAAsB,CAACM,IAAI,CAAC;EAClC,MAAMJ,aAAa,CAACI,IAAI,CAAC;EACzB,MAAMe,YAAY,GAAG,MAAMjB,YAAY,CAACE,IAAI,EAAE,wBAAwB,EAAE,KAAK,CAAC;EAC9ER,MAAM,CAACuB,YAAY,CAAC,CAACC,SAAS,CAAC,iBAAiB,CAAC;EACjD,MAAMrB,uBAAuB,CAACK,IAAI,CAAC;AACrC,CAAC,CAAC;AAEFT,IAAI,CAAC,qBAAqB,EAAE,YAAY;EACtC,MAAM;IAAEoB;EAAiB,CAAC,GAAGV,SAAS;EACtC,MAAMW,GAAG,GAAG,MAAMf,OAAO,CAACK,WAAW,EAAE,mBAAmB,CAAC;EAC3D,MAAMF,IAAI,CAACa,IAAI,CAACD,GAAG,CAAC;EACpB,MAAMD,gBAAgB,CAACG,KAAK,CAAC,CAAC;EAC9B,MAAMpB,sBAAsB,CAACM,IAAI,CAAC;EAClC,MAAMJ,aAAa,CAACI,IAAI,CAAC;EACzB,MAAMe,YAAY,GAAG,MAAMjB,YAAY,CAACE,IAAI,EAAE,wBAAwB,EAAE,KAAK,CAAC;EAC9ER,MAAM,CAACuB,YAAY,CAAC,CAACC,SAAS,CAAC,iBAAiB,CAAC;EACjD,MAAMrB,uBAAuB,CAACK,IAAI,CAAC;AACrC,CAAC,CAAC;AAEFT,IAAI,CAAC,sBAAsB,EAAE,YAAY;EACvC,MAAM;IAAEoB;EAAiB,CAAC,GAAGV,SAAS;EACtC,MAAMW,GAAG,GAAG,MAAMf,OAAO,CAACK,WAAW,EAAE,eAAe,CAAC;EACvD,MAAMF,IAAI,CAACa,IAAI,CAACD,GAAG,CAAC;EACpB,MAAMD,gBAAgB,CAACG,KAAK,CAAC,CAAC;EAC9B,MAAMpB,sBAAsB,CAACM,IAAI,CAAC;EAClC,MAAMJ,aAAa,CAACI,IAAI,CAAC;EACzB,MAAMe,YAAY,GAAG,MAAMjB,YAAY,CAACE,IAAI,EAAE,wBAAwB,EAAE,KAAK,CAAC;EAC9ER,MAAM,CAACuB,YAAY,CAAC,CAACC,SAAS,CAAC,iBAAiB,CAAC;EACjD,MAAMrB,uBAAuB,CAACK,IAAI,CAAC;AACrC,CAAC,CAAC"},"_coverageSchema":"1a1c01bbd47fc00a2c39e90264f33305004495a9","hash":"8a6d000d930aa0d3944bddd337c8f78cf7c298df","contentHash":"f9c973a593b0509d2f989732d1ff5792868f796be220740526676f177bca74fd"},"/Users/rcweiler/worldview/e2e/features/kiosk/kiosk-test.spec.js":{"path":"/Users/rcweiler/worldview/e2e/features/kiosk/kiosk-test.spec.js","statementMap":{"0":{"start":{"line":7,"column":4},"end":{"line":7,"column":39}},"1":{"start":{"line":8,"column":24},"end":{"line":8,"column":78}},"2":{"start":{"line":11,"column":28},"end":{"line":11,"column":248}},"3":{"start":{"line":12,"column":31},"end":{"line":12,"column":236}},"4":{"start":{"line":13,"column":34},"end":{"line":13,"column":242}},"5":{"start":{"line":14,"column":0},"end":{"line":16,"column":3}},"6":{"start":{"line":17,"column":0},"end":{"line":22,"column":3}},"7":{"start":{"line":20,"column":2},"end":{"line":20,"column":33}},"8":{"start":{"line":21,"column":2},"end":{"line":21,"column":36}},"9":{"start":{"line":23,"column":0},"end":{"line":25,"column":3}},"10":{"start":{"line":24,"column":2},"end":{"line":24,"column":21}},"11":{"start":{"line":28,"column":33},"end":{"line":49,"column":1}},"12":{"start":{"line":44,"column":6},"end":{"line":44,"column":15}},"13":{"start":{"line":45,"column":21},"end":{"line":45,"column":277}},"14":{"start":{"line":46,"column":2},"end":{"line":48,"column":3}},"15":{"start":{"line":47,"column":4},"end":{"line":47,"column":39}},"16":{"start":{"line":50,"column":0},"end":{"line":57,"column":3}},"17":{"start":{"line":51,"column":2},"end":{"line":51,"column":39}},"18":{"start":{"line":52,"column":34},"end":{"line":52,"column":76}},"19":{"start":{"line":53,"column":17},"end":{"line":53,"column":41}},"20":{"start":{"line":54,"column":2},"end":{"line":54,"column":54}},"21":{"start":{"line":55,"column":2},"end":{"line":55,"column":37}},"22":{"start":{"line":56,"column":2},"end":{"line":56,"column":35}},"23":{"start":{"line":58,"column":0},"end":{"line":65,"column":3}},"24":{"start":{"line":59,"column":2},"end":{"line":59,"column":42}},"25":{"start":{"line":60,"column":34},"end":{"line":60,"column":76}},"26":{"start":{"line":61,"column":17},"end":{"line":61,"column":41}},"27":{"start":{"line":62,"column":2},"end":{"line":62,"column":54}},"28":{"start":{"line":63,"column":2},"end":{"line":63,"column":37}},"29":{"start":{"line":64,"column":2},"end":{"line":64,"column":35}},"30":{"start":{"line":66,"column":0},"end":{"line":73,"column":3}},"31":{"start":{"line":67,"column":2},"end":{"line":67,"column":45}},"32":{"start":{"line":68,"column":34},"end":{"line":68,"column":76}},"33":{"start":{"line":69,"column":17},"end":{"line":69,"column":41}},"34":{"start":{"line":70,"column":2},"end":{"line":70,"column":54}},"35":{"start":{"line":71,"column":2},"end":{"line":71,"column":37}},"36":{"start":{"line":72,"column":2},"end":{"line":72,"column":35}}},"fnMap":{"0":{"name":"(anonymous_0)","decl":{"start":{"line":17,"column":15},"end":{"line":17,"column":16}},"loc":{"start":{"line":19,"column":6},"end":{"line":22,"column":1}},"line":19},"1":{"name":"(anonymous_1)","decl":{"start":{"line":23,"column":14},"end":{"line":23,"column":15}},"loc":{"start":{"line":23,"column":26},"end":{"line":25,"column":1}},"line":23},"2":{"name":"(anonymous_2)","decl":{"start":{"line":28,"column":33},"end":{"line":28,"column":34}},"loc":{"start":{"line":28,"column":45},"end":{"line":49,"column":1}},"line":28},"3":{"name":"(anonymous_3)","decl":{"start":{"line":50,"column":90},"end":{"line":50,"column":91}},"loc":{"start":{"line":50,"column":102},"end":{"line":57,"column":1}},"line":50},"4":{"name":"(anonymous_4)","decl":{"start":{"line":58,"column":86},"end":{"line":58,"column":87}},"loc":{"start":{"line":58,"column":98},"end":{"line":65,"column":1}},"line":58},"5":{"name":"(anonymous_5)","decl":{"start":{"line":66,"column":89},"end":{"line":66,"column":90}},"loc":{"start":{"line":66,"column":101},"end":{"line":73,"column":1}},"line":66}},"branchMap":{},"s":{"0":1,"1":1,"2":1,"3":1,"4":1,"5":1,"6":1,"7":1,"8":1,"9":1,"10":1,"11":1,"12":0,"13":0,"14":0,"15":0,"16":1,"17":1,"18":1,"19":1,"20":1,"21":1,"22":0,"23":1,"24":0,"25":0,"26":0,"27":0,"28":0,"29":0,"30":1,"31":0,"32":0,"33":0,"34":0,"35":0,"36":0},"f":{"0":1,"1":1,"2":0,"3":1,"4":0,"5":0},"b":{},"inputSourceMap":{"version":3,"names":["test","expect","require","createSelectors","page","selectors","kioskQueryStringGeo","kioskQueryStringArctic","kioskQueryStringAntarctic","describe","configure","mode","beforeAll","browser","newPage","afterAll","close","kioskModeValidElsRemoved","infoToolbarButton","locationSearchToolbarButton","measureBtn","projToolbarButton","shareToolbarButton","snapshotToolbarButton","timelineHeader","zoomInButton","zoomOutButton","sidebarContainer","mapRotateLeft","mapRotateReset","mapRotateRight","distractionFreeExitBtn","uiElements","el","not","toBeVisible","goto","distractionFreeTimeline","locator","wvLogo"],"sources":["kiosk-test.spec.js"],"sourcesContent":["// @ts-check\nconst { test, expect } = require('playwright-test-coverage')\nconst createSelectors = require('../../test-utils/global-variables/selectors')\n\nlet page\nlet selectors\n\nconst kioskQueryStringGeo = 'http://localhost:3000/?v=-250.17116762774398,-114.67919463709383,250.62557403459047,109.37518092954436&df=true&kiosk=true&l=Coastlines_15m,OrbitTracks_Terra_Descending,MODIS_Terra_CorrectedReflectance_TrueColor&lg=true'\nconst kioskQueryStringArctic = 'http://localhost:3000/?v=-9215416.788865805,-4212995.281243633,9489665.699466601,4155580.686192584&p=arctic&df=true&kiosk=true&eic=da&l=Land_Mask,AMSRU2_Sea_Ice_Concentration_12km(palette=blue_6)&lg=true'\nconst kioskQueryStringAntarctic = 'http://localhost:3000/?v=-9215416.788865805,-4212995.281243633,9489665.699466601,4155580.686192584&p=antarctic&df=true&kiosk=true&eic=da&l=Land_Mask,AMSRU2_Sea_Ice_Concentration_12km(palette=blue_6)&lg=true'\n\ntest.describe.configure({ mode: 'serial' })\n\ntest.beforeAll(async ({ browser }) => {\n  page = await browser.newPage()\n  selectors = createSelectors(page)\n})\n\ntest.afterAll(async () => {\n  await page.close()\n})\n\n// helper to confirm target els are removed/hidden in kiosk mode\nconst kioskModeValidElsRemoved = async () => {\n  const {\n    infoToolbarButton,\n    locationSearchToolbarButton,\n    measureBtn,\n    projToolbarButton,\n    shareToolbarButton,\n    snapshotToolbarButton,\n    timelineHeader,\n    zoomInButton,\n    zoomOutButton,\n    sidebarContainer,\n    mapRotateLeft,\n    mapRotateReset,\n    mapRotateRight,\n    distractionFreeExitBtn\n  } = selectors\n\n  const uiElements = [\n    infoToolbarButton,\n    locationSearchToolbarButton,\n    measureBtn,\n    projToolbarButton,\n    shareToolbarButton,\n    snapshotToolbarButton,\n    timelineHeader,\n    zoomInButton,\n    zoomOutButton,\n    sidebarContainer,\n    distractionFreeExitBtn,\n    mapRotateLeft,\n    mapRotateReset,\n    mapRotateRight\n  ]\n\n  for (const el of uiElements) {\n    await expect(el).not.toBeVisible()\n  }\n}\n\ntest('Loading into kiosk mode in geographic projection displays the correct UI elements', async () => {\n  await page.goto(kioskQueryStringGeo)\n  const distractionFreeTimeline = page.locator('#distraction-free-timeline')\n  const wvLogo = page.locator('#wv-logo')\n  await expect(distractionFreeTimeline).toBeVisible()\n  await expect(wvLogo).toBeVisible()\n  await kioskModeValidElsRemoved()\n})\n\ntest('Loading into kiosk mode in arctic projection displays the correct UI elements', async () => {\n  await page.goto(kioskQueryStringArctic)\n  const distractionFreeTimeline = page.locator('#distraction-free-timeline')\n  const wvLogo = page.locator('#wv-logo')\n  await expect(distractionFreeTimeline).toBeVisible()\n  await expect(wvLogo).toBeVisible()\n  await kioskModeValidElsRemoved()\n})\n\ntest('Loading into kiosk mode in antarctic projection displays the correct UI elements', async () => {\n  await page.goto(kioskQueryStringAntarctic)\n  const distractionFreeTimeline = page.locator('#distraction-free-timeline')\n  const wvLogo = page.locator('#wv-logo')\n  await expect(distractionFreeTimeline).toBeVisible()\n  await expect(wvLogo).toBeVisible()\n  await kioskModeValidElsRemoved()\n})\n"],"mappings":";;AAAA;AACA,MAAM;EAAEA,IAAI;EAAEC;AAAO,CAAC,GAAGC,OAAO,CAAC,0BAA0B,CAAC;AAC5D,MAAMC,eAAe,GAAGD,OAAO,CAAC,6CAA6C,CAAC;AAE9E,IAAIE,IAAI;AACR,IAAIC,SAAS;AAEb,MAAMC,mBAAmB,GAAG,4NAA4N;AACxP,MAAMC,sBAAsB,GAAG,6MAA6M;AAC5O,MAAMC,yBAAyB,GAAG,gNAAgN;AAElPR,IAAI,CAACS,QAAQ,CAACC,SAAS,CAAC;EAAEC,IAAI,EAAE;AAAS,CAAC,CAAC;AAE3CX,IAAI,CAACY,SAAS,CAAC,OAAO;EAAEC;AAAQ,CAAC,KAAK;EACpCT,IAAI,GAAG,MAAMS,OAAO,CAACC,OAAO,CAAC,CAAC;EAC9BT,SAAS,GAAGF,eAAe,CAACC,IAAI,CAAC;AACnC,CAAC,CAAC;AAEFJ,IAAI,CAACe,QAAQ,CAAC,YAAY;EACxB,MAAMX,IAAI,CAACY,KAAK,CAAC,CAAC;AACpB,CAAC,CAAC;;AAEF;AACA,MAAMC,wBAAwB,GAAG,MAAAA,CAAA,KAAY;EAC3C,MAAM;IACJC,iBAAiB;IACjBC,2BAA2B;IAC3BC,UAAU;IACVC,iBAAiB;IACjBC,kBAAkB;IAClBC,qBAAqB;IACrBC,cAAc;IACdC,YAAY;IACZC,aAAa;IACbC,gBAAgB;IAChBC,aAAa;IACbC,cAAc;IACdC,cAAc;IACdC;EACF,CAAC,GAAG1B,SAAS;EAEb,MAAM2B,UAAU,GAAG,CACjBd,iBAAiB,EACjBC,2BAA2B,EAC3BC,UAAU,EACVC,iBAAiB,EACjBC,kBAAkB,EAClBC,qBAAqB,EACrBC,cAAc,EACdC,YAAY,EACZC,aAAa,EACbC,gBAAgB,EAChBI,sBAAsB,EACtBH,aAAa,EACbC,cAAc,EACdC,cAAc,CACf;EAED,KAAK,MAAMG,EAAE,IAAID,UAAU,EAAE;IAC3B,MAAM/B,MAAM,CAACgC,EAAE,CAAC,CAACC,GAAG,CAACC,WAAW,CAAC,CAAC;EACpC;AACF,CAAC;AAEDnC,IAAI,CAAC,mFAAmF,EAAE,YAAY;EACpG,MAAMI,IAAI,CAACgC,IAAI,CAAC9B,mBAAmB,CAAC;EACpC,MAAM+B,uBAAuB,GAAGjC,IAAI,CAACkC,OAAO,CAAC,4BAA4B,CAAC;EAC1E,MAAMC,MAAM,GAAGnC,IAAI,CAACkC,OAAO,CAAC,UAAU,CAAC;EACvC,MAAMrC,MAAM,CAACoC,uBAAuB,CAAC,CAACF,WAAW,CAAC,CAAC;EACnD,MAAMlC,MAAM,CAACsC,MAAM,CAAC,CAACJ,WAAW,CAAC,CAAC;EAClC,MAAMlB,wBAAwB,CAAC,CAAC;AAClC,CAAC,CAAC;AAEFjB,IAAI,CAAC,+EAA+E,EAAE,YAAY;EAChG,MAAMI,IAAI,CAACgC,IAAI,CAAC7B,sBAAsB,CAAC;EACvC,MAAM8B,uBAAuB,GAAGjC,IAAI,CAACkC,OAAO,CAAC,4BAA4B,CAAC;EAC1E,MAAMC,MAAM,GAAGnC,IAAI,CAACkC,OAAO,CAAC,UAAU,CAAC;EACvC,MAAMrC,MAAM,CAACoC,uBAAuB,CAAC,CAACF,WAAW,CAAC,CAAC;EACnD,MAAMlC,MAAM,CAACsC,MAAM,CAAC,CAACJ,WAAW,CAAC,CAAC;EAClC,MAAMlB,wBAAwB,CAAC,CAAC;AAClC,CAAC,CAAC;AAEFjB,IAAI,CAAC,kFAAkF,EAAE,YAAY;EACnG,MAAMI,IAAI,CAACgC,IAAI,CAAC5B,yBAAyB,CAAC;EAC1C,MAAM6B,uBAAuB,GAAGjC,IAAI,CAACkC,OAAO,CAAC,4BAA4B,CAAC;EAC1E,MAAMC,MAAM,GAAGnC,IAAI,CAACkC,OAAO,CAAC,UAAU,CAAC;EACvC,MAAMrC,MAAM,CAACoC,uBAAuB,CAAC,CAACF,WAAW,CAAC,CAAC;EACnD,MAAMlC,MAAM,CAACsC,MAAM,CAAC,CAACJ,WAAW,CAAC,CAAC;EAClC,MAAMlB,wBAAwB,CAAC,CAAC;AAClC,CAAC,CAAC"},"_coverageSchema":"1a1c01bbd47fc00a2c39e90264f33305004495a9","hash":"c6dae044d32078b3fc3d29242c6416aa867edb1b","contentHash":"f8403a1b09798cc49d1ffd4ebf8f4d7830ce97a95f9b3371074b295757377a36"}}